#
# There is insufficient memory for the Java Runtime Environment to continue.
# Native memory allocation (mmap) failed to map 350224384 bytes for G1 virtual space
# Possible reasons:
#   The system is out of physical RAM or swap space
#   The process is running with CompressedOops enabled, and the Java Heap may be blocking the growth of the native heap
# Possible solutions:
#   Reduce memory load on the system
#   Increase physical memory or swap space
#   Check if swap backing store is full
#   Decrease Java heap size (-Xmx/-Xms)
#   Decrease number of Java threads
#   Decrease Java thread stack sizes (-Xss)
#   Set larger code cache with -XX:ReservedCodeCacheSize=
#   JVM is running with Unscaled Compressed Oops mode in which the Java heap is
#     placed in the first 4GB address space. The Java Heap base address is the
#     maximum limit for the native heap growth. Please use -XX:HeapBaseMinAddress
#     to set the Java Heap base and to place the Java Heap above 4GB virtual address.
# This output file may be truncated or incomplete.
#
#  Out of Memory Error (os_windows.cpp:3535), pid=84360, tid=83000
#
# JRE version: OpenJDK Runtime Environment Temurin-17.0.3+7 (17.0.3+7) (build 17.0.3+7)
# Java VM: OpenJDK 64-Bit Server VM Temurin-17.0.3+7 (17.0.3+7, mixed mode, emulated-client, tiered, compressed oops, compressed class ptrs, g1 gc, windows-amd64)
# No core dump will be written. Minidumps are not enabled by default on client versions of Windows
#

---------------  S U M M A R Y ------------

Command Line: -Dsts.lsp.client=vscode -Dsts.log.file=/dev/null -XX:TieredStopAtLevel=1 -Dspring.config.location=file:c:\Users\anton\.vscode\extensions\pivotal.vscode-spring-boot-1.38.0\language-server\BOOT-INF\classes\application.properties org.springframework.ide.vscode.boot.app.BootLanguageServerBootApp

Host: Intel(R) Core(TM) i5-8265U CPU @ 1.60GHz, 8 cores, 7G,  Windows 10 , 64 bit Build 19041 (10.0.19041.1889)
Time: Fri Aug 26 00:38:42 2022 Hora Padrão da Bahia elapsed time: 4.488442 seconds (0d 0h 0m 4s)

---------------  T H R E A D  ---------------

Current thread (0x00000258764c4bc0):  VMThread "VM Thread" [stack: 0x000000e612a00000,0x000000e612b00000] [id=83000]

Stack: [0x000000e612a00000,0x000000e612b00000]
Native frames: (J=compiled Java code, j=interpreted, Vv=VM code, C=native code)
V  [jvm.dll+0x675efa]
V  [jvm.dll+0x830a24]
V  [jvm.dll+0x8321ce]
V  [jvm.dll+0x832833]
V  [jvm.dll+0x2454b5]
V  [jvm.dll+0x672de9]
V  [jvm.dll+0x667732]
V  [jvm.dll+0x3043ab]
V  [jvm.dll+0x30b8f6]
V  [jvm.dll+0x35b62e]
V  [jvm.dll+0x35b85f]
V  [jvm.dll+0x2db248]
V  [jvm.dll+0x2d94fc]
V  [jvm.dll+0x2d8acc]
V  [jvm.dll+0x31ca2b]
V  [jvm.dll+0x836cdb]
V  [jvm.dll+0x837a14]
V  [jvm.dll+0x837f2c]
V  [jvm.dll+0x838304]
V  [jvm.dll+0x8383d0]
V  [jvm.dll+0x7e0cfa]
V  [jvm.dll+0x674d85]
C  [ucrtbase.dll+0x21bb2]
C  [KERNEL32.DLL+0x17034]
C  [ntdll.dll+0x52651]

VM_Operation (0x000000e614ffe1a0): G1CollectForAllocation, mode: safepoint, requested by thread 0x0000025878d4a080


---------------  P R O C E S S  ---------------

Threads class SMR info:
_java_thread_list=0x000002587ae814f0, length=44, elements={
0x0000025877001690, 0x0000025877002960, 0x00000258764e9240, 0x00000258764e9d00,
0x00000258764ec6d0, 0x00000258764ecf90, 0x00000258764ee640, 0x0000025877036010,
0x0000025877234420, 0x000002587723e970, 0x000002587724b7e0, 0x000002587724d120,
0x0000025877afde90, 0x0000025878addf40, 0x0000025878d43f80, 0x0000025878d7f2c0,
0x000002586715fba0, 0x0000025878beb530, 0x0000025878c7c080, 0x0000025878de4d70,
0x0000025878d47060, 0x0000025878d49bb0, 0x0000025878d483a0, 0x0000025878d48870,
0x0000025878d48d40, 0x0000025878d49210, 0x0000025878d496e0, 0x0000025878d47530,
0x0000025878d4a080, 0x0000025878d466c0, 0x0000025878d46b90, 0x0000025878d47a00,
0x0000025878d47ed0, 0x00000258790ff770, 0x0000025879100110, 0x0000025879100f80,
0x00000258790ffc40, 0x00000258791005e0, 0x00000258790fdf60, 0x0000025879101920,
0x00000258790fe430, 0x00000258790fe900, 0x0000025879101450, 0x00000258790fedd0
}

Java Threads: ( => current thread )
  0x0000025877001690 JavaThread "Reference Handler" daemon [_thread_blocked, id=80088, stack(0x000000e612b00000,0x000000e612c00000)]
  0x0000025877002960 JavaThread "Finalizer" daemon [_thread_blocked, id=86208, stack(0x000000e612c00000,0x000000e612d00000)]
  0x00000258764e9240 JavaThread "Signal Dispatcher" daemon [_thread_blocked, id=58152, stack(0x000000e612d00000,0x000000e612e00000)]
  0x00000258764e9d00 JavaThread "Attach Listener" daemon [_thread_blocked, id=67748, stack(0x000000e612e00000,0x000000e612f00000)]
  0x00000258764ec6d0 JavaThread "Service Thread" daemon [_thread_blocked, id=83720, stack(0x000000e612f00000,0x000000e613000000)]
  0x00000258764ecf90 JavaThread "Monitor Deflation Thread" daemon [_thread_blocked, id=39224, stack(0x000000e613000000,0x000000e613100000)]
  0x00000258764ee640 JavaThread "C1 CompilerThread0" daemon [_thread_blocked, id=81124, stack(0x000000e613100000,0x000000e613200000)]
  0x0000025877036010 JavaThread "Sweeper thread" daemon [_thread_blocked, id=86428, stack(0x000000e613200000,0x000000e613300000)]
  0x0000025877234420 JavaThread "C1 CompilerThread1" daemon [_thread_blocked, id=86496, stack(0x000000e613300000,0x000000e613400000)]
  0x000002587723e970 JavaThread "C1 CompilerThread2" daemon [_thread_blocked, id=62192, stack(0x000000e613400000,0x000000e613500000)]
  0x000002587724b7e0 JavaThread "Notification Thread" daemon [_thread_blocked, id=85744, stack(0x000000e613500000,0x000000e613600000)]
  0x000002587724d120 JavaThread "Common-Cleaner" daemon [_thread_blocked, id=62148, stack(0x000000e613700000,0x000000e613800000)]
  0x0000025877afde90 JavaThread "C1 CompilerThread3" daemon [_thread_blocked, id=81524, stack(0x000000e613800000,0x000000e613900000)]
  0x0000025878addf40 JavaThread "ForkJoinPool.commonPool-worker-1" daemon [_thread_blocked, id=82556, stack(0x000000e613e00000,0x000000e613f00000)]
  0x0000025878d43f80 JavaThread "pool-7-thread-1" [_thread_blocked, id=79328, stack(0x000000e614200000,0x000000e614300000)]
  0x0000025878d7f2c0 JavaThread "LanguageServerApp-lifecycle" [_thread_blocked, id=19916, stack(0x000000e614300000,0x000000e614400000)]
  0x000002586715fba0 JavaThread "DestroyJavaVM" [_thread_blocked, id=85800, stack(0x000000e612400000,0x000000e612500000)]
  0x0000025878beb530 JavaThread "ClassGraph-worker-0" daemon [_thread_blocked, id=58200, stack(0x000000e614400000,0x000000e614500000)]
  0x0000025878c7c080 JavaThread "ClassGraph-worker-1" daemon [_thread_blocked, id=81952, stack(0x000000e614500000,0x000000e614600000)]
  0x0000025878de4d70 JavaThread "ClassGraph-worker-2" daemon [_thread_blocked, id=69596, stack(0x000000e614600000,0x000000e614700000)]
  0x0000025878d47060 JavaThread "ClassGraph-worker-3" daemon [_thread_blocked, id=72520, stack(0x000000e614700000,0x000000e614800000)]
  0x0000025878d49bb0 JavaThread "ClassGraph-worker-4" daemon [_thread_blocked, id=81752, stack(0x000000e614800000,0x000000e614900000)]
  0x0000025878d483a0 JavaThread "ClassGraph-worker-5" daemon [_thread_blocked, id=77564, stack(0x000000e614900000,0x000000e614a00000)]
  0x0000025878d48870 JavaThread "ClassGraph-worker-6" daemon [_thread_blocked, id=42736, stack(0x000000e614a00000,0x000000e614b00000)]
  0x0000025878d48d40 JavaThread "ClassGraph-worker-7" daemon [_thread_blocked, id=59612, stack(0x000000e614b00000,0x000000e614c00000)]
  0x0000025878d49210 JavaThread "ClassGraph-worker-8" daemon [_thread_blocked, id=78768, stack(0x000000e614c00000,0x000000e614d00000)]
  0x0000025878d496e0 JavaThread "ClassGraph-worker-9" daemon [_thread_blocked, id=81776, stack(0x000000e614d00000,0x000000e614e00000)]
  0x0000025878d47530 JavaThread "ClassGraph-worker-10" daemon [_thread_blocked, id=81208, stack(0x000000e614e00000,0x000000e614f00000)]
  0x0000025878d4a080 JavaThread "ClassGraph-worker-11" daemon [_thread_blocked, id=73480, stack(0x000000e614f00000,0x000000e615000000)]
  0x0000025878d466c0 JavaThread "ClassGraph-worker-12" daemon [_thread_blocked, id=76700, stack(0x000000e615000000,0x000000e615100000)]
  0x0000025878d46b90 JavaThread "ClassGraph-worker-13" daemon [_thread_blocked, id=82368, stack(0x000000e615100000,0x000000e615200000)]
  0x0000025878d47a00 JavaThread "pool-8-thread-1" [_thread_in_native, id=74564, stack(0x000000e615200000,0x000000e615300000)]
  0x0000025878d47ed0 JavaThread "Simple-Language-Server main thread" daemon [_thread_blocked, id=84764, stack(0x000000e615300000,0x000000e615400000)]
  0x00000258790ff770 JavaThread "parallel-1" daemon [_thread_blocked, id=61120, stack(0x000000e615400000,0x000000e615500000)]
  0x0000025879100110 JavaThread "pool-5-thread-1" [_thread_blocked, id=85948, stack(0x000000e615500000,0x000000e615600000)]
  0x0000025879100f80 JavaThread "parallel-2" daemon [_thread_blocked, id=82844, stack(0x000000e615600000,0x000000e615700000)]
  0x00000258790ffc40 JavaThread "parallel-3" daemon [_thread_blocked, id=73556, stack(0x000000e615700000,0x000000e615800000)]
  0x00000258791005e0 JavaThread "parallel-4" daemon [_thread_blocked, id=78944, stack(0x000000e615800000,0x000000e615900000)]
  0x00000258790fdf60 JavaThread "parallel-5" daemon [_thread_blocked, id=83156, stack(0x000000e615900000,0x000000e615a00000)]
  0x0000025879101920 JavaThread "pool-2-thread-1" [_thread_blocked, id=86152, stack(0x000000e615a00000,0x000000e615b00000)]
  0x00000258790fe430 JavaThread "ForkJoinPool.commonPool-worker-2" daemon [_thread_blocked, id=67700, stack(0x000000e615b00000,0x000000e615c00000)]
  0x00000258790fe900 JavaThread "pool-2-thread-2" [_thread_blocked, id=83112, stack(0x000000e615c00000,0x000000e615d00000)]
  0x0000025879101450 JavaThread "Reconciler-1" daemon [_thread_blocked, id=73792, stack(0x000000e615d00000,0x000000e615e00000)]
  0x00000258790fedd0 JavaThread "parallel-6" daemon [_thread_blocked, id=87036, stack(0x000000e615e00000,0x000000e615f00000)]

Other Threads:
=>0x00000258764c4bc0 VMThread "VM Thread" [stack: 0x000000e612a00000,0x000000e612b00000] [id=83000]
  0x000002587724bcb0 WatcherThread [stack: 0x000000e613600000,0x000000e613700000] [id=70488]
  0x00000258671bb470 GCTaskThread "GC Thread#0" [stack: 0x000000e612500000,0x000000e612600000] [id=83476]
  0x0000025877bb5080 GCTaskThread "GC Thread#1" [stack: 0x000000e613900000,0x000000e613a00000] [id=71032]
  0x0000025877bc3840 GCTaskThread "GC Thread#2" [stack: 0x000000e613a00000,0x000000e613b00000] [id=87008]
  0x0000025877bd6380 GCTaskThread "GC Thread#3" [stack: 0x000000e613b00000,0x000000e613c00000] [id=83088]
  0x0000025877bd6a40 GCTaskThread "GC Thread#4" [stack: 0x000000e613c00000,0x000000e613d00000] [id=77624]
  0x0000025877bd7910 GCTaskThread "GC Thread#5" [stack: 0x000000e613d00000,0x000000e613e00000] [id=77944]
  0x00000258785cf870 GCTaskThread "GC Thread#6" [stack: 0x000000e613f00000,0x000000e614000000] [id=67260]
  0x00000258785ebb60 GCTaskThread "GC Thread#7" [stack: 0x000000e614000000,0x000000e614100000] [id=45480]
  0x00000258671cc0c0 ConcurrentGCThread "G1 Main Marker" [stack: 0x000000e612600000,0x000000e612700000] [id=83252]
  0x00000258671cd270 ConcurrentGCThread "G1 Conc#0" [stack: 0x000000e612700000,0x000000e612800000] [id=82572]
  0x000002587876a470 ConcurrentGCThread "G1 Conc#1" [stack: 0x000000e614100000,0x000000e614200000] [id=86068]
  0x000002586722dc10 ConcurrentGCThread "G1 Refine#0" [stack: 0x000000e612800000,0x000000e612900000] [id=79608]
  0x000002587aed24c0 ConcurrentGCThread "G1 Refine#1" [stack: 0x000000e615f00000,0x000000e616000000] [id=84500]
  0x000002586722e540 ConcurrentGCThread "G1 Service" [stack: 0x000000e612900000,0x000000e612a00000] [id=60108]

Threads with active compile tasks:

VM state: at safepoint (normal execution)

VM Mutex/Monitor currently owned by a thread:  ([mutex/lock_event])
[0x000002586700a650] Threads_lock - owner thread: 0x00000258764c4bc0
[0x00000258670da160] Heap_lock - owner thread: 0x0000025878d4a080

Heap address: 0x0000000081e00000, size: 2018 MB, Compressed Oops mode: 32-bit

CDS archive(s) not mapped
Compressed class space mapped at: 0x0000000100000000-0x0000000140000000, reserved size: 1073741824
Narrow klass base: 0x0000000000000000, Narrow klass shift: 3, Narrow klass range: 0x140000000

GC Precious Log:
 CPUs: 8 total, 8 available
 Memory: 8070M
 Large Page Support: Disabled
 NUMA Support: Disabled
 Compressed Oops: Enabled (32-bit)
 Heap Region Size: 1M
 Heap Min Capacity: 8M
 Heap Initial Capacity: 128M
 Heap Max Capacity: 2018M
 Pre-touch: Disabled
 Parallel Workers: 8
 Concurrent Workers: 2
 Concurrent Refinement Workers: 8
 Periodic GC: Disabled

Heap:
 garbage-first heap   total 205824K, used 79364K [0x0000000081e00000, 0x0000000100000000)
  region size 1024K, 8 young (8192K), 8 survivors (8192K)
 Metaspace       used 35290K, committed 35584K, reserved 1081344K
  class space    used 4600K, committed 4736K, reserved 1048576K

Heap Regions: E=young(eden), S=young(survivor), O=old, HS=humongous(starts), HC=humongous(continues), CS=collection set, F=free, OA=open archive, CA=closed archive, TAMS=top-at-mark-start (previous, next)
|   0|0x0000000081e00000, 0x0000000081f00000, 0x0000000081f00000|100%| O|  |TAMS 0x0000000081f00000, 0x0000000081e00000| Untracked 
|   1|0x0000000081f00000, 0x0000000082000000, 0x0000000082000000|100%| O|  |TAMS 0x0000000082000000, 0x0000000081f00000| Untracked 
|   2|0x0000000082000000, 0x0000000082100000, 0x0000000082100000|100%| O|  |TAMS 0x0000000082100000, 0x0000000082000000| Untracked 
|   3|0x0000000082100000, 0x0000000082200000, 0x0000000082200000|100%| O|  |TAMS 0x0000000082200000, 0x0000000082100000| Untracked 
|   4|0x0000000082200000, 0x0000000082300000, 0x0000000082300000|100%| O|  |TAMS 0x0000000082300000, 0x0000000082200000| Untracked 
|   5|0x0000000082300000, 0x0000000082400000, 0x0000000082400000|100%| O|  |TAMS 0x0000000082400000, 0x0000000082300000| Untracked 
|   6|0x0000000082400000, 0x0000000082500000, 0x0000000082500000|100%| O|  |TAMS 0x0000000082500000, 0x0000000082400000| Untracked 
|   7|0x0000000082500000, 0x0000000082600000, 0x0000000082600000|100%| O|  |TAMS 0x0000000082600000, 0x0000000082500000| Untracked 
|   8|0x0000000082600000, 0x0000000082700000, 0x0000000082700000|100%| O|  |TAMS 0x0000000082700000, 0x0000000082600000| Untracked 
|   9|0x0000000082700000, 0x0000000082800000, 0x0000000082800000|100%| O|  |TAMS 0x0000000082800000, 0x0000000082700000| Untracked 
|  10|0x0000000082800000, 0x0000000082900000, 0x0000000082900000|100%| O|  |TAMS 0x0000000082900000, 0x0000000082800000| Untracked 
|  11|0x0000000082900000, 0x0000000082a00000, 0x0000000082a00000|100%| O|  |TAMS 0x0000000082a00000, 0x0000000082900000| Untracked 
|  12|0x0000000082a00000, 0x0000000082b00000, 0x0000000082b00000|100%| O|  |TAMS 0x0000000082b00000, 0x0000000082a00000| Untracked 
|  13|0x0000000082b00000, 0x0000000082c00000, 0x0000000082c00000|100%| O|  |TAMS 0x0000000082c00000, 0x0000000082b00000| Untracked 
|  14|0x0000000082c00000, 0x0000000082d00000, 0x0000000082d00000|100%| O|  |TAMS 0x0000000082d00000, 0x0000000082c00000| Untracked 
|  15|0x0000000082d00000, 0x0000000082e00000, 0x0000000082e00000|100%| O|  |TAMS 0x0000000082e00000, 0x0000000082d00000| Untracked 
|  16|0x0000000082e00000, 0x0000000082f00000, 0x0000000082f00000|100%| O|  |TAMS 0x0000000082f00000, 0x0000000082e00000| Untracked 
|  17|0x0000000082f00000, 0x0000000083000000, 0x0000000083000000|100%| O|  |TAMS 0x0000000083000000, 0x0000000082f00000| Untracked 
|  18|0x0000000083000000, 0x0000000083100000, 0x0000000083100000|100%| O|  |TAMS 0x0000000083100000, 0x0000000083000000| Untracked 
|  19|0x0000000083100000, 0x0000000083200000, 0x0000000083200000|100%| O|  |TAMS 0x0000000083200000, 0x0000000083100000| Untracked 
|  20|0x0000000083200000, 0x0000000083300000, 0x0000000083300000|100%| O|  |TAMS 0x0000000083300000, 0x0000000083200000| Untracked 
|  21|0x0000000083300000, 0x0000000083400000, 0x0000000083400000|100%| O|  |TAMS 0x0000000083400000, 0x0000000083300000| Untracked 
|  22|0x0000000083400000, 0x0000000083500000, 0x0000000083500000|100%| O|  |TAMS 0x0000000083500000, 0x0000000083400000| Untracked 
|  23|0x0000000083500000, 0x0000000083600000, 0x0000000083600000|100%| O|  |TAMS 0x0000000083600000, 0x0000000083500000| Untracked 
|  24|0x0000000083600000, 0x0000000083700000, 0x0000000083700000|100%| O|  |TAMS 0x0000000083700000, 0x0000000083600000| Untracked 
|  25|0x0000000083700000, 0x0000000083800000, 0x0000000083800000|100%| O|  |TAMS 0x0000000083800000, 0x0000000083700000| Untracked 
|  26|0x0000000083800000, 0x0000000083900000, 0x0000000083900000|100%| O|  |TAMS 0x0000000083900000, 0x0000000083800000| Untracked 
|  27|0x0000000083900000, 0x0000000083a00000, 0x0000000083a00000|100%| O|  |TAMS 0x0000000083a00000, 0x0000000083900000| Untracked 
|  28|0x0000000083a00000, 0x0000000083b00000, 0x0000000083b00000|100%| O|  |TAMS 0x0000000083b00000, 0x0000000083a00000| Untracked 
|  29|0x0000000083b00000, 0x0000000083c00000, 0x0000000083c00000|100%| O|  |TAMS 0x0000000083c00000, 0x0000000083b00000| Untracked 
|  30|0x0000000083c00000, 0x0000000083d00000, 0x0000000083d00000|100%| O|  |TAMS 0x0000000083d00000, 0x0000000083c00000| Untracked 
|  31|0x0000000083d00000, 0x0000000083e00000, 0x0000000083e00000|100%| O|  |TAMS 0x0000000083e00000, 0x0000000083d00000| Untracked 
|  32|0x0000000083e00000, 0x0000000083f00000, 0x0000000083f00000|100%| O|  |TAMS 0x0000000083f00000, 0x0000000083e00000| Untracked 
|  33|0x0000000083f00000, 0x0000000084000000, 0x0000000084000000|100%| O|  |TAMS 0x0000000084000000, 0x0000000083f00000| Untracked 
|  34|0x0000000084000000, 0x0000000084100000, 0x0000000084100000|100%| O|  |TAMS 0x0000000084100000, 0x0000000084000000| Untracked 
|  35|0x0000000084100000, 0x0000000084200000, 0x0000000084200000|100%| O|  |TAMS 0x0000000084200000, 0x0000000084100000| Untracked 
|  36|0x0000000084200000, 0x0000000084300000, 0x0000000084300000|100%| O|  |TAMS 0x0000000084300000, 0x0000000084200000| Untracked 
|  37|0x0000000084300000, 0x0000000084400000, 0x0000000084400000|100%| O|  |TAMS 0x0000000084400000, 0x0000000084300000| Untracked 
|  38|0x0000000084400000, 0x0000000084500000, 0x0000000084500000|100%| O|  |TAMS 0x0000000084500000, 0x0000000084400000| Untracked 
|  39|0x0000000084500000, 0x0000000084600000, 0x0000000084600000|100%| O|  |TAMS 0x0000000084600000, 0x0000000084500000| Untracked 
|  40|0x0000000084600000, 0x0000000084700000, 0x0000000084700000|100%| O|  |TAMS 0x0000000084600000, 0x0000000084600000| Untracked 
|  41|0x0000000084700000, 0x0000000084800000, 0x0000000084800000|100%|HS|  |TAMS 0x0000000084800000, 0x0000000084700000| Complete 
|  42|0x0000000084800000, 0x0000000084900000, 0x0000000084900000|100%| O|  |TAMS 0x0000000084900000, 0x0000000084800000| Untracked 
|  43|0x0000000084900000, 0x0000000084a00000, 0x0000000084a00000|100%| O|  |TAMS 0x0000000084a00000, 0x0000000084900000| Untracked 
|  44|0x0000000084a00000, 0x0000000084b00000, 0x0000000084b00000|100%| O|  |TAMS 0x0000000084b00000, 0x0000000084a00000| Untracked 
|  45|0x0000000084b00000, 0x0000000084c00000, 0x0000000084c00000|100%| O|  |TAMS 0x0000000084c00000, 0x0000000084b00000| Untracked 
|  46|0x0000000084c00000, 0x0000000084d00000, 0x0000000084d00000|100%| O|  |TAMS 0x0000000084d00000, 0x0000000084c00000| Untracked 
|  47|0x0000000084d00000, 0x0000000084e00000, 0x0000000084e00000|100%| O|  |TAMS 0x0000000084e00000, 0x0000000084d00000| Untracked 
|  48|0x0000000084e00000, 0x0000000084f00000, 0x0000000084f00000|100%| O|  |TAMS 0x0000000084f00000, 0x0000000084e00000| Untracked 
|  49|0x0000000084f00000, 0x0000000085000000, 0x0000000085000000|100%| O|  |TAMS 0x0000000085000000, 0x0000000084f00000| Untracked 
|  50|0x0000000085000000, 0x0000000085100000, 0x0000000085100000|100%| O|  |TAMS 0x0000000085100000, 0x0000000085000000| Untracked 
|  51|0x0000000085100000, 0x0000000085200000, 0x0000000085200000|100%| O|  |TAMS 0x0000000085200000, 0x0000000085100000| Untracked 
|  52|0x0000000085200000, 0x0000000085300000, 0x0000000085300000|100%| O|  |TAMS 0x0000000085283c00, 0x0000000085200000| Untracked 
|  53|0x0000000085300000, 0x0000000085400000, 0x0000000085400000|100%| O|  |TAMS 0x0000000085300000, 0x0000000085300000| Untracked 
|  54|0x0000000085400000, 0x0000000085500000, 0x0000000085500000|100%| O|  |TAMS 0x0000000085400000, 0x0000000085400000| Untracked 
|  55|0x0000000085500000, 0x0000000085600000, 0x0000000085600000|100%| O|  |TAMS 0x0000000085500000, 0x0000000085500000| Untracked 
|  56|0x0000000085600000, 0x0000000085700000, 0x0000000085700000|100%| O|  |TAMS 0x0000000085600000, 0x0000000085600000| Untracked 
|  57|0x0000000085700000, 0x0000000085800000, 0x0000000085800000|100%| O|  |TAMS 0x0000000085700000, 0x0000000085700000| Untracked 
|  58|0x0000000085800000, 0x0000000085900000, 0x0000000085900000|100%| O|  |TAMS 0x0000000085800000, 0x0000000085800000| Untracked 
|  59|0x0000000085900000, 0x0000000085a00000, 0x0000000085a00000|100%| O|  |TAMS 0x0000000085900000, 0x0000000085900000| Untracked 
|  60|0x0000000085a00000, 0x0000000085b00000, 0x0000000085b00000|100%| O|  |TAMS 0x0000000085a00000, 0x0000000085a00000| Untracked 
|  61|0x0000000085b00000, 0x0000000085c00000, 0x0000000085c00000|100%| O|  |TAMS 0x0000000085b00000, 0x0000000085b00000| Untracked 
|  62|0x0000000085c00000, 0x0000000085d00000, 0x0000000085d00000|100%| O|  |TAMS 0x0000000085c00000, 0x0000000085c00000| Untracked 
|  63|0x0000000085d00000, 0x0000000085e00000, 0x0000000085e00000|100%| O|  |TAMS 0x0000000085d00000, 0x0000000085d00000| Untracked 
|  64|0x0000000085e00000, 0x0000000085f00000, 0x0000000085f00000|100%| O|  |TAMS 0x0000000085e00000, 0x0000000085e00000| Untracked 
|  65|0x0000000085f00000, 0x0000000086000000, 0x0000000086000000|100%| O|  |TAMS 0x0000000085f00000, 0x0000000085f00000| Untracked 
|  66|0x0000000086000000, 0x0000000086100000, 0x0000000086100000|100%| O|  |TAMS 0x0000000086000000, 0x0000000086000000| Untracked 
|  67|0x0000000086100000, 0x0000000086200000, 0x0000000086200000|100%| O|  |TAMS 0x0000000086100000, 0x0000000086100000| Untracked 
|  68|0x0000000086200000, 0x0000000086300000, 0x0000000086300000|100%| O|  |TAMS 0x0000000086200000, 0x0000000086200000| Untracked 
|  69|0x0000000086300000, 0x0000000086400000, 0x0000000086400000|100%| O|  |TAMS 0x0000000086300000, 0x0000000086300000| Untracked 
|  70|0x0000000086400000, 0x000000008642d200, 0x0000000086500000| 17%| O|  |TAMS 0x0000000086400000, 0x0000000086400000| Untracked 
|  71|0x0000000086500000, 0x0000000086500000, 0x0000000086600000|  0%| F|  |TAMS 0x0000000086500000, 0x0000000086500000| Untracked 
|  72|0x0000000086600000, 0x0000000086600000, 0x0000000086700000|  0%| F|  |TAMS 0x0000000086600000, 0x0000000086600000| Untracked 
|  73|0x0000000086700000, 0x0000000086700000, 0x0000000086800000|  0%| F|  |TAMS 0x0000000086700000, 0x0000000086700000| Untracked 
|  74|0x0000000086800000, 0x0000000086800000, 0x0000000086900000|  0%| F|  |TAMS 0x0000000086800000, 0x0000000086800000| Untracked 
|  75|0x0000000086900000, 0x0000000086900000, 0x0000000086a00000|  0%| F|  |TAMS 0x0000000086900000, 0x0000000086900000| Untracked 
|  76|0x0000000086a00000, 0x0000000086a00000, 0x0000000086b00000|  0%| F|  |TAMS 0x0000000086a00000, 0x0000000086a00000| Untracked 
|  77|0x0000000086b00000, 0x0000000086b00000, 0x0000000086c00000|  0%| F|  |TAMS 0x0000000086b00000, 0x0000000086b00000| Untracked 
|  78|0x0000000086c00000, 0x0000000086c00000, 0x0000000086d00000|  0%| F|  |TAMS 0x0000000086c00000, 0x0000000086c00000| Untracked 
|  79|0x0000000086d00000, 0x0000000086d00000, 0x0000000086e00000|  0%| F|  |TAMS 0x0000000086d00000, 0x0000000086d00000| Untracked 
|  80|0x0000000086e00000, 0x0000000086e00000, 0x0000000086f00000|  0%| F|  |TAMS 0x0000000086e00000, 0x0000000086e00000| Untracked 
|  81|0x0000000086f00000, 0x0000000086f00000, 0x0000000087000000|  0%| F|  |TAMS 0x0000000086f00000, 0x0000000086f00000| Untracked 
|  82|0x0000000087000000, 0x0000000087000000, 0x0000000087100000|  0%| F|  |TAMS 0x0000000087000000, 0x0000000087000000| Untracked 
|  83|0x0000000087100000, 0x0000000087100000, 0x0000000087200000|  0%| F|  |TAMS 0x0000000087100000, 0x0000000087100000| Untracked 
|  84|0x0000000087200000, 0x0000000087200000, 0x0000000087300000|  0%| F|  |TAMS 0x0000000087200000, 0x0000000087200000| Untracked 
|  85|0x0000000087300000, 0x0000000087300000, 0x0000000087400000|  0%| F|  |TAMS 0x0000000087300000, 0x0000000087300000| Untracked 
|  86|0x0000000087400000, 0x0000000087400000, 0x0000000087500000|  0%| F|  |TAMS 0x0000000087400000, 0x0000000087400000| Untracked 
|  87|0x0000000087500000, 0x0000000087500000, 0x0000000087600000|  0%| F|  |TAMS 0x0000000087500000, 0x0000000087500000| Untracked 
|  88|0x0000000087600000, 0x0000000087600000, 0x0000000087700000|  0%| F|  |TAMS 0x0000000087600000, 0x0000000087600000| Untracked 
|  89|0x0000000087700000, 0x0000000087700000, 0x0000000087800000|  0%| F|  |TAMS 0x0000000087700000, 0x0000000087700000| Untracked 
|  90|0x0000000087800000, 0x0000000087800000, 0x0000000087900000|  0%| F|  |TAMS 0x0000000087800000, 0x0000000087800000| Untracked 
|  91|0x0000000087900000, 0x0000000087900000, 0x0000000087a00000|  0%| F|  |TAMS 0x0000000087900000, 0x0000000087900000| Untracked 
|  92|0x0000000087a00000, 0x0000000087a00000, 0x0000000087b00000|  0%| F|  |TAMS 0x0000000087a00000, 0x0000000087a00000| Untracked 
|  93|0x0000000087b00000, 0x0000000087b00000, 0x0000000087c00000|  0%| F|  |TAMS 0x0000000087b00000, 0x0000000087b00000| Untracked 
|  94|0x0000000087c00000, 0x0000000087c00000, 0x0000000087d00000|  0%| F|  |TAMS 0x0000000087c00000, 0x0000000087c00000| Untracked 
|  95|0x0000000087d00000, 0x0000000087d00000, 0x0000000087e00000|  0%| F|  |TAMS 0x0000000087d00000, 0x0000000087d00000| Untracked 
|  96|0x0000000087e00000, 0x0000000087e00000, 0x0000000087f00000|  0%| F|  |TAMS 0x0000000087e00000, 0x0000000087e00000| Untracked 
|  97|0x0000000087f00000, 0x0000000087f00000, 0x0000000088000000|  0%| F|  |TAMS 0x0000000087f00000, 0x0000000087f00000| Untracked 
|  98|0x0000000088000000, 0x0000000088000000, 0x0000000088100000|  0%| F|  |TAMS 0x0000000088000000, 0x0000000088000000| Untracked 
|  99|0x0000000088100000, 0x0000000088100000, 0x0000000088200000|  0%| F|  |TAMS 0x0000000088100000, 0x0000000088100000| Untracked 
| 100|0x0000000088200000, 0x0000000088200000, 0x0000000088300000|  0%| F|  |TAMS 0x0000000088200000, 0x0000000088200000| Untracked 
| 101|0x0000000088300000, 0x0000000088300000, 0x0000000088400000|  0%| F|  |TAMS 0x0000000088300000, 0x0000000088300000| Untracked 
| 102|0x0000000088400000, 0x0000000088453ed0, 0x0000000088500000| 32%| S|CS|TAMS 0x0000000088400000, 0x0000000088400000| Complete 
| 103|0x0000000088500000, 0x0000000088600000, 0x0000000088600000|100%| S|CS|TAMS 0x0000000088500000, 0x0000000088500000| Complete 
| 104|0x0000000088600000, 0x0000000088700000, 0x0000000088700000|100%| S|CS|TAMS 0x0000000088600000, 0x0000000088600000| Complete 
| 105|0x0000000088700000, 0x0000000088800000, 0x0000000088800000|100%| S|CS|TAMS 0x0000000088700000, 0x0000000088700000| Complete 
| 106|0x0000000088800000, 0x0000000088900000, 0x0000000088900000|100%| S|CS|TAMS 0x0000000088800000, 0x0000000088800000| Complete 
| 107|0x0000000088900000, 0x0000000088a00000, 0x0000000088a00000|100%| S|CS|TAMS 0x0000000088900000, 0x0000000088900000| Complete 
| 108|0x0000000088a00000, 0x0000000088b00000, 0x0000000088b00000|100%| S|CS|TAMS 0x0000000088a00000, 0x0000000088a00000| Complete 
| 109|0x0000000088b00000, 0x0000000088c00000, 0x0000000088c00000|100%| S|CS|TAMS 0x0000000088b00000, 0x0000000088b00000| Complete 
| 110|0x0000000088c00000, 0x0000000088c00000, 0x0000000088d00000|  0%| F|  |TAMS 0x0000000088c00000, 0x0000000088c00000| Untracked 
| 111|0x0000000088d00000, 0x0000000088d00000, 0x0000000088e00000|  0%| F|  |TAMS 0x0000000088d00000, 0x0000000088d00000| Untracked 
| 112|0x0000000088e00000, 0x0000000088e00000, 0x0000000088f00000|  0%| F|  |TAMS 0x0000000088e00000, 0x0000000088e00000| Untracked 
| 113|0x0000000088f00000, 0x0000000088f00000, 0x0000000089000000|  0%| F|  |TAMS 0x0000000088f00000, 0x0000000088f00000| Untracked 
| 114|0x0000000089000000, 0x0000000089000000, 0x0000000089100000|  0%| F|  |TAMS 0x0000000089000000, 0x0000000089000000| Untracked 
| 115|0x0000000089100000, 0x0000000089100000, 0x0000000089200000|  0%| F|  |TAMS 0x0000000089100000, 0x0000000089100000| Untracked 
| 116|0x0000000089200000, 0x0000000089200000, 0x0000000089300000|  0%| F|  |TAMS 0x0000000089200000, 0x0000000089200000| Untracked 
| 117|0x0000000089300000, 0x0000000089300000, 0x0000000089400000|  0%| F|  |TAMS 0x0000000089300000, 0x0000000089300000| Untracked 
| 118|0x0000000089400000, 0x0000000089400000, 0x0000000089500000|  0%| F|  |TAMS 0x0000000089400000, 0x0000000089400000| Untracked 
| 119|0x0000000089500000, 0x0000000089500000, 0x0000000089600000|  0%| F|  |TAMS 0x0000000089500000, 0x0000000089500000| Untracked 
| 120|0x0000000089600000, 0x0000000089600000, 0x0000000089700000|  0%| F|  |TAMS 0x0000000089600000, 0x0000000089600000| Untracked 
| 121|0x0000000089700000, 0x0000000089700000, 0x0000000089800000|  0%| F|  |TAMS 0x0000000089700000, 0x0000000089700000| Untracked 
| 122|0x0000000089800000, 0x0000000089800000, 0x0000000089900000|  0%| F|  |TAMS 0x0000000089800000, 0x0000000089800000| Untracked 
| 123|0x0000000089900000, 0x0000000089900000, 0x0000000089a00000|  0%| F|  |TAMS 0x0000000089900000, 0x0000000089900000| Untracked 
| 124|0x0000000089a00000, 0x0000000089a00000, 0x0000000089b00000|  0%| F|  |TAMS 0x0000000089a00000, 0x0000000089a00000| Untracked 
| 125|0x0000000089b00000, 0x0000000089b00000, 0x0000000089c00000|  0%| F|  |TAMS 0x0000000089b00000, 0x0000000089b00000| Untracked 
| 126|0x0000000089c00000, 0x0000000089c00000, 0x0000000089d00000|  0%| F|  |TAMS 0x0000000089c00000, 0x0000000089c00000| Untracked 
| 127|0x0000000089d00000, 0x0000000089d00000, 0x0000000089e00000|  0%| F|  |TAMS 0x0000000089d00000, 0x0000000089d00000| Untracked 
| 128|0x0000000089e00000, 0x0000000089e00000, 0x0000000089f00000|  0%| F|  |TAMS 0x0000000089e00000, 0x0000000089e00000| Untracked 
| 129|0x0000000089f00000, 0x0000000089f00000, 0x000000008a000000|  0%| F|  |TAMS 0x0000000089f00000, 0x0000000089f00000| Untracked 
| 130|0x000000008a000000, 0x000000008a000000, 0x000000008a100000|  0%| F|  |TAMS 0x000000008a000000, 0x000000008a000000| Untracked 
| 131|0x000000008a100000, 0x000000008a100000, 0x000000008a200000|  0%| F|  |TAMS 0x000000008a100000, 0x000000008a100000| Untracked 
| 132|0x000000008a200000, 0x000000008a200000, 0x000000008a300000|  0%| F|  |TAMS 0x000000008a200000, 0x000000008a200000| Untracked 
| 133|0x000000008a300000, 0x000000008a300000, 0x000000008a400000|  0%| F|  |TAMS 0x000000008a300000, 0x000000008a300000| Untracked 
| 134|0x000000008a400000, 0x000000008a400000, 0x000000008a500000|  0%| F|  |TAMS 0x000000008a400000, 0x000000008a400000| Untracked 
| 135|0x000000008a500000, 0x000000008a500000, 0x000000008a600000|  0%| F|  |TAMS 0x000000008a500000, 0x000000008a500000| Untracked 
| 136|0x000000008a600000, 0x000000008a600000, 0x000000008a700000|  0%| F|  |TAMS 0x000000008a600000, 0x000000008a600000| Untracked 
| 137|0x000000008a700000, 0x000000008a700000, 0x000000008a800000|  0%| F|  |TAMS 0x000000008a700000, 0x000000008a700000| Untracked 
| 138|0x000000008a800000, 0x000000008a800000, 0x000000008a900000|  0%| F|  |TAMS 0x000000008a800000, 0x000000008a800000| Untracked 
| 139|0x000000008a900000, 0x000000008a900000, 0x000000008aa00000|  0%| F|  |TAMS 0x000000008a900000, 0x000000008a900000| Untracked 
| 140|0x000000008aa00000, 0x000000008aa00000, 0x000000008ab00000|  0%| F|  |TAMS 0x000000008aa00000, 0x000000008aa00000| Untracked 
| 141|0x000000008ab00000, 0x000000008ab00000, 0x000000008ac00000|  0%| F|  |TAMS 0x000000008ab00000, 0x000000008ab00000| Untracked 
| 142|0x000000008ac00000, 0x000000008ac00000, 0x000000008ad00000|  0%| F|  |TAMS 0x000000008ac00000, 0x000000008ac00000| Untracked 
| 143|0x000000008ad00000, 0x000000008ad00000, 0x000000008ae00000|  0%| F|  |TAMS 0x000000008ad00000, 0x000000008ad00000| Untracked 
| 144|0x000000008ae00000, 0x000000008ae00000, 0x000000008af00000|  0%| F|  |TAMS 0x000000008ae00000, 0x000000008ae00000| Untracked 
| 145|0x000000008af00000, 0x000000008af00000, 0x000000008b000000|  0%| F|  |TAMS 0x000000008af00000, 0x000000008af00000| Untracked 
| 146|0x000000008b000000, 0x000000008b000000, 0x000000008b100000|  0%| F|  |TAMS 0x000000008b000000, 0x000000008b000000| Untracked 
| 147|0x000000008b100000, 0x000000008b100000, 0x000000008b200000|  0%| F|  |TAMS 0x000000008b100000, 0x000000008b100000| Untracked 
| 148|0x000000008b200000, 0x000000008b200000, 0x000000008b300000|  0%| F|  |TAMS 0x000000008b200000, 0x000000008b200000| Untracked 
| 149|0x000000008b300000, 0x000000008b300000, 0x000000008b400000|  0%| F|  |TAMS 0x000000008b300000, 0x000000008b300000| Untracked 
| 150|0x000000008b400000, 0x000000008b400000, 0x000000008b500000|  0%| F|  |TAMS 0x000000008b400000, 0x000000008b400000| Untracked 
| 151|0x000000008b500000, 0x000000008b500000, 0x000000008b600000|  0%| F|  |TAMS 0x000000008b500000, 0x000000008b500000| Untracked 
| 152|0x000000008b600000, 0x000000008b600000, 0x000000008b700000|  0%| F|  |TAMS 0x000000008b600000, 0x000000008b600000| Untracked 
| 153|0x000000008b700000, 0x000000008b700000, 0x000000008b800000|  0%| F|  |TAMS 0x000000008b700000, 0x000000008b700000| Untracked 
| 154|0x000000008b800000, 0x000000008b800000, 0x000000008b900000|  0%| F|  |TAMS 0x000000008b800000, 0x000000008b800000| Untracked 
| 155|0x000000008b900000, 0x000000008b900000, 0x000000008ba00000|  0%| F|  |TAMS 0x000000008b900000, 0x000000008b900000| Untracked 
| 156|0x000000008ba00000, 0x000000008ba00000, 0x000000008bb00000|  0%| F|  |TAMS 0x000000008ba00000, 0x000000008ba00000| Untracked 
| 157|0x000000008bb00000, 0x000000008bb00000, 0x000000008bc00000|  0%| F|  |TAMS 0x000000008bb00000, 0x000000008bb00000| Untracked 
| 158|0x000000008bc00000, 0x000000008bc00000, 0x000000008bd00000|  0%| F|  |TAMS 0x000000008bc00000, 0x000000008bc00000| Untracked 
| 159|0x000000008bd00000, 0x000000008bd00000, 0x000000008be00000|  0%| F|  |TAMS 0x000000008bd00000, 0x000000008bd00000| Untracked 
| 160|0x000000008be00000, 0x000000008be00000, 0x000000008bf00000|  0%| F|  |TAMS 0x000000008be00000, 0x000000008be00000| Untracked 
| 161|0x000000008bf00000, 0x000000008bf00000, 0x000000008c000000|  0%| F|  |TAMS 0x000000008bf00000, 0x000000008bf00000| Untracked 
| 162|0x000000008c000000, 0x000000008c000000, 0x000000008c100000|  0%| F|  |TAMS 0x000000008c000000, 0x000000008c000000| Untracked 
| 163|0x000000008c100000, 0x000000008c100000, 0x000000008c200000|  0%| F|  |TAMS 0x000000008c100000, 0x000000008c100000| Untracked 
| 164|0x000000008c200000, 0x000000008c200000, 0x000000008c300000|  0%| F|  |TAMS 0x000000008c200000, 0x000000008c200000| Untracked 
| 165|0x000000008c300000, 0x000000008c300000, 0x000000008c400000|  0%| F|  |TAMS 0x000000008c300000, 0x000000008c300000| Untracked 
| 166|0x000000008c400000, 0x000000008c400000, 0x000000008c500000|  0%| F|  |TAMS 0x000000008c400000, 0x000000008c400000| Untracked 
| 167|0x000000008c500000, 0x000000008c500000, 0x000000008c600000|  0%| F|  |TAMS 0x000000008c500000, 0x000000008c500000| Untracked 
| 168|0x000000008c600000, 0x000000008c600000, 0x000000008c700000|  0%| F|  |TAMS 0x000000008c600000, 0x000000008c600000| Untracked 
| 169|0x000000008c700000, 0x000000008c700000, 0x000000008c800000|  0%| F|  |TAMS 0x000000008c700000, 0x000000008c700000| Untracked 
| 170|0x000000008c800000, 0x000000008c800000, 0x000000008c900000|  0%| F|  |TAMS 0x000000008c800000, 0x000000008c800000| Untracked 
| 171|0x000000008c900000, 0x000000008c900000, 0x000000008ca00000|  0%| F|  |TAMS 0x000000008c900000, 0x000000008c900000| Untracked 
| 172|0x000000008ca00000, 0x000000008ca00000, 0x000000008cb00000|  0%| F|  |TAMS 0x000000008ca00000, 0x000000008ca00000| Untracked 
| 173|0x000000008cb00000, 0x000000008cb00000, 0x000000008cc00000|  0%| F|  |TAMS 0x000000008cb00000, 0x000000008cb00000| Untracked 
| 174|0x000000008cc00000, 0x000000008cc00000, 0x000000008cd00000|  0%| F|  |TAMS 0x000000008cc00000, 0x000000008cc00000| Untracked 
| 175|0x000000008cd00000, 0x000000008cd00000, 0x000000008ce00000|  0%| F|  |TAMS 0x000000008cd00000, 0x000000008cd00000| Untracked 
| 176|0x000000008ce00000, 0x000000008ce00000, 0x000000008cf00000|  0%| F|  |TAMS 0x000000008ce00000, 0x000000008ce00000| Untracked 
| 177|0x000000008cf00000, 0x000000008cf00000, 0x000000008d000000|  0%| F|  |TAMS 0x000000008cf00000, 0x000000008cf00000| Untracked 
| 178|0x000000008d000000, 0x000000008d000000, 0x000000008d100000|  0%| F|  |TAMS 0x000000008d000000, 0x000000008d000000| Untracked 
| 179|0x000000008d100000, 0x000000008d100000, 0x000000008d200000|  0%| F|  |TAMS 0x000000008d100000, 0x000000008d100000| Untracked 
| 180|0x000000008d200000, 0x000000008d200000, 0x000000008d300000|  0%| F|  |TAMS 0x000000008d200000, 0x000000008d200000| Untracked 
| 181|0x000000008d300000, 0x000000008d300000, 0x000000008d400000|  0%| F|  |TAMS 0x000000008d300000, 0x000000008d300000| Untracked 
| 182|0x000000008d400000, 0x000000008d400000, 0x000000008d500000|  0%| F|  |TAMS 0x000000008d400000, 0x000000008d400000| Untracked 
| 183|0x000000008d500000, 0x000000008d500000, 0x000000008d600000|  0%| F|  |TAMS 0x000000008d500000, 0x000000008d500000| Untracked 
| 184|0x000000008d600000, 0x000000008d600000, 0x000000008d700000|  0%| F|  |TAMS 0x000000008d600000, 0x000000008d600000| Untracked 
| 185|0x000000008d700000, 0x000000008d700000, 0x000000008d800000|  0%| F|  |TAMS 0x000000008d700000, 0x000000008d700000| Untracked 
| 186|0x000000008d800000, 0x000000008d800000, 0x000000008d900000|  0%| F|  |TAMS 0x000000008d800000, 0x000000008d800000| Untracked 
| 187|0x000000008d900000, 0x000000008d900000, 0x000000008da00000|  0%| F|  |TAMS 0x000000008d900000, 0x000000008d900000| Untracked 
| 188|0x000000008da00000, 0x000000008da00000, 0x000000008db00000|  0%| F|  |TAMS 0x000000008da00000, 0x000000008da00000| Untracked 
| 189|0x000000008db00000, 0x000000008db00000, 0x000000008dc00000|  0%| F|  |TAMS 0x000000008db00000, 0x000000008db00000| Untracked 
| 190|0x000000008dc00000, 0x000000008dc00000, 0x000000008dd00000|  0%| F|  |TAMS 0x000000008dc00000, 0x000000008dc00000| Untracked 
| 191|0x000000008dd00000, 0x000000008dd00000, 0x000000008de00000|  0%| F|  |TAMS 0x000000008dd00000, 0x000000008dd00000| Untracked 
| 192|0x000000008de00000, 0x000000008de00000, 0x000000008df00000|  0%| F|  |TAMS 0x000000008de00000, 0x000000008de00000| Untracked 
| 193|0x000000008df00000, 0x000000008df00000, 0x000000008e000000|  0%| F|  |TAMS 0x000000008df00000, 0x000000008df00000| Untracked 
| 194|0x000000008e000000, 0x000000008e000000, 0x000000008e100000|  0%| F|  |TAMS 0x000000008e000000, 0x000000008e000000| Untracked 
| 195|0x000000008e100000, 0x000000008e100000, 0x000000008e200000|  0%| F|  |TAMS 0x000000008e100000, 0x000000008e100000| Untracked 
| 196|0x000000008e200000, 0x000000008e200000, 0x000000008e300000|  0%| F|  |TAMS 0x000000008e200000, 0x000000008e200000| Untracked 
| 197|0x000000008e300000, 0x000000008e300000, 0x000000008e400000|  0%| F|  |TAMS 0x000000008e300000, 0x000000008e300000| Untracked 
| 198|0x000000008e400000, 0x000000008e400000, 0x000000008e500000|  0%| F|  |TAMS 0x000000008e400000, 0x000000008e400000| Untracked 
| 199|0x000000008e500000, 0x000000008e500000, 0x000000008e600000|  0%| F|  |TAMS 0x000000008e500000, 0x000000008e500000| Untracked 
| 200|0x000000008e600000, 0x000000008e600000, 0x000000008e700000|  0%| F|  |TAMS 0x000000008e600000, 0x000000008e600000| Untracked 

Card table byte_map: [0x000002586f2c0000,0x000002586f6c0000] _byte_map_base: 0x000002586eeb1000

Marking Bits (Prev, Next): (CMBitMap*) 0x00000258671bba80, (CMBitMap*) 0x00000258671bbac0
 Prev Bits: [0x000002586fac0000, 0x0000025871a48000)
 Next Bits: [0x0000025871a50000, 0x00000258739d8000)

Polling page: 0x0000025867230000

Metaspace:

Usage:
  Non-class:     29.97 MB used.
      Class:      4.49 MB used.
       Both:     34.46 MB used.

Virtual space:
  Non-class space:       32.00 MB reserved,      30.12 MB ( 94%) committed,  4 nodes.
      Class space:        1.00 GB reserved,       4.62 MB ( <1%) committed,  1 nodes.
             Both:        1.03 GB reserved,      34.75 MB (  3%) committed. 

Chunk freelists:
   Non-Class:  1.47 MB
       Class:  3.32 MB
        Both:  4.79 MB

MaxMetaspaceSize: unlimited
CompressedClassSpaceSize: 1.00 GB
Initial GC threshold: 21.00 MB
Current GC threshold: 57.81 MB
CDS: off
MetaspaceReclaimPolicy: balanced
 - commit_granule_bytes: 65536.
 - commit_granule_words: 8192.
 - virtual_space_node_default_size: 1048576.
 - enlarge_chunks_in_place: 1.
 - new_chunks_are_fully_committed: 0.
 - uncommit_free_chunks: 1.
 - use_allocation_guard: 0.
 - handle_deallocations: 1.


Internal statistics:

num_allocs_failed_limit: 3.
num_arena_births: 300.
num_arena_deaths: 0.
num_vsnodes_births: 5.
num_vsnodes_deaths: 0.
num_space_committed: 556.
num_space_uncommitted: 0.
num_chunks_returned_to_freelist: 3.
num_chunks_taken_from_freelist: 1301.
num_chunk_merges: 3.
num_chunk_splits: 900.
num_chunks_enlarged: 707.
num_purges: 0.
num_inconsistent_stats: 0.

CodeCache: size=49152Kb used=9162Kb max_used=9162Kb free=39989Kb
 bounds [0x000002586b5e0000, 0x000002586bee0000, 0x000002586e5e0000]
 total_blobs=4317 nmethods=3792 adapters=449
 compilation: enabled
              stopped_count=0, restarted_count=0
 full_count=0

Compilation events (20 events):
Event: 4.255 Thread 0x00000258764ee640 nmethod 3785 0x000002586bec9e90 code [0x000002586beca020, 0x000002586beca168]
Event: 4.256 Thread 0x00000258764ee640 3788       1       java.nio.HeapByteBuffer::get (64 bytes)
Event: 4.256 Thread 0x000002587723e970 nmethod 3781 0x000002586beca210 code [0x000002586beca420, 0x000002586beca9e8]
Event: 4.256 Thread 0x000002587723e970 3787   !   1       nonapi.io.github.classgraph.fileslice.reader.ClassfileReader::close (43 bytes)
Event: 4.256 Thread 0x00000258764ee640 nmethod 3788 0x000002586becad10 code [0x000002586becaf00, 0x000002586becb298]
Event: 4.256 Thread 0x00000258764ee640 3784       1       jdk.internal.module.SystemModuleFinders$SystemModuleReader$$Lambda$142/0x00000001001f8420::apply (12 bytes)
Event: 4.256 Thread 0x000002587723e970 nmethod 3787 0x000002586becb490 code [0x000002586becb640, 0x000002586becb818]
Event: 4.256 Thread 0x000002587723e970 3786   !   1       jdk.internal.module.SystemModuleFinders$SystemModuleReader::toInputStream (43 bytes)
Event: 4.256 Thread 0x00000258764ee640 nmethod 3784 0x000002586becb910 code [0x000002586becbaa0, 0x000002586becbbc8]
Event: 4.256 Thread 0x0000025877234420 nmethod 3783 0x000002586becbc90 code [0x000002586becc100, 0x000002586becd008]
Event: 4.257 Thread 0x0000025877afde90 nmethod 3780 0x000002586becdb90 code [0x000002586becdf00, 0x000002586beced68]
Event: 4.257 Thread 0x000002587723e970 nmethod 3786 0x000002586becf610 code [0x000002586becf800, 0x000002586becfd28]
Event: 4.257 Thread 0x0000025877afde90 3789       1       jdk.internal.module.SystemModuleFinders$SystemModuleReader$$Lambda$142/0x00000001001f8420::<init> (10 bytes)
Event: 4.257 Thread 0x0000025877afde90 nmethod 3789 0x000002586bed0010 code [0x000002586bed01a0, 0x000002586bed02b8]
Event: 4.257 Thread 0x0000025877afde90 3790   !   1       jdk.internal.reflect.GeneratedMethodAccessor27::invoke (67 bytes)
Event: 4.258 Thread 0x0000025877afde90 nmethod 3790 0x000002586bed0310 code [0x000002586bed0500, 0x000002586bed0938]
Event: 4.338 Thread 0x0000025877afde90 3791  s!   1       jdk.internal.loader.URLClassPath::getLoader (196 bytes)
Event: 4.339 Thread 0x0000025877afde90 nmethod 3791 0x000002586bed0f90 code [0x000002586bed1240, 0x000002586bed1c58]
Event: 4.474 Thread 0x000002587723e970 3792       1       java.util.concurrent.locks.ReentrantLock$NonfairSync::tryAcquire (27 bytes)
Event: 4.474 Thread 0x000002587723e970 nmethod 3792 0x000002586bed2590 code [0x000002586bed2720, 0x000002586bed2898]

GC Heap History (20 events):
Event: 3.564 GC heap after
{Heap after GC invocations=10 (full 0):
 garbage-first heap   total 80896K, used 30666K [0x0000000081e00000, 0x0000000100000000)
  region size 1024K, 5 young (5120K), 5 survivors (5120K)
 Metaspace       used 34189K, committed 34560K, reserved 1081344K
  class space    used 4372K, committed 4544K, reserved 1048576K
}
Event: 3.661 GC heap before
{Heap before GC invocations=10 (full 0):
 garbage-first heap   total 80896K, used 58314K [0x0000000081e00000, 0x0000000100000000)
  region size 1024K, 32 young (32768K), 5 survivors (5120K)
 Metaspace       used 34640K, committed 35008K, reserved 1081344K
  class space    used 4483K, committed 4672K, reserved 1048576K
}
Event: 3.668 GC heap after
{Heap after GC invocations=11 (full 0):
 garbage-first heap   total 98304K, used 36459K [0x0000000081e00000, 0x0000000100000000)
  region size 1024K, 4 young (4096K), 4 survivors (4096K)
 Metaspace       used 34640K, committed 35008K, reserved 1081344K
  class space    used 4483K, committed 4672K, reserved 1048576K
}
Event: 3.778 GC heap before
{Heap before GC invocations=11 (full 0):
 garbage-first heap   total 98304K, used 71275K [0x0000000081e00000, 0x0000000100000000)
  region size 1024K, 38 young (38912K), 4 survivors (4096K)
 Metaspace       used 35125K, committed 35456K, reserved 1081344K
  class space    used 4576K, committed 4736K, reserved 1048576K
}
Event: 3.787 GC heap after
{Heap after GC invocations=12 (full 0):
 garbage-first heap   total 98304K, used 45353K [0x0000000081e00000, 0x0000000100000000)
  region size 1024K, 5 young (5120K), 5 survivors (5120K)
 Metaspace       used 35125K, committed 35456K, reserved 1081344K
  class space    used 4576K, committed 4736K, reserved 1048576K
}
Event: 4.171 GC heap before
{Heap before GC invocations=12 (full 0):
 garbage-first heap   total 98304K, used 73001K [0x0000000081e00000, 0x0000000100000000)
  region size 1024K, 31 young (31744K), 5 survivors (5120K)
 Metaspace       used 35127K, committed 35456K, reserved 1081344K
  class space    used 4576K, committed 4736K, reserved 1048576K
}
Event: 4.182 GC heap after
{Heap after GC invocations=13 (full 0):
 garbage-first heap   total 98304K, used 57871K [0x0000000081e00000, 0x0000000100000000)
  region size 1024K, 4 young (4096K), 4 survivors (4096K)
 Metaspace       used 35127K, committed 35456K, reserved 1081344K
  class space    used 4576K, committed 4736K, reserved 1048576K
}
Event: 4.217 GC heap before
{Heap before GC invocations=13 (full 0):
 garbage-first heap   total 98304K, used 72207K [0x0000000081e00000, 0x0000000100000000)
  region size 1024K, 19 young (19456K), 4 survivors (4096K)
 Metaspace       used 35217K, committed 35520K, reserved 1081344K
  class space    used 4586K, committed 4736K, reserved 1048576K
}
Event: 4.239 GC heap after
{Heap after GC invocations=14 (full 0):
 garbage-first heap   total 98304K, used 62938K [0x0000000081e00000, 0x0000000100000000)
  region size 1024K, 3 young (3072K), 3 survivors (3072K)
 Metaspace       used 35217K, committed 35520K, reserved 1081344K
  class space    used 4586K, committed 4736K, reserved 1048576K
}
Event: 4.259 GC heap before
{Heap before GC invocations=14 (full 0):
 garbage-first heap   total 98304K, used 74202K [0x0000000081e00000, 0x0000000100000000)
  region size 1024K, 15 young (15360K), 3 survivors (3072K)
 Metaspace       used 35217K, committed 35520K, reserved 1081344K
  class space    used 4586K, committed 4736K, reserved 1048576K
}
Event: 4.269 GC heap after
{Heap after GC invocations=15 (full 0):
 garbage-first heap   total 205824K, used 64159K [0x0000000081e00000, 0x0000000100000000)
  region size 1024K, 1 young (1024K), 1 survivors (1024K)
 Metaspace       used 35217K, committed 35520K, reserved 1081344K
  class space    used 4586K, committed 4736K, reserved 1048576K
}
Event: 4.306 GC heap before
{Heap before GC invocations=15 (full 0):
 garbage-first heap   total 205824K, used 125599K [0x0000000081e00000, 0x0000000100000000)
  region size 1024K, 62 young (63488K), 1 survivors (1024K)
 Metaspace       used 35242K, committed 35520K, reserved 1081344K
  class space    used 4592K, committed 4736K, reserved 1048576K
}
Event: 4.309 GC heap after
{Heap after GC invocations=16 (full 0):
 garbage-first heap   total 205824K, used 66590K [0x0000000081e00000, 0x0000000100000000)
  region size 1024K, 4 young (4096K), 4 survivors (4096K)
 Metaspace       used 35242K, committed 35520K, reserved 1081344K
  class space    used 4592K, committed 4736K, reserved 1048576K
}
Event: 4.352 GC heap before
{Heap before GC invocations=16 (full 0):
 garbage-first heap   total 205824K, used 145438K [0x0000000081e00000, 0x0000000100000000)
  region size 1024K, 83 young (84992K), 4 survivors (4096K)
 Metaspace       used 35276K, committed 35584K, reserved 1081344K
  class space    used 4598K, committed 4736K, reserved 1048576K
}
Event: 4.356 GC heap after
{Heap after GC invocations=17 (full 0):
 garbage-first heap   total 205824K, used 68821K [0x0000000081e00000, 0x0000000100000000)
  region size 1024K, 7 young (7168K), 7 survivors (7168K)
 Metaspace       used 35276K, committed 35584K, reserved 1081344K
  class space    used 4598K, committed 4736K, reserved 1048576K
}
Event: 4.390 GC heap before
{Heap before GC invocations=18 (full 0):
 garbage-first heap   total 205824K, used 151765K [0x0000000081e00000, 0x0000000100000000)
  region size 1024K, 89 young (91136K), 7 survivors (7168K)
 Metaspace       used 35290K, committed 35584K, reserved 1081344K
  class space    used 4600K, committed 4736K, reserved 1048576K
}
Event: 4.395 GC heap after
{Heap after GC invocations=19 (full 0):
 garbage-first heap   total 205824K, used 72449K [0x0000000081e00000, 0x0000000100000000)
  region size 1024K, 10 young (10240K), 10 survivors (10240K)
 Metaspace       used 35290K, committed 35584K, reserved 1081344K
  class space    used 4600K, committed 4736K, reserved 1048576K
}
Event: 4.432 GC heap before
{Heap before GC invocations=19 (full 0):
 garbage-first heap   total 205824K, used 156417K [0x0000000081e00000, 0x0000000100000000)
  region size 1024K, 93 young (95232K), 10 survivors (10240K)
 Metaspace       used 35290K, committed 35584K, reserved 1081344K
  class space    used 4600K, committed 4736K, reserved 1048576K
}
Event: 4.438 GC heap after
{Heap after GC invocations=20 (full 0):
 garbage-first heap   total 205824K, used 75723K [0x0000000081e00000, 0x0000000100000000)
  region size 1024K, 7 young (7168K), 7 survivors (7168K)
 Metaspace       used 35290K, committed 35584K, reserved 1081344K
  class space    used 4600K, committed 4736K, reserved 1048576K
}
Event: 4.481 GC heap before
{Heap before GC invocations=20 (full 0):
 garbage-first heap   total 205824K, used 161739K [0x0000000081e00000, 0x0000000100000000)
  region size 1024K, 92 young (94208K), 7 survivors (7168K)
 Metaspace       used 35290K, committed 35584K, reserved 1081344K
  class space    used 4600K, committed 4736K, reserved 1048576K
}

Deoptimization events (16 events):
Event: 0.987 Thread 0x000002586715fba0 DEOPT PACKING pc=0x000002586b9f5e75 sp=0x000000e6124fd950
Event: 0.987 Thread 0x000002586715fba0 DEOPT UNPACKING pc=0x000002586b632b43 sp=0x000000e6124fcdc0 mode 3
Event: 1.814 Thread 0x000002586715fba0 DEOPT PACKING pc=0x000002586bb1a899 sp=0x000000e6124fd100
Event: 1.814 Thread 0x000002586715fba0 DEOPT UNPACKING pc=0x000002586b632b43 sp=0x000000e6124fc5e0 mode 3
Event: 2.251 Thread 0x000002586715fba0 DEOPT PACKING pc=0x000002586bbdd575 sp=0x000000e6124fcdd0
Event: 2.251 Thread 0x000002586715fba0 DEOPT UNPACKING pc=0x000002586b632b43 sp=0x000000e6124fc240 mode 3
Event: 2.978 Thread 0x000002586715fba0 DEOPT PACKING pc=0x000002586bc80499 sp=0x000000e6124fc670
Event: 2.978 Thread 0x000002586715fba0 DEOPT UNPACKING pc=0x000002586b632b43 sp=0x000000e6124fbb50 mode 3
Event: 3.061 Thread 0x0000025878addf40 DEOPT PACKING pc=0x000002586bce1cab sp=0x000000e613efe520
Event: 3.061 Thread 0x0000025878addf40 DEOPT UNPACKING pc=0x000002586b632b43 sp=0x000000e613efda68 mode 3
Event: 3.429 Thread 0x0000025878c7c080 DEOPT PACKING pc=0x000002586bb1c981 sp=0x000000e6145fed10
Event: 3.429 Thread 0x0000025878c7c080 DEOPT UNPACKING pc=0x000002586b632b43 sp=0x000000e6145fe1a0 mode 3
Event: 3.527 Thread 0x0000025878d47ed0 DEOPT PACKING pc=0x000002586be2e835 sp=0x000000e6153fcda0
Event: 3.527 Thread 0x0000025878d47ed0 DEOPT UNPACKING pc=0x000002586b632b43 sp=0x000000e6153fc2c8 mode 3
Event: 3.681 Thread 0x0000025878d483a0 DEOPT PACKING pc=0x000002586bb15417 sp=0x000000e6149fef80
Event: 3.681 Thread 0x0000025878d483a0 DEOPT UNPACKING pc=0x000002586b632b43 sp=0x000000e6149fe3d8 mode 3

Classes unloaded (0 events):
No events

Classes redefined (0 events):
No events

Internal exceptions (20 events):
Event: 3.176 Thread 0x0000025878c7c080 Exception <a 'sun/nio/fs/WindowsException'{0x0000000084e6e1f0}> (0x0000000084e6e1f0) 
thrown [e:\jenkins\tmp\workspace\build\src\src\hotspot\share\prims\jni.cpp, line 516]
Event: 3.176 Thread 0x0000025878c7c080 Exception <a 'sun/nio/fs/WindowsException'{0x0000000084e6ebe0}> (0x0000000084e6ebe0) 
thrown [e:\jenkins\tmp\workspace\build\src\src\hotspot\share\prims\jni.cpp, line 516]
Event: 3.176 Thread 0x0000025878c7c080 Exception <a 'sun/nio/fs/WindowsException'{0x0000000084e6ef88}> (0x0000000084e6ef88) 
thrown [e:\jenkins\tmp\workspace\build\src\src\hotspot\share\prims\jni.cpp, line 516]
Event: 3.176 Thread 0x0000025878c7c080 Exception <a 'sun/nio/fs/WindowsException'{0x0000000084e6f988}> (0x0000000084e6f988) 
thrown [e:\jenkins\tmp\workspace\build\src\src\hotspot\share\prims\jni.cpp, line 516]
Event: 3.177 Thread 0x0000025878c7c080 Exception <a 'sun/nio/fs/WindowsException'{0x0000000084e6fd48}> (0x0000000084e6fd48) 
thrown [e:\jenkins\tmp\workspace\build\src\src\hotspot\share\prims\jni.cpp, line 516]
Event: 3.177 Thread 0x0000025878c7c080 Exception <a 'sun/nio/fs/WindowsException'{0x0000000084e70748}> (0x0000000084e70748) 
thrown [e:\jenkins\tmp\workspace\build\src\src\hotspot\share\prims\jni.cpp, line 516]
Event: 3.177 Thread 0x0000025878c7c080 Exception <a 'sun/nio/fs/WindowsException'{0x0000000084e70af8}> (0x0000000084e70af8) 
thrown [e:\jenkins\tmp\workspace\build\src\src\hotspot\share\prims\jni.cpp, line 516]
Event: 3.178 Thread 0x0000025878c7c080 Exception <a 'sun/nio/fs/WindowsException'{0x0000000084e714f8}> (0x0000000084e714f8) 
thrown [e:\jenkins\tmp\workspace\build\src\src\hotspot\share\prims\jni.cpp, line 516]
Event: 3.178 Thread 0x0000025878c7c080 Exception <a 'sun/nio/fs/WindowsException'{0x0000000084e718b8}> (0x0000000084e718b8) 
thrown [e:\jenkins\tmp\workspace\build\src\src\hotspot\share\prims\jni.cpp, line 516]
Event: 3.178 Thread 0x0000025878c7c080 Exception <a 'sun/nio/fs/WindowsException'{0x0000000084e722e0}> (0x0000000084e722e0) 
thrown [e:\jenkins\tmp\workspace\build\src\src\hotspot\share\prims\jni.cpp, line 516]
Event: 3.178 Thread 0x0000025878c7c080 Exception <a 'sun/nio/fs/WindowsException'{0x0000000084e726c0}> (0x0000000084e726c0) 
thrown [e:\jenkins\tmp\workspace\build\src\src\hotspot\share\prims\jni.cpp, line 516]
Event: 3.178 Thread 0x0000025878c7c080 Exception <a 'sun/nio/fs/WindowsException'{0x0000000084e730f8}> (0x0000000084e730f8) 
thrown [e:\jenkins\tmp\workspace\build\src\src\hotspot\share\prims\jni.cpp, line 516]
Event: 3.178 Thread 0x0000025878c7c080 Exception <a 'sun/nio/fs/WindowsException'{0x0000000084e734e8}> (0x0000000084e734e8) 
thrown [e:\jenkins\tmp\workspace\build\src\src\hotspot\share\prims\jni.cpp, line 516]
Event: 3.179 Thread 0x0000025878c7c080 Exception <a 'sun/nio/fs/WindowsException'{0x0000000084e73f10}> (0x0000000084e73f10) 
thrown [e:\jenkins\tmp\workspace\build\src\src\hotspot\share\prims\jni.cpp, line 516]
Event: 3.179 Thread 0x0000025878c7c080 Exception <a 'sun/nio/fs/WindowsException'{0x0000000084e74300}> (0x0000000084e74300) 
thrown [e:\jenkins\tmp\workspace\build\src\src\hotspot\share\prims\jni.cpp, line 516]
Event: 3.522 Thread 0x0000025878d47ed0 Exception <a 'java/lang/NoSuchMethodError'{0x00000000858f1cf0}: 'java.lang.Object java.lang.invoke.DirectMethodHandle$Holder.invokeStatic(java.lang.Object, int, java.lang.Object)'> (0x00000000858f1cf0) 
thrown [e:\jenkins\tmp\workspace\build\src\src\hotspot\share\interpreter\linkResolver.cpp, line 766]
Event: 3.527 Thread 0x0000025878d47a00 Exception <a 'java/lang/NoSuchMethodError'{0x00000000857eb758}: 'java.lang.Object java.lang.invoke.DirectMethodHandle$Holder.invokeStatic(java.lang.Object, java.lang.Object, java.lang.Object, int, java.lang.Object, java.lang.Object)'> (0x00000000857eb758) 
thrown [e:\jenkins\tmp\workspace\build\src\src\hotspot\share\interpreter\linkResolver.cpp, line 766]
Event: 3.698 Thread 0x0000025879101450 Exception <a 'java/lang/NoSuchMethodError'{0x0000000087039700}: 'int java.lang.invoke.DirectMethodHandle$Holder.invokeStatic(java.lang.Object)'> (0x0000000087039700) 
thrown [e:\jenkins\tmp\workspace\build\src\src\hotspot\share\interpreter\linkResolver.cpp, line 766]
Event: 3.698 Thread 0x0000025879101450 Exception <a 'java/lang/NoSuchMethodError'{0x000000008707c508}: 'int java.lang.invoke.DirectMethodHandle$Holder.invokeStaticInit(java.lang.Object)'> (0x000000008707c508) 
thrown [e:\jenkins\tmp\workspace\build\src\src\hotspot\share\interpreter\linkResolver.cpp, line 766]
Event: 3.718 Thread 0x0000025878d47a00 Exception <a 'java/lang/NoSuchMethodError'{0x0000000086b551f8}: 'int java.lang.invoke.DirectMethodHandle$Holder.invokeVirtual(java.lang.Object, java.lang.Object)'> (0x0000000086b551f8) 
thrown [e:\jenkins\tmp\workspace\build\src\src\hotspot\share\interpreter\linkResolver.cpp, line 766]

VM Operations (20 events):
Event: 4.309 Executing VM operation: G1CollectForAllocation done
Event: 4.310 Executing VM operation: HandshakeAllThreads
Event: 4.310 Executing VM operation: HandshakeAllThreads done
Event: 4.331 Executing VM operation: G1Concurrent
Event: 4.334 Executing VM operation: G1Concurrent done
Event: 4.351 Executing VM operation: G1CollectForAllocation
Event: 4.351 Executing VM operation: G1CollectForAllocation done
Event: 4.351 Executing VM operation: G1CollectForAllocation
Event: 4.356 Executing VM operation: G1CollectForAllocation done
Event: 4.379 Executing VM operation: G1Concurrent
Event: 4.380 Executing VM operation: G1Concurrent done
Event: 4.389 Executing VM operation: G1CollectForAllocation
Event: 4.396 Executing VM operation: G1CollectForAllocation done
Event: 4.432 Executing VM operation: G1CollectForAllocation
Event: 4.432 Executing VM operation: G1CollectForAllocation done
Event: 4.432 Executing VM operation: G1CollectForAllocation
Event: 4.438 Executing VM operation: G1CollectForAllocation done
Event: 4.480 Executing VM operation: G1CollectForAllocation
Event: 4.480 Executing VM operation: G1CollectForAllocation done
Event: 4.480 Executing VM operation: G1CollectForAllocation

Events (20 events):
Event: 3.591 Thread 0x00000258790fe430 Thread added: 0x00000258790fe430
Event: 3.593 Thread 0x00000258790fe900 Thread added: 0x00000258790fe900
Event: 3.593 loading class java/util/concurrent/CompletableFuture$UniRelay
Event: 3.593 loading class java/util/concurrent/CompletableFuture$UniRelay done
Event: 3.684 Thread 0x0000025879101450 Thread added: 0x0000025879101450
Event: 3.707 Thread 0x00000258790fedd0 Thread added: 0x00000258790fedd0
Event: 3.712 loading class java/util/concurrent/CompletionException
Event: 3.712 loading class java/util/concurrent/CompletionException done
Event: 3.722 loading class java/io/PrintWriter
Event: 3.722 loading class java/io/PrintWriter done
Event: 3.725 loading class sun/nio/cs/StringUTF16
Event: 3.725 loading class sun/nio/cs/StringUTF16 done
Event: 3.726 loading class java/util/WeakHashMap$EntrySet
Event: 3.727 loading class java/util/WeakHashMap$EntrySet done
Event: 3.727 loading class java/util/WeakHashMap$EntryIterator
Event: 3.727 loading class java/util/WeakHashMap$HashIterator
Event: 3.727 loading class java/util/WeakHashMap$HashIterator done
Event: 3.727 loading class java/util/WeakHashMap$EntryIterator done
Event: 3.732 loading class java/util/regex/Pattern$1
Event: 3.732 loading class java/util/regex/Pattern$1 done


Dynamic libraries:
0x00007ff678d00000 - 0x00007ff678d0e000 	c:\Users\anton\.vscode\extensions\redhat.java-1.9.0-win32-x64\jre\17.0.3-win32-x86_64\bin\java.exe
0x00007ff924f10000 - 0x00007ff925108000 	C:\WINDOWS\SYSTEM32\ntdll.dll
0x00007ff900600000 - 0x00007ff900617000 	C:\Program Files\Avast Software\Avast\aswhook.dll
0x00007ff923dc0000 - 0x00007ff923e7d000 	C:\WINDOWS\System32\KERNEL32.DLL
0x00007ff922a00000 - 0x00007ff922cce000 	C:\WINDOWS\System32\KERNELBASE.dll
0x00007ff922630000 - 0x00007ff922730000 	C:\WINDOWS\System32\ucrtbase.dll
0x00007ff91ca80000 - 0x00007ff91ca98000 	c:\Users\anton\.vscode\extensions\redhat.java-1.9.0-win32-x64\jre\17.0.3-win32-x86_64\bin\jli.dll
0x00007ff9140f0000 - 0x00007ff914109000 	c:\Users\anton\.vscode\extensions\redhat.java-1.9.0-win32-x64\jre\17.0.3-win32-x86_64\bin\VCRUNTIME140.dll
0x00007ff922ff0000 - 0x00007ff923190000 	C:\WINDOWS\System32\USER32.dll
0x00007ff922e30000 - 0x00007ff922e52000 	C:\WINDOWS\System32\win32u.dll
0x00007ff8ffc70000 - 0x00007ff8fff0a000 	C:\WINDOWS\WinSxS\amd64_microsoft.windows.common-controls_6595b64144ccf1df_6.0.19041.1110_none_60b5254171f9507e\COMCTL32.dll
0x00007ff923ce0000 - 0x00007ff923d0a000 	C:\WINDOWS\System32\GDI32.dll
0x00007ff924550000 - 0x00007ff9245ee000 	C:\WINDOWS\System32\msvcrt.dll
0x00007ff922e60000 - 0x00007ff922f6b000 	C:\WINDOWS\System32\gdi32full.dll
0x00007ff922cd0000 - 0x00007ff922d6d000 	C:\WINDOWS\System32\msvcp_win.dll
0x00007ff924650000 - 0x00007ff924680000 	C:\WINDOWS\System32\IMM32.DLL
0x00007ff91ed50000 - 0x00007ff91ed5c000 	c:\Users\anton\.vscode\extensions\redhat.java-1.9.0-win32-x64\jre\17.0.3-win32-x86_64\bin\vcruntime140_1.dll
0x00007ff8e5d20000 - 0x00007ff8e5db1000 	c:\Users\anton\.vscode\extensions\redhat.java-1.9.0-win32-x64\jre\17.0.3-win32-x86_64\bin\msvcp140.dll
0x00007ff8ae9e0000 - 0x00007ff8af628000 	c:\Users\anton\.vscode\extensions\redhat.java-1.9.0-win32-x64\jre\17.0.3-win32-x86_64\bin\server\jvm.dll
0x00007ff9244a0000 - 0x00007ff92454e000 	C:\WINDOWS\System32\ADVAPI32.dll
0x00007ff923d10000 - 0x00007ff923dac000 	C:\WINDOWS\System32\sechost.dll
0x00007ff9234e0000 - 0x00007ff923605000 	C:\WINDOWS\System32\RPCRT4.dll
0x00007ff924770000 - 0x00007ff924778000 	C:\WINDOWS\System32\PSAPI.DLL
0x00007ff90a310000 - 0x00007ff90a319000 	C:\WINDOWS\SYSTEM32\WSOCK32.dll
0x00007ff91ba70000 - 0x00007ff91ba7a000 	C:\WINDOWS\SYSTEM32\VERSION.dll
0x00007ff901e80000 - 0x00007ff901ea7000 	C:\WINDOWS\SYSTEM32\WINMM.dll
0x00007ff923190000 - 0x00007ff9231fb000 	C:\WINDOWS\System32\WS2_32.dll
0x00007ff920e80000 - 0x00007ff920e92000 	C:\WINDOWS\SYSTEM32\kernel.appcore.dll
0x00007ff91ce30000 - 0x00007ff91ce3a000 	c:\Users\anton\.vscode\extensions\redhat.java-1.9.0-win32-x64\jre\17.0.3-win32-x86_64\bin\jimage.dll
0x00007ff9203f0000 - 0x00007ff9205d4000 	C:\WINDOWS\SYSTEM32\DBGHELP.DLL
0x00007ff90e930000 - 0x00007ff90e95c000 	C:\WINDOWS\SYSTEM32\dbgcore.DLL
0x00007ff9227e0000 - 0x00007ff922862000 	C:\WINDOWS\System32\bcryptPrimitives.dll
0x00007ff90d9c0000 - 0x00007ff90d9e5000 	c:\Users\anton\.vscode\extensions\redhat.java-1.9.0-win32-x64\jre\17.0.3-win32-x86_64\bin\java.dll
0x00007ff90da80000 - 0x00007ff90da98000 	c:\Users\anton\.vscode\extensions\redhat.java-1.9.0-win32-x64\jre\17.0.3-win32-x86_64\bin\zip.dll
0x00007ff924780000 - 0x00007ff924ec4000 	C:\WINDOWS\System32\SHELL32.dll
0x00007ff9205e0000 - 0x00007ff920d74000 	C:\WINDOWS\SYSTEM32\windows.storage.dll
0x00007ff924030000 - 0x00007ff924384000 	C:\WINDOWS\System32\combase.dll
0x00007ff921fc0000 - 0x00007ff921ff0000 	C:\WINDOWS\SYSTEM32\Wldp.dll
0x00007ff923200000 - 0x00007ff9232ad000 	C:\WINDOWS\System32\SHCORE.dll
0x00007ff924390000 - 0x00007ff9243e5000 	C:\WINDOWS\System32\shlwapi.dll
0x00007ff922570000 - 0x00007ff92258f000 	C:\WINDOWS\SYSTEM32\profapi.dll
0x00007ff909cd0000 - 0x00007ff909ce9000 	C:\Users\anton\.vscode\extensions\redhat.java-1.9.0-win32-x64\jre\17.0.3-win32-x86_64\bin\net.dll
0x00007ff914b30000 - 0x00007ff914c3a000 	C:\WINDOWS\SYSTEM32\WINHTTP.dll
0x00007ff921cd0000 - 0x00007ff921d3a000 	C:\WINDOWS\system32\mswsock.dll
0x00007ff908940000 - 0x00007ff908955000 	C:\Users\anton\.vscode\extensions\redhat.java-1.9.0-win32-x64\jre\17.0.3-win32-x86_64\bin\nio.dll
0x00007ff91cab0000 - 0x00007ff91cac0000 	c:\Users\anton\.vscode\extensions\redhat.java-1.9.0-win32-x64\jre\17.0.3-win32-x86_64\bin\verify.dll
0x00007ff91ba80000 - 0x00007ff91ba89000 	C:\Users\anton\.vscode\extensions\redhat.java-1.9.0-win32-x64\jre\17.0.3-win32-x86_64\bin\management.dll
0x00007ff91ba30000 - 0x00007ff91ba3b000 	C:\Users\anton\.vscode\extensions\redhat.java-1.9.0-win32-x64\jre\17.0.3-win32-x86_64\bin\management_ext.dll
0x00007ff901ac0000 - 0x00007ff901ad7000 	C:\WINDOWS\system32\napinsp.dll
0x00007ff901a00000 - 0x00007ff901a1b000 	C:\WINDOWS\system32\pnrpnsp.dll
0x00007ff91d3e0000 - 0x00007ff91d3f5000 	C:\WINDOWS\system32\wshbth.dll
0x00007ff91b920000 - 0x00007ff91b93d000 	C:\WINDOWS\system32\NLAapi.dll
0x00007ff9219d0000 - 0x00007ff921a0b000 	C:\WINDOWS\SYSTEM32\IPHLPAPI.DLL
0x00007ff921a20000 - 0x00007ff921aea000 	C:\WINDOWS\SYSTEM32\DNSAPI.dll
0x00007ff923bb0000 - 0x00007ff923bb8000 	C:\WINDOWS\System32\NSI.dll
0x00007ff9019d0000 - 0x00007ff9019e2000 	C:\WINDOWS\System32\winrnr.dll
0x00007ff90c940000 - 0x00007ff90c94a000 	C:\Windows\System32\rasadhlp.dll
0x00007ff913af0000 - 0x00007ff913b70000 	C:\WINDOWS\System32\fwpuclnt.dll
0x00007ff9229d0000 - 0x00007ff9229f7000 	C:\WINDOWS\System32\bcrypt.dll
0x00007ff921ea0000 - 0x00007ff921eb8000 	C:\WINDOWS\SYSTEM32\CRYPTSP.dll
0x00007ff921660000 - 0x00007ff921694000 	C:\WINDOWS\system32\rsaenh.dll
0x00007ff922530000 - 0x00007ff92255e000 	C:\WINDOWS\SYSTEM32\USERENV.dll
0x00007ff921e90000 - 0x00007ff921e9c000 	C:\WINDOWS\SYSTEM32\CRYPTBASE.dll
0x00007ff91a050000 - 0x00007ff91a067000 	C:\WINDOWS\SYSTEM32\dhcpcsvc6.DLL
0x00007ff91b3c0000 - 0x00007ff91b3dd000 	C:\WINDOWS\SYSTEM32\dhcpcsvc.DLL

dbghelp: loaded successfully - version: 4.0.5 - missing functions: none
symbol engine: initialized successfully - sym options: 0x614 - pdb path: .;c:\Users\anton\.vscode\extensions\redhat.java-1.9.0-win32-x64\jre\17.0.3-win32-x86_64\bin;C:\WINDOWS\SYSTEM32;C:\Program Files\Avast Software\Avast;C:\WINDOWS\WinSxS\amd64_microsoft.windows.common-controls_6595b64144ccf1df_6.0.19041.1110_none_60b5254171f9507e;c:\Users\anton\.vscode\extensions\redhat.java-1.9.0-win32-x64\jre\17.0.3-win32-x86_64\bin\server

VM Arguments:
jvm_args: -Dsts.lsp.client=vscode -Dsts.log.file=/dev/null -XX:TieredStopAtLevel=1 -Dspring.config.location=file:c:\Users\anton\.vscode\extensions\pivotal.vscode-spring-boot-1.38.0\language-server\BOOT-INF\classes\application.properties 
java_command: org.springframework.ide.vscode.boot.app.BootLanguageServerBootApp
java_class_path (initial): c:\Users\anton\.vscode\extensions\pivotal.vscode-spring-boot-1.38.0\language-server\BOOT-INF\classes;c:\Users\anton\.vscode\extensions\pivotal.vscode-spring-boot-1.38.0\language-server\BOOT-INF\lib\annotations-23.0.0.jar;c:\Users\anton\.vscode\extensions\pivotal.vscode-spring-boot-1.38.0\language-server\BOOT-INF\lib\antlr-runtime-3.5.2.jar;c:\Users\anton\.vscode\extensions\pivotal.vscode-spring-boot-1.38.0\language-server\BOOT-INF\lib\antlr4-4.9.3.jar;c:\Users\anton\.vscode\extensions\pivotal.vscode-spring-boot-1.38.0\language-server\BOOT-INF\lib\antlr4-runtime-4.9.3.jar;c:\Users\anton\.vscode\extensions\pivotal.vscode-spring-boot-1.38.0\language-server\BOOT-INF\lib\asm-9.3.jar;c:\Users\anton\.vscode\extensions\pivotal.vscode-spring-boot-1.38.0\language-server\BOOT-INF\lib\asm-analysis-9.3.jar;c:\Users\anton\.vscode\extensions\pivotal.vscode-spring-boot-1.38.0\language-server\BOOT-INF\lib\asm-tree-9.3.jar;c:\Users\anton\.vscode\extensions\pivotal.vscode-spring-boot-1.38.0\language-server\BOOT-INF\lib\asm-util-9.3.jar;c:\Users\anton\.vscode\extensions\pivotal.vscode-spring-boot-1.38.0\language-server\BOOT-INF\lib\byte-buddy-1.10.18.jar;c:\Users\anton\.vscode\extensions\pivotal.vscode-spring-boot-1.38.0\language-server\BOOT-INF\lib\caffeine-2.8.6.jar;c:\Users\anton\.vscode\extensions\pivotal.vscode-spring-boot-1.38.0\language-server\BOOT-INF\lib\checker-qual-3.12.0.jar;c:\Users\anton\.vscode\extensions\pivotal.vscode-spring-boot-1.38.0\language-server\BOOT-INF\lib\classgraph-4.8.149.jar;c:\Users\anton\.vscode\extensions\pivotal.vscode-spring-boot-1.38.0\language-server\BOOT-INF\lib\commons-codec-1.14.jar;c:\Users\anton\.vscode\extensions\pivotal.vscode-spring-boot-1.38.0\language-server\BOOT-INF\lib\commons-compress-1.21.jar;c:\Users\anton\.vscode\extensions\pivotal.vscode-spring-boot-1.38.0\language-server\BOOT-INF\lib\commons-exec-1.3.jar;c:\Users\anton\.vscode\extensions\pivotal.vscode-spring-boot-1.38.0\language-server\BOOT-INF\lib\com
Launcher Type: SUN_STANDARD

[Global flags]
     intx CICompilerCount                          = 4                                         {product} {ergonomic}
     uint ConcGCThreads                            = 2                                         {product} {ergonomic}
     uint G1ConcRefinementThreads                  = 8                                         {product} {ergonomic}
   size_t G1HeapRegionSize                         = 1048576                                   {product} {ergonomic}
    uintx GCDrainStackTargetSize                   = 64                                        {product} {ergonomic}
   size_t InitialHeapSize                          = 134217728                                 {product} {ergonomic}
   size_t MarkStackSize                            = 4194304                                   {product} {ergonomic}
   size_t MaxHeapSize                              = 2116026368                                {product} {ergonomic}
   size_t MaxNewSize                               = 1268776960                                {product} {ergonomic}
   size_t MinHeapDeltaBytes                        = 1048576                                   {product} {ergonomic}
   size_t MinHeapSize                              = 8388608                                   {product} {ergonomic}
    uintx NonProfiledCodeHeapSize                  = 0                                      {pd product} {ergonomic}
     bool ProfileInterpreter                       = false                                  {pd product} {command line}
    uintx ProfiledCodeHeapSize                     = 0                                      {pd product} {ergonomic}
   size_t SoftMaxHeapSize                          = 2116026368                             {manageable} {ergonomic}
     intx TieredStopAtLevel                        = 1                                         {product} {command line}
     bool UseCompressedClassPointers               = true                           {product lp64_product} {ergonomic}
     bool UseCompressedOops                        = true                           {product lp64_product} {ergonomic}
     bool UseG1GC                                  = true                                      {product} {ergonomic}
     bool UseLargePagesIndividualAllocation        = false                                  {pd product} {ergonomic}

Logging:
Log output configuration:
 #0: stdout all=warning uptime,level,tags
 #1: stderr all=off uptime,level,tags

Environment Variables:
JAVA_HOME=C:\Program Files\Java\jdk-18.0.2.1
PATH=C:\Program Files\Java\jdk-18.0.2.1\bin;C:\Program Files (x86)\Common Files\Oracle\Java\javapath;C:\Program Files\Common Files\Oracle\Java\javapath;C:\WINDOWS\system32;C:\WINDOWS;C:\WINDOWS\System32\Wbem;C:\WINDOWS\System32\WindowsPowerShell\v1.0\;C:\WINDOWS\System32\OpenSSH\;C:\ProgramData\UNIVALI\Portugol Studio;C:\Program Files\Git\cmd;C:\Program Files\nodejs\;C:\Program Files\PuTTY\;C:\Program Files\MongoDB\Server\6.0\bin;C:\Program Files\MongoDB\Tools\100\bin;C:\Program Files\MySQL\MySQL Shell 8.0\bin\;C:\Users\anton\AppData\Local\Microsoft\WindowsApps;C:\Users\anton\AppData\Local\Programs\Microsoft VS Code\bin;C:\Users\anton\AppData\Local\GitHubDesktop\bin;C:\Users\anton\AppData\Roaming\npm;C:\Users\anton\apache-maven-3.8.6\bin;
USERNAME=anton
OS=Windows_NT
PROCESSOR_IDENTIFIER=Intel64 Family 6 Model 142 Stepping 12, GenuineIntel



---------------  S Y S T E M  ---------------

OS:
 Windows 10 , 64 bit Build 19041 (10.0.19041.1889)
OS uptime: 10 days 1:36 hours
Hyper-V role detected

CPU: total 8 (initial active 8) (4 cores per cpu, 2 threads per core) family 6 model 142 stepping 12 microcode 0xd6, cx8, cmov, fxsr, ht, mmx, 3dnowpref, sse, sse2, sse3, ssse3, sse4.1, sse4.2, popcnt, lzcnt, tsc, tscinvbit, avx, avx2, aes, erms, clmul, bmi1, bmi2, adx, fma, vzeroupper, clflush, clflushopt, hv

Memory: 4k page, system-wide physical 8070M (331M free)
TotalPageFile size 32646M (AvailPageFile size 77M)
current process WorkingSet (physical memory assigned to process): 300M, peak: 300M
current process commit charge ("private bytes"): 344M, peak: 678M

vm_info: OpenJDK 64-Bit Server VM (17.0.3+7) for windows-amd64 JRE (17.0.3+7), built on Apr 19 2022 16:55:35 by "" with MS VC++ 16.7 (VS2019)

END.
