#
# There is insufficient memory for the Java Runtime Environment to continue.
# Native memory allocation (malloc) failed to allocate 2097152 bytes for AllocateHeap
# Possible reasons:
#   The system is out of physical RAM or swap space
#   The process is running with CompressedOops enabled, and the Java Heap may be blocking the growth of the native heap
# Possible solutions:
#   Reduce memory load on the system
#   Increase physical memory or swap space
#   Check if swap backing store is full
#   Decrease Java heap size (-Xmx/-Xms)
#   Decrease number of Java threads
#   Decrease Java thread stack sizes (-Xss)
#   Set larger code cache with -XX:ReservedCodeCacheSize=
#   JVM is running with Unscaled Compressed Oops mode in which the Java heap is
#     placed in the first 4GB address space. The Java Heap base address is the
#     maximum limit for the native heap growth. Please use -XX:HeapBaseMinAddress
#     to set the Java Heap base and to place the Java Heap above 4GB virtual address.
# This output file may be truncated or incomplete.
#
#  Out of Memory Error (allocation.cpp:44), pid=80180, tid=80572
#
# JRE version: OpenJDK Runtime Environment Temurin-17.0.3+7 (17.0.3+7) (build 17.0.3+7)
# Java VM: OpenJDK 64-Bit Server VM Temurin-17.0.3+7 (17.0.3+7, mixed mode, emulated-client, tiered, compressed oops, compressed class ptrs, g1 gc, windows-amd64)
# No core dump will be written. Minidumps are not enabled by default on client versions of Windows
#

---------------  S U M M A R Y ------------

Command Line: -Dsts.lsp.client=vscode -Dsts.log.file=/dev/null -XX:TieredStopAtLevel=1 -Dspring.config.location=file:c:\Users\anton\.vscode\extensions\pivotal.vscode-spring-boot-1.38.0\language-server\BOOT-INF\classes\application.properties org.springframework.ide.vscode.boot.app.BootLanguageServerBootApp

Host: Intel(R) Core(TM) i5-8265U CPU @ 1.60GHz, 8 cores, 7G,  Windows 10 , 64 bit Build 19041 (10.0.19041.1889)
Time: Fri Aug 26 00:38:28 2022 Hora Padrão da Bahia elapsed time: 8079.682028 seconds (0d 2h 14m 39s)

---------------  T H R E A D  ---------------

Current thread (0x000001f8178d1040):  VMThread "VM Thread" [stack: 0x00000067e4a00000,0x00000067e4b00000] [id=80572]

Stack: [0x00000067e4a00000,0x00000067e4b00000]
Native frames: (J=compiled Java code, j=interpreted, Vv=VM code, C=native code)
V  [jvm.dll+0x675efa]
V  [jvm.dll+0x830a24]
V  [jvm.dll+0x8321ce]
V  [jvm.dll+0x832833]
V  [jvm.dll+0x2454b5]
V  [jvm.dll+0xa6393]
V  [jvm.dll+0x2f5651]
V  [jvm.dll+0x2f12d0]
V  [jvm.dll+0x2d99b7]
V  [jvm.dll+0x31cac7]
V  [jvm.dll+0x836cdb]
V  [jvm.dll+0x837a14]
V  [jvm.dll+0x837f2c]
V  [jvm.dll+0x838304]
V  [jvm.dll+0x8383d0]
V  [jvm.dll+0x7e0cfa]
V  [jvm.dll+0x674d85]
C  [ucrtbase.dll+0x21bb2]
C  [KERNEL32.DLL+0x17034]
C  [ntdll.dll+0x52651]

VM_Operation (0x00000067e62fef10): G1CollectFull, mode: safepoint, requested by thread 0x000001f818c9e890


---------------  P R O C E S S  ---------------

Threads class SMR info:
_java_thread_list=0x000001f81a0404c0, length=27, elements={
0x000001f8178ecb60, 0x000001f8178ef6d0, 0x000001f81790e480, 0x000001f81840e090,
0x000001f81840e950, 0x000001f81840f210, 0x000001f81840fad0, 0x000001f818410bf0,
0x000001f818628bd0, 0x000001f81862f500, 0x000001f818c9e890, 0x000001f81a17d900,
0x000001f80a54e5f0, 0x000001f819ec5060, 0x000001f819ec63a0, 0x000001f819ec6870,
0x000001f81a704460, 0x000001f81a707480, 0x000001f81a706610, 0x000001f81a706ae0,
0x000001f81a707950, 0x000001f81a705c70, 0x000001f81a702780, 0x000001f81a709160,
0x000001f81a706140, 0x000001f81a707e20, 0x000001f81a701de0
}

Java Threads: ( => current thread )
  0x000001f8178ecb60 JavaThread "Reference Handler" daemon [_thread_blocked, id=82828, stack(0x00000067e4b00000,0x00000067e4c00000)]
  0x000001f8178ef6d0 JavaThread "Finalizer" daemon [_thread_blocked, id=65500, stack(0x00000067e4c00000,0x00000067e4d00000)]
  0x000001f81790e480 JavaThread "Signal Dispatcher" daemon [_thread_blocked, id=62196, stack(0x00000067e4d00000,0x00000067e4e00000)]
  0x000001f81840e090 JavaThread "Attach Listener" daemon [_thread_blocked, id=78272, stack(0x00000067e4e00000,0x00000067e4f00000)]
  0x000001f81840e950 JavaThread "Service Thread" daemon [_thread_blocked, id=69268, stack(0x00000067e4f00000,0x00000067e5000000)]
  0x000001f81840f210 JavaThread "Monitor Deflation Thread" daemon [_thread_blocked, id=84160, stack(0x00000067e5000000,0x00000067e5100000)]
  0x000001f81840fad0 JavaThread "C1 CompilerThread0" daemon [_thread_blocked, id=68248, stack(0x00000067e5100000,0x00000067e5200000)]
  0x000001f818410bf0 JavaThread "Sweeper thread" daemon [_thread_blocked, id=85288, stack(0x00000067e5200000,0x00000067e5300000)]
  0x000001f818628bd0 JavaThread "Notification Thread" daemon [_thread_blocked, id=78032, stack(0x00000067e5400000,0x00000067e5500000)]
  0x000001f81862f500 JavaThread "Common-Cleaner" daemon [_thread_blocked, id=85320, stack(0x00000067e5600000,0x00000067e5700000)]
  0x000001f818c9e890 JavaThread "pool-7-thread-1" [_thread_blocked, id=80728, stack(0x00000067e6200000,0x00000067e6300000)]
  0x000001f81a17d900 JavaThread "LanguageServerApp-lifecycle" [_thread_blocked, id=56152, stack(0x00000067e6300000,0x00000067e6400000)]
  0x000001f80a54e5f0 JavaThread "DestroyJavaVM" [_thread_blocked, id=56216, stack(0x00000067e4400000,0x00000067e4500000)]
  0x000001f819ec5060 JavaThread "pool-8-thread-1" [_thread_in_native, id=71576, stack(0x00000067e7200000,0x00000067e7300000)]
  0x000001f819ec63a0 JavaThread "Simple-Language-Server main thread" daemon [_thread_blocked, id=71268, stack(0x00000067e7300000,0x00000067e7400000)]
  0x000001f819ec6870 JavaThread "parallel-1" daemon [_thread_blocked, id=40488, stack(0x00000067e7400000,0x00000067e7500000)]
  0x000001f81a704460 JavaThread "Reconciler-1" daemon [_thread_blocked, id=84648, stack(0x00000067e7500000,0x00000067e7600000)]
  0x000001f81a707480 JavaThread "parallel-2" daemon [_thread_blocked, id=49472, stack(0x00000067e7600000,0x00000067e7700000)]
  0x000001f81a706610 JavaThread "pool-3-thread-1" [_thread_blocked, id=81272, stack(0x00000067e7d00000,0x00000067e7e00000)]
  0x000001f81a706ae0 JavaThread "parallel-3" daemon [_thread_blocked, id=75280, stack(0x00000067e7e00000,0x00000067e7f00000)]
  0x000001f81a707950 JavaThread "parallel-4" daemon [_thread_blocked, id=69868, stack(0x00000067e4100000,0x00000067e4200000)]
  0x000001f81a705c70 JavaThread "parallel-5" daemon [_thread_blocked, id=15280, stack(0x00000067e4300000,0x00000067e4400000)]
  0x000001f81a702780 JavaThread "parallel-6" daemon [_thread_blocked, id=85448, stack(0x00000067e6500000,0x00000067e6600000)]
  0x000001f81a709160 JavaThread "parallel-7" daemon [_thread_blocked, id=76272, stack(0x00000067e6600000,0x00000067e6700000)]
  0x000001f81a706140 JavaThread "parallel-8" daemon [_thread_blocked, id=68244, stack(0x00000067e4200000,0x00000067e4300000)]
  0x000001f81a707e20 JavaThread "pool-5-thread-1" [_thread_blocked, id=82444, stack(0x00000067e6400000,0x00000067e6500000)]
  0x000001f81a701de0 JavaThread "ForkJoinPool.commonPool-worker-49" daemon [_thread_blocked, id=83540, stack(0x00000067e6800000,0x00000067e6900000)]

Other Threads:
=>0x000001f8178d1040 VMThread "VM Thread" [stack: 0x00000067e4a00000,0x00000067e4b00000] [id=80572]
  0x000001f81862b0b0 WatcherThread [stack: 0x00000067e5500000,0x00000067e5600000] [id=79220]
  0x000001f80a5ada90 GCTaskThread "GC Thread#0" [stack: 0x00000067e4500000,0x00000067e4600000] [id=75268]
  0x000001f818f21860 GCTaskThread "GC Thread#1" [stack: 0x00000067e5800000,0x00000067e5900000] [id=15920]
  0x000001f818f21b10 GCTaskThread "GC Thread#2" [stack: 0x00000067e5900000,0x00000067e5a00000] [id=3452]
  0x000001f818d10bf0 GCTaskThread "GC Thread#3" [stack: 0x00000067e5a00000,0x00000067e5b00000] [id=72380]
  0x000001f818fc9a60 GCTaskThread "GC Thread#4" [stack: 0x00000067e5b00000,0x00000067e5c00000] [id=80608]
  0x000001f818fc9d10 GCTaskThread "GC Thread#5" [stack: 0x00000067e5c00000,0x00000067e5d00000] [id=5368]
  0x000001f818fc9fc0 GCTaskThread "GC Thread#6" [stack: 0x00000067e5d00000,0x00000067e5e00000] [id=82400]
  0x000001f819960940 GCTaskThread "GC Thread#7" [stack: 0x00000067e6000000,0x00000067e6100000] [id=14928]
  0x000001f80a5be820 ConcurrentGCThread "G1 Main Marker" [stack: 0x00000067e4600000,0x00000067e4700000] [id=76940]
  0x000001f80a5bfc50 ConcurrentGCThread "G1 Conc#0" [stack: 0x00000067e4700000,0x00000067e4800000] [id=33636]
  0x000001f819b9ccd0 ConcurrentGCThread "G1 Conc#1" [stack: 0x00000067e6100000,0x00000067e6200000] [id=32964]
  0x000001f8177424c0 ConcurrentGCThread "G1 Refine#0" [stack: 0x00000067e4800000,0x00000067e4900000] [id=83028]
  0x000001f818fca270 ConcurrentGCThread "G1 Refine#1" [stack: 0x00000067e5e00000,0x00000067e5f00000] [id=73224]
  0x000001f81c217c00 ConcurrentGCThread "G1 Refine#2" [stack: 0x00000067e7c00000,0x00000067e7d00000] [id=69548]
  0x000001f81a03ba10 ConcurrentGCThread "G1 Refine#3" [stack: 0x00000067e5700000,0x00000067e5800000] [id=41792]
  0x000001f81a177ea0 ConcurrentGCThread "G1 Refine#4" [stack: 0x00000067e7f00000,0x00000067e8000000] [id=81340]
  0x000001f817742ee0 ConcurrentGCThread "G1 Service" [stack: 0x00000067e4900000,0x00000067e4a00000] [id=68720]

Threads with active compile tasks:

VM state: at safepoint (normal execution)

VM Mutex/Monitor currently owned by a thread:  ([mutex/lock_event])
[0x000001f808369980] Threads_lock - owner thread: 0x000001f8178d1040
[0x000001f80a54bb30] Heap_lock - owner thread: 0x000001f818c9e890

Heap address: 0x0000000081e00000, size: 2018 MB, Compressed Oops mode: 32-bit

CDS archive(s) not mapped
Compressed class space mapped at: 0x0000000100000000-0x0000000140000000, reserved size: 1073741824
Narrow klass base: 0x0000000000000000, Narrow klass shift: 3, Narrow klass range: 0x140000000

GC Precious Log:
 CPUs: 8 total, 8 available
 Memory: 8070M
 Large Page Support: Disabled
 NUMA Support: Disabled
 Compressed Oops: Enabled (32-bit)
 Heap Region Size: 1M
 Heap Min Capacity: 8M
 Heap Initial Capacity: 128M
 Heap Max Capacity: 2018M
 Pre-touch: Disabled
 Parallel Workers: 8
 Concurrent Workers: 2
 Concurrent Refinement Workers: 8
 Periodic GC: Disabled

Heap:
 garbage-first heap   total 116736K, used 35197K [0x0000000081e00000, 0x0000000100000000)
  region size 1024K, 1 young (1024K), 0 survivors (0K)
 Metaspace       used 53397K, committed 53824K, reserved 1097728K
  class space    used 7065K, committed 7232K, reserved 1048576K

Heap Regions: E=young(eden), S=young(survivor), O=old, HS=humongous(starts), HC=humongous(continues), CS=collection set, F=free, OA=open archive, CA=closed archive, TAMS=top-at-mark-start (previous, next)
|   0|0x0000000081e00000, 0x0000000081f00000, 0x0000000081f00000|100%| O|  |TAMS 0x0000000081f00000, 0x0000000081e00000| Untracked 
|   1|0x0000000081f00000, 0x0000000081fffff0, 0x0000000082000000| 99%| O|  |TAMS 0x0000000081fffff0, 0x0000000081f00000| Untracked 
|   2|0x0000000082000000, 0x0000000082100000, 0x0000000082100000|100%| O|  |TAMS 0x0000000082100000, 0x0000000082000000| Untracked 
|   3|0x0000000082100000, 0x00000000821ffff8, 0x0000000082200000| 99%| O|  |TAMS 0x00000000821ffff8, 0x0000000082100000| Untracked 
|   4|0x0000000082200000, 0x00000000822ffff8, 0x0000000082300000| 99%| O|  |TAMS 0x00000000822ffff8, 0x0000000082200000| Untracked 
|   5|0x0000000082300000, 0x0000000082400000, 0x0000000082400000|100%| O|  |TAMS 0x0000000082400000, 0x0000000082300000| Untracked 
|   6|0x0000000082400000, 0x0000000082500000, 0x0000000082500000|100%| O|  |TAMS 0x0000000082500000, 0x0000000082400000| Untracked 
|   7|0x0000000082500000, 0x0000000082600000, 0x0000000082600000|100%| O|  |TAMS 0x0000000082600000, 0x0000000082500000| Untracked 
|   8|0x0000000082600000, 0x00000000826ffff8, 0x0000000082700000| 99%| O|  |TAMS 0x00000000826ffff8, 0x0000000082600000| Untracked 
|   9|0x0000000082700000, 0x0000000082800000, 0x0000000082800000|100%| O|  |TAMS 0x0000000082800000, 0x0000000082700000| Untracked 
|  10|0x0000000082800000, 0x00000000828fffe8, 0x0000000082900000| 99%| O|  |TAMS 0x00000000828fffe8, 0x0000000082800000| Untracked 
|  11|0x0000000082900000, 0x00000000829ffff8, 0x0000000082a00000| 99%| O|  |TAMS 0x00000000829ffff8, 0x0000000082900000| Untracked 
|  12|0x0000000082a00000, 0x0000000082b00000, 0x0000000082b00000|100%| O|  |TAMS 0x0000000082b00000, 0x0000000082a00000| Untracked 
|  13|0x0000000082b00000, 0x0000000082bfcea8, 0x0000000082c00000| 98%| O|  |TAMS 0x0000000082bfcea8, 0x0000000082b00000| Untracked 
|  14|0x0000000082c00000, 0x0000000082cfffe0, 0x0000000082d00000| 99%| O|  |TAMS 0x0000000082cfffe0, 0x0000000082c00000| Untracked 
|  15|0x0000000082d00000, 0x0000000082dfffe0, 0x0000000082e00000| 99%| O|  |TAMS 0x0000000082dfffe0, 0x0000000082d00000| Untracked 
|  16|0x0000000082e00000, 0x0000000082efffb8, 0x0000000082f00000| 99%| O|  |TAMS 0x0000000082efffb8, 0x0000000082e00000| Untracked 
|  17|0x0000000082f00000, 0x0000000082fffb60, 0x0000000083000000| 99%| O|  |TAMS 0x0000000082fffb60, 0x0000000082f00000| Untracked 
|  18|0x0000000083000000, 0x00000000830fe030, 0x0000000083100000| 99%| O|  |TAMS 0x00000000830fe030, 0x0000000083000000| Untracked 
|  19|0x0000000083100000, 0x00000000831ffff8, 0x0000000083200000| 99%| O|  |TAMS 0x00000000831ffff8, 0x0000000083100000| Untracked 
|  20|0x0000000083200000, 0x00000000832ffff8, 0x0000000083300000| 99%| O|  |TAMS 0x00000000832ffff8, 0x0000000083200000| Untracked 
|  21|0x0000000083300000, 0x0000000083400000, 0x0000000083400000|100%| O|  |TAMS 0x0000000083400000, 0x0000000083300000| Untracked 
|  22|0x0000000083400000, 0x0000000083500000, 0x0000000083500000|100%| O|  |TAMS 0x0000000083500000, 0x0000000083400000| Untracked 
|  23|0x0000000083500000, 0x00000000835fffe0, 0x0000000083600000| 99%| O|  |TAMS 0x00000000835fffe0, 0x0000000083500000| Untracked 
|  24|0x0000000083600000, 0x00000000836c8130, 0x0000000083700000| 78%| O|  |TAMS 0x0000000083600000, 0x0000000083600000| Untracked 
|  25|0x0000000083700000, 0x00000000837ffff0, 0x0000000083800000| 99%| O|  |TAMS 0x00000000837ffff0, 0x0000000083700000| Untracked 
|  26|0x0000000083800000, 0x00000000838ffff0, 0x0000000083900000| 99%| O|  |TAMS 0x00000000838ffff0, 0x0000000083800000| Untracked 
|  27|0x0000000083900000, 0x0000000083a00000, 0x0000000083a00000|100%| O|  |TAMS 0x0000000083a00000, 0x0000000083900000| Untracked 
|  28|0x0000000083a00000, 0x0000000083affff0, 0x0000000083b00000| 99%| O|  |TAMS 0x0000000083affff0, 0x0000000083a00000| Untracked 
|  29|0x0000000083b00000, 0x0000000083b9cd20, 0x0000000083c00000| 61%| O|  |TAMS 0x0000000083b00000, 0x0000000083b00000| Untracked 
|  30|0x0000000083c00000, 0x0000000083d00000, 0x0000000083d00000|100%| O|  |TAMS 0x0000000083d00000, 0x0000000083c00000| Untracked 
|  31|0x0000000083d00000, 0x0000000083d00000, 0x0000000083e00000|  0%| F|  |TAMS 0x0000000083d00000, 0x0000000083d00000| Untracked 
|  32|0x0000000083e00000, 0x0000000083f00000, 0x0000000083f00000|100%| O|  |TAMS 0x0000000083f00000, 0x0000000083e00000| Untracked 
|  33|0x0000000083f00000, 0x0000000083f00000, 0x0000000084000000|  0%| F|  |TAMS 0x0000000083f00000, 0x0000000083f00000| Untracked 
|  34|0x0000000084000000, 0x0000000084000000, 0x0000000084100000|  0%| F|  |TAMS 0x0000000084000000, 0x0000000084000000| Untracked 
|  35|0x0000000084100000, 0x0000000084100000, 0x0000000084200000|  0%| F|  |TAMS 0x0000000084100000, 0x0000000084100000| Untracked 
|  36|0x0000000084200000, 0x00000000842ffff0, 0x0000000084300000| 99%| O|  |TAMS 0x00000000842ffff0, 0x0000000084200000| Untracked 
|  37|0x0000000084300000, 0x0000000084300000, 0x0000000084400000|  0%| F|  |TAMS 0x0000000084300000, 0x0000000084300000| Untracked 
|  38|0x0000000084400000, 0x0000000084400000, 0x0000000084500000|  0%| F|  |TAMS 0x0000000084400000, 0x0000000084400000| Untracked 
|  39|0x0000000084500000, 0x0000000084500000, 0x0000000084600000|  0%| F|  |TAMS 0x0000000084500000, 0x0000000084500000| Untracked 
|  40|0x0000000084600000, 0x0000000084600000, 0x0000000084700000|  0%| F|  |TAMS 0x0000000084600000, 0x0000000084600000| Untracked 
|  41|0x0000000084700000, 0x0000000084700000, 0x0000000084800000|  0%| F|  |TAMS 0x0000000084700000, 0x0000000084700000| Untracked 
|  42|0x0000000084800000, 0x0000000084800000, 0x0000000084900000|  0%| F|  |TAMS 0x0000000084800000, 0x0000000084800000| Untracked 
|  43|0x0000000084900000, 0x0000000084900000, 0x0000000084a00000|  0%| F|  |TAMS 0x0000000084900000, 0x0000000084900000| Untracked 
|  44|0x0000000084a00000, 0x0000000084a00000, 0x0000000084b00000|  0%| F|  |TAMS 0x0000000084a00000, 0x0000000084a00000| Untracked 
|  45|0x0000000084b00000, 0x0000000084b00000, 0x0000000084c00000|  0%| F|  |TAMS 0x0000000084b00000, 0x0000000084b00000| Untracked 
|  46|0x0000000084c00000, 0x0000000084c00000, 0x0000000084d00000|  0%| F|  |TAMS 0x0000000084c00000, 0x0000000084c00000| Untracked 
|  47|0x0000000084d00000, 0x0000000084d00000, 0x0000000084e00000|  0%| F|  |TAMS 0x0000000084d00000, 0x0000000084d00000| Untracked 
|  48|0x0000000084e00000, 0x0000000084e00000, 0x0000000084f00000|  0%| F|  |TAMS 0x0000000084e00000, 0x0000000084e00000| Untracked 
|  49|0x0000000084f00000, 0x0000000084f00000, 0x0000000085000000|  0%| F|  |TAMS 0x0000000084f00000, 0x0000000084f00000| Untracked 
|  50|0x0000000085000000, 0x0000000085000000, 0x0000000085100000|  0%| F|  |TAMS 0x0000000085000000, 0x0000000085000000| Untracked 
|  51|0x0000000085100000, 0x0000000085100000, 0x0000000085200000|  0%| F|  |TAMS 0x0000000085100000, 0x0000000085100000| Untracked 
|  52|0x0000000085200000, 0x0000000085200000, 0x0000000085300000|  0%| F|  |TAMS 0x0000000085200000, 0x0000000085200000| Untracked 
|  53|0x0000000085300000, 0x0000000085300000, 0x0000000085400000|  0%| F|  |TAMS 0x0000000085300000, 0x0000000085300000| Untracked 
|  54|0x0000000085400000, 0x0000000085400000, 0x0000000085500000|  0%| F|  |TAMS 0x0000000085400000, 0x0000000085400000| Untracked 
|  55|0x0000000085500000, 0x0000000085500000, 0x0000000085600000|  0%| F|  |TAMS 0x0000000085500000, 0x0000000085500000| Untracked 
|  56|0x0000000085600000, 0x0000000085600000, 0x0000000085700000|  0%| F|  |TAMS 0x0000000085600000, 0x0000000085600000| Untracked 
|  57|0x0000000085700000, 0x0000000085700000, 0x0000000085800000|  0%| F|  |TAMS 0x0000000085700000, 0x0000000085700000| Untracked 
|  58|0x0000000085800000, 0x0000000085800000, 0x0000000085900000|  0%| F|  |TAMS 0x0000000085800000, 0x0000000085800000| Untracked 
|  59|0x0000000085900000, 0x0000000085900000, 0x0000000085a00000|  0%| F|  |TAMS 0x0000000085900000, 0x0000000085900000| Untracked 
|  60|0x0000000085a00000, 0x0000000085a00000, 0x0000000085b00000|  0%| F|  |TAMS 0x0000000085a00000, 0x0000000085a00000| Untracked 
|  61|0x0000000085b00000, 0x0000000085b00000, 0x0000000085c00000|  0%| F|  |TAMS 0x0000000085b00000, 0x0000000085b00000| Untracked 
|  62|0x0000000085c00000, 0x0000000085c00000, 0x0000000085d00000|  0%| F|  |TAMS 0x0000000085c00000, 0x0000000085c00000| Untracked 
|  63|0x0000000085d00000, 0x0000000085d00000, 0x0000000085e00000|  0%| F|  |TAMS 0x0000000085d00000, 0x0000000085d00000| Untracked 
|  64|0x0000000085e00000, 0x0000000085e00000, 0x0000000085f00000|  0%| F|  |TAMS 0x0000000085e00000, 0x0000000085e00000| Untracked 
|  65|0x0000000085f00000, 0x0000000085f00000, 0x0000000086000000|  0%| F|  |TAMS 0x0000000085f00000, 0x0000000085f00000| Untracked 
|  66|0x0000000086000000, 0x0000000086000000, 0x0000000086100000|  0%| F|  |TAMS 0x0000000086000000, 0x0000000086000000| Untracked 
|  67|0x0000000086100000, 0x0000000086100000, 0x0000000086200000|  0%| F|  |TAMS 0x0000000086100000, 0x0000000086100000| Untracked 
|  68|0x0000000086200000, 0x0000000086200000, 0x0000000086300000|  0%| F|  |TAMS 0x0000000086200000, 0x0000000086200000| Untracked 
|  69|0x0000000086300000, 0x0000000086300000, 0x0000000086400000|  0%| F|  |TAMS 0x0000000086300000, 0x0000000086300000| Untracked 
|  70|0x0000000086400000, 0x0000000086400000, 0x0000000086500000|  0%| F|  |TAMS 0x0000000086400000, 0x0000000086400000| Untracked 
|  71|0x0000000086500000, 0x0000000086600000, 0x0000000086600000|100%|HS|  |TAMS 0x0000000086600000, 0x0000000086500000| Untracked 
|  72|0x0000000086600000, 0x0000000086600000, 0x0000000086700000|  0%| F|  |TAMS 0x0000000086600000, 0x0000000086600000| Untracked 
|  73|0x0000000086700000, 0x0000000086700000, 0x0000000086800000|  0%| F|  |TAMS 0x0000000086700000, 0x0000000086700000| Untracked 
|  74|0x0000000086800000, 0x0000000086800000, 0x0000000086900000|  0%| F|  |TAMS 0x0000000086800000, 0x0000000086800000| Untracked 
|  75|0x0000000086900000, 0x00000000869ffff0, 0x0000000086a00000| 99%| O|  |TAMS 0x00000000869ffff0, 0x0000000086900000| Untracked 
|  76|0x0000000086a00000, 0x0000000086a00000, 0x0000000086b00000|  0%| F|  |TAMS 0x0000000086a00000, 0x0000000086a00000| Untracked 
|  77|0x0000000086b00000, 0x0000000086b00000, 0x0000000086c00000|  0%| F|  |TAMS 0x0000000086b00000, 0x0000000086b00000| Untracked 
|  78|0x0000000086c00000, 0x0000000086c00000, 0x0000000086d00000|  0%| F|  |TAMS 0x0000000086c00000, 0x0000000086c00000| Untracked 
|  79|0x0000000086d00000, 0x0000000086d00000, 0x0000000086e00000|  0%| F|  |TAMS 0x0000000086d00000, 0x0000000086d00000| Untracked 
|  80|0x0000000086e00000, 0x0000000086e00000, 0x0000000086f00000|  0%| F|  |TAMS 0x0000000086e00000, 0x0000000086e00000| Untracked 
|  81|0x0000000086f00000, 0x0000000086f00000, 0x0000000087000000|  0%| F|  |TAMS 0x0000000086f00000, 0x0000000086f00000| Untracked 
|  82|0x0000000087000000, 0x0000000087000000, 0x0000000087100000|  0%| F|  |TAMS 0x0000000087000000, 0x0000000087000000| Untracked 
|  83|0x0000000087100000, 0x0000000087100000, 0x0000000087200000|  0%| F|  |TAMS 0x0000000087100000, 0x0000000087100000| Untracked 
|  84|0x0000000087200000, 0x0000000087200000, 0x0000000087300000|  0%| F|  |TAMS 0x0000000087200000, 0x0000000087200000| Untracked 
|  85|0x0000000087300000, 0x0000000087300000, 0x0000000087400000|  0%| F|  |TAMS 0x0000000087300000, 0x0000000087300000| Untracked 
|  86|0x0000000087400000, 0x0000000087400000, 0x0000000087500000|  0%| F|  |TAMS 0x0000000087400000, 0x0000000087400000| Untracked 
|  87|0x0000000087500000, 0x0000000087500000, 0x0000000087600000|  0%| F|  |TAMS 0x0000000087500000, 0x0000000087500000| Untracked 
|  88|0x0000000087600000, 0x0000000087600000, 0x0000000087700000|  0%| F|  |TAMS 0x0000000087600000, 0x0000000087600000| Untracked 
|  89|0x0000000087700000, 0x0000000087700000, 0x0000000087800000|  0%| F|  |TAMS 0x0000000087700000, 0x0000000087700000| Untracked 
|  90|0x0000000087800000, 0x0000000087800000, 0x0000000087900000|  0%| F|  |TAMS 0x0000000087800000, 0x0000000087800000| Untracked 
|  91|0x0000000087900000, 0x0000000087900000, 0x0000000087a00000|  0%| F|  |TAMS 0x0000000087900000, 0x0000000087900000| Untracked 
|  92|0x0000000087a00000, 0x0000000087a00000, 0x0000000087b00000|  0%| F|  |TAMS 0x0000000087a00000, 0x0000000087a00000| Untracked 
|  93|0x0000000087b00000, 0x0000000087b00000, 0x0000000087c00000|  0%| F|  |TAMS 0x0000000087b00000, 0x0000000087b00000| Untracked 
|  94|0x0000000087c00000, 0x0000000087c00000, 0x0000000087d00000|  0%| F|  |TAMS 0x0000000087c00000, 0x0000000087c00000| Untracked 
|  95|0x0000000087d00000, 0x0000000087d00000, 0x0000000087e00000|  0%| F|  |TAMS 0x0000000087d00000, 0x0000000087d00000| Untracked 
|  96|0x0000000087e00000, 0x0000000087e00000, 0x0000000087f00000|  0%| F|  |TAMS 0x0000000087e00000, 0x0000000087e00000| Untracked 
|  97|0x0000000087f00000, 0x0000000087f00000, 0x0000000088000000|  0%| F|  |TAMS 0x0000000087f00000, 0x0000000087f00000| Untracked 
|  98|0x0000000088000000, 0x0000000088000000, 0x0000000088100000|  0%| F|  |TAMS 0x0000000088000000, 0x0000000088000000| Untracked 
|  99|0x0000000088100000, 0x0000000088100000, 0x0000000088200000|  0%| F|  |TAMS 0x0000000088100000, 0x0000000088100000| Untracked 
| 100|0x0000000088200000, 0x0000000088200000, 0x0000000088300000|  0%| F|  |TAMS 0x0000000088200000, 0x0000000088200000| Untracked 
| 101|0x0000000088300000, 0x0000000088300000, 0x0000000088400000|  0%| F|  |TAMS 0x0000000088300000, 0x0000000088300000| Untracked 
| 102|0x0000000088400000, 0x0000000088400000, 0x0000000088500000|  0%| F|  |TAMS 0x0000000088400000, 0x0000000088400000| Untracked 
| 103|0x0000000088500000, 0x0000000088500000, 0x0000000088600000|  0%| F|  |TAMS 0x0000000088500000, 0x0000000088500000| Untracked 
| 104|0x0000000088600000, 0x0000000088600000, 0x0000000088700000|  0%| F|  |TAMS 0x0000000088600000, 0x0000000088600000| Untracked 
| 105|0x0000000088700000, 0x0000000088700000, 0x0000000088800000|  0%| F|  |TAMS 0x0000000088700000, 0x0000000088700000| Untracked 
| 106|0x0000000088800000, 0x0000000088800000, 0x0000000088900000|  0%| F|  |TAMS 0x0000000088800000, 0x0000000088800000| Untracked 
| 107|0x0000000088900000, 0x0000000088900000, 0x0000000088a00000|  0%| F|  |TAMS 0x0000000088900000, 0x0000000088900000| Untracked 
| 108|0x0000000088a00000, 0x0000000088a00000, 0x0000000088b00000|  0%| F|  |TAMS 0x0000000088a00000, 0x0000000088a00000| Untracked 
| 109|0x0000000088b00000, 0x0000000088b00000, 0x0000000088c00000|  0%| F|  |TAMS 0x0000000088b00000, 0x0000000088b00000| Untracked 
| 110|0x0000000088c00000, 0x0000000088c00000, 0x0000000088d00000|  0%| F|  |TAMS 0x0000000088c00000, 0x0000000088c00000| Untracked 
| 111|0x0000000088d00000, 0x0000000088d00000, 0x0000000088e00000|  0%| F|  |TAMS 0x0000000088d00000, 0x0000000088d00000| Untracked 
| 112|0x0000000088e00000, 0x0000000088e00000, 0x0000000088f00000|  0%| F|  |TAMS 0x0000000088e00000, 0x0000000088e00000| Untracked 
| 113|0x0000000088f00000, 0x0000000088f70bb0, 0x0000000089000000| 44%| E|  |TAMS 0x0000000088f00000, 0x0000000088f00000| Complete 

Card table byte_map: [0x000001f8106e0000,0x000001f810ae0000] _byte_map_base: 0x000001f8102d1000

Marking Bits (Prev, Next): (CMBitMap*) 0x000001f80a5ae0a0, (CMBitMap*) 0x000001f80a5ae0e0
 Prev Bits: [0x000001f810ee0000, 0x000001f812e68000)
 Next Bits: [0x000001f812e70000, 0x000001f814df8000)

Polling page: 0x000001f8084e0000

Metaspace:

Usage:
  Non-class:     45.25 MB used.
      Class:      6.90 MB used.
       Both:     52.15 MB used.

Virtual space:
  Non-class space:       48.00 MB reserved,      45.50 MB ( 95%) committed,  6 nodes.
      Class space:        1.00 GB reserved,       7.06 MB ( <1%) committed,  1 nodes.
             Both:        1.05 GB reserved,      52.56 MB (  5%) committed. 

Chunk freelists:
   Non-Class:  1.74 MB
       Class:  795.00 KB
        Both:  2.52 MB

MaxMetaspaceSize: unlimited
CompressedClassSpaceSize: 1.00 GB
Initial GC threshold: 21.00 MB
Current GC threshold: 87.62 MB
CDS: off
MetaspaceReclaimPolicy: balanced
 - commit_granule_bytes: 65536.
 - commit_granule_words: 8192.
 - virtual_space_node_default_size: 1048576.
 - enlarge_chunks_in_place: 1.
 - new_chunks_are_fully_committed: 0.
 - uncommit_free_chunks: 1.
 - use_allocation_guard: 0.
 - handle_deallocations: 1.


Internal statistics:

num_allocs_failed_limit: 6.
num_arena_births: 744.
num_arena_deaths: 326.
num_vsnodes_births: 7.
num_vsnodes_deaths: 0.
num_space_committed: 842.
num_space_uncommitted: 1.
num_chunks_returned_to_freelist: 421.
num_chunks_taken_from_freelist: 2601.
num_chunk_merges: 170.
num_chunk_splits: 1712.
num_chunks_enlarged: 1238.
num_purges: 50.
num_inconsistent_stats: 0.

CodeCache: size=49152Kb used=22873Kb max_used=23457Kb free=26278Kb
 bounds [0x000001f80d1d0000, 0x000001f80e920000, 0x000001f8101d0000]
 total_blobs=12181 nmethods=11567 adapters=539
 compilation: enabled
              stopped_count=0, restarted_count=0
 full_count=0

Compilation events (20 events):
Event: 7708.473 Thread 0x000001f81840fad0 11736       1       java.util.concurrent.CopyOnWriteArrayList::remove (34 bytes)
Event: 7708.473 Thread 0x000001f81840fad0 nmethod 11736 0x000001f80e790f10 code [0x000001f80e7910c0, 0x000001f80e791218]
Event: 7934.974 Thread 0x000001f81840fad0 11737       1       org.eclipse.jdt.internal.compiler.ast.IfStatement::resolve (156 bytes)
Event: 7934.975 Thread 0x000001f81840fad0 nmethod 11737 0x000001f80e790610 code [0x000001f80e790840, 0x000001f80e790c08]
Event: 7945.253 Thread 0x000001f81840fad0 11738       1       org.eclipse.jdt.internal.compiler.parser.Parser::rejectIllegalTypeAnnotations (140 bytes)
Event: 7945.254 Thread 0x000001f81840fad0 nmethod 11738 0x000001f80e78fb10 code [0x000001f80e78fd20, 0x000001f80e790198]
Event: 7948.205 Thread 0x000001f81840fad0 11739       1       org.eclipse.jdt.internal.compiler.parser.Parser::consumeStatementIfWithElse (106 bytes)
Event: 7948.205 Thread 0x000001f81840fad0 nmethod 11739 0x000001f80e78f390 code [0x000001f80e78f560, 0x000001f80e78f8e8]
Event: 7948.205 Thread 0x000001f81840fad0 11740       1       org.eclipse.jdt.internal.compiler.ast.IfStatement::<init> (99 bytes)
Event: 7948.205 Thread 0x000001f81840fad0 nmethod 11740 0x000001f80e78ee10 code [0x000001f80e78efc0, 0x000001f80e78f2b8]
Event: 7948.730 Thread 0x000001f81840fad0 11741       1       org.eclipse.jdt.internal.compiler.ast.Expression::nullStatus (2 bytes)
Event: 7948.730 Thread 0x000001f81840fad0 nmethod 11741 0x000001f80e78eb10 code [0x000001f80e78eca0, 0x000001f80e78ed78]
Event: 7948.731 Thread 0x000001f81840fad0 11742       1       org.eclipse.jdt.internal.compiler.ast.LocalDeclaration::isArgument (2 bytes)
Event: 7948.731 Thread 0x000001f81840fad0 nmethod 11742 0x000001f80e78e810 code [0x000001f80e78e9a0, 0x000001f80e78ea78]
Event: 7950.428 Thread 0x000001f81840fad0 11743       1       java.util.TimSort::mergeAt (358 bytes)
Event: 7950.428 Thread 0x000001f81840fad0 nmethod 11743 0x000001f80e78df90 code [0x000001f80e78e180, 0x000001f80e78e578]
Event: 7950.428 Thread 0x000001f81840fad0 11744       1       java.util.TimSort::ensureCapacity (77 bytes)
Event: 7950.429 Thread 0x000001f81840fad0 nmethod 11744 0x000001f80e78da10 code [0x000001f80e78dbc0, 0x000001f80e78de28]
Event: 8075.216 Thread 0x000001f81840fad0 11745       1       java.util.concurrent.SynchronousQueue::isEmpty (2 bytes)
Event: 8075.217 Thread 0x000001f81840fad0 nmethod 11745 0x000001f80e78d710 code [0x000001f80e78d8a0, 0x000001f80e78d978]

GC Heap History (20 events):
Event: 7877.135 GC heap before
{Heap before GC invocations=578 (full 364):
 garbage-first heap   total 116736K, used 35245K [0x0000000081e00000, 0x0000000100000000)
  region size 1024K, 1 young (1024K), 0 survivors (0K)
 Metaspace       used 53417K, committed 53824K, reserved 1097728K
  class space    used 7069K, committed 7232K, reserved 1048576K
}
Event: 7877.188 GC heap after
{Heap after GC invocations=579 (full 365):
 garbage-first heap   total 116736K, used 35179K [0x0000000081e00000, 0x0000000100000000)
  region size 1024K, 0 young (0K), 0 survivors (0K)
 Metaspace       used 53397K, committed 53824K, reserved 1097728K
  class space    used 7065K, committed 7232K, reserved 1048576K
}
Event: 7937.399 GC heap before
{Heap before GC invocations=579 (full 365):
 garbage-first heap   total 116736K, used 95595K [0x0000000081e00000, 0x0000000100000000)
  region size 1024K, 59 young (60416K), 0 survivors (0K)
 Metaspace       used 53417K, committed 53824K, reserved 1097728K
  class space    used 7069K, committed 7232K, reserved 1048576K
}
Event: 7937.400 GC heap after
{Heap after GC invocations=580 (full 365):
 garbage-first heap   total 116736K, used 36641K [0x0000000081e00000, 0x0000000100000000)
  region size 1024K, 2 young (2048K), 2 survivors (2048K)
 Metaspace       used 53417K, committed 53824K, reserved 1097728K
  class space    used 7069K, committed 7232K, reserved 1048576K
}
Event: 7944.512 GC heap before
{Heap before GC invocations=580 (full 365):
 garbage-first heap   total 116736K, used 98081K [0x0000000081e00000, 0x0000000100000000)
  region size 1024K, 59 young (60416K), 2 survivors (2048K)
 Metaspace       used 53417K, committed 53824K, reserved 1097728K
  class space    used 7069K, committed 7232K, reserved 1048576K
}
Event: 7944.515 GC heap after
{Heap after GC invocations=581 (full 365):
 garbage-first heap   total 116736K, used 37487K [0x0000000081e00000, 0x0000000100000000)
  region size 1024K, 3 young (3072K), 3 survivors (3072K)
 Metaspace       used 53417K, committed 53824K, reserved 1097728K
  class space    used 7069K, committed 7232K, reserved 1048576K
}
Event: 7948.631 GC heap before
{Heap before GC invocations=581 (full 365):
 garbage-first heap   total 116736K, used 97903K [0x0000000081e00000, 0x0000000100000000)
  region size 1024K, 59 young (60416K), 3 survivors (3072K)
 Metaspace       used 53417K, committed 53824K, reserved 1097728K
  class space    used 7069K, committed 7232K, reserved 1048576K
}
Event: 7948.633 GC heap after
{Heap after GC invocations=582 (full 365):
 garbage-first heap   total 116736K, used 36746K [0x0000000081e00000, 0x0000000100000000)
  region size 1024K, 2 young (2048K), 2 survivors (2048K)
 Metaspace       used 53417K, committed 53824K, reserved 1097728K
  class space    used 7069K, committed 7232K, reserved 1048576K
}
Event: 7951.916 GC heap before
{Heap before GC invocations=582 (full 365):
 garbage-first heap   total 116736K, used 96138K [0x0000000081e00000, 0x0000000100000000)
  region size 1024K, 60 young (61440K), 2 survivors (2048K)
 Metaspace       used 53417K, committed 53824K, reserved 1097728K
  class space    used 7069K, committed 7232K, reserved 1048576K
}
Event: 7951.918 GC heap after
{Heap after GC invocations=583 (full 365):
 garbage-first heap   total 116736K, used 37306K [0x0000000081e00000, 0x0000000100000000)
  region size 1024K, 3 young (3072K), 3 survivors (3072K)
 Metaspace       used 53417K, committed 53824K, reserved 1097728K
  class space    used 7069K, committed 7232K, reserved 1048576K
}
Event: 7957.073 GC heap before
{Heap before GC invocations=583 (full 365):
 garbage-first heap   total 116736K, used 98746K [0x0000000081e00000, 0x0000000100000000)
  region size 1024K, 60 young (61440K), 3 survivors (3072K)
 Metaspace       used 53417K, committed 53824K, reserved 1097728K
  class space    used 7069K, committed 7232K, reserved 1048576K
}
Event: 7957.075 GC heap after
{Heap after GC invocations=584 (full 365):
 garbage-first heap   total 116736K, used 37698K [0x0000000081e00000, 0x0000000100000000)
  region size 1024K, 3 young (3072K), 3 survivors (3072K)
 Metaspace       used 53417K, committed 53824K, reserved 1097728K
  class space    used 7069K, committed 7232K, reserved 1048576K
}
Event: 7958.939 GC heap before
{Heap before GC invocations=584 (full 365):
 garbage-first heap   total 116736K, used 99138K [0x0000000081e00000, 0x0000000100000000)
  region size 1024K, 60 young (61440K), 3 survivors (3072K)
 Metaspace       used 53420K, committed 53824K, reserved 1097728K
  class space    used 7069K, committed 7232K, reserved 1048576K
}
Event: 7958.941 GC heap after
{Heap after GC invocations=585 (full 365):
 garbage-first heap   total 116736K, used 37720K [0x0000000081e00000, 0x0000000100000000)
  region size 1024K, 3 young (3072K), 3 survivors (3072K)
 Metaspace       used 53420K, committed 53824K, reserved 1097728K
  class space    used 7069K, committed 7232K, reserved 1048576K
}
Event: 8047.781 GC heap before
{Heap before GC invocations=585 (full 365):
 garbage-first heap   total 116736K, used 60248K [0x0000000081e00000, 0x0000000100000000)
  region size 1024K, 23 young (23552K), 3 survivors (3072K)
 Metaspace       used 53420K, committed 53824K, reserved 1097728K
  class space    used 7069K, committed 7232K, reserved 1048576K
}
Event: 8047.824 GC heap after
{Heap after GC invocations=586 (full 366):
 garbage-first heap   total 116736K, used 35416K [0x0000000081e00000, 0x0000000100000000)
  region size 1024K, 0 young (0K), 0 survivors (0K)
 Metaspace       used 53420K, committed 53824K, reserved 1097728K
  class space    used 7069K, committed 7232K, reserved 1048576K
}
Event: 8058.281 GC heap before
{Heap before GC invocations=586 (full 366):
 garbage-first heap   total 116736K, used 35416K [0x0000000081e00000, 0x0000000100000000)
  region size 1024K, 1 young (1024K), 0 survivors (0K)
 Metaspace       used 53420K, committed 53824K, reserved 1097728K
  class space    used 7069K, committed 7232K, reserved 1048576K
}
Event: 8058.339 GC heap after
{Heap after GC invocations=587 (full 367):
 garbage-first heap   total 116736K, used 35197K [0x0000000081e00000, 0x0000000100000000)
  region size 1024K, 0 young (0K), 0 survivors (0K)
 Metaspace       used 53397K, committed 53824K, reserved 1097728K
  class space    used 7065K, committed 7232K, reserved 1048576K
}
Event: 8069.083 GC heap before
{Heap before GC invocations=587 (full 367):
 garbage-first heap   total 116736K, used 35197K [0x0000000081e00000, 0x0000000100000000)
  region size 1024K, 1 young (1024K), 0 survivors (0K)
 Metaspace       used 53397K, committed 53824K, reserved 1097728K
  class space    used 7065K, committed 7232K, reserved 1048576K
}
Event: 8069.174 GC heap after
{Heap after GC invocations=588 (full 368):
 garbage-first heap   total 116736K, used 35197K [0x0000000081e00000, 0x0000000100000000)
  region size 1024K, 0 young (0K), 0 survivors (0K)
 Metaspace       used 53397K, committed 53824K, reserved 1097728K
  class space    used 7065K, committed 7232K, reserved 1048576K
}

Deoptimization events (20 events):
Event: 2284.791 Thread 0x000001f81a706610 DEOPT PACKING pc=0x000001f80e5c75b8 sp=0x00000067e7dfee70
Event: 2284.791 Thread 0x000001f81a706610 DEOPT UNPACKING pc=0x000001f80d222b43 sp=0x00000067e7dfe4b8 mode 3
Event: 2478.585 Thread 0x000001f81a706610 DEOPT PACKING pc=0x000001f80e4bca18 sp=0x00000067e7dfeb70
Event: 2478.585 Thread 0x000001f81a706610 DEOPT UNPACKING pc=0x000001f80d222b43 sp=0x00000067e7dfe068 mode 3
Event: 2702.269 Thread 0x000001f81a7035f0 DEOPT PACKING pc=0x000001f80e3e0c51 sp=0x00000067e53fdd00
Event: 2702.269 Thread 0x000001f81a7035f0 DEOPT UNPACKING pc=0x000001f80d222b43 sp=0x00000067e53fd1e8 mode 3
Event: 4935.425 Thread 0x000001f81a708c90 DEOPT PACKING pc=0x000001f80e4fe224 sp=0x00000067e67fd590
Event: 4935.425 Thread 0x000001f81a708c90 DEOPT UNPACKING pc=0x000001f80d222b43 sp=0x00000067e67fcb38 mode 0
Event: 5074.493 Thread 0x000001f81a704930 DEOPT PACKING pc=0x000001f80e80cf1d sp=0x00000067e5ffc8d0
Event: 5074.493 Thread 0x000001f81a704930 DEOPT UNPACKING pc=0x000001f80d222b43 sp=0x00000067e5ffbe00 mode 3
Event: 5491.310 Thread 0x000001f81a701de0 DEOPT PACKING pc=0x000001f80e834f2b sp=0x00000067e67fd590
Event: 5491.310 Thread 0x000001f81a701de0 DEOPT UNPACKING pc=0x000001f80d222b43 sp=0x00000067e67fca90 mode 3
Event: 6077.451 Thread 0x000001f81a708c90 DEOPT PACKING pc=0x000001f80de4f10a sp=0x00000067e67fd570
Event: 6077.451 Thread 0x000001f81a708c90 DEOPT UNPACKING pc=0x000001f80d222b43 sp=0x00000067e67fc9e0 mode 3
Event: 7164.034 Thread 0x000001f81a704930 DEOPT PACKING pc=0x000001f80e713dc7 sp=0x00000067e67fd620
Event: 7164.034 Thread 0x000001f81a704930 DEOPT UNPACKING pc=0x000001f80d222b43 sp=0x00000067e67fd058 mode 3
Event: 7170.664 Thread 0x000001f81a706610 DEOPT PACKING pc=0x000001f80d9af40f sp=0x00000067e7dfdb10
Event: 7170.664 Thread 0x000001f81a706610 DEOPT UNPACKING pc=0x000001f80d222b43 sp=0x00000067e7dfd018 mode 3
Event: 7639.996 Thread 0x000001f81a704930 DEOPT PACKING pc=0x000001f80e79df44 sp=0x00000067e53fdc10
Event: 7639.997 Thread 0x000001f81a704930 DEOPT UNPACKING pc=0x000001f80d222b43 sp=0x00000067e53fd138 mode 3

Classes unloaded (20 events):
Event: 6166.137 Thread 0x000001f8178d1040 Unloading class 0x0000000100735800 'jdk/internal/reflect/GeneratedMethodAccessor84'
Event: 6166.137 Thread 0x000001f8178d1040 Unloading class 0x0000000100736000 'jdk/internal/reflect/GeneratedMethodAccessor83'
Event: 6176.694 Thread 0x000001f8178d1040 Unloading class 0x0000000100738000 'jdk/internal/reflect/GeneratedConstructorAccessor85'
Event: 6718.106 Thread 0x000001f8178d1040 Unloading class 0x0000000100736000 'jdk/internal/reflect/GeneratedConstructorAccessor86'
Event: 7856.000 Thread 0x000001f8178d1040 Unloading class 0x0000000100736000 'jdk/internal/reflect/GeneratedConstructorAccessor87'
Event: 7877.155 Thread 0x000001f8178d1040 Unloading class 0x0000000100737000 'jdk/internal/reflect/GeneratedMethodAccessor92'
Event: 7877.155 Thread 0x000001f8178d1040 Unloading class 0x0000000100738c00 'jdk/internal/reflect/GeneratedConstructorAccessor89'
Event: 7877.155 Thread 0x000001f8178d1040 Unloading class 0x0000000100738800 'jdk/internal/reflect/GeneratedMethodAccessor91'
Event: 7877.155 Thread 0x000001f8178d1040 Unloading class 0x0000000100738400 'jdk/internal/reflect/GeneratedConstructorAccessor88'
Event: 7877.155 Thread 0x000001f8178d1040 Unloading class 0x0000000100738000 'jdk/internal/reflect/GeneratedMethodAccessor90'
Event: 7877.155 Thread 0x000001f8178d1040 Unloading class 0x0000000100735c00 'jdk/internal/reflect/GeneratedMethodAccessor89'
Event: 7877.155 Thread 0x000001f8178d1040 Unloading class 0x0000000100735800 'jdk/internal/reflect/GeneratedMethodAccessor88'
Event: 8058.300 Thread 0x000001f8178d1040 Unloading class 0x0000000100738c00 'jdk/internal/reflect/GeneratedConstructorAccessor94'
Event: 8058.300 Thread 0x000001f8178d1040 Unloading class 0x0000000100738800 'jdk/internal/reflect/GeneratedMethodAccessor98'
Event: 8058.300 Thread 0x000001f8178d1040 Unloading class 0x0000000100738400 'jdk/internal/reflect/GeneratedConstructorAccessor93'
Event: 8058.300 Thread 0x000001f8178d1040 Unloading class 0x0000000100738000 'jdk/internal/reflect/GeneratedMethodAccessor97'
Event: 8058.300 Thread 0x000001f8178d1040 Unloading class 0x0000000100735c00 'jdk/internal/reflect/GeneratedConstructorAccessor92'
Event: 8058.300 Thread 0x000001f8178d1040 Unloading class 0x0000000100735800 'jdk/internal/reflect/GeneratedMethodAccessor96'
Event: 8058.300 Thread 0x000001f8178d1040 Unloading class 0x0000000100736000 'jdk/internal/reflect/GeneratedMethodAccessor95'
Event: 8058.300 Thread 0x000001f8178d1040 Unloading class 0x0000000100737000 'jdk/internal/reflect/GeneratedMethodAccessor94'

Classes redefined (0 events):
No events

Internal exceptions (20 events):
Event: 7959.311 Thread 0x000001f81a704460 Exception <a 'sun/nio/fs/WindowsException'{0x0000000088ad8f18}> (0x0000000088ad8f18) 
thrown [e:\jenkins\tmp\workspace\build\src\src\hotspot\share\prims\jni.cpp, line 516]
Event: 7959.311 Thread 0x000001f81a704460 Exception <a 'sun/nio/fs/WindowsException'{0x0000000088ad9598}> (0x0000000088ad9598) 
thrown [e:\jenkins\tmp\workspace\build\src\src\hotspot\share\prims\jni.cpp, line 516]
Event: 7959.312 Thread 0x000001f81a704460 Exception <a 'sun/nio/fs/WindowsException'{0x0000000088ad98e8}> (0x0000000088ad98e8) 
thrown [e:\jenkins\tmp\workspace\build\src\src\hotspot\share\prims\jni.cpp, line 516]
Event: 7959.312 Thread 0x000001f81a704460 Exception <a 'sun/nio/fs/WindowsException'{0x0000000088ada8b0}> (0x0000000088ada8b0) 
thrown [e:\jenkins\tmp\workspace\build\src\src\hotspot\share\prims\jni.cpp, line 516]
Event: 7959.312 Thread 0x000001f81a704460 Exception <a 'sun/nio/fs/WindowsException'{0x0000000088adac40}> (0x0000000088adac40) 
thrown [e:\jenkins\tmp\workspace\build\src\src\hotspot\share\prims\jni.cpp, line 516]
Event: 7959.312 Thread 0x000001f81a704460 Exception <a 'sun/nio/fs/WindowsException'{0x0000000088adb968}> (0x0000000088adb968) 
thrown [e:\jenkins\tmp\workspace\build\src\src\hotspot\share\prims\jni.cpp, line 516]
Event: 7959.312 Thread 0x000001f81a704460 Exception <a 'sun/nio/fs/WindowsException'{0x0000000088adc020}> (0x0000000088adc020) 
thrown [e:\jenkins\tmp\workspace\build\src\src\hotspot\share\prims\jni.cpp, line 516]
Event: 7959.313 Thread 0x000001f81a704460 Exception <a 'sun/nio/fs/WindowsException'{0x0000000088adc380}> (0x0000000088adc380) 
thrown [e:\jenkins\tmp\workspace\build\src\src\hotspot\share\prims\jni.cpp, line 516]
Event: 7959.313 Thread 0x000001f81a704460 Exception <a 'sun/nio/fs/WindowsException'{0x0000000088add380}> (0x0000000088add380) 
thrown [e:\jenkins\tmp\workspace\build\src\src\hotspot\share\prims\jni.cpp, line 516]
Event: 7959.313 Thread 0x000001f81a704460 Exception <a 'sun/nio/fs/WindowsException'{0x0000000088add730}> (0x0000000088add730) 
thrown [e:\jenkins\tmp\workspace\build\src\src\hotspot\share\prims\jni.cpp, line 516]
Event: 7959.410 Thread 0x000001f81a704460 Exception <a 'sun/nio/fs/WindowsException'{0x0000000087f9cdb0}> (0x0000000087f9cdb0) 
thrown [e:\jenkins\tmp\workspace\build\src\src\hotspot\share\prims\jni.cpp, line 516]
Event: 7959.411 Thread 0x000001f81a704460 Exception <a 'sun/nio/fs/WindowsException'{0x0000000087f9d430}> (0x0000000087f9d430) 
thrown [e:\jenkins\tmp\workspace\build\src\src\hotspot\share\prims\jni.cpp, line 516]
Event: 7959.411 Thread 0x000001f81a704460 Exception <a 'sun/nio/fs/WindowsException'{0x0000000087f9d780}> (0x0000000087f9d780) 
thrown [e:\jenkins\tmp\workspace\build\src\src\hotspot\share\prims\jni.cpp, line 516]
Event: 7959.411 Thread 0x000001f81a704460 Exception <a 'sun/nio/fs/WindowsException'{0x0000000087f9e748}> (0x0000000087f9e748) 
thrown [e:\jenkins\tmp\workspace\build\src\src\hotspot\share\prims\jni.cpp, line 516]
Event: 7959.411 Thread 0x000001f81a704460 Exception <a 'sun/nio/fs/WindowsException'{0x0000000087f9ead8}> (0x0000000087f9ead8) 
thrown [e:\jenkins\tmp\workspace\build\src\src\hotspot\share\prims\jni.cpp, line 516]
Event: 7959.412 Thread 0x000001f81a704460 Exception <a 'sun/nio/fs/WindowsException'{0x0000000087f9f800}> (0x0000000087f9f800) 
thrown [e:\jenkins\tmp\workspace\build\src\src\hotspot\share\prims\jni.cpp, line 516]
Event: 7959.412 Thread 0x000001f81a704460 Exception <a 'sun/nio/fs/WindowsException'{0x0000000087f9feb8}> (0x0000000087f9feb8) 
thrown [e:\jenkins\tmp\workspace\build\src\src\hotspot\share\prims\jni.cpp, line 516]
Event: 7959.413 Thread 0x000001f81a704460 Exception <a 'sun/nio/fs/WindowsException'{0x0000000087fa0218}> (0x0000000087fa0218) 
thrown [e:\jenkins\tmp\workspace\build\src\src\hotspot\share\prims\jni.cpp, line 516]
Event: 7959.413 Thread 0x000001f81a704460 Exception <a 'sun/nio/fs/WindowsException'{0x0000000087fa1218}> (0x0000000087fa1218) 
thrown [e:\jenkins\tmp\workspace\build\src\src\hotspot\share\prims\jni.cpp, line 516]
Event: 7959.413 Thread 0x000001f81a704460 Exception <a 'sun/nio/fs/WindowsException'{0x0000000087fa15c8}> (0x0000000087fa15c8) 
thrown [e:\jenkins\tmp\workspace\build\src\src\hotspot\share\prims\jni.cpp, line 516]

VM Operations (20 events):
Event: 7948.633 Executing VM operation: G1CollectForAllocation done
Event: 7951.916 Executing VM operation: G1CollectForAllocation
Event: 7951.918 Executing VM operation: G1CollectForAllocation done
Event: 7953.927 Executing VM operation: Cleanup
Event: 7953.927 Executing VM operation: Cleanup done
Event: 7957.073 Executing VM operation: G1CollectForAllocation
Event: 7957.076 Executing VM operation: G1CollectForAllocation done
Event: 7958.082 Executing VM operation: Cleanup
Event: 7958.082 Executing VM operation: Cleanup done
Event: 7958.939 Executing VM operation: G1CollectForAllocation
Event: 7958.941 Executing VM operation: G1CollectForAllocation done
Event: 7959.942 Executing VM operation: Cleanup
Event: 7959.942 Executing VM operation: Cleanup done
Event: 8047.780 Executing VM operation: G1CollectFull
Event: 8047.824 Executing VM operation: G1CollectFull done
Event: 8058.281 Executing VM operation: G1CollectFull
Event: 8058.340 Executing VM operation: G1CollectFull done
Event: 8069.083 Executing VM operation: G1CollectFull
Event: 8069.175 Executing VM operation: G1CollectFull done
Event: 8079.674 Executing VM operation: G1CollectFull

Events (20 events):
Event: 7498.918 Thread 0x000001f81a7087c0 Thread exited: 0x000001f81a7087c0
Event: 7513.723 Thread 0x000001f81a704930 Thread exited: 0x000001f81a704930
Event: 7521.606 Thread 0x000001f81a7052d0 Thread exited: 0x000001f81a7052d0
Event: 7529.619 Thread 0x000001f81a703120 Thread exited: 0x000001f81a703120
Event: 7544.496 Thread 0x000001f81a704930 Thread added: 0x000001f81a704930
Event: 7549.187 Thread 0x000001f81a7087c0 Thread added: 0x000001f81a7087c0
Event: 7551.022 Thread 0x000001f81a708c90 Thread added: 0x000001f81a708c90
Event: 7609.191 Thread 0x000001f81a704930 Thread exited: 0x000001f81a704930
Event: 7636.457 Thread 0x000001f81a704930 Thread added: 0x000001f81a704930
Event: 7769.205 Thread 0x000001f81a704930 Thread exited: 0x000001f81a704930
Event: 7770.158 Thread 0x000001f81a701de0 Thread exited: 0x000001f81a701de0
Event: 7830.162 Thread 0x000001f81a708c90 Thread exited: 0x000001f81a708c90
Event: 7864.762 Thread 0x000001f81a7087c0 Thread exited: 0x000001f81a7087c0
Event: 7885.496 Thread 0x000001f81a703120 Thread added: 0x000001f81a703120
Event: 7913.272 Thread 0x000001f81a7035f0 Thread added: 0x000001f81a7035f0
Event: 7913.280 Thread 0x000001f81a7087c0 Thread added: 0x000001f81a7087c0
Event: 7933.739 Thread 0x000001f81a701de0 Thread added: 0x000001f81a701de0
Event: 8017.614 Thread 0x000001f81a7087c0 Thread exited: 0x000001f81a7087c0
Event: 8070.010 Thread 0x000001f81a7035f0 Thread exited: 0x000001f81a7035f0
Event: 8075.217 Thread 0x000001f81a703120 Thread exited: 0x000001f81a703120


Dynamic libraries:
0x00007ff678d00000 - 0x00007ff678d0e000 	c:\Users\anton\.vscode\extensions\redhat.java-1.9.0-win32-x64\jre\17.0.3-win32-x86_64\bin\java.exe
0x00007ff924f10000 - 0x00007ff925108000 	C:\WINDOWS\SYSTEM32\ntdll.dll
0x00007ff900600000 - 0x00007ff900617000 	C:\Program Files\Avast Software\Avast\aswhook.dll
0x00007ff923dc0000 - 0x00007ff923e7d000 	C:\WINDOWS\System32\KERNEL32.DLL
0x00007ff922a00000 - 0x00007ff922cce000 	C:\WINDOWS\System32\KERNELBASE.dll
0x00007ff922630000 - 0x00007ff922730000 	C:\WINDOWS\System32\ucrtbase.dll
0x00007ff9140f0000 - 0x00007ff914109000 	c:\Users\anton\.vscode\extensions\redhat.java-1.9.0-win32-x64\jre\17.0.3-win32-x86_64\bin\VCRUNTIME140.dll
0x00007ff91ca80000 - 0x00007ff91ca98000 	c:\Users\anton\.vscode\extensions\redhat.java-1.9.0-win32-x64\jre\17.0.3-win32-x86_64\bin\jli.dll
0x00007ff922ff0000 - 0x00007ff923190000 	C:\WINDOWS\System32\USER32.dll
0x00007ff922e30000 - 0x00007ff922e52000 	C:\WINDOWS\System32\win32u.dll
0x00007ff8ffc70000 - 0x00007ff8fff0a000 	C:\WINDOWS\WinSxS\amd64_microsoft.windows.common-controls_6595b64144ccf1df_6.0.19041.1110_none_60b5254171f9507e\COMCTL32.dll
0x00007ff923ce0000 - 0x00007ff923d0a000 	C:\WINDOWS\System32\GDI32.dll
0x00007ff924550000 - 0x00007ff9245ee000 	C:\WINDOWS\System32\msvcrt.dll
0x00007ff922e60000 - 0x00007ff922f6b000 	C:\WINDOWS\System32\gdi32full.dll
0x00007ff922cd0000 - 0x00007ff922d6d000 	C:\WINDOWS\System32\msvcp_win.dll
0x00007ff924650000 - 0x00007ff924680000 	C:\WINDOWS\System32\IMM32.DLL
0x00007ff91ed50000 - 0x00007ff91ed5c000 	c:\Users\anton\.vscode\extensions\redhat.java-1.9.0-win32-x64\jre\17.0.3-win32-x86_64\bin\vcruntime140_1.dll
0x00007ff8e5d20000 - 0x00007ff8e5db1000 	c:\Users\anton\.vscode\extensions\redhat.java-1.9.0-win32-x64\jre\17.0.3-win32-x86_64\bin\msvcp140.dll
0x00007ff8ae9e0000 - 0x00007ff8af628000 	c:\Users\anton\.vscode\extensions\redhat.java-1.9.0-win32-x64\jre\17.0.3-win32-x86_64\bin\server\jvm.dll
0x00007ff9244a0000 - 0x00007ff92454e000 	C:\WINDOWS\System32\ADVAPI32.dll
0x00007ff923d10000 - 0x00007ff923dac000 	C:\WINDOWS\System32\sechost.dll
0x00007ff9234e0000 - 0x00007ff923605000 	C:\WINDOWS\System32\RPCRT4.dll
0x00007ff924770000 - 0x00007ff924778000 	C:\WINDOWS\System32\PSAPI.DLL
0x00007ff90a310000 - 0x00007ff90a319000 	C:\WINDOWS\SYSTEM32\WSOCK32.dll
0x00007ff901e80000 - 0x00007ff901ea7000 	C:\WINDOWS\SYSTEM32\WINMM.dll
0x00007ff91ba70000 - 0x00007ff91ba7a000 	C:\WINDOWS\SYSTEM32\VERSION.dll
0x00007ff923190000 - 0x00007ff9231fb000 	C:\WINDOWS\System32\WS2_32.dll
0x00007ff920e80000 - 0x00007ff920e92000 	C:\WINDOWS\SYSTEM32\kernel.appcore.dll
0x00007ff91ce30000 - 0x00007ff91ce3a000 	c:\Users\anton\.vscode\extensions\redhat.java-1.9.0-win32-x64\jre\17.0.3-win32-x86_64\bin\jimage.dll
0x00007ff9203f0000 - 0x00007ff9205d4000 	C:\WINDOWS\SYSTEM32\DBGHELP.DLL
0x00007ff90e930000 - 0x00007ff90e95c000 	C:\WINDOWS\SYSTEM32\dbgcore.DLL
0x00007ff9227e0000 - 0x00007ff922862000 	C:\WINDOWS\System32\bcryptPrimitives.dll
0x00007ff90d9c0000 - 0x00007ff90d9e5000 	c:\Users\anton\.vscode\extensions\redhat.java-1.9.0-win32-x64\jre\17.0.3-win32-x86_64\bin\java.dll
0x00007ff90da80000 - 0x00007ff90da98000 	c:\Users\anton\.vscode\extensions\redhat.java-1.9.0-win32-x64\jre\17.0.3-win32-x86_64\bin\zip.dll
0x00007ff924780000 - 0x00007ff924ec4000 	C:\WINDOWS\System32\SHELL32.dll
0x00007ff9205e0000 - 0x00007ff920d74000 	C:\WINDOWS\SYSTEM32\windows.storage.dll
0x00007ff924030000 - 0x00007ff924384000 	C:\WINDOWS\System32\combase.dll
0x00007ff921fc0000 - 0x00007ff921ff0000 	C:\WINDOWS\SYSTEM32\Wldp.dll
0x00007ff923200000 - 0x00007ff9232ad000 	C:\WINDOWS\System32\SHCORE.dll
0x00007ff924390000 - 0x00007ff9243e5000 	C:\WINDOWS\System32\shlwapi.dll
0x00007ff922570000 - 0x00007ff92258f000 	C:\WINDOWS\SYSTEM32\profapi.dll
0x00007ff909cd0000 - 0x00007ff909ce9000 	C:\Users\anton\.vscode\extensions\redhat.java-1.9.0-win32-x64\jre\17.0.3-win32-x86_64\bin\net.dll
0x00007ff914b30000 - 0x00007ff914c3a000 	C:\WINDOWS\SYSTEM32\WINHTTP.dll
0x00007ff921cd0000 - 0x00007ff921d3a000 	C:\WINDOWS\system32\mswsock.dll
0x00007ff908940000 - 0x00007ff908955000 	C:\Users\anton\.vscode\extensions\redhat.java-1.9.0-win32-x64\jre\17.0.3-win32-x86_64\bin\nio.dll
0x00007ff91cab0000 - 0x00007ff91cac0000 	c:\Users\anton\.vscode\extensions\redhat.java-1.9.0-win32-x64\jre\17.0.3-win32-x86_64\bin\verify.dll
0x00007ff91ba80000 - 0x00007ff91ba89000 	C:\Users\anton\.vscode\extensions\redhat.java-1.9.0-win32-x64\jre\17.0.3-win32-x86_64\bin\management.dll
0x00007ff91ba30000 - 0x00007ff91ba3b000 	C:\Users\anton\.vscode\extensions\redhat.java-1.9.0-win32-x64\jre\17.0.3-win32-x86_64\bin\management_ext.dll
0x00007ff901ac0000 - 0x00007ff901ad7000 	C:\WINDOWS\system32\napinsp.dll
0x00007ff901a00000 - 0x00007ff901a1b000 	C:\WINDOWS\system32\pnrpnsp.dll
0x00007ff91d3e0000 - 0x00007ff91d3f5000 	C:\WINDOWS\system32\wshbth.dll
0x00007ff91b920000 - 0x00007ff91b93d000 	C:\WINDOWS\system32\NLAapi.dll
0x00007ff9219d0000 - 0x00007ff921a0b000 	C:\WINDOWS\SYSTEM32\IPHLPAPI.DLL
0x00007ff921a20000 - 0x00007ff921aea000 	C:\WINDOWS\SYSTEM32\DNSAPI.dll
0x00007ff923bb0000 - 0x00007ff923bb8000 	C:\WINDOWS\System32\NSI.dll
0x00007ff9019d0000 - 0x00007ff9019e2000 	C:\WINDOWS\System32\winrnr.dll
0x00007ff90c940000 - 0x00007ff90c94a000 	C:\Windows\System32\rasadhlp.dll
0x00007ff913af0000 - 0x00007ff913b70000 	C:\WINDOWS\System32\fwpuclnt.dll
0x00007ff9229d0000 - 0x00007ff9229f7000 	C:\WINDOWS\System32\bcrypt.dll
0x00007ff921ea0000 - 0x00007ff921eb8000 	C:\WINDOWS\SYSTEM32\CRYPTSP.dll
0x00007ff921660000 - 0x00007ff921694000 	C:\WINDOWS\system32\rsaenh.dll
0x00007ff922530000 - 0x00007ff92255e000 	C:\WINDOWS\SYSTEM32\USERENV.dll
0x00007ff921e90000 - 0x00007ff921e9c000 	C:\WINDOWS\SYSTEM32\CRYPTBASE.dll
0x00007ff91a050000 - 0x00007ff91a067000 	C:\WINDOWS\SYSTEM32\dhcpcsvc6.DLL
0x00007ff91b3c0000 - 0x00007ff91b3dd000 	C:\WINDOWS\SYSTEM32\dhcpcsvc.DLL

dbghelp: loaded successfully - version: 4.0.5 - missing functions: none
symbol engine: initialized successfully - sym options: 0x614 - pdb path: .;c:\Users\anton\.vscode\extensions\redhat.java-1.9.0-win32-x64\jre\17.0.3-win32-x86_64\bin;C:\WINDOWS\SYSTEM32;C:\Program Files\Avast Software\Avast;C:\WINDOWS\WinSxS\amd64_microsoft.windows.common-controls_6595b64144ccf1df_6.0.19041.1110_none_60b5254171f9507e;c:\Users\anton\.vscode\extensions\redhat.java-1.9.0-win32-x64\jre\17.0.3-win32-x86_64\bin\server

VM Arguments:
jvm_args: -Dsts.lsp.client=vscode -Dsts.log.file=/dev/null -XX:TieredStopAtLevel=1 -Dspring.config.location=file:c:\Users\anton\.vscode\extensions\pivotal.vscode-spring-boot-1.38.0\language-server\BOOT-INF\classes\application.properties 
java_command: org.springframework.ide.vscode.boot.app.BootLanguageServerBootApp
java_class_path (initial): c:\Users\anton\.vscode\extensions\pivotal.vscode-spring-boot-1.38.0\language-server\BOOT-INF\classes;c:\Users\anton\.vscode\extensions\pivotal.vscode-spring-boot-1.38.0\language-server\BOOT-INF\lib\annotations-23.0.0.jar;c:\Users\anton\.vscode\extensions\pivotal.vscode-spring-boot-1.38.0\language-server\BOOT-INF\lib\antlr-runtime-3.5.2.jar;c:\Users\anton\.vscode\extensions\pivotal.vscode-spring-boot-1.38.0\language-server\BOOT-INF\lib\antlr4-4.9.3.jar;c:\Users\anton\.vscode\extensions\pivotal.vscode-spring-boot-1.38.0\language-server\BOOT-INF\lib\antlr4-runtime-4.9.3.jar;c:\Users\anton\.vscode\extensions\pivotal.vscode-spring-boot-1.38.0\language-server\BOOT-INF\lib\asm-9.3.jar;c:\Users\anton\.vscode\extensions\pivotal.vscode-spring-boot-1.38.0\language-server\BOOT-INF\lib\asm-analysis-9.3.jar;c:\Users\anton\.vscode\extensions\pivotal.vscode-spring-boot-1.38.0\language-server\BOOT-INF\lib\asm-tree-9.3.jar;c:\Users\anton\.vscode\extensions\pivotal.vscode-spring-boot-1.38.0\language-server\BOOT-INF\lib\asm-util-9.3.jar;c:\Users\anton\.vscode\extensions\pivotal.vscode-spring-boot-1.38.0\language-server\BOOT-INF\lib\byte-buddy-1.10.18.jar;c:\Users\anton\.vscode\extensions\pivotal.vscode-spring-boot-1.38.0\language-server\BOOT-INF\lib\caffeine-2.8.6.jar;c:\Users\anton\.vscode\extensions\pivotal.vscode-spring-boot-1.38.0\language-server\BOOT-INF\lib\checker-qual-3.12.0.jar;c:\Users\anton\.vscode\extensions\pivotal.vscode-spring-boot-1.38.0\language-server\BOOT-INF\lib\classgraph-4.8.149.jar;c:\Users\anton\.vscode\extensions\pivotal.vscode-spring-boot-1.38.0\language-server\BOOT-INF\lib\commons-codec-1.14.jar;c:\Users\anton\.vscode\extensions\pivotal.vscode-spring-boot-1.38.0\language-server\BOOT-INF\lib\commons-compress-1.21.jar;c:\Users\anton\.vscode\extensions\pivotal.vscode-spring-boot-1.38.0\language-server\BOOT-INF\lib\commons-exec-1.3.jar;c:\Users\anton\.vscode\extensions\pivotal.vscode-spring-boot-1.38.0\language-server\BOOT-INF\lib\com
Launcher Type: SUN_STANDARD

[Global flags]
     intx CICompilerCount                          = 4                                         {product} {ergonomic}
     uint ConcGCThreads                            = 2                                         {product} {ergonomic}
     uint G1ConcRefinementThreads                  = 8                                         {product} {ergonomic}
   size_t G1HeapRegionSize                         = 1048576                                   {product} {ergonomic}
    uintx GCDrainStackTargetSize                   = 64                                        {product} {ergonomic}
   size_t InitialHeapSize                          = 134217728                                 {product} {ergonomic}
   size_t MarkStackSize                            = 4194304                                   {product} {ergonomic}
   size_t MaxHeapSize                              = 2116026368                                {product} {ergonomic}
   size_t MaxNewSize                               = 1268776960                                {product} {ergonomic}
   size_t MinHeapDeltaBytes                        = 1048576                                   {product} {ergonomic}
   size_t MinHeapSize                              = 8388608                                   {product} {ergonomic}
    uintx NonProfiledCodeHeapSize                  = 0                                      {pd product} {ergonomic}
     bool ProfileInterpreter                       = false                                  {pd product} {command line}
    uintx ProfiledCodeHeapSize                     = 0                                      {pd product} {ergonomic}
   size_t SoftMaxHeapSize                          = 2116026368                             {manageable} {ergonomic}
     intx TieredStopAtLevel                        = 1                                         {product} {command line}
     bool UseCompressedClassPointers               = true                           {product lp64_product} {ergonomic}
     bool UseCompressedOops                        = true                           {product lp64_product} {ergonomic}
     bool UseG1GC                                  = true                                      {product} {ergonomic}
     bool UseLargePagesIndividualAllocation        = false                                  {pd product} {ergonomic}

Logging:
Log output configuration:
 #0: stdout all=warning uptime,level,tags
 #1: stderr all=off uptime,level,tags

Environment Variables:
JAVA_HOME=C:\Program Files\Java\jdk-18.0.2.1
PATH=C:\Program Files\Java\jdk-18.0.2.1\bin;C:\Program Files (x86)\Common Files\Oracle\Java\javapath;C:\Program Files\Common Files\Oracle\Java\javapath;C:\WINDOWS\system32;C:\WINDOWS;C:\WINDOWS\System32\Wbem;C:\WINDOWS\System32\WindowsPowerShell\v1.0\;C:\WINDOWS\System32\OpenSSH\;C:\ProgramData\UNIVALI\Portugol Studio;C:\Program Files\Git\cmd;C:\Program Files\nodejs\;C:\Program Files\PuTTY\;C:\Program Files\MongoDB\Server\6.0\bin;C:\Program Files\MongoDB\Tools\100\bin;C:\Program Files\MySQL\MySQL Shell 8.0\bin\;C:\Users\anton\AppData\Local\Microsoft\WindowsApps;C:\Users\anton\AppData\Local\Programs\Microsoft VS Code\bin;C:\Users\anton\AppData\Local\GitHubDesktop\bin;C:\Users\anton\AppData\Roaming\npm;C:\Users\anton\apache-maven-3.8.6\bin;
USERNAME=anton
OS=Windows_NT
PROCESSOR_IDENTIFIER=Intel64 Family 6 Model 142 Stepping 12, GenuineIntel



---------------  S Y S T E M  ---------------

OS:
 Windows 10 , 64 bit Build 19041 (10.0.19041.1889)
OS uptime: 10 days 1:36 hours
Hyper-V role detected

CPU: total 8 (initial active 8) (4 cores per cpu, 2 threads per core) family 6 model 142 stepping 12 microcode 0xd6, cx8, cmov, fxsr, ht, mmx, 3dnowpref, sse, sse2, sse3, ssse3, sse4.1, sse4.2, popcnt, lzcnt, tsc, tscinvbit, avx, avx2, aes, erms, clmul, bmi1, bmi2, adx, fma, vzeroupper, clflush, clflushopt, hv

Memory: 4k page, system-wide physical 8070M (395M free)
TotalPageFile size 32646M (AvailPageFile size 13M)
current process WorkingSet (physical memory assigned to process): 145M, peak: 644M
current process commit charge ("private bytes"): 296M, peak: 1278M

vm_info: OpenJDK 64-Bit Server VM (17.0.3+7) for windows-amd64 JRE (17.0.3+7), built on Apr 19 2022 16:55:35 by "" with MS VC++ 16.7 (VS2019)

END.
