#
# There is insufficient memory for the Java Runtime Environment to continue.
# Native memory allocation (mmap) failed to map 311427072 bytes for G1 virtual space
# Possible reasons:
#   The system is out of physical RAM or swap space
#   The process is running with CompressedOops enabled, and the Java Heap may be blocking the growth of the native heap
# Possible solutions:
#   Reduce memory load on the system
#   Increase physical memory or swap space
#   Check if swap backing store is full
#   Decrease Java heap size (-Xmx/-Xms)
#   Decrease number of Java threads
#   Decrease Java thread stack sizes (-Xss)
#   Set larger code cache with -XX:ReservedCodeCacheSize=
#   JVM is running with Unscaled Compressed Oops mode in which the Java heap is
#     placed in the first 4GB address space. The Java Heap base address is the
#     maximum limit for the native heap growth. Please use -XX:HeapBaseMinAddress
#     to set the Java Heap base and to place the Java Heap above 4GB virtual address.
# This output file may be truncated or incomplete.
#
#  Out of Memory Error (os_windows.cpp:3535), pid=52356, tid=85208
#
# JRE version: OpenJDK Runtime Environment Temurin-17.0.3+7 (17.0.3+7) (build 17.0.3+7)
# Java VM: OpenJDK 64-Bit Server VM Temurin-17.0.3+7 (17.0.3+7, mixed mode, emulated-client, tiered, compressed oops, compressed class ptrs, g1 gc, windows-amd64)
# No core dump will be written. Minidumps are not enabled by default on client versions of Windows
#

---------------  S U M M A R Y ------------

Command Line: -Dsts.lsp.client=vscode -Dsts.log.file=/dev/null -XX:TieredStopAtLevel=1 -Dspring.config.location=file:c:\Users\anton\.vscode\extensions\pivotal.vscode-spring-boot-1.38.0\language-server\BOOT-INF\classes\application.properties org.springframework.ide.vscode.boot.app.BootLanguageServerBootApp

Host: Intel(R) Core(TM) i5-8265U CPU @ 1.60GHz, 8 cores, 7G,  Windows 10 , 64 bit Build 19041 (10.0.19041.1889)
Time: Fri Aug 26 00:38:38 2022 Hora Padrão da Bahia elapsed time: 4.159379 seconds (0d 0h 0m 4s)

---------------  T H R E A D  ---------------

Current thread (0x0000018fec440960):  VMThread "VM Thread" [stack: 0x0000005e24100000,0x0000005e24200000] [id=85208]

Stack: [0x0000005e24100000,0x0000005e24200000]
Native frames: (J=compiled Java code, j=interpreted, Vv=VM code, C=native code)
V  [jvm.dll+0x675efa]
V  [jvm.dll+0x830a24]
V  [jvm.dll+0x8321ce]
V  [jvm.dll+0x832833]
V  [jvm.dll+0x2454b5]
V  [jvm.dll+0x672de9]
V  [jvm.dll+0x667732]
V  [jvm.dll+0x3043ab]
V  [jvm.dll+0x30b8f6]
V  [jvm.dll+0x35b62e]
V  [jvm.dll+0x35b85f]
V  [jvm.dll+0x2db248]
V  [jvm.dll+0x2d94fc]
V  [jvm.dll+0x2d8acc]
V  [jvm.dll+0x31ca2b]
V  [jvm.dll+0x836cdb]
V  [jvm.dll+0x837a14]
V  [jvm.dll+0x837f2c]
V  [jvm.dll+0x838304]
V  [jvm.dll+0x8383d0]
V  [jvm.dll+0x7e0cfa]
V  [jvm.dll+0x674d85]
C  [ucrtbase.dll+0x21bb2]
C  [KERNEL32.DLL+0x17034]
C  [ntdll.dll+0x52651]

VM_Operation (0x0000005e25efdea0): G1CollectForAllocation, mode: safepoint, requested by thread 0x0000018feeda5ec0


---------------  P R O C E S S  ---------------

Threads class SMR info:
_java_thread_list=0x0000018feedec8c0, length=44, elements={
0x0000018fec457740, 0x0000018fec458400, 0x0000018fec47a930, 0x0000018fec47b1f0,
0x0000018fec47bab0, 0x0000018fec47e380, 0x0000018fed01d510, 0x0000018fed025e20,
0x0000018fed237680, 0x0000018fed23ffc0, 0x0000018fed2444f0, 0x0000018fed248be0,
0x0000018fed249340, 0x0000018feeb3b7d0, 0x0000018feeb708a0, 0x0000018feeda19e0,
0x0000018fdd0bf170, 0x0000018feeb998c0, 0x0000018fed83de20, 0x0000018fed83e2f0,
0x0000018feeda5ec0, 0x0000018feeda40b0, 0x0000018feeda53f0, 0x0000018feeda4580,
0x0000018feeda3be0, 0x0000018feeda58c0, 0x0000018feeda1f00, 0x0000018feeda2d70,
0x0000018feeda23d0, 0x0000018feeda4a50, 0x0000018feeda4f20, 0x0000018feeda28a0,
0x0000018feeda3240, 0x0000018feeda3710, 0x0000018fef3c92b0, 0x0000018fef3c8de0,
0x0000018fef3cb930, 0x0000018fef3c9780, 0x0000018fef3c9c50, 0x0000018fef3cb460,
0x0000018fef3ca120, 0x0000018fef3c8910, 0x0000018fef3ca5f0, 0x0000018fef3caac0
}

Java Threads: ( => current thread )
  0x0000018fec457740 JavaThread "Reference Handler" daemon [_thread_blocked, id=82696, stack(0x0000005e24200000,0x0000005e24300000)]
  0x0000018fec458400 JavaThread "Finalizer" daemon [_thread_blocked, id=23312, stack(0x0000005e24300000,0x0000005e24400000)]
  0x0000018fec47a930 JavaThread "Signal Dispatcher" daemon [_thread_blocked, id=86968, stack(0x0000005e24400000,0x0000005e24500000)]
  0x0000018fec47b1f0 JavaThread "Attach Listener" daemon [_thread_blocked, id=38356, stack(0x0000005e24500000,0x0000005e24600000)]
  0x0000018fec47bab0 JavaThread "Service Thread" daemon [_thread_blocked, id=72292, stack(0x0000005e24600000,0x0000005e24700000)]
  0x0000018fec47e380 JavaThread "Monitor Deflation Thread" daemon [_thread_blocked, id=53992, stack(0x0000005e24700000,0x0000005e24800000)]
  0x0000018fed01d510 JavaThread "C1 CompilerThread0" daemon [_thread_blocked, id=83172, stack(0x0000005e24800000,0x0000005e24900000)]
  0x0000018fed025e20 JavaThread "Sweeper thread" daemon [_thread_blocked, id=80592, stack(0x0000005e24900000,0x0000005e24a00000)]
  0x0000018fed237680 JavaThread "C1 CompilerThread1" daemon [_thread_blocked, id=85944, stack(0x0000005e24a00000,0x0000005e24b00000)]
  0x0000018fed23ffc0 JavaThread "C1 CompilerThread2" daemon [_thread_blocked, id=70980, stack(0x0000005e24b00000,0x0000005e24c00000)]
  0x0000018fed2444f0 JavaThread "C1 CompilerThread3" daemon [_thread_blocked, id=86092, stack(0x0000005e24c00000,0x0000005e24d00000)]
  0x0000018fed248be0 JavaThread "Notification Thread" daemon [_thread_blocked, id=52568, stack(0x0000005e24d00000,0x0000005e24e00000)]
  0x0000018fed249340 JavaThread "Common-Cleaner" daemon [_thread_blocked, id=86760, stack(0x0000005e24f00000,0x0000005e25000000)]
  0x0000018feeb3b7d0 JavaThread "ForkJoinPool.commonPool-worker-1" daemon [_thread_blocked, id=83676, stack(0x0000005e25500000,0x0000005e25600000)]
  0x0000018feeb708a0 JavaThread "pool-7-thread-1" [_thread_blocked, id=72964, stack(0x0000005e25900000,0x0000005e25a00000)]
  0x0000018feeda19e0 JavaThread "LanguageServerApp-lifecycle" [_thread_blocked, id=75028, stack(0x0000005e25a00000,0x0000005e25b00000)]
  0x0000018fdd0bf170 JavaThread "DestroyJavaVM" [_thread_blocked, id=80812, stack(0x0000005e23b00000,0x0000005e23c00000)]
  0x0000018feeb998c0 JavaThread "ClassGraph-worker-0" daemon [_thread_blocked, id=86812, stack(0x0000005e25b00000,0x0000005e25c00000)]
  0x0000018fed83de20 JavaThread "ClassGraph-worker-1" daemon [_thread_blocked, id=63720, stack(0x0000005e25c00000,0x0000005e25d00000)]
  0x0000018fed83e2f0 JavaThread "ClassGraph-worker-2" daemon [_thread_blocked, id=79512, stack(0x0000005e25d00000,0x0000005e25e00000)]
  0x0000018feeda5ec0 JavaThread "ClassGraph-worker-3" daemon [_thread_blocked, id=83508, stack(0x0000005e25e00000,0x0000005e25f00000)]
  0x0000018feeda40b0 JavaThread "ClassGraph-worker-4" daemon [_thread_blocked, id=82504, stack(0x0000005e25f00000,0x0000005e26000000)]
  0x0000018feeda53f0 JavaThread "ClassGraph-worker-5" daemon [_thread_blocked, id=81076, stack(0x0000005e26000000,0x0000005e26100000)]
  0x0000018feeda4580 JavaThread "ClassGraph-worker-6" daemon [_thread_blocked, id=70016, stack(0x0000005e26100000,0x0000005e26200000)]
  0x0000018feeda3be0 JavaThread "ClassGraph-worker-7" daemon [_thread_blocked, id=83256, stack(0x0000005e26200000,0x0000005e26300000)]
  0x0000018feeda58c0 JavaThread "ClassGraph-worker-8" daemon [_thread_blocked, id=83560, stack(0x0000005e26300000,0x0000005e26400000)]
  0x0000018feeda1f00 JavaThread "ClassGraph-worker-9" daemon [_thread_blocked, id=76280, stack(0x0000005e26400000,0x0000005e26500000)]
  0x0000018feeda2d70 JavaThread "ClassGraph-worker-10" daemon [_thread_blocked, id=81096, stack(0x0000005e26500000,0x0000005e26600000)]
  0x0000018feeda23d0 JavaThread "ClassGraph-worker-11" daemon [_thread_blocked, id=86836, stack(0x0000005e26600000,0x0000005e26700000)]
  0x0000018feeda4a50 JavaThread "ClassGraph-worker-12" daemon [_thread_blocked, id=16244, stack(0x0000005e26700000,0x0000005e26800000)]
  0x0000018feeda4f20 JavaThread "ClassGraph-worker-13" daemon [_thread_blocked, id=72288, stack(0x0000005e26800000,0x0000005e26900000)]
  0x0000018feeda28a0 JavaThread "pool-8-thread-1" [_thread_in_native, id=84372, stack(0x0000005e26900000,0x0000005e26a00000)]
  0x0000018feeda3240 JavaThread "Simple-Language-Server main thread" daemon [_thread_blocked, id=16844, stack(0x0000005e26a00000,0x0000005e26b00000)]
  0x0000018feeda3710 JavaThread "parallel-1" daemon [_thread_blocked, id=83868, stack(0x0000005e26b00000,0x0000005e26c00000)]
  0x0000018fef3c92b0 JavaThread "pool-5-thread-1" [_thread_blocked, id=60652, stack(0x0000005e26c00000,0x0000005e26d00000)]
  0x0000018fef3c8de0 JavaThread "parallel-2" daemon [_thread_blocked, id=80548, stack(0x0000005e26d00000,0x0000005e26e00000)]
  0x0000018fef3cb930 JavaThread "parallel-3" daemon [_thread_blocked, id=85336, stack(0x0000005e26e00000,0x0000005e26f00000)]
  0x0000018fef3c9780 JavaThread "parallel-4" daemon [_thread_blocked, id=79472, stack(0x0000005e26f00000,0x0000005e27000000)]
  0x0000018fef3c9c50 JavaThread "parallel-5" daemon [_thread_blocked, id=71776, stack(0x0000005e27000000,0x0000005e27100000)]
  0x0000018fef3cb460 JavaThread "pool-2-thread-1" [_thread_blocked, id=81108, stack(0x0000005e27100000,0x0000005e27200000)]
  0x0000018fef3ca120 JavaThread "ForkJoinPool.commonPool-worker-2" daemon [_thread_blocked, id=76668, stack(0x0000005e27200000,0x0000005e27300000)]
  0x0000018fef3c8910 JavaThread "pool-2-thread-2" [_thread_blocked, id=37820, stack(0x0000005e27300000,0x0000005e27400000)]
  0x0000018fef3ca5f0 JavaThread "Reconciler-1" daemon [_thread_blocked, id=71144, stack(0x0000005e27400000,0x0000005e27500000)]
  0x0000018fef3caac0 JavaThread "parallel-6" daemon [_thread_blocked, id=80892, stack(0x0000005e27700000,0x0000005e27800000)]

Other Threads:
=>0x0000018fec440960 VMThread "VM Thread" [stack: 0x0000005e24100000,0x0000005e24200000] [id=85208]
  0x0000018fed2490b0 WatcherThread [stack: 0x0000005e24e00000,0x0000005e24f00000] [id=86436]
  0x0000018fdd11be00 GCTaskThread "GC Thread#0" [stack: 0x0000005e23c00000,0x0000005e23d00000] [id=86728]
  0x0000018fedb2a430 GCTaskThread "GC Thread#1" [stack: 0x0000005e25000000,0x0000005e25100000] [id=17780]
  0x0000018fedb823d0 GCTaskThread "GC Thread#2" [stack: 0x0000005e25100000,0x0000005e25200000] [id=85228]
  0x0000018fedad97a0 GCTaskThread "GC Thread#3" [stack: 0x0000005e25200000,0x0000005e25300000] [id=83280]
  0x0000018fedbe1790 GCTaskThread "GC Thread#4" [stack: 0x0000005e25300000,0x0000005e25400000] [id=34608]
  0x0000018fedbe1a40 GCTaskThread "GC Thread#5" [stack: 0x0000005e25400000,0x0000005e25500000] [id=69672]
  0x0000018fee59ffc0 GCTaskThread "GC Thread#6" [stack: 0x0000005e25600000,0x0000005e25700000] [id=61264]
  0x0000018fee5fe6e0 GCTaskThread "GC Thread#7" [stack: 0x0000005e25700000,0x0000005e25800000] [id=83680]
  0x0000018fdd12c950 ConcurrentGCThread "G1 Main Marker" [stack: 0x0000005e23d00000,0x0000005e23e00000] [id=79680]
  0x0000018fdd12da00 ConcurrentGCThread "G1 Conc#0" [stack: 0x0000005e23e00000,0x0000005e23f00000] [id=82528]
  0x0000018fee731830 ConcurrentGCThread "G1 Conc#1" [stack: 0x0000005e25800000,0x0000005e25900000] [id=19432]
  0x0000018fdd18e150 ConcurrentGCThread "G1 Refine#0" [stack: 0x0000005e23f00000,0x0000005e24000000] [id=66668]
  0x0000018ff0963c60 ConcurrentGCThread "G1 Refine#1" [stack: 0x0000005e27500000,0x0000005e27600000] [id=67596]
  0x0000018feeea3970 ConcurrentGCThread "G1 Refine#2" [stack: 0x0000005e27600000,0x0000005e27700000] [id=78472]
  0x0000018fdd18e980 ConcurrentGCThread "G1 Service" [stack: 0x0000005e24000000,0x0000005e24100000] [id=82932]

Threads with active compile tasks:

VM state: at safepoint (normal execution)

VM Mutex/Monitor currently owned by a thread:  ([mutex/lock_event])
[0x0000018fdcfac160] Threads_lock - owner thread: 0x0000018fec440960
[0x0000018fdd0bcd50] Heap_lock - owner thread: 0x0000018feeda5ec0

Heap address: 0x0000000081e00000, size: 2018 MB, Compressed Oops mode: 32-bit

CDS archive(s) not mapped
Compressed class space mapped at: 0x0000000100000000-0x0000000140000000, reserved size: 1073741824
Narrow klass base: 0x0000000000000000, Narrow klass shift: 3, Narrow klass range: 0x140000000

GC Precious Log:
 CPUs: 8 total, 8 available
 Memory: 8070M
 Large Page Support: Disabled
 NUMA Support: Disabled
 Compressed Oops: Enabled (32-bit)
 Heap Region Size: 1M
 Heap Min Capacity: 8M
 Heap Initial Capacity: 128M
 Heap Max Capacity: 2018M
 Pre-touch: Disabled
 Parallel Workers: 8
 Concurrent Workers: 2
 Concurrent Refinement Workers: 8
 Periodic GC: Disabled

Heap:
 garbage-first heap   total 189440K, used 73882K [0x0000000081e00000, 0x0000000100000000)
  region size 1024K, 6 young (6144K), 6 survivors (6144K)
 Metaspace       used 35270K, committed 35584K, reserved 1081344K
  class space    used 4600K, committed 4736K, reserved 1048576K

Heap Regions: E=young(eden), S=young(survivor), O=old, HS=humongous(starts), HC=humongous(continues), CS=collection set, F=free, OA=open archive, CA=closed archive, TAMS=top-at-mark-start (previous, next)
|   0|0x0000000081e00000, 0x0000000081f00000, 0x0000000081f00000|100%| O|  |TAMS 0x0000000081f00000, 0x0000000081e00000| Untracked 
|   1|0x0000000081f00000, 0x0000000082000000, 0x0000000082000000|100%| O|  |TAMS 0x0000000082000000, 0x0000000081f00000| Untracked 
|   2|0x0000000082000000, 0x0000000082100000, 0x0000000082100000|100%| O|  |TAMS 0x0000000082100000, 0x0000000082000000| Untracked 
|   3|0x0000000082100000, 0x0000000082200000, 0x0000000082200000|100%| O|  |TAMS 0x0000000082200000, 0x0000000082100000| Untracked 
|   4|0x0000000082200000, 0x0000000082300000, 0x0000000082300000|100%| O|  |TAMS 0x0000000082300000, 0x0000000082200000| Untracked 
|   5|0x0000000082300000, 0x0000000082400000, 0x0000000082400000|100%| O|  |TAMS 0x0000000082400000, 0x0000000082300000| Untracked 
|   6|0x0000000082400000, 0x0000000082500000, 0x0000000082500000|100%| O|  |TAMS 0x0000000082500000, 0x0000000082400000| Untracked 
|   7|0x0000000082500000, 0x0000000082600000, 0x0000000082600000|100%| O|  |TAMS 0x0000000082600000, 0x0000000082500000| Untracked 
|   8|0x0000000082600000, 0x0000000082700000, 0x0000000082700000|100%| O|  |TAMS 0x0000000082600000, 0x0000000082600000| Untracked 
|   9|0x0000000082700000, 0x0000000082800000, 0x0000000082800000|100%| O|  |TAMS 0x0000000082800000, 0x0000000082700000| Untracked 
|  10|0x0000000082800000, 0x0000000082900000, 0x0000000082900000|100%| O|  |TAMS 0x0000000082900000, 0x0000000082800000| Untracked 
|  11|0x0000000082900000, 0x0000000082a00000, 0x0000000082a00000|100%| O|  |TAMS 0x0000000082a00000, 0x0000000082900000| Untracked 
|  12|0x0000000082a00000, 0x0000000082b00000, 0x0000000082b00000|100%|HS|  |TAMS 0x0000000082a00000, 0x0000000082a00000| Complete 
|  13|0x0000000082b00000, 0x0000000082c00000, 0x0000000082c00000|100%| O|  |TAMS 0x0000000082c00000, 0x0000000082b00000| Untracked 
|  14|0x0000000082c00000, 0x0000000082d00000, 0x0000000082d00000|100%| O|  |TAMS 0x0000000082d00000, 0x0000000082c00000| Untracked 
|  15|0x0000000082d00000, 0x0000000082e00000, 0x0000000082e00000|100%| O|  |TAMS 0x0000000082e00000, 0x0000000082d00000| Untracked 
|  16|0x0000000082e00000, 0x0000000082f00000, 0x0000000082f00000|100%| O|  |TAMS 0x0000000082f00000, 0x0000000082e00000| Untracked 
|  17|0x0000000082f00000, 0x0000000083000000, 0x0000000083000000|100%| O|  |TAMS 0x0000000083000000, 0x0000000082f00000| Untracked 
|  18|0x0000000083000000, 0x0000000083100000, 0x0000000083100000|100%| O|  |TAMS 0x0000000083100000, 0x0000000083000000| Untracked 
|  19|0x0000000083100000, 0x0000000083200000, 0x0000000083200000|100%| O|  |TAMS 0x0000000083200000, 0x0000000083100000| Untracked 
|  20|0x0000000083200000, 0x0000000083300000, 0x0000000083300000|100%| O|  |TAMS 0x0000000083300000, 0x0000000083200000| Untracked 
|  21|0x0000000083300000, 0x0000000083400000, 0x0000000083400000|100%| O|  |TAMS 0x0000000083400000, 0x0000000083300000| Untracked 
|  22|0x0000000083400000, 0x0000000083500000, 0x0000000083500000|100%| O|  |TAMS 0x0000000083500000, 0x0000000083400000| Untracked 
|  23|0x0000000083500000, 0x0000000083600000, 0x0000000083600000|100%| O|  |TAMS 0x0000000083600000, 0x0000000083500000| Untracked 
|  24|0x0000000083600000, 0x0000000083700000, 0x0000000083700000|100%| O|  |TAMS 0x0000000083700000, 0x0000000083600000| Untracked 
|  25|0x0000000083700000, 0x0000000083800000, 0x0000000083800000|100%| O|  |TAMS 0x0000000083800000, 0x0000000083700000| Untracked 
|  26|0x0000000083800000, 0x0000000083900000, 0x0000000083900000|100%| O|  |TAMS 0x0000000083900000, 0x0000000083800000| Untracked 
|  27|0x0000000083900000, 0x0000000083a00000, 0x0000000083a00000|100%| O|  |TAMS 0x0000000083a00000, 0x0000000083900000| Untracked 
|  28|0x0000000083a00000, 0x0000000083b00000, 0x0000000083b00000|100%| O|  |TAMS 0x0000000083b00000, 0x0000000083a00000| Untracked 
|  29|0x0000000083b00000, 0x0000000083c00000, 0x0000000083c00000|100%| O|  |TAMS 0x0000000083c00000, 0x0000000083b00000| Untracked 
|  30|0x0000000083c00000, 0x0000000083d00000, 0x0000000083d00000|100%| O|  |TAMS 0x0000000083d00000, 0x0000000083c00000| Untracked 
|  31|0x0000000083d00000, 0x0000000083e00000, 0x0000000083e00000|100%| O|  |TAMS 0x0000000083e00000, 0x0000000083d00000| Untracked 
|  32|0x0000000083e00000, 0x0000000083f00000, 0x0000000083f00000|100%| O|  |TAMS 0x0000000083f00000, 0x0000000083e00000| Untracked 
|  33|0x0000000083f00000, 0x0000000084000000, 0x0000000084000000|100%| O|  |TAMS 0x0000000083f50c00, 0x0000000083f00000| Untracked 
|  34|0x0000000084000000, 0x0000000084100000, 0x0000000084100000|100%| O|  |TAMS 0x0000000084000000, 0x0000000084000000| Untracked 
|  35|0x0000000084100000, 0x0000000084200000, 0x0000000084200000|100%| O|  |TAMS 0x0000000084100000, 0x0000000084100000| Untracked 
|  36|0x0000000084200000, 0x0000000084300000, 0x0000000084300000|100%| O|  |TAMS 0x0000000084200000, 0x0000000084200000| Untracked 
|  37|0x0000000084300000, 0x0000000084400000, 0x0000000084400000|100%| O|  |TAMS 0x0000000084300000, 0x0000000084300000| Untracked 
|  38|0x0000000084400000, 0x0000000084500000, 0x0000000084500000|100%| O|  |TAMS 0x0000000084400000, 0x0000000084400000| Untracked 
|  39|0x0000000084500000, 0x0000000084600000, 0x0000000084600000|100%| O|  |TAMS 0x0000000084500000, 0x0000000084500000| Untracked 
|  40|0x0000000084600000, 0x0000000084700000, 0x0000000084700000|100%| O|  |TAMS 0x0000000084600000, 0x0000000084600000| Untracked 
|  41|0x0000000084700000, 0x0000000084800000, 0x0000000084800000|100%| O|  |TAMS 0x0000000084700000, 0x0000000084700000| Untracked 
|  42|0x0000000084800000, 0x0000000084900000, 0x0000000084900000|100%| O|  |TAMS 0x0000000084800000, 0x0000000084800000| Untracked 
|  43|0x0000000084900000, 0x0000000084a00000, 0x0000000084a00000|100%| O|  |TAMS 0x0000000084900000, 0x0000000084900000| Untracked 
|  44|0x0000000084a00000, 0x0000000084b00000, 0x0000000084b00000|100%| O|  |TAMS 0x0000000084a00000, 0x0000000084a00000| Untracked 
|  45|0x0000000084b00000, 0x0000000084c00000, 0x0000000084c00000|100%| O|  |TAMS 0x0000000084b00000, 0x0000000084b00000| Untracked 
|  46|0x0000000084c00000, 0x0000000084d00000, 0x0000000084d00000|100%|HS|  |TAMS 0x0000000084c00000, 0x0000000084c00000| Complete 
|  47|0x0000000084d00000, 0x0000000084e00000, 0x0000000084e00000|100%| O|  |TAMS 0x0000000084d00000, 0x0000000084d00000| Untracked 
|  48|0x0000000084e00000, 0x0000000084f00000, 0x0000000084f00000|100%| O|  |TAMS 0x0000000084e00000, 0x0000000084e00000| Untracked 
|  49|0x0000000084f00000, 0x0000000085000000, 0x0000000085000000|100%| O|  |TAMS 0x0000000084f00000, 0x0000000084f00000| Untracked 
|  50|0x0000000085000000, 0x0000000085100000, 0x0000000085100000|100%| O|  |TAMS 0x0000000085000000, 0x0000000085000000| Untracked 
|  51|0x0000000085100000, 0x0000000085200000, 0x0000000085200000|100%| O|  |TAMS 0x0000000085100000, 0x0000000085100000| Untracked 
|  52|0x0000000085200000, 0x0000000085300000, 0x0000000085300000|100%| O|  |TAMS 0x0000000085200000, 0x0000000085200000| Untracked 
|  53|0x0000000085300000, 0x0000000085400000, 0x0000000085400000|100%| O|  |TAMS 0x0000000085300000, 0x0000000085300000| Untracked 
|  54|0x0000000085400000, 0x0000000085500000, 0x0000000085500000|100%| O|  |TAMS 0x0000000085400000, 0x0000000085400000| Untracked 
|  55|0x0000000085500000, 0x0000000085600000, 0x0000000085600000|100%| O|  |TAMS 0x0000000085500000, 0x0000000085500000| Untracked 
|  56|0x0000000085600000, 0x0000000085700000, 0x0000000085700000|100%| O|  |TAMS 0x0000000085600000, 0x0000000085600000| Untracked 
|  57|0x0000000085700000, 0x0000000085800000, 0x0000000085800000|100%| O|  |TAMS 0x0000000085700000, 0x0000000085700000| Untracked 
|  58|0x0000000085800000, 0x0000000085900000, 0x0000000085900000|100%| O|  |TAMS 0x0000000085800000, 0x0000000085800000| Untracked 
|  59|0x0000000085900000, 0x0000000085a00000, 0x0000000085a00000|100%| O|  |TAMS 0x0000000085900000, 0x0000000085900000| Untracked 
|  60|0x0000000085a00000, 0x0000000085b00000, 0x0000000085b00000|100%| O|  |TAMS 0x0000000085a00000, 0x0000000085a00000| Untracked 
|  61|0x0000000085b00000, 0x0000000085c00000, 0x0000000085c00000|100%| O|  |TAMS 0x0000000085b00000, 0x0000000085b00000| Untracked 
|  62|0x0000000085c00000, 0x0000000085d00000, 0x0000000085d00000|100%| O|  |TAMS 0x0000000085c00000, 0x0000000085c00000| Untracked 
|  63|0x0000000085d00000, 0x0000000085e00000, 0x0000000085e00000|100%| O|  |TAMS 0x0000000085d00000, 0x0000000085d00000| Untracked 
|  64|0x0000000085e00000, 0x0000000085f00000, 0x0000000085f00000|100%| O|  |TAMS 0x0000000085e00000, 0x0000000085e00000| Untracked 
|  65|0x0000000085f00000, 0x0000000086000000, 0x0000000086000000|100%| O|  |TAMS 0x0000000085f00000, 0x0000000085f00000| Untracked 
|  66|0x0000000086000000, 0x0000000086094e00, 0x0000000086100000| 58%| O|  |TAMS 0x0000000086000000, 0x0000000086000000| Untracked 
|  67|0x0000000086100000, 0x0000000086100000, 0x0000000086200000|  0%| F|  |TAMS 0x0000000086100000, 0x0000000086100000| Untracked 
|  68|0x0000000086200000, 0x0000000086200000, 0x0000000086300000|  0%| F|  |TAMS 0x0000000086200000, 0x0000000086200000| Untracked 
|  69|0x0000000086300000, 0x0000000086300000, 0x0000000086400000|  0%| F|  |TAMS 0x0000000086300000, 0x0000000086300000| Untracked 
|  70|0x0000000086400000, 0x0000000086400000, 0x0000000086500000|  0%| F|  |TAMS 0x0000000086400000, 0x0000000086400000| Untracked 
|  71|0x0000000086500000, 0x0000000086500000, 0x0000000086600000|  0%| F|  |TAMS 0x0000000086500000, 0x0000000086500000| Untracked 
|  72|0x0000000086600000, 0x0000000086600000, 0x0000000086700000|  0%| F|  |TAMS 0x0000000086600000, 0x0000000086600000| Untracked 
|  73|0x0000000086700000, 0x0000000086700000, 0x0000000086800000|  0%| F|  |TAMS 0x0000000086700000, 0x0000000086700000| Untracked 
|  74|0x0000000086800000, 0x0000000086800000, 0x0000000086900000|  0%| F|  |TAMS 0x0000000086800000, 0x0000000086800000| Untracked 
|  75|0x0000000086900000, 0x0000000086900000, 0x0000000086a00000|  0%| F|  |TAMS 0x0000000086900000, 0x0000000086900000| Untracked 
|  76|0x0000000086a00000, 0x0000000086a00000, 0x0000000086b00000|  0%| F|  |TAMS 0x0000000086a00000, 0x0000000086a00000| Untracked 
|  77|0x0000000086b00000, 0x0000000086b00000, 0x0000000086c00000|  0%| F|  |TAMS 0x0000000086b00000, 0x0000000086b00000| Untracked 
|  78|0x0000000086c00000, 0x0000000086c00000, 0x0000000086d00000|  0%| F|  |TAMS 0x0000000086c00000, 0x0000000086c00000| Untracked 
|  79|0x0000000086d00000, 0x0000000086d00000, 0x0000000086e00000|  0%| F|  |TAMS 0x0000000086d00000, 0x0000000086d00000| Untracked 
|  80|0x0000000086e00000, 0x0000000086e00000, 0x0000000086f00000|  0%| F|  |TAMS 0x0000000086e00000, 0x0000000086e00000| Untracked 
|  81|0x0000000086f00000, 0x0000000086f00000, 0x0000000087000000|  0%| F|  |TAMS 0x0000000086f00000, 0x0000000086f00000| Untracked 
|  82|0x0000000087000000, 0x0000000087000000, 0x0000000087100000|  0%| F|  |TAMS 0x0000000087000000, 0x0000000087000000| Untracked 
|  83|0x0000000087100000, 0x0000000087100000, 0x0000000087200000|  0%| F|  |TAMS 0x0000000087100000, 0x0000000087100000| Untracked 
|  84|0x0000000087200000, 0x0000000087200000, 0x0000000087300000|  0%| F|  |TAMS 0x0000000087200000, 0x0000000087200000| Untracked 
|  85|0x0000000087300000, 0x0000000087300000, 0x0000000087400000|  0%| F|  |TAMS 0x0000000087300000, 0x0000000087300000| Untracked 
|  86|0x0000000087400000, 0x0000000087400000, 0x0000000087500000|  0%| F|  |TAMS 0x0000000087400000, 0x0000000087400000| Untracked 
|  87|0x0000000087500000, 0x0000000087500000, 0x0000000087600000|  0%| F|  |TAMS 0x0000000087500000, 0x0000000087500000| Untracked 
|  88|0x0000000087600000, 0x0000000087600000, 0x0000000087700000|  0%| F|  |TAMS 0x0000000087600000, 0x0000000087600000| Untracked 
|  89|0x0000000087700000, 0x0000000087700000, 0x0000000087800000|  0%| F|  |TAMS 0x0000000087700000, 0x0000000087700000| Untracked 
|  90|0x0000000087800000, 0x0000000087800000, 0x0000000087900000|  0%| F|  |TAMS 0x0000000087800000, 0x0000000087800000| Untracked 
|  91|0x0000000087900000, 0x0000000087900000, 0x0000000087a00000|  0%| F|  |TAMS 0x0000000087900000, 0x0000000087900000| Untracked 
|  92|0x0000000087a00000, 0x0000000087a00000, 0x0000000087b00000|  0%| F|  |TAMS 0x0000000087a00000, 0x0000000087a00000| Untracked 
|  93|0x0000000087b00000, 0x0000000087b00000, 0x0000000087c00000|  0%| F|  |TAMS 0x0000000087b00000, 0x0000000087b00000| Untracked 
|  94|0x0000000087c00000, 0x0000000087c00000, 0x0000000087d00000|  0%| F|  |TAMS 0x0000000087c00000, 0x0000000087c00000| Untracked 
|  95|0x0000000087d00000, 0x0000000087d00000, 0x0000000087e00000|  0%| F|  |TAMS 0x0000000087d00000, 0x0000000087d00000| Untracked 
|  96|0x0000000087e00000, 0x0000000087e00000, 0x0000000087f00000|  0%| F|  |TAMS 0x0000000087e00000, 0x0000000087e00000| Untracked 
|  97|0x0000000087f00000, 0x0000000087f00000, 0x0000000088000000|  0%| F|  |TAMS 0x0000000087f00000, 0x0000000087f00000| Untracked 
|  98|0x0000000088000000, 0x0000000088000000, 0x0000000088100000|  0%| F|  |TAMS 0x0000000088000000, 0x0000000088000000| Untracked 
|  99|0x0000000088100000, 0x0000000088100000, 0x0000000088200000|  0%| F|  |TAMS 0x0000000088100000, 0x0000000088100000| Untracked 
| 100|0x0000000088200000, 0x0000000088200000, 0x0000000088300000|  0%| F|  |TAMS 0x0000000088200000, 0x0000000088200000| Untracked 
| 101|0x0000000088300000, 0x0000000088300000, 0x0000000088400000|  0%| F|  |TAMS 0x0000000088300000, 0x0000000088300000| Untracked 
| 102|0x0000000088400000, 0x0000000088400000, 0x0000000088500000|  0%| F|  |TAMS 0x0000000088400000, 0x0000000088400000| Untracked 
| 103|0x0000000088500000, 0x0000000088500000, 0x0000000088600000|  0%| F|  |TAMS 0x0000000088500000, 0x0000000088500000| Untracked 
| 104|0x0000000088600000, 0x0000000088600000, 0x0000000088700000|  0%| F|  |TAMS 0x0000000088600000, 0x0000000088600000| Untracked 
| 105|0x0000000088700000, 0x0000000088700000, 0x0000000088800000|  0%| F|  |TAMS 0x0000000088700000, 0x0000000088700000| Untracked 
| 106|0x0000000088800000, 0x0000000088800000, 0x0000000088900000|  0%| F|  |TAMS 0x0000000088800000, 0x0000000088800000| Untracked 
| 107|0x0000000088900000, 0x0000000088991cf8, 0x0000000088a00000| 56%| S|CS|TAMS 0x0000000088900000, 0x0000000088900000| Complete 
| 108|0x0000000088a00000, 0x0000000088b00000, 0x0000000088b00000|100%| S|CS|TAMS 0x0000000088a00000, 0x0000000088a00000| Complete 
| 109|0x0000000088b00000, 0x0000000088c00000, 0x0000000088c00000|100%| S|CS|TAMS 0x0000000088b00000, 0x0000000088b00000| Complete 
| 110|0x0000000088c00000, 0x0000000088d00000, 0x0000000088d00000|100%| S|CS|TAMS 0x0000000088c00000, 0x0000000088c00000| Complete 
| 111|0x0000000088d00000, 0x0000000088e00000, 0x0000000088e00000|100%| S|CS|TAMS 0x0000000088d00000, 0x0000000088d00000| Complete 
| 112|0x0000000088e00000, 0x0000000088f00000, 0x0000000088f00000|100%| S|CS|TAMS 0x0000000088e00000, 0x0000000088e00000| Complete 
| 113|0x0000000088f00000, 0x0000000088f00000, 0x0000000089000000|  0%| F|  |TAMS 0x0000000088f00000, 0x0000000088f00000| Untracked 
| 114|0x0000000089000000, 0x0000000089000000, 0x0000000089100000|  0%| F|  |TAMS 0x0000000089000000, 0x0000000089000000| Untracked 
| 115|0x0000000089100000, 0x0000000089100000, 0x0000000089200000|  0%| F|  |TAMS 0x0000000089100000, 0x0000000089100000| Untracked 
| 116|0x0000000089200000, 0x0000000089200000, 0x0000000089300000|  0%| F|  |TAMS 0x0000000089200000, 0x0000000089200000| Untracked 
| 117|0x0000000089300000, 0x0000000089300000, 0x0000000089400000|  0%| F|  |TAMS 0x0000000089300000, 0x0000000089300000| Untracked 
| 118|0x0000000089400000, 0x0000000089400000, 0x0000000089500000|  0%| F|  |TAMS 0x0000000089400000, 0x0000000089400000| Untracked 
| 119|0x0000000089500000, 0x0000000089500000, 0x0000000089600000|  0%| F|  |TAMS 0x0000000089500000, 0x0000000089500000| Untracked 
| 120|0x0000000089600000, 0x0000000089600000, 0x0000000089700000|  0%| F|  |TAMS 0x0000000089600000, 0x0000000089600000| Untracked 
| 121|0x0000000089700000, 0x0000000089700000, 0x0000000089800000|  0%| F|  |TAMS 0x0000000089700000, 0x0000000089700000| Untracked 
| 122|0x0000000089800000, 0x0000000089800000, 0x0000000089900000|  0%| F|  |TAMS 0x0000000089800000, 0x0000000089800000| Untracked 
| 123|0x0000000089900000, 0x0000000089900000, 0x0000000089a00000|  0%| F|  |TAMS 0x0000000089900000, 0x0000000089900000| Untracked 
| 124|0x0000000089a00000, 0x0000000089a00000, 0x0000000089b00000|  0%| F|  |TAMS 0x0000000089a00000, 0x0000000089a00000| Untracked 
| 125|0x0000000089b00000, 0x0000000089b00000, 0x0000000089c00000|  0%| F|  |TAMS 0x0000000089b00000, 0x0000000089b00000| Untracked 
| 126|0x0000000089c00000, 0x0000000089c00000, 0x0000000089d00000|  0%| F|  |TAMS 0x0000000089c00000, 0x0000000089c00000| Untracked 
| 127|0x0000000089d00000, 0x0000000089d00000, 0x0000000089e00000|  0%| F|  |TAMS 0x0000000089d00000, 0x0000000089d00000| Untracked 
| 128|0x0000000089e00000, 0x0000000089e00000, 0x0000000089f00000|  0%| F|  |TAMS 0x0000000089e00000, 0x0000000089e00000| Untracked 
| 129|0x0000000089f00000, 0x0000000089f00000, 0x000000008a000000|  0%| F|  |TAMS 0x0000000089f00000, 0x0000000089f00000| Untracked 
| 130|0x000000008a000000, 0x000000008a000000, 0x000000008a100000|  0%| F|  |TAMS 0x000000008a000000, 0x000000008a000000| Untracked 
| 131|0x000000008a100000, 0x000000008a100000, 0x000000008a200000|  0%| F|  |TAMS 0x000000008a100000, 0x000000008a100000| Untracked 
| 132|0x000000008a200000, 0x000000008a200000, 0x000000008a300000|  0%| F|  |TAMS 0x000000008a200000, 0x000000008a200000| Untracked 
| 133|0x000000008a300000, 0x000000008a300000, 0x000000008a400000|  0%| F|  |TAMS 0x000000008a300000, 0x000000008a300000| Untracked 
| 134|0x000000008a400000, 0x000000008a400000, 0x000000008a500000|  0%| F|  |TAMS 0x000000008a400000, 0x000000008a400000| Untracked 
| 135|0x000000008a500000, 0x000000008a500000, 0x000000008a600000|  0%| F|  |TAMS 0x000000008a500000, 0x000000008a500000| Untracked 
| 136|0x000000008a600000, 0x000000008a600000, 0x000000008a700000|  0%| F|  |TAMS 0x000000008a600000, 0x000000008a600000| Untracked 
| 137|0x000000008a700000, 0x000000008a700000, 0x000000008a800000|  0%| F|  |TAMS 0x000000008a700000, 0x000000008a700000| Untracked 
| 138|0x000000008a800000, 0x000000008a800000, 0x000000008a900000|  0%| F|  |TAMS 0x000000008a800000, 0x000000008a800000| Untracked 
| 139|0x000000008a900000, 0x000000008a900000, 0x000000008aa00000|  0%| F|  |TAMS 0x000000008a900000, 0x000000008a900000| Untracked 
| 140|0x000000008aa00000, 0x000000008aa00000, 0x000000008ab00000|  0%| F|  |TAMS 0x000000008aa00000, 0x000000008aa00000| Untracked 
| 141|0x000000008ab00000, 0x000000008ab00000, 0x000000008ac00000|  0%| F|  |TAMS 0x000000008ab00000, 0x000000008ab00000| Untracked 
| 142|0x000000008ac00000, 0x000000008ac00000, 0x000000008ad00000|  0%| F|  |TAMS 0x000000008ac00000, 0x000000008ac00000| Untracked 
| 143|0x000000008ad00000, 0x000000008ad00000, 0x000000008ae00000|  0%| F|  |TAMS 0x000000008ad00000, 0x000000008ad00000| Untracked 
| 144|0x000000008ae00000, 0x000000008ae00000, 0x000000008af00000|  0%| F|  |TAMS 0x000000008ae00000, 0x000000008ae00000| Untracked 
| 145|0x000000008af00000, 0x000000008af00000, 0x000000008b000000|  0%| F|  |TAMS 0x000000008af00000, 0x000000008af00000| Untracked 
| 146|0x000000008b000000, 0x000000008b000000, 0x000000008b100000|  0%| F|  |TAMS 0x000000008b000000, 0x000000008b000000| Untracked 
| 147|0x000000008b100000, 0x000000008b100000, 0x000000008b200000|  0%| F|  |TAMS 0x000000008b100000, 0x000000008b100000| Untracked 
| 148|0x000000008b200000, 0x000000008b200000, 0x000000008b300000|  0%| F|  |TAMS 0x000000008b200000, 0x000000008b200000| Untracked 
| 149|0x000000008b300000, 0x000000008b300000, 0x000000008b400000|  0%| F|  |TAMS 0x000000008b300000, 0x000000008b300000| Untracked 
| 150|0x000000008b400000, 0x000000008b400000, 0x000000008b500000|  0%| F|  |TAMS 0x000000008b400000, 0x000000008b400000| Untracked 
| 151|0x000000008b500000, 0x000000008b500000, 0x000000008b600000|  0%| F|  |TAMS 0x000000008b500000, 0x000000008b500000| Untracked 
| 152|0x000000008b600000, 0x000000008b600000, 0x000000008b700000|  0%| F|  |TAMS 0x000000008b600000, 0x000000008b600000| Untracked 
| 153|0x000000008b700000, 0x000000008b700000, 0x000000008b800000|  0%| F|  |TAMS 0x000000008b700000, 0x000000008b700000| Untracked 
| 154|0x000000008b800000, 0x000000008b800000, 0x000000008b900000|  0%| F|  |TAMS 0x000000008b800000, 0x000000008b800000| Untracked 
| 155|0x000000008b900000, 0x000000008b900000, 0x000000008ba00000|  0%| F|  |TAMS 0x000000008b900000, 0x000000008b900000| Untracked 
| 156|0x000000008ba00000, 0x000000008ba00000, 0x000000008bb00000|  0%| F|  |TAMS 0x000000008ba00000, 0x000000008ba00000| Untracked 
| 157|0x000000008bb00000, 0x000000008bb00000, 0x000000008bc00000|  0%| F|  |TAMS 0x000000008bb00000, 0x000000008bb00000| Untracked 
| 158|0x000000008bc00000, 0x000000008bc00000, 0x000000008bd00000|  0%| F|  |TAMS 0x000000008bc00000, 0x000000008bc00000| Untracked 
| 159|0x000000008bd00000, 0x000000008bd00000, 0x000000008be00000|  0%| F|  |TAMS 0x000000008bd00000, 0x000000008bd00000| Untracked 
| 160|0x000000008be00000, 0x000000008be00000, 0x000000008bf00000|  0%| F|  |TAMS 0x000000008be00000, 0x000000008be00000| Untracked 
| 161|0x000000008bf00000, 0x000000008bf00000, 0x000000008c000000|  0%| F|  |TAMS 0x000000008bf00000, 0x000000008bf00000| Untracked 
| 162|0x000000008c000000, 0x000000008c000000, 0x000000008c100000|  0%| F|  |TAMS 0x000000008c000000, 0x000000008c000000| Untracked 
| 163|0x000000008c100000, 0x000000008c100000, 0x000000008c200000|  0%| F|  |TAMS 0x000000008c100000, 0x000000008c100000| Untracked 
| 164|0x000000008c200000, 0x000000008c200000, 0x000000008c300000|  0%| F|  |TAMS 0x000000008c200000, 0x000000008c200000| Untracked 
| 165|0x000000008c300000, 0x000000008c300000, 0x000000008c400000|  0%| F|  |TAMS 0x000000008c300000, 0x000000008c300000| Untracked 
| 166|0x000000008c400000, 0x000000008c400000, 0x000000008c500000|  0%| F|  |TAMS 0x000000008c400000, 0x000000008c400000| Untracked 
| 167|0x000000008c500000, 0x000000008c500000, 0x000000008c600000|  0%| F|  |TAMS 0x000000008c500000, 0x000000008c500000| Untracked 
| 168|0x000000008c600000, 0x000000008c600000, 0x000000008c700000|  0%| F|  |TAMS 0x000000008c600000, 0x000000008c600000| Untracked 
| 169|0x000000008c700000, 0x000000008c700000, 0x000000008c800000|  0%| F|  |TAMS 0x000000008c700000, 0x000000008c700000| Untracked 
| 170|0x000000008c800000, 0x000000008c800000, 0x000000008c900000|  0%| F|  |TAMS 0x000000008c800000, 0x000000008c800000| Untracked 
| 171|0x000000008c900000, 0x000000008c900000, 0x000000008ca00000|  0%| F|  |TAMS 0x000000008c900000, 0x000000008c900000| Untracked 
| 172|0x000000008ca00000, 0x000000008ca00000, 0x000000008cb00000|  0%| F|  |TAMS 0x000000008ca00000, 0x000000008ca00000| Untracked 
| 173|0x000000008cb00000, 0x000000008cb00000, 0x000000008cc00000|  0%| F|  |TAMS 0x000000008cb00000, 0x000000008cb00000| Untracked 
| 174|0x000000008cc00000, 0x000000008cc00000, 0x000000008cd00000|  0%| F|  |TAMS 0x000000008cc00000, 0x000000008cc00000| Untracked 
| 175|0x000000008cd00000, 0x000000008cd00000, 0x000000008ce00000|  0%| F|  |TAMS 0x000000008cd00000, 0x000000008cd00000| Untracked 
| 176|0x000000008ce00000, 0x000000008ce00000, 0x000000008cf00000|  0%| F|  |TAMS 0x000000008ce00000, 0x000000008ce00000| Untracked 
| 177|0x000000008cf00000, 0x000000008cf00000, 0x000000008d000000|  0%| F|  |TAMS 0x000000008cf00000, 0x000000008cf00000| Untracked 
| 178|0x000000008d000000, 0x000000008d000000, 0x000000008d100000|  0%| F|  |TAMS 0x000000008d000000, 0x000000008d000000| Untracked 
| 179|0x000000008d100000, 0x000000008d100000, 0x000000008d200000|  0%| F|  |TAMS 0x000000008d100000, 0x000000008d100000| Untracked 
| 180|0x000000008d200000, 0x000000008d200000, 0x000000008d300000|  0%| F|  |TAMS 0x000000008d200000, 0x000000008d200000| Untracked 
| 181|0x000000008d300000, 0x000000008d300000, 0x000000008d400000|  0%| F|  |TAMS 0x000000008d300000, 0x000000008d300000| Untracked 
| 182|0x000000008d400000, 0x000000008d400000, 0x000000008d500000|  0%| F|  |TAMS 0x000000008d400000, 0x000000008d400000| Untracked 
| 183|0x000000008d500000, 0x000000008d500000, 0x000000008d600000|  0%| F|  |TAMS 0x000000008d500000, 0x000000008d500000| Untracked 
| 184|0x000000008d600000, 0x000000008d600000, 0x000000008d700000|  0%| F|  |TAMS 0x000000008d600000, 0x000000008d600000| Untracked 

Card table byte_map: [0x0000018fe5240000,0x0000018fe5640000] _byte_map_base: 0x0000018fe4e31000

Marking Bits (Prev, Next): (CMBitMap*) 0x0000018fdd11c350, (CMBitMap*) 0x0000018fdd11c310
 Prev Bits: [0x0000018fe79d0000, 0x0000018fe9958000)
 Next Bits: [0x0000018fe5a40000, 0x0000018fe79c8000)

Polling page: 0x0000018fdd190000

Metaspace:

Usage:
  Non-class:     29.95 MB used.
      Class:      4.49 MB used.
       Both:     34.44 MB used.

Virtual space:
  Non-class space:       32.00 MB reserved,      30.12 MB ( 94%) committed,  4 nodes.
      Class space:        1.00 GB reserved,       4.62 MB ( <1%) committed,  1 nodes.
             Both:        1.03 GB reserved,      34.75 MB (  3%) committed. 

Chunk freelists:
   Non-Class:  1.47 MB
       Class:  3.32 MB
        Both:  4.78 MB

MaxMetaspaceSize: unlimited
CompressedClassSpaceSize: 1.00 GB
Initial GC threshold: 21.00 MB
Current GC threshold: 56.81 MB
CDS: off
MetaspaceReclaimPolicy: balanced
 - commit_granule_bytes: 65536.
 - commit_granule_words: 8192.
 - virtual_space_node_default_size: 1048576.
 - enlarge_chunks_in_place: 1.
 - new_chunks_are_fully_committed: 0.
 - uncommit_free_chunks: 1.
 - use_allocation_guard: 0.
 - handle_deallocations: 1.


Internal statistics:

num_allocs_failed_limit: 3.
num_arena_births: 300.
num_arena_deaths: 0.
num_vsnodes_births: 5.
num_vsnodes_deaths: 0.
num_space_committed: 556.
num_space_uncommitted: 0.
num_chunks_returned_to_freelist: 3.
num_chunks_taken_from_freelist: 1295.
num_chunk_merges: 3.
num_chunk_splits: 897.
num_chunks_enlarged: 706.
num_purges: 0.
num_inconsistent_stats: 0.

CodeCache: size=49152Kb used=9192Kb max_used=9192Kb free=39959Kb
 bounds [0x0000018fe1540000, 0x0000018fe1e40000, 0x0000018fe4540000]
 total_blobs=4324 nmethods=3799 adapters=449
 compilation: enabled
              stopped_count=0, restarted_count=0
 full_count=0

Compilation events (20 events):
Event: 4.080 Thread 0x0000018fed2444f0 nmethod 3760 0x0000018fe1e30610 code [0x0000018fe1e307c0, 0x0000018fe1e30928]
Event: 4.080 Thread 0x0000018fed2444f0 3753       1       java.io.ByteArrayOutputStream::close (1 bytes)
Event: 4.080 Thread 0x0000018fed23ffc0 nmethod 3719 0x0000018fe1e30a90 code [0x0000018fe1e30c20, 0x0000018fe1e30cd8]
Event: 4.080 Thread 0x0000018fed23ffc0 3706       1       java.lang.Math::max (12 bytes)
Event: 4.080 Thread 0x0000018fed2444f0 nmethod 3753 0x0000018fe1e30d90 code [0x0000018fe1e30f20, 0x0000018fe1e30fd8]
Event: 4.080 Thread 0x0000018fed237680 nmethod 3792 0x0000018fe1e31090 code [0x0000018fe1e31220, 0x0000018fe1e31498]
Event: 4.080 Thread 0x0000018fed2444f0 3746       1       java.util.zip.Inflater::<init> (28 bytes)
Event: 4.080 Thread 0x0000018fed23ffc0 nmethod 3706 0x0000018fe1e31510 code [0x0000018fe1e316a0, 0x0000018fe1e31758]
Event: 4.080 Thread 0x0000018fed237680 3793       1       java.util.zip.Inflater::<init> (6 bytes)
Event: 4.080 Thread 0x0000018fed23ffc0 3744       1       java.util.concurrent.ConcurrentLinkedQueue$Node::casItem (10 bytes)
Event: 4.080 Thread 0x0000018fed2444f0 nmethod 3746 0x0000018fe1e31810 code [0x0000018fe1e319e0, 0x0000018fe1e31d78]
Event: 4.080 Thread 0x0000018fed237680 nmethod 3793 0x0000018fe1e31f10 code [0x0000018fe1e320e0, 0x0000018fe1e32478]
Event: 4.080 Thread 0x0000018fed2444f0 3742       1       jdk.internal.misc.Unsafe::weakCompareAndSetReference (11 bytes)
Event: 4.080 Thread 0x0000018fed237680 3798   !   1       jdk.internal.reflect.GeneratedMethodAccessor27::invoke (67 bytes)
Event: 4.088 Thread 0x0000018fed23ffc0 nmethod 3744 0x0000018fe1e37410 code [0x0000018fe1e37600, 0x0000018fe1e37a78]
Event: 4.088 Thread 0x0000018fed01d510 nmethod 3767 0x0000018fe1e32610 code [0x0000018fe1e32e40, 0x0000018fe1e35988]
Event: 4.096 Thread 0x0000018fed2444f0 nmethod 3742 0x0000018fe1e37c90 code [0x0000018fe1e37e20, 0x0000018fe1e37f58]
Event: 4.097 Thread 0x0000018fed237680 nmethod 3798 0x0000018fe1e38010 code [0x0000018fe1e38200, 0x0000018fe1e38638]
Event: 4.114 Thread 0x0000018fed01d510 3799  s!   1       jdk.internal.loader.URLClassPath::getLoader (196 bytes)
Event: 4.115 Thread 0x0000018fed01d510 nmethod 3799 0x0000018fe1e38910 code [0x0000018fe1e38bc0, 0x0000018fe1e395d8]

GC Heap History (20 events):
Event: 3.218 GC heap after
{Heap after GC invocations=11 (full 0):
 garbage-first heap   total 73728K, used 29172K [0x0000000081e00000, 0x0000000100000000)
  region size 1024K, 2 young (2048K), 2 survivors (2048K)
 Metaspace       used 33480K, committed 33728K, reserved 1081344K
  class space    used 4257K, committed 4352K, reserved 1048576K
}
Event: 3.317 GC heap before
{Heap before GC invocations=12 (full 0):
 garbage-first heap   total 73728K, used 51700K [0x0000000081e00000, 0x0000000100000000)
  region size 1024K, 24 young (24576K), 2 survivors (2048K)
 Metaspace       used 34010K, committed 34304K, reserved 1081344K
  class space    used 4349K, committed 4480K, reserved 1048576K
}
Event: 3.321 GC heap after
{Heap after GC invocations=13 (full 0):
 garbage-first heap   total 73728K, used 32841K [0x0000000081e00000, 0x0000000100000000)
  region size 1024K, 3 young (3072K), 3 survivors (3072K)
 Metaspace       used 34010K, committed 34304K, reserved 1081344K
  class space    used 4349K, committed 4480K, reserved 1048576K
}
Event: 3.325 GC heap before
{Heap before GC invocations=13 (full 0):
 garbage-first heap   total 73728K, used 33865K [0x0000000081e00000, 0x0000000100000000)
  region size 1024K, 4 young (4096K), 3 survivors (3072K)
 Metaspace       used 34079K, committed 34432K, reserved 1081344K
  class space    used 4359K, committed 4544K, reserved 1048576K
}
Event: 3.329 GC heap after
{Heap after GC invocations=14 (full 0):
 garbage-first heap   total 73728K, used 33652K [0x0000000081e00000, 0x0000000100000000)
  region size 1024K, 1 young (1024K), 1 survivors (1024K)
 Metaspace       used 34079K, committed 34432K, reserved 1081344K
  class space    used 4359K, committed 4544K, reserved 1048576K
}
Event: 3.399 GC heap before
{Heap before GC invocations=14 (full 0):
 garbage-first heap   total 73728K, used 52084K [0x0000000081e00000, 0x0000000100000000)
  region size 1024K, 20 young (20480K), 1 survivors (1024K)
 Metaspace       used 34394K, committed 34752K, reserved 1081344K
  class space    used 4430K, committed 4608K, reserved 1048576K
}
Event: 3.407 GC heap after
{Heap after GC invocations=15 (full 0):
 garbage-first heap   total 73728K, used 39276K [0x0000000081e00000, 0x0000000100000000)
  region size 1024K, 3 young (3072K), 3 survivors (3072K)
 Metaspace       used 34394K, committed 34752K, reserved 1081344K
  class space    used 4430K, committed 4608K, reserved 1048576K
}
Event: 3.468 GC heap before
{Heap before GC invocations=15 (full 0):
 garbage-first heap   total 87040K, used 54636K [0x0000000081e00000, 0x0000000100000000)
  region size 1024K, 18 young (18432K), 3 survivors (3072K)
 Metaspace       used 34565K, committed 34944K, reserved 1081344K
  class space    used 4478K, committed 4672K, reserved 1048576K
}
Event: 3.473 GC heap after
{Heap after GC invocations=16 (full 0):
 garbage-first heap   total 87040K, used 42546K [0x0000000081e00000, 0x0000000100000000)
  region size 1024K, 3 young (3072K), 3 survivors (3072K)
 Metaspace       used 34565K, committed 34944K, reserved 1081344K
  class space    used 4478K, committed 4672K, reserved 1048576K
}
Event: 3.558 GC heap before
{Heap before GC invocations=17 (full 0):
 garbage-first heap   total 87040K, used 64050K [0x0000000081e00000, 0x0000000100000000)
  region size 1024K, 24 young (24576K), 3 survivors (3072K)
 Metaspace       used 35057K, committed 35392K, reserved 1081344K
  class space    used 4573K, committed 4736K, reserved 1048576K
}
Event: 3.564 GC heap after
{Heap after GC invocations=18 (full 0):
 garbage-first heap   total 87040K, used 46443K [0x0000000081e00000, 0x0000000100000000)
  region size 1024K, 3 young (3072K), 3 survivors (3072K)
 Metaspace       used 35057K, committed 35392K, reserved 1081344K
  class space    used 4573K, committed 4736K, reserved 1048576K
}
Event: 3.568 GC heap before
{Heap before GC invocations=18 (full 0):
 garbage-first heap   total 87040K, used 47467K [0x0000000081e00000, 0x0000000100000000)
  region size 1024K, 4 young (4096K), 3 survivors (3072K)
 Metaspace       used 35062K, committed 35392K, reserved 1081344K
  class space    used 4575K, committed 4736K, reserved 1048576K
}
Event: 3.572 GC heap after
{Heap after GC invocations=19 (full 0):
 garbage-first heap   total 189440K, used 46451K [0x0000000081e00000, 0x0000000100000000)
  region size 1024K, 1 young (1024K), 1 survivors (1024K)
 Metaspace       used 35062K, committed 35392K, reserved 1081344K
  class space    used 4575K, committed 4736K, reserved 1048576K
}
Event: 4.029 GC heap before
{Heap before GC invocations=19 (full 0):
 garbage-first heap   total 189440K, used 132467K [0x0000000081e00000, 0x0000000100000000)
  region size 1024K, 84 young (86016K), 1 survivors (1024K)
 Metaspace       used 35165K, committed 35456K, reserved 1081344K
  class space    used 4585K, committed 4736K, reserved 1048576K
}
Event: 4.058 GC heap after
{Heap after GC invocations=20 (full 0):
 garbage-first heap   total 189440K, used 65409K [0x0000000081e00000, 0x0000000100000000)
  region size 1024K, 11 young (11264K), 11 survivors (11264K)
 Metaspace       used 35165K, committed 35456K, reserved 1081344K
  class space    used 4585K, committed 4736K, reserved 1048576K
}
Event: 4.089 GC heap before
{Heap before GC invocations=20 (full 0):
 garbage-first heap   total 189440K, used 125825K [0x0000000081e00000, 0x0000000100000000)
  region size 1024K, 71 young (72704K), 11 survivors (11264K)
 Metaspace       used 35173K, committed 35456K, reserved 1081344K
  class space    used 4587K, committed 4736K, reserved 1048576K
}
Event: 4.096 GC heap after
{Heap after GC invocations=21 (full 0):
 garbage-first heap   total 189440K, used 69029K [0x0000000081e00000, 0x0000000100000000)
  region size 1024K, 4 young (4096K), 4 survivors (4096K)
 Metaspace       used 35173K, committed 35456K, reserved 1081344K
  class space    used 4587K, committed 4736K, reserved 1048576K
}
Event: 4.126 GC heap before
{Heap before GC invocations=21 (full 0):
 garbage-first heap   total 189440K, used 131493K [0x0000000081e00000, 0x0000000100000000)
  region size 1024K, 66 young (67584K), 4 survivors (4096K)
 Metaspace       used 35270K, committed 35584K, reserved 1081344K
  class space    used 4600K, committed 4736K, reserved 1048576K
}
Event: 4.129 GC heap after
{Heap after GC invocations=22 (full 0):
 garbage-first heap   total 189440K, used 70854K [0x0000000081e00000, 0x0000000100000000)
  region size 1024K, 6 young (6144K), 6 survivors (6144K)
 Metaspace       used 35270K, committed 35584K, reserved 1081344K
  class space    used 4600K, committed 4736K, reserved 1048576K
}
Event: 4.154 GC heap before
{Heap before GC invocations=22 (full 0):
 garbage-first heap   total 189440K, used 137414K [0x0000000081e00000, 0x0000000100000000)
  region size 1024K, 72 young (73728K), 6 survivors (6144K)
 Metaspace       used 35270K, committed 35584K, reserved 1081344K
  class space    used 4600K, committed 4736K, reserved 1048576K
}

Deoptimization events (16 events):
Event: 0.897 Thread 0x0000018fdd0bf170 DEOPT PACKING pc=0x0000018fe1956ef5 sp=0x0000005e23bfda00
Event: 0.897 Thread 0x0000018fdd0bf170 DEOPT UNPACKING pc=0x0000018fe1592b43 sp=0x0000005e23bfce70 mode 3
Event: 1.634 Thread 0x0000018fdd0bf170 DEOPT PACKING pc=0x0000018fe1a7ca99 sp=0x0000005e23bfd1b0
Event: 1.634 Thread 0x0000018fdd0bf170 DEOPT UNPACKING pc=0x0000018fe1592b43 sp=0x0000005e23bfc690 mode 3
Event: 2.045 Thread 0x0000018fdd0bf170 DEOPT PACKING pc=0x0000018fe1b3d375 sp=0x0000005e23bfce80
Event: 2.045 Thread 0x0000018fdd0bf170 DEOPT UNPACKING pc=0x0000018fe1592b43 sp=0x0000005e23bfc2f0 mode 3
Event: 2.781 Thread 0x0000018fdd0bf170 DEOPT PACKING pc=0x0000018fe1be3e19 sp=0x0000005e23bfc720
Event: 2.781 Thread 0x0000018fdd0bf170 DEOPT UNPACKING pc=0x0000018fe1592b43 sp=0x0000005e23bfbc00 mode 3
Event: 2.865 Thread 0x0000018feeb3b7d0 DEOPT PACKING pc=0x0000018fe1c4312b sp=0x0000005e255fe8d0
Event: 2.865 Thread 0x0000018feeb3b7d0 DEOPT UNPACKING pc=0x0000018fe1592b43 sp=0x0000005e255fde18 mode 3
Event: 3.175 Thread 0x0000018feeda53f0 DEOPT PACKING pc=0x0000018fe1a7db01 sp=0x0000005e260feeb0
Event: 3.175 Thread 0x0000018feeda53f0 DEOPT UNPACKING pc=0x0000018fe1592b43 sp=0x0000005e260fe340 mode 3
Event: 3.298 Thread 0x0000018feeda3240 DEOPT PACKING pc=0x0000018fe1d91cb5 sp=0x0000005e26afd430
Event: 3.298 Thread 0x0000018feeda3240 DEOPT UNPACKING pc=0x0000018fe1592b43 sp=0x0000005e26afc958 mode 3
Event: 3.820 Thread 0x0000018feeda3be0 DEOPT PACKING pc=0x0000018fe1a73a17 sp=0x0000005e262febc0
Event: 3.820 Thread 0x0000018feeda3be0 DEOPT UNPACKING pc=0x0000018fe1592b43 sp=0x0000005e262fe018 mode 3

Classes unloaded (0 events):
No events

Classes redefined (0 events):
No events

Internal exceptions (20 events):
Event: 2.982 Thread 0x0000018fed83de20 Exception <a 'sun/nio/fs/WindowsException'{0x00000000845aef38}> (0x00000000845aef38) 
thrown [e:\jenkins\tmp\workspace\build\src\src\hotspot\share\prims\jni.cpp, line 516]
Event: 2.982 Thread 0x0000018fed83de20 Exception <a 'sun/nio/fs/WindowsException'{0x00000000845af928}> (0x00000000845af928) 
thrown [e:\jenkins\tmp\workspace\build\src\src\hotspot\share\prims\jni.cpp, line 516]
Event: 2.982 Thread 0x0000018fed83de20 Exception <a 'sun/nio/fs/WindowsException'{0x00000000845afcd0}> (0x00000000845afcd0) 
thrown [e:\jenkins\tmp\workspace\build\src\src\hotspot\share\prims\jni.cpp, line 516]
Event: 2.983 Thread 0x0000018fed83de20 Exception <a 'sun/nio/fs/WindowsException'{0x00000000845b06d0}> (0x00000000845b06d0) 
thrown [e:\jenkins\tmp\workspace\build\src\src\hotspot\share\prims\jni.cpp, line 516]
Event: 2.983 Thread 0x0000018fed83de20 Exception <a 'sun/nio/fs/WindowsException'{0x00000000845b0a90}> (0x00000000845b0a90) 
thrown [e:\jenkins\tmp\workspace\build\src\src\hotspot\share\prims\jni.cpp, line 516]
Event: 2.983 Thread 0x0000018fed83de20 Exception <a 'sun/nio/fs/WindowsException'{0x00000000845b1490}> (0x00000000845b1490) 
thrown [e:\jenkins\tmp\workspace\build\src\src\hotspot\share\prims\jni.cpp, line 516]
Event: 2.983 Thread 0x0000018fed83de20 Exception <a 'sun/nio/fs/WindowsException'{0x00000000845b1840}> (0x00000000845b1840) 
thrown [e:\jenkins\tmp\workspace\build\src\src\hotspot\share\prims\jni.cpp, line 516]
Event: 2.983 Thread 0x0000018fed83de20 Exception <a 'sun/nio/fs/WindowsException'{0x00000000845b2240}> (0x00000000845b2240) 
thrown [e:\jenkins\tmp\workspace\build\src\src\hotspot\share\prims\jni.cpp, line 516]
Event: 2.983 Thread 0x0000018fed83de20 Exception <a 'sun/nio/fs/WindowsException'{0x00000000845b2600}> (0x00000000845b2600) 
thrown [e:\jenkins\tmp\workspace\build\src\src\hotspot\share\prims\jni.cpp, line 516]
Event: 2.983 Thread 0x0000018fed83de20 Exception <a 'sun/nio/fs/WindowsException'{0x00000000845b3028}> (0x00000000845b3028) 
thrown [e:\jenkins\tmp\workspace\build\src\src\hotspot\share\prims\jni.cpp, line 516]
Event: 2.984 Thread 0x0000018fed83de20 Exception <a 'sun/nio/fs/WindowsException'{0x00000000845b3408}> (0x00000000845b3408) 
thrown [e:\jenkins\tmp\workspace\build\src\src\hotspot\share\prims\jni.cpp, line 516]
Event: 2.984 Thread 0x0000018fed83de20 Exception <a 'sun/nio/fs/WindowsException'{0x00000000845b3e40}> (0x00000000845b3e40) 
thrown [e:\jenkins\tmp\workspace\build\src\src\hotspot\share\prims\jni.cpp, line 516]
Event: 2.984 Thread 0x0000018fed83de20 Exception <a 'sun/nio/fs/WindowsException'{0x00000000845b4230}> (0x00000000845b4230) 
thrown [e:\jenkins\tmp\workspace\build\src\src\hotspot\share\prims\jni.cpp, line 516]
Event: 2.984 Thread 0x0000018fed83de20 Exception <a 'sun/nio/fs/WindowsException'{0x00000000845b4c58}> (0x00000000845b4c58) 
thrown [e:\jenkins\tmp\workspace\build\src\src\hotspot\share\prims\jni.cpp, line 516]
Event: 2.984 Thread 0x0000018fed83de20 Exception <a 'sun/nio/fs/WindowsException'{0x00000000845b5048}> (0x00000000845b5048) 
thrown [e:\jenkins\tmp\workspace\build\src\src\hotspot\share\prims\jni.cpp, line 516]
Event: 3.293 Thread 0x0000018feeda3240 Exception <a 'java/lang/NoSuchMethodError'{0x0000000085683b80}: 'java.lang.Object java.lang.invoke.DirectMethodHandle$Holder.invokeStatic(java.lang.Object, int, java.lang.Object)'> (0x0000000085683b80) 
thrown [e:\jenkins\tmp\workspace\build\src\src\hotspot\share\interpreter\linkResolver.cpp, line 766]
Event: 3.295 Thread 0x0000018feeda28a0 Exception <a 'java/lang/NoSuchMethodError'{0x000000008554fc30}: 'java.lang.Object java.lang.invoke.DirectMethodHandle$Holder.invokeStatic(java.lang.Object, java.lang.Object, java.lang.Object, int, java.lang.Object, java.lang.Object)'> (0x000000008554fc30) 
thrown [e:\jenkins\tmp\workspace\build\src\src\hotspot\share\interpreter\linkResolver.cpp, line 766]
Event: 3.496 Thread 0x0000018fef3ca5f0 Exception <a 'java/lang/NoSuchMethodError'{0x0000000086df8cd0}: 'int java.lang.invoke.DirectMethodHandle$Holder.invokeStatic(java.lang.Object)'> (0x0000000086df8cd0) 
thrown [e:\jenkins\tmp\workspace\build\src\src\hotspot\share\interpreter\linkResolver.cpp, line 766]
Event: 3.496 Thread 0x0000018fef3ca5f0 Exception <a 'java/lang/NoSuchMethodError'{0x0000000086c16100}: 'int java.lang.invoke.DirectMethodHandle$Holder.invokeStaticInit(java.lang.Object)'> (0x0000000086c16100) 
thrown [e:\jenkins\tmp\workspace\build\src\src\hotspot\share\interpreter\linkResolver.cpp, line 766]
Event: 3.517 Thread 0x0000018feeda28a0 Exception <a 'java/lang/NoSuchMethodError'{0x00000000865ee7c8}: 'int java.lang.invoke.DirectMethodHandle$Holder.invokeVirtual(java.lang.Object, java.lang.Object)'> (0x00000000865ee7c8) 
thrown [e:\jenkins\tmp\workspace\build\src\src\hotspot\share\interpreter\linkResolver.cpp, line 766]

VM Operations (20 events):
Event: 3.947 Executing VM operation: ICBufferFull done
Event: 4.028 Executing VM operation: G1CollectForAllocation
Event: 4.029 Executing VM operation: G1CollectForAllocation done
Event: 4.029 Executing VM operation: G1CollectForAllocation
Event: 4.058 Executing VM operation: G1CollectForAllocation done
Event: 4.088 Executing VM operation: G1CollectForAllocation
Event: 4.088 Executing VM operation: G1CollectForAllocation done
Event: 4.089 Executing VM operation: G1CollectForAllocation
Event: 4.096 Executing VM operation: G1CollectForAllocation done
Event: 4.098 Executing VM operation: HandshakeAllThreads
Event: 4.098 Executing VM operation: HandshakeAllThreads done
Event: 4.103 Executing VM operation: HandshakeAllThreads
Event: 4.109 Executing VM operation: HandshakeAllThreads done
Event: 4.126 Executing VM operation: G1CollectForAllocation
Event: 4.126 Executing VM operation: G1CollectForAllocation done
Event: 4.126 Executing VM operation: G1CollectForAllocation
Event: 4.129 Executing VM operation: G1CollectForAllocation done
Event: 4.153 Executing VM operation: G1CollectForAllocation
Event: 4.153 Executing VM operation: G1CollectForAllocation done
Event: 4.154 Executing VM operation: G1CollectForAllocation

Events (20 events):
Event: 3.356 loading class java/util/concurrent/CompletableFuture$Signaller done
Event: 3.358 Thread 0x0000018fef3c8910 Thread added: 0x0000018fef3c8910
Event: 3.358 loading class java/util/concurrent/CompletableFuture$UniRelay
Event: 3.358 loading class java/util/concurrent/CompletableFuture$UniRelay done
Event: 3.442 Thread 0x0000018fef3ca5f0 Thread added: 0x0000018fef3ca5f0
Event: 3.506 Thread 0x0000018fef3caac0 Thread added: 0x0000018fef3caac0
Event: 3.510 loading class java/util/concurrent/CompletionException
Event: 3.510 loading class java/util/concurrent/CompletionException done
Event: 3.520 loading class java/io/PrintWriter
Event: 3.521 loading class java/io/PrintWriter done
Event: 3.523 loading class sun/nio/cs/StringUTF16
Event: 3.523 loading class sun/nio/cs/StringUTF16 done
Event: 3.525 loading class java/util/WeakHashMap$EntrySet
Event: 3.525 loading class java/util/WeakHashMap$EntrySet done
Event: 3.525 loading class java/util/WeakHashMap$EntryIterator
Event: 3.525 loading class java/util/WeakHashMap$HashIterator
Event: 3.525 loading class java/util/WeakHashMap$HashIterator done
Event: 3.525 loading class java/util/WeakHashMap$EntryIterator done
Event: 3.535 loading class java/util/regex/Pattern$1
Event: 3.535 loading class java/util/regex/Pattern$1 done


Dynamic libraries:
0x00007ff678d00000 - 0x00007ff678d0e000 	c:\Users\anton\.vscode\extensions\redhat.java-1.9.0-win32-x64\jre\17.0.3-win32-x86_64\bin\java.exe
0x00007ff924f10000 - 0x00007ff925108000 	C:\WINDOWS\SYSTEM32\ntdll.dll
0x00007ff900600000 - 0x00007ff900617000 	C:\Program Files\Avast Software\Avast\aswhook.dll
0x00007ff923dc0000 - 0x00007ff923e7d000 	C:\WINDOWS\System32\KERNEL32.DLL
0x00007ff922a00000 - 0x00007ff922cce000 	C:\WINDOWS\System32\KERNELBASE.dll
0x00007ff922630000 - 0x00007ff922730000 	C:\WINDOWS\System32\ucrtbase.dll
0x00007ff9140f0000 - 0x00007ff914109000 	c:\Users\anton\.vscode\extensions\redhat.java-1.9.0-win32-x64\jre\17.0.3-win32-x86_64\bin\VCRUNTIME140.dll
0x00007ff91ca80000 - 0x00007ff91ca98000 	c:\Users\anton\.vscode\extensions\redhat.java-1.9.0-win32-x64\jre\17.0.3-win32-x86_64\bin\jli.dll
0x00007ff922ff0000 - 0x00007ff923190000 	C:\WINDOWS\System32\USER32.dll
0x00007ff922e30000 - 0x00007ff922e52000 	C:\WINDOWS\System32\win32u.dll
0x00007ff8ffc70000 - 0x00007ff8fff0a000 	C:\WINDOWS\WinSxS\amd64_microsoft.windows.common-controls_6595b64144ccf1df_6.0.19041.1110_none_60b5254171f9507e\COMCTL32.dll
0x00007ff923ce0000 - 0x00007ff923d0a000 	C:\WINDOWS\System32\GDI32.dll
0x00007ff924550000 - 0x00007ff9245ee000 	C:\WINDOWS\System32\msvcrt.dll
0x00007ff922e60000 - 0x00007ff922f6b000 	C:\WINDOWS\System32\gdi32full.dll
0x00007ff922cd0000 - 0x00007ff922d6d000 	C:\WINDOWS\System32\msvcp_win.dll
0x00007ff924650000 - 0x00007ff924680000 	C:\WINDOWS\System32\IMM32.DLL
0x00007ff91ed50000 - 0x00007ff91ed5c000 	c:\Users\anton\.vscode\extensions\redhat.java-1.9.0-win32-x64\jre\17.0.3-win32-x86_64\bin\vcruntime140_1.dll
0x00007ff8e5d20000 - 0x00007ff8e5db1000 	c:\Users\anton\.vscode\extensions\redhat.java-1.9.0-win32-x64\jre\17.0.3-win32-x86_64\bin\msvcp140.dll
0x00007ff8ae9e0000 - 0x00007ff8af628000 	c:\Users\anton\.vscode\extensions\redhat.java-1.9.0-win32-x64\jre\17.0.3-win32-x86_64\bin\server\jvm.dll
0x00007ff9244a0000 - 0x00007ff92454e000 	C:\WINDOWS\System32\ADVAPI32.dll
0x00007ff923d10000 - 0x00007ff923dac000 	C:\WINDOWS\System32\sechost.dll
0x00007ff9234e0000 - 0x00007ff923605000 	C:\WINDOWS\System32\RPCRT4.dll
0x00007ff924770000 - 0x00007ff924778000 	C:\WINDOWS\System32\PSAPI.DLL
0x00007ff90a310000 - 0x00007ff90a319000 	C:\WINDOWS\SYSTEM32\WSOCK32.dll
0x00007ff901e80000 - 0x00007ff901ea7000 	C:\WINDOWS\SYSTEM32\WINMM.dll
0x00007ff91ba70000 - 0x00007ff91ba7a000 	C:\WINDOWS\SYSTEM32\VERSION.dll
0x00007ff923190000 - 0x00007ff9231fb000 	C:\WINDOWS\System32\WS2_32.dll
0x00007ff920e80000 - 0x00007ff920e92000 	C:\WINDOWS\SYSTEM32\kernel.appcore.dll
0x00007ff91ce30000 - 0x00007ff91ce3a000 	c:\Users\anton\.vscode\extensions\redhat.java-1.9.0-win32-x64\jre\17.0.3-win32-x86_64\bin\jimage.dll
0x00007ff9203f0000 - 0x00007ff9205d4000 	C:\WINDOWS\SYSTEM32\DBGHELP.DLL
0x00007ff90e930000 - 0x00007ff90e95c000 	C:\WINDOWS\SYSTEM32\dbgcore.DLL
0x00007ff9227e0000 - 0x00007ff922862000 	C:\WINDOWS\System32\bcryptPrimitives.dll
0x00007ff90d9c0000 - 0x00007ff90d9e5000 	c:\Users\anton\.vscode\extensions\redhat.java-1.9.0-win32-x64\jre\17.0.3-win32-x86_64\bin\java.dll
0x00007ff90da80000 - 0x00007ff90da98000 	c:\Users\anton\.vscode\extensions\redhat.java-1.9.0-win32-x64\jre\17.0.3-win32-x86_64\bin\zip.dll
0x00007ff924780000 - 0x00007ff924ec4000 	C:\WINDOWS\System32\SHELL32.dll
0x00007ff9205e0000 - 0x00007ff920d74000 	C:\WINDOWS\SYSTEM32\windows.storage.dll
0x00007ff924030000 - 0x00007ff924384000 	C:\WINDOWS\System32\combase.dll
0x00007ff921fc0000 - 0x00007ff921ff0000 	C:\WINDOWS\SYSTEM32\Wldp.dll
0x00007ff923200000 - 0x00007ff9232ad000 	C:\WINDOWS\System32\SHCORE.dll
0x00007ff924390000 - 0x00007ff9243e5000 	C:\WINDOWS\System32\shlwapi.dll
0x00007ff922570000 - 0x00007ff92258f000 	C:\WINDOWS\SYSTEM32\profapi.dll
0x00007ff909cd0000 - 0x00007ff909ce9000 	C:\Users\anton\.vscode\extensions\redhat.java-1.9.0-win32-x64\jre\17.0.3-win32-x86_64\bin\net.dll
0x00007ff914b30000 - 0x00007ff914c3a000 	C:\WINDOWS\SYSTEM32\WINHTTP.dll
0x00007ff921cd0000 - 0x00007ff921d3a000 	C:\WINDOWS\system32\mswsock.dll
0x00007ff908940000 - 0x00007ff908955000 	C:\Users\anton\.vscode\extensions\redhat.java-1.9.0-win32-x64\jre\17.0.3-win32-x86_64\bin\nio.dll
0x00007ff91cab0000 - 0x00007ff91cac0000 	c:\Users\anton\.vscode\extensions\redhat.java-1.9.0-win32-x64\jre\17.0.3-win32-x86_64\bin\verify.dll
0x00007ff91ba80000 - 0x00007ff91ba89000 	C:\Users\anton\.vscode\extensions\redhat.java-1.9.0-win32-x64\jre\17.0.3-win32-x86_64\bin\management.dll
0x00007ff91ba30000 - 0x00007ff91ba3b000 	C:\Users\anton\.vscode\extensions\redhat.java-1.9.0-win32-x64\jre\17.0.3-win32-x86_64\bin\management_ext.dll
0x00007ff901ac0000 - 0x00007ff901ad7000 	C:\WINDOWS\system32\napinsp.dll
0x00007ff901a00000 - 0x00007ff901a1b000 	C:\WINDOWS\system32\pnrpnsp.dll
0x00007ff91d3e0000 - 0x00007ff91d3f5000 	C:\WINDOWS\system32\wshbth.dll
0x00007ff91b920000 - 0x00007ff91b93d000 	C:\WINDOWS\system32\NLAapi.dll
0x00007ff9219d0000 - 0x00007ff921a0b000 	C:\WINDOWS\SYSTEM32\IPHLPAPI.DLL
0x00007ff921a20000 - 0x00007ff921aea000 	C:\WINDOWS\SYSTEM32\DNSAPI.dll
0x00007ff923bb0000 - 0x00007ff923bb8000 	C:\WINDOWS\System32\NSI.dll
0x00007ff9019d0000 - 0x00007ff9019e2000 	C:\WINDOWS\System32\winrnr.dll
0x00007ff90c940000 - 0x00007ff90c94a000 	C:\Windows\System32\rasadhlp.dll
0x00007ff913af0000 - 0x00007ff913b70000 	C:\WINDOWS\System32\fwpuclnt.dll
0x00007ff9229d0000 - 0x00007ff9229f7000 	C:\WINDOWS\System32\bcrypt.dll
0x00007ff921ea0000 - 0x00007ff921eb8000 	C:\WINDOWS\SYSTEM32\CRYPTSP.dll
0x00007ff921660000 - 0x00007ff921694000 	C:\WINDOWS\system32\rsaenh.dll
0x00007ff922530000 - 0x00007ff92255e000 	C:\WINDOWS\SYSTEM32\USERENV.dll
0x00007ff921e90000 - 0x00007ff921e9c000 	C:\WINDOWS\SYSTEM32\CRYPTBASE.dll
0x00007ff91a050000 - 0x00007ff91a067000 	C:\WINDOWS\SYSTEM32\dhcpcsvc6.DLL
0x00007ff91b3c0000 - 0x00007ff91b3dd000 	C:\WINDOWS\SYSTEM32\dhcpcsvc.DLL

dbghelp: loaded successfully - version: 4.0.5 - missing functions: none
symbol engine: initialized successfully - sym options: 0x614 - pdb path: .;c:\Users\anton\.vscode\extensions\redhat.java-1.9.0-win32-x64\jre\17.0.3-win32-x86_64\bin;C:\WINDOWS\SYSTEM32;C:\Program Files\Avast Software\Avast;C:\WINDOWS\WinSxS\amd64_microsoft.windows.common-controls_6595b64144ccf1df_6.0.19041.1110_none_60b5254171f9507e;c:\Users\anton\.vscode\extensions\redhat.java-1.9.0-win32-x64\jre\17.0.3-win32-x86_64\bin\server

VM Arguments:
jvm_args: -Dsts.lsp.client=vscode -Dsts.log.file=/dev/null -XX:TieredStopAtLevel=1 -Dspring.config.location=file:c:\Users\anton\.vscode\extensions\pivotal.vscode-spring-boot-1.38.0\language-server\BOOT-INF\classes\application.properties 
java_command: org.springframework.ide.vscode.boot.app.BootLanguageServerBootApp
java_class_path (initial): c:\Users\anton\.vscode\extensions\pivotal.vscode-spring-boot-1.38.0\language-server\BOOT-INF\classes;c:\Users\anton\.vscode\extensions\pivotal.vscode-spring-boot-1.38.0\language-server\BOOT-INF\lib\annotations-23.0.0.jar;c:\Users\anton\.vscode\extensions\pivotal.vscode-spring-boot-1.38.0\language-server\BOOT-INF\lib\antlr-runtime-3.5.2.jar;c:\Users\anton\.vscode\extensions\pivotal.vscode-spring-boot-1.38.0\language-server\BOOT-INF\lib\antlr4-4.9.3.jar;c:\Users\anton\.vscode\extensions\pivotal.vscode-spring-boot-1.38.0\language-server\BOOT-INF\lib\antlr4-runtime-4.9.3.jar;c:\Users\anton\.vscode\extensions\pivotal.vscode-spring-boot-1.38.0\language-server\BOOT-INF\lib\asm-9.3.jar;c:\Users\anton\.vscode\extensions\pivotal.vscode-spring-boot-1.38.0\language-server\BOOT-INF\lib\asm-analysis-9.3.jar;c:\Users\anton\.vscode\extensions\pivotal.vscode-spring-boot-1.38.0\language-server\BOOT-INF\lib\asm-tree-9.3.jar;c:\Users\anton\.vscode\extensions\pivotal.vscode-spring-boot-1.38.0\language-server\BOOT-INF\lib\asm-util-9.3.jar;c:\Users\anton\.vscode\extensions\pivotal.vscode-spring-boot-1.38.0\language-server\BOOT-INF\lib\byte-buddy-1.10.18.jar;c:\Users\anton\.vscode\extensions\pivotal.vscode-spring-boot-1.38.0\language-server\BOOT-INF\lib\caffeine-2.8.6.jar;c:\Users\anton\.vscode\extensions\pivotal.vscode-spring-boot-1.38.0\language-server\BOOT-INF\lib\checker-qual-3.12.0.jar;c:\Users\anton\.vscode\extensions\pivotal.vscode-spring-boot-1.38.0\language-server\BOOT-INF\lib\classgraph-4.8.149.jar;c:\Users\anton\.vscode\extensions\pivotal.vscode-spring-boot-1.38.0\language-server\BOOT-INF\lib\commons-codec-1.14.jar;c:\Users\anton\.vscode\extensions\pivotal.vscode-spring-boot-1.38.0\language-server\BOOT-INF\lib\commons-compress-1.21.jar;c:\Users\anton\.vscode\extensions\pivotal.vscode-spring-boot-1.38.0\language-server\BOOT-INF\lib\commons-exec-1.3.jar;c:\Users\anton\.vscode\extensions\pivotal.vscode-spring-boot-1.38.0\language-server\BOOT-INF\lib\com
Launcher Type: SUN_STANDARD

[Global flags]
     intx CICompilerCount                          = 4                                         {product} {ergonomic}
     uint ConcGCThreads                            = 2                                         {product} {ergonomic}
     uint G1ConcRefinementThreads                  = 8                                         {product} {ergonomic}
   size_t G1HeapRegionSize                         = 1048576                                   {product} {ergonomic}
    uintx GCDrainStackTargetSize                   = 64                                        {product} {ergonomic}
   size_t InitialHeapSize                          = 134217728                                 {product} {ergonomic}
   size_t MarkStackSize                            = 4194304                                   {product} {ergonomic}
   size_t MaxHeapSize                              = 2116026368                                {product} {ergonomic}
   size_t MaxNewSize                               = 1268776960                                {product} {ergonomic}
   size_t MinHeapDeltaBytes                        = 1048576                                   {product} {ergonomic}
   size_t MinHeapSize                              = 8388608                                   {product} {ergonomic}
    uintx NonProfiledCodeHeapSize                  = 0                                      {pd product} {ergonomic}
     bool ProfileInterpreter                       = false                                  {pd product} {command line}
    uintx ProfiledCodeHeapSize                     = 0                                      {pd product} {ergonomic}
   size_t SoftMaxHeapSize                          = 2116026368                             {manageable} {ergonomic}
     intx TieredStopAtLevel                        = 1                                         {product} {command line}
     bool UseCompressedClassPointers               = true                           {product lp64_product} {ergonomic}
     bool UseCompressedOops                        = true                           {product lp64_product} {ergonomic}
     bool UseG1GC                                  = true                                      {product} {ergonomic}
     bool UseLargePagesIndividualAllocation        = false                                  {pd product} {ergonomic}

Logging:
Log output configuration:
 #0: stdout all=warning uptime,level,tags
 #1: stderr all=off uptime,level,tags

Environment Variables:
JAVA_HOME=C:\Program Files\Java\jdk-18.0.2.1
PATH=C:\Program Files\Java\jdk-18.0.2.1\bin;C:\Program Files (x86)\Common Files\Oracle\Java\javapath;C:\Program Files\Common Files\Oracle\Java\javapath;C:\WINDOWS\system32;C:\WINDOWS;C:\WINDOWS\System32\Wbem;C:\WINDOWS\System32\WindowsPowerShell\v1.0\;C:\WINDOWS\System32\OpenSSH\;C:\ProgramData\UNIVALI\Portugol Studio;C:\Program Files\Git\cmd;C:\Program Files\nodejs\;C:\Program Files\PuTTY\;C:\Program Files\MongoDB\Server\6.0\bin;C:\Program Files\MongoDB\Tools\100\bin;C:\Program Files\MySQL\MySQL Shell 8.0\bin\;C:\Users\anton\AppData\Local\Microsoft\WindowsApps;C:\Users\anton\AppData\Local\Programs\Microsoft VS Code\bin;C:\Users\anton\AppData\Local\GitHubDesktop\bin;C:\Users\anton\AppData\Roaming\npm;C:\Users\anton\apache-maven-3.8.6\bin;
USERNAME=anton
OS=Windows_NT
PROCESSOR_IDENTIFIER=Intel64 Family 6 Model 142 Stepping 12, GenuineIntel



---------------  S Y S T E M  ---------------

OS:
 Windows 10 , 64 bit Build 19041 (10.0.19041.1889)
OS uptime: 10 days 1:36 hours
Hyper-V role detected

CPU: total 8 (initial active 8) (4 cores per cpu, 2 threads per core) family 6 model 142 stepping 12 microcode 0xd6, cx8, cmov, fxsr, ht, mmx, 3dnowpref, sse, sse2, sse3, ssse3, sse4.1, sse4.2, popcnt, lzcnt, tsc, tscinvbit, avx, avx2, aes, erms, clmul, bmi1, bmi2, adx, fma, vzeroupper, clflush, clflushopt, hv

Memory: 4k page, system-wide physical 8070M (353M free)
TotalPageFile size 32646M (AvailPageFile size 110M)
current process WorkingSet (physical memory assigned to process): 278M, peak: 278M
current process commit charge ("private bytes"): 326M, peak: 623M

vm_info: OpenJDK 64-Bit Server VM (17.0.3+7) for windows-amd64 JRE (17.0.3+7), built on Apr 19 2022 16:55:35 by "" with MS VC++ 16.7 (VS2019)

END.
