#
# There is insufficient memory for the Java Runtime Environment to continue.
# Native memory allocation (mmap) failed to map 335544320 bytes for G1 virtual space
# Possible reasons:
#   The system is out of physical RAM or swap space
#   The process is running with CompressedOops enabled, and the Java Heap may be blocking the growth of the native heap
# Possible solutions:
#   Reduce memory load on the system
#   Increase physical memory or swap space
#   Check if swap backing store is full
#   Decrease Java heap size (-Xmx/-Xms)
#   Decrease number of Java threads
#   Decrease Java thread stack sizes (-Xss)
#   Set larger code cache with -XX:ReservedCodeCacheSize=
#   JVM is running with Unscaled Compressed Oops mode in which the Java heap is
#     placed in the first 4GB address space. The Java Heap base address is the
#     maximum limit for the native heap growth. Please use -XX:HeapBaseMinAddress
#     to set the Java Heap base and to place the Java Heap above 4GB virtual address.
# This output file may be truncated or incomplete.
#
#  Out of Memory Error (os_windows.cpp:3535), pid=69296, tid=83732
#
# JRE version: OpenJDK Runtime Environment Temurin-17.0.3+7 (17.0.3+7) (build 17.0.3+7)
# Java VM: OpenJDK 64-Bit Server VM Temurin-17.0.3+7 (17.0.3+7, mixed mode, emulated-client, tiered, compressed oops, compressed class ptrs, g1 gc, windows-amd64)
# No core dump will be written. Minidumps are not enabled by default on client versions of Windows
#

---------------  S U M M A R Y ------------

Command Line: -Dsts.lsp.client=vscode -Dsts.log.file=/dev/null -XX:TieredStopAtLevel=1 -Dspring.config.location=file:c:\Users\anton\.vscode\extensions\pivotal.vscode-spring-boot-1.38.0\language-server\BOOT-INF\classes\application.properties org.springframework.ide.vscode.boot.app.BootLanguageServerBootApp

Host: Intel(R) Core(TM) i5-8265U CPU @ 1.60GHz, 8 cores, 7G,  Windows 10 , 64 bit Build 19041 (10.0.19041.1889)
Time: Fri Aug 26 00:38:47 2022 Hora Padrão da Bahia elapsed time: 4.316685 seconds (0d 0h 0m 4s)

---------------  T H R E A D  ---------------

Current thread (0x00000266ce14aea0):  VMThread "VM Thread" [stack: 0x000000d78bc00000,0x000000d78bd00000] [id=83732]

Stack: [0x000000d78bc00000,0x000000d78bd00000]
Native frames: (J=compiled Java code, j=interpreted, Vv=VM code, C=native code)
V  [jvm.dll+0x675efa]
V  [jvm.dll+0x830a24]
V  [jvm.dll+0x8321ce]
V  [jvm.dll+0x832833]
V  [jvm.dll+0x2454b5]
V  [jvm.dll+0x672de9]
V  [jvm.dll+0x667732]
V  [jvm.dll+0x3043ab]
V  [jvm.dll+0x30b8f6]
V  [jvm.dll+0x35b62e]
V  [jvm.dll+0x35b85f]
V  [jvm.dll+0x2db248]
V  [jvm.dll+0x2d94fc]
V  [jvm.dll+0x2d8acc]
V  [jvm.dll+0x31ca2b]
V  [jvm.dll+0x836cdb]
V  [jvm.dll+0x837a14]
V  [jvm.dll+0x837f2c]
V  [jvm.dll+0x838304]
V  [jvm.dll+0x8383d0]
V  [jvm.dll+0x7e0cfa]
V  [jvm.dll+0x674d85]
C  [ucrtbase.dll+0x21bb2]
C  [KERNEL32.DLL+0x17034]
C  [ntdll.dll+0x52651]

VM_Operation (0x000000d78e2fe030): G1CollectForAllocation, mode: safepoint, requested by thread 0x00000266d0def830


---------------  P R O C E S S  ---------------

Threads class SMR info:
_java_thread_list=0x00000266d0dc6030, length=44, elements={
0x00000266ce167380, 0x00000266ce1681f0, 0x00000266ce18ce50, 0x00000266ce18d710,
0x00000266ce18e4d0, 0x00000266cec1c020, 0x00000266cec20df0, 0x00000266cec216f0,
0x00000266ced03db0, 0x00000266cee31350, 0x00000266cee38410, 0x00000266cf6d7060,
0x00000266cf6d7720, 0x00000266d0a274f0, 0x00000266d0d93560, 0x00000266d0c38040,
0x00000266c0dbef00, 0x00000266d0d6e420, 0x00000266d0d24410, 0x00000266d0d77590,
0x00000266cf40b020, 0x00000266d0b9d020, 0x00000266d0b9db50, 0x00000266d0b9e020,
0x00000266d0dedb50, 0x00000266d0def360, 0x00000266d0defd00, 0x00000266d0ded1b0,
0x00000266d0deee90, 0x00000266d0def830, 0x00000266d0dee4f0, 0x00000266d0df01d0,
0x00000266d0decce0, 0x00000266d0dec810, 0x00000266d0dee020, 0x00000266d0ded680,
0x00000266d0dee9c0, 0x00000266d0e1f500, 0x00000266d0e1e690, 0x00000266d0e19e60,
0x00000266d0e194c0, 0x00000266d0e1eb60, 0x00000266d0e1d820, 0x00000266d0e1bb40
}

Java Threads: ( => current thread )
  0x00000266ce167380 JavaThread "Reference Handler" daemon [_thread_blocked, id=70460, stack(0x000000d78bd00000,0x000000d78be00000)]
  0x00000266ce1681f0 JavaThread "Finalizer" daemon [_thread_blocked, id=70448, stack(0x000000d78be00000,0x000000d78bf00000)]
  0x00000266ce18ce50 JavaThread "Signal Dispatcher" daemon [_thread_blocked, id=75268, stack(0x000000d78bf00000,0x000000d78c000000)]
  0x00000266ce18d710 JavaThread "Attach Listener" daemon [_thread_blocked, id=76940, stack(0x000000d78c000000,0x000000d78c100000)]
  0x00000266ce18e4d0 JavaThread "Service Thread" daemon [_thread_blocked, id=33636, stack(0x000000d78c100000,0x000000d78c200000)]
  0x00000266cec1c020 JavaThread "Monitor Deflation Thread" daemon [_thread_blocked, id=83028, stack(0x000000d78c200000,0x000000d78c300000)]
  0x00000266cec20df0 JavaThread "C1 CompilerThread0" daemon [_thread_blocked, id=68720, stack(0x000000d78c300000,0x000000d78c400000)]
  0x00000266cec216f0 JavaThread "Sweeper thread" daemon [_thread_blocked, id=82828, stack(0x000000d78c400000,0x000000d78c500000)]
  0x00000266ced03db0 JavaThread "C1 CompilerThread1" daemon [_thread_blocked, id=65500, stack(0x000000d78c500000,0x000000d78c600000)]
  0x00000266cee31350 JavaThread "Notification Thread" daemon [_thread_blocked, id=62196, stack(0x000000d78c600000,0x000000d78c700000)]
  0x00000266cee38410 JavaThread "Common-Cleaner" daemon [_thread_blocked, id=69268, stack(0x000000d78c800000,0x000000d78c900000)]
  0x00000266cf6d7060 JavaThread "C1 CompilerThread2" daemon [_thread_blocked, id=84160, stack(0x000000d78c900000,0x000000d78ca00000)]
  0x00000266cf6d7720 JavaThread "C1 CompilerThread3" daemon [_thread_blocked, id=68248, stack(0x000000d78ca00000,0x000000d78cb00000)]
  0x00000266d0a274f0 JavaThread "ForkJoinPool.commonPool-worker-1" daemon [_thread_blocked, id=32964, stack(0x000000d78d000000,0x000000d78d100000)]
  0x00000266d0d93560 JavaThread "pool-7-thread-1" [_thread_blocked, id=80728, stack(0x000000d78d400000,0x000000d78d500000)]
  0x00000266d0c38040 JavaThread "LanguageServerApp-lifecycle" [_thread_blocked, id=82444, stack(0x000000d78d500000,0x000000d78d600000)]
  0x00000266c0dbef00 JavaThread "DestroyJavaVM" [_thread_blocked, id=83972, stack(0x000000d78b600000,0x000000d78b700000)]
  0x00000266d0d6e420 JavaThread "ClassGraph-worker-0" daemon [_thread_blocked, id=56152, stack(0x000000d78d600000,0x000000d78d700000)]
  0x00000266d0d24410 JavaThread "ClassGraph-worker-1" daemon [_thread_blocked, id=69868, stack(0x000000d78d700000,0x000000d78d800000)]
  0x00000266d0d77590 JavaThread "ClassGraph-worker-2" daemon [_thread_blocked, id=15280, stack(0x000000d78d800000,0x000000d78d900000)]
  0x00000266cf40b020 JavaThread "ClassGraph-worker-3" daemon [_thread_blocked, id=76272, stack(0x000000d78d900000,0x000000d78da00000)]
  0x00000266d0b9d020 JavaThread "ClassGraph-worker-4" daemon [_thread_blocked, id=71576, stack(0x000000d78da00000,0x000000d78db00000)]
  0x00000266d0b9db50 JavaThread "ClassGraph-worker-5" daemon [_thread_blocked, id=85448, stack(0x000000d78db00000,0x000000d78dc00000)]
  0x00000266d0b9e020 JavaThread "ClassGraph-worker-6" daemon [_thread_blocked, id=68244, stack(0x000000d78dc00000,0x000000d78dd00000)]
  0x00000266d0dedb50 JavaThread "ClassGraph-worker-7" daemon [_thread_blocked, id=71268, stack(0x000000d78dd00000,0x000000d78de00000)]
  0x00000266d0def360 JavaThread "ClassGraph-worker-8" daemon [_thread_blocked, id=40488, stack(0x000000d78de00000,0x000000d78df00000)]
  0x00000266d0defd00 JavaThread "ClassGraph-worker-9" daemon [_thread_blocked, id=84648, stack(0x000000d78df00000,0x000000d78e000000)]
  0x00000266d0ded1b0 JavaThread "ClassGraph-worker-10" daemon [_thread_blocked, id=49472, stack(0x000000d78e000000,0x000000d78e100000)]
  0x00000266d0deee90 JavaThread "ClassGraph-worker-11" daemon [_thread_blocked, id=69548, stack(0x000000d78e100000,0x000000d78e200000)]
  0x00000266d0def830 JavaThread "ClassGraph-worker-12" daemon [_thread_blocked, id=81272, stack(0x000000d78e200000,0x000000d78e300000)]
  0x00000266d0dee4f0 JavaThread "ClassGraph-worker-13" daemon [_thread_blocked, id=75280, stack(0x000000d78e300000,0x000000d78e400000)]
  0x00000266d0df01d0 JavaThread "pool-8-thread-1" [_thread_in_native, id=41792, stack(0x000000d78e400000,0x000000d78e500000)]
  0x00000266d0decce0 JavaThread "Simple-Language-Server main thread" daemon [_thread_blocked, id=81340, stack(0x000000d78e500000,0x000000d78e600000)]
  0x00000266d0dec810 JavaThread "parallel-1" daemon [_thread_blocked, id=83540, stack(0x000000d78e600000,0x000000d78e700000)]
  0x00000266d0dee020 JavaThread "pool-5-thread-1" [_thread_blocked, id=76084, stack(0x000000d78e700000,0x000000d78e800000)]
  0x00000266d0ded680 JavaThread "parallel-2" daemon [_thread_blocked, id=34912, stack(0x000000d78e800000,0x000000d78e900000)]
  0x00000266d0dee9c0 JavaThread "parallel-3" daemon [_thread_blocked, id=80572, stack(0x000000d78e900000,0x000000d78ea00000)]
  0x00000266d0e1f500 JavaThread "parallel-4" daemon [_thread_blocked, id=63656, stack(0x000000d78ea00000,0x000000d78eb00000)]
  0x00000266d0e1e690 JavaThread "parallel-5" daemon [_thread_blocked, id=71668, stack(0x000000d78eb00000,0x000000d78ec00000)]
  0x00000266d0e19e60 JavaThread "pool-2-thread-1" [_thread_blocked, id=69348, stack(0x000000d78ec00000,0x000000d78ed00000)]
  0x00000266d0e194c0 JavaThread "ForkJoinPool.commonPool-worker-2" daemon [_thread_blocked, id=74664, stack(0x000000d78ed00000,0x000000d78ee00000)]
  0x00000266d0e1eb60 JavaThread "pool-2-thread-2" [_thread_blocked, id=79008, stack(0x000000d78ee00000,0x000000d78ef00000)]
  0x00000266d0e1d820 JavaThread "Reconciler-1" daemon [_thread_blocked, id=34112, stack(0x000000d78ef00000,0x000000d78f000000)]
  0x00000266d0e1bb40 JavaThread "parallel-6" daemon [_thread_blocked, id=82112, stack(0x000000d78f000000,0x000000d78f100000)]

Other Threads:
=>0x00000266ce14aea0 VMThread "VM Thread" [stack: 0x000000d78bc00000,0x000000d78bd00000] [id=83732]
  0x00000266c0e37230 WatcherThread [stack: 0x000000d78c700000,0x000000d78c800000] [id=78272]
  0x00000266c0e1dbc0 GCTaskThread "GC Thread#0" [stack: 0x000000d78b700000,0x000000d78b800000] [id=86432]
  0x00000266cf3cf290 GCTaskThread "GC Thread#1" [stack: 0x000000d78cb00000,0x000000d78cc00000] [id=85288]
  0x00000266cf7e1bf0 GCTaskThread "GC Thread#2" [stack: 0x000000d78cc00000,0x000000d78cd00000] [id=78032]
  0x00000266cf7ec890 GCTaskThread "GC Thread#3" [stack: 0x000000d78cd00000,0x000000d78ce00000] [id=79220]
  0x00000266cf7ecb40 GCTaskThread "GC Thread#4" [stack: 0x000000d78ce00000,0x000000d78cf00000] [id=85320]
  0x00000266cf7ed600 GCTaskThread "GC Thread#5" [stack: 0x000000d78cf00000,0x000000d78d000000] [id=75928]
  0x00000266d05cc780 GCTaskThread "GC Thread#6" [stack: 0x000000d78d100000,0x000000d78d200000] [id=3452]
  0x00000266d0617ff0 GCTaskThread "GC Thread#7" [stack: 0x000000d78d200000,0x000000d78d300000] [id=72380]
  0x00000266c0e2e740 ConcurrentGCThread "G1 Main Marker" [stack: 0x000000d78b800000,0x000000d78b900000] [id=84756]
  0x00000266c0e2f8f0 ConcurrentGCThread "G1 Conc#0" [stack: 0x000000d78b900000,0x000000d78ba00000] [id=82580]
  0x00000266d07c27d0 ConcurrentGCThread "G1 Conc#1" [stack: 0x000000d78d300000,0x000000d78d400000] [id=82400]
  0x00000266cdfc20c0 ConcurrentGCThread "G1 Refine#0" [stack: 0x000000d78ba00000,0x000000d78bb00000] [id=79264]
  0x00000266d0f2a810 ConcurrentGCThread "G1 Refine#1" [stack: 0x000000d78f100000,0x000000d78f200000] [id=64752]
  0x00000266d29b1c50 ConcurrentGCThread "G1 Refine#2" [stack: 0x000000d78f200000,0x000000d78f300000] [id=69256]
  0x00000266cdfc2ae0 ConcurrentGCThread "G1 Service" [stack: 0x000000d78bb00000,0x000000d78bc00000] [id=82120]

Threads with active compile tasks:

VM state: at safepoint (normal execution)

VM Mutex/Monitor currently owned by a thread:  ([mutex/lock_event])
[0x00000266bed19b80] Threads_lock - owner thread: 0x00000266ce14aea0
[0x00000266c0dbc270] Heap_lock - owner thread: 0x00000266d0def830

Heap address: 0x0000000081e00000, size: 2018 MB, Compressed Oops mode: 32-bit

CDS archive(s) not mapped
Compressed class space mapped at: 0x0000000100000000-0x0000000140000000, reserved size: 1073741824
Narrow klass base: 0x0000000000000000, Narrow klass shift: 3, Narrow klass range: 0x140000000

GC Precious Log:
 CPUs: 8 total, 8 available
 Memory: 8070M
 Large Page Support: Disabled
 NUMA Support: Disabled
 Compressed Oops: Enabled (32-bit)
 Heap Region Size: 1M
 Heap Min Capacity: 8M
 Heap Initial Capacity: 128M
 Heap Max Capacity: 2018M
 Pre-touch: Disabled
 Parallel Workers: 8
 Concurrent Workers: 2
 Concurrent Refinement Workers: 8
 Periodic GC: Disabled

Heap:
 garbage-first heap   total 163840K, used 70684K [0x0000000081e00000, 0x0000000100000000)
  region size 1024K, 5 young (5120K), 5 survivors (5120K)
 Metaspace       used 35290K, committed 35584K, reserved 1081344K
  class space    used 4599K, committed 4736K, reserved 1048576K

Heap Regions: E=young(eden), S=young(survivor), O=old, HS=humongous(starts), HC=humongous(continues), CS=collection set, F=free, OA=open archive, CA=closed archive, TAMS=top-at-mark-start (previous, next)
|   0|0x0000000081e00000, 0x0000000081f00000, 0x0000000081f00000|100%| O|  |TAMS 0x0000000081f00000, 0x0000000081e00000| Untracked 
|   1|0x0000000081f00000, 0x0000000082000000, 0x0000000082000000|100%| O|  |TAMS 0x0000000082000000, 0x0000000081f00000| Untracked 
|   2|0x0000000082000000, 0x0000000082100000, 0x0000000082100000|100%| O|  |TAMS 0x0000000082100000, 0x0000000082000000| Untracked 
|   3|0x0000000082100000, 0x0000000082200000, 0x0000000082200000|100%| O|  |TAMS 0x0000000082200000, 0x0000000082100000| Untracked 
|   4|0x0000000082200000, 0x0000000082300000, 0x0000000082300000|100%| O|  |TAMS 0x0000000082300000, 0x0000000082200000| Untracked 
|   5|0x0000000082300000, 0x0000000082400000, 0x0000000082400000|100%| O|  |TAMS 0x0000000082400000, 0x0000000082300000| Untracked 
|   6|0x0000000082400000, 0x0000000082500000, 0x0000000082500000|100%| O|  |TAMS 0x0000000082500000, 0x0000000082400000| Untracked 
|   7|0x0000000082500000, 0x0000000082600000, 0x0000000082600000|100%| O|  |TAMS 0x0000000082600000, 0x0000000082500000| Untracked 
|   8|0x0000000082600000, 0x0000000082700000, 0x0000000082700000|100%| O|  |TAMS 0x0000000082700000, 0x0000000082600000| Untracked 
|   9|0x0000000082700000, 0x0000000082800000, 0x0000000082800000|100%| O|  |TAMS 0x0000000082800000, 0x0000000082700000| Untracked 
|  10|0x0000000082800000, 0x0000000082900000, 0x0000000082900000|100%| O|  |TAMS 0x0000000082900000, 0x0000000082800000| Untracked 
|  11|0x0000000082900000, 0x0000000082a00000, 0x0000000082a00000|100%| O|  |TAMS 0x0000000082a00000, 0x0000000082900000| Untracked 
|  12|0x0000000082a00000, 0x0000000082b00000, 0x0000000082b00000|100%| O|  |TAMS 0x0000000082b00000, 0x0000000082a00000| Untracked 
|  13|0x0000000082b00000, 0x0000000082c00000, 0x0000000082c00000|100%| O|  |TAMS 0x0000000082c00000, 0x0000000082b00000| Untracked 
|  14|0x0000000082c00000, 0x0000000082d00000, 0x0000000082d00000|100%| O|  |TAMS 0x0000000082d00000, 0x0000000082c00000| Untracked 
|  15|0x0000000082d00000, 0x0000000082e00000, 0x0000000082e00000|100%| O|  |TAMS 0x0000000082e00000, 0x0000000082d00000| Untracked 
|  16|0x0000000082e00000, 0x0000000082f00000, 0x0000000082f00000|100%| O|  |TAMS 0x0000000082f00000, 0x0000000082e00000| Untracked 
|  17|0x0000000082f00000, 0x0000000083000000, 0x0000000083000000|100%| O|  |TAMS 0x0000000083000000, 0x0000000082f00000| Untracked 
|  18|0x0000000083000000, 0x0000000083100000, 0x0000000083100000|100%| O|  |TAMS 0x0000000083100000, 0x0000000083000000| Untracked 
|  19|0x0000000083100000, 0x0000000083200000, 0x0000000083200000|100%| O|  |TAMS 0x0000000083200000, 0x0000000083100000| Untracked 
|  20|0x0000000083200000, 0x0000000083300000, 0x0000000083300000|100%| O|  |TAMS 0x0000000083300000, 0x0000000083200000| Untracked 
|  21|0x0000000083300000, 0x0000000083400000, 0x0000000083400000|100%| O|  |TAMS 0x0000000083400000, 0x0000000083300000| Untracked 
|  22|0x0000000083400000, 0x0000000083500000, 0x0000000083500000|100%| O|  |TAMS 0x0000000083500000, 0x0000000083400000| Untracked 
|  23|0x0000000083500000, 0x0000000083600000, 0x0000000083600000|100%| O|  |TAMS 0x0000000083600000, 0x0000000083500000| Untracked 
|  24|0x0000000083600000, 0x0000000083700000, 0x0000000083700000|100%| O|  |TAMS 0x0000000083700000, 0x0000000083600000| Untracked 
|  25|0x0000000083700000, 0x0000000083800000, 0x0000000083800000|100%| O|  |TAMS 0x0000000083800000, 0x0000000083700000| Untracked 
|  26|0x0000000083800000, 0x0000000083900000, 0x0000000083900000|100%| O|  |TAMS 0x0000000083900000, 0x0000000083800000| Untracked 
|  27|0x0000000083900000, 0x0000000083a00000, 0x0000000083a00000|100%| O|  |TAMS 0x0000000083a00000, 0x0000000083900000| Untracked 
|  28|0x0000000083a00000, 0x0000000083b00000, 0x0000000083b00000|100%| O|  |TAMS 0x0000000083b00000, 0x0000000083a00000| Untracked 
|  29|0x0000000083b00000, 0x0000000083c00000, 0x0000000083c00000|100%| O|  |TAMS 0x0000000083c00000, 0x0000000083b00000| Untracked 
|  30|0x0000000083c00000, 0x0000000083d00000, 0x0000000083d00000|100%| O|  |TAMS 0x0000000083d00000, 0x0000000083c00000| Untracked 
|  31|0x0000000083d00000, 0x0000000083e00000, 0x0000000083e00000|100%| O|  |TAMS 0x0000000083e00000, 0x0000000083d00000| Untracked 
|  32|0x0000000083e00000, 0x0000000083f00000, 0x0000000083f00000|100%| O|  |TAMS 0x0000000083f00000, 0x0000000083e00000| Untracked 
|  33|0x0000000083f00000, 0x0000000084000000, 0x0000000084000000|100%| O|  |TAMS 0x0000000084000000, 0x0000000083f00000| Untracked 
|  34|0x0000000084000000, 0x0000000084100000, 0x0000000084100000|100%| O|  |TAMS 0x0000000084100000, 0x0000000084000000| Untracked 
|  35|0x0000000084100000, 0x0000000084200000, 0x0000000084200000|100%| O|  |TAMS 0x0000000084200000, 0x0000000084100000| Untracked 
|  36|0x0000000084200000, 0x0000000084300000, 0x0000000084300000|100%| O|  |TAMS 0x0000000084300000, 0x0000000084200000| Untracked 
|  37|0x0000000084300000, 0x0000000084400000, 0x0000000084400000|100%| O|  |TAMS 0x0000000084300000, 0x0000000084300000| Untracked 
|  38|0x0000000084400000, 0x0000000084500000, 0x0000000084500000|100%| O|  |TAMS 0x0000000084500000, 0x0000000084400000| Untracked 
|  39|0x0000000084500000, 0x0000000084600000, 0x0000000084600000|100%| O|  |TAMS 0x0000000084600000, 0x0000000084500000| Untracked 
|  40|0x0000000084600000, 0x0000000084700000, 0x0000000084700000|100%| O|  |TAMS 0x0000000084700000, 0x0000000084600000| Untracked 
|  41|0x0000000084700000, 0x0000000084800000, 0x0000000084800000|100%| O|  |TAMS 0x0000000084800000, 0x0000000084700000| Untracked 
|  42|0x0000000084800000, 0x0000000084900000, 0x0000000084900000|100%| O|  |TAMS 0x0000000084900000, 0x0000000084800000| Untracked 
|  43|0x0000000084900000, 0x0000000084a00000, 0x0000000084a00000|100%| O|  |TAMS 0x0000000084a00000, 0x0000000084900000| Untracked 
|  44|0x0000000084a00000, 0x0000000084b00000, 0x0000000084b00000|100%| O|  |TAMS 0x0000000084b00000, 0x0000000084a00000| Untracked 
|  45|0x0000000084b00000, 0x0000000084b00000, 0x0000000084c00000|  0%| F|  |TAMS 0x0000000084b00000, 0x0000000084b00000| Untracked 
|  46|0x0000000084c00000, 0x0000000084d00000, 0x0000000084d00000|100%| O|  |TAMS 0x0000000084c00000, 0x0000000084c00000| Untracked 
|  47|0x0000000084d00000, 0x0000000084e00000, 0x0000000084e00000|100%| O|  |TAMS 0x0000000084d00000, 0x0000000084d00000| Untracked 
|  48|0x0000000084e00000, 0x0000000084f00000, 0x0000000084f00000|100%| O|  |TAMS 0x0000000084e00000, 0x0000000084e00000| Untracked 
|  49|0x0000000084f00000, 0x0000000085000000, 0x0000000085000000|100%| O|  |TAMS 0x0000000084f00000, 0x0000000084f00000| Untracked 
|  50|0x0000000085000000, 0x0000000085100000, 0x0000000085100000|100%| O|  |TAMS 0x0000000085000000, 0x0000000085000000| Untracked 
|  51|0x0000000085100000, 0x0000000085200000, 0x0000000085200000|100%| O|  |TAMS 0x0000000085100000, 0x0000000085100000| Untracked 
|  52|0x0000000085200000, 0x0000000085300000, 0x0000000085300000|100%| O|  |TAMS 0x0000000085200000, 0x0000000085200000| Untracked 
|  53|0x0000000085300000, 0x0000000085400000, 0x0000000085400000|100%| O|  |TAMS 0x0000000085300000, 0x0000000085300000| Untracked 
|  54|0x0000000085400000, 0x0000000085500000, 0x0000000085500000|100%|HS|  |TAMS 0x0000000085400000, 0x0000000085400000| Complete 
|  55|0x0000000085500000, 0x0000000085600000, 0x0000000085600000|100%| O|  |TAMS 0x0000000085500000, 0x0000000085500000| Untracked 
|  56|0x0000000085600000, 0x0000000085700000, 0x0000000085700000|100%| O|  |TAMS 0x0000000085600000, 0x0000000085600000| Untracked 
|  57|0x0000000085700000, 0x0000000085800000, 0x0000000085800000|100%| O|  |TAMS 0x0000000085700000, 0x0000000085700000| Untracked 
|  58|0x0000000085800000, 0x0000000085900000, 0x0000000085900000|100%| O|  |TAMS 0x0000000085800000, 0x0000000085800000| Untracked 
|  59|0x0000000085900000, 0x0000000085a00000, 0x0000000085a00000|100%| O|  |TAMS 0x0000000085900000, 0x0000000085900000| Untracked 
|  60|0x0000000085a00000, 0x0000000085b00000, 0x0000000085b00000|100%| O|  |TAMS 0x0000000085a00000, 0x0000000085a00000| Untracked 
|  61|0x0000000085b00000, 0x0000000085c00000, 0x0000000085c00000|100%| O|  |TAMS 0x0000000085b00000, 0x0000000085b00000| Untracked 
|  62|0x0000000085c00000, 0x0000000085d00000, 0x0000000085d00000|100%| O|  |TAMS 0x0000000085c00000, 0x0000000085c00000| Untracked 
|  63|0x0000000085d00000, 0x0000000085e00000, 0x0000000085e00000|100%| O|  |TAMS 0x0000000085d00000, 0x0000000085d00000| Untracked 
|  64|0x0000000085e00000, 0x0000000085f00000, 0x0000000085f00000|100%| O|  |TAMS 0x0000000085e00000, 0x0000000085e00000| Untracked 
|  65|0x0000000085f00000, 0x0000000085f4c200, 0x0000000086000000| 29%| O|  |TAMS 0x0000000085f00000, 0x0000000085f00000| Untracked 
|  66|0x0000000086000000, 0x0000000086000000, 0x0000000086100000|  0%| F|  |TAMS 0x0000000086000000, 0x0000000086000000| Untracked 
|  67|0x0000000086100000, 0x0000000086100000, 0x0000000086200000|  0%| F|  |TAMS 0x0000000086100000, 0x0000000086100000| Untracked 
|  68|0x0000000086200000, 0x0000000086200000, 0x0000000086300000|  0%| F|  |TAMS 0x0000000086200000, 0x0000000086200000| Untracked 
|  69|0x0000000086300000, 0x0000000086300000, 0x0000000086400000|  0%| F|  |TAMS 0x0000000086300000, 0x0000000086300000| Untracked 
|  70|0x0000000086400000, 0x0000000086400000, 0x0000000086500000|  0%| F|  |TAMS 0x0000000086400000, 0x0000000086400000| Untracked 
|  71|0x0000000086500000, 0x0000000086500000, 0x0000000086600000|  0%| F|  |TAMS 0x0000000086500000, 0x0000000086500000| Untracked 
|  72|0x0000000086600000, 0x0000000086600000, 0x0000000086700000|  0%| F|  |TAMS 0x0000000086600000, 0x0000000086600000| Untracked 
|  73|0x0000000086700000, 0x0000000086700000, 0x0000000086800000|  0%| F|  |TAMS 0x0000000086700000, 0x0000000086700000| Untracked 
|  74|0x0000000086800000, 0x0000000086800000, 0x0000000086900000|  0%| F|  |TAMS 0x0000000086800000, 0x0000000086800000| Untracked 
|  75|0x0000000086900000, 0x0000000086900000, 0x0000000086a00000|  0%| F|  |TAMS 0x0000000086900000, 0x0000000086900000| Untracked 
|  76|0x0000000086a00000, 0x0000000086a00000, 0x0000000086b00000|  0%| F|  |TAMS 0x0000000086a00000, 0x0000000086a00000| Untracked 
|  77|0x0000000086b00000, 0x0000000086b00000, 0x0000000086c00000|  0%| F|  |TAMS 0x0000000086b00000, 0x0000000086b00000| Untracked 
|  78|0x0000000086c00000, 0x0000000086c00000, 0x0000000086d00000|  0%| F|  |TAMS 0x0000000086c00000, 0x0000000086c00000| Untracked 
|  79|0x0000000086d00000, 0x0000000086d00000, 0x0000000086e00000|  0%| F|  |TAMS 0x0000000086d00000, 0x0000000086d00000| Untracked 
|  80|0x0000000086e00000, 0x0000000086e00000, 0x0000000086f00000|  0%| F|  |TAMS 0x0000000086e00000, 0x0000000086e00000| Untracked 
|  81|0x0000000086f00000, 0x0000000086f00000, 0x0000000087000000|  0%| F|  |TAMS 0x0000000086f00000, 0x0000000086f00000| Untracked 
|  82|0x0000000087000000, 0x0000000087000000, 0x0000000087100000|  0%| F|  |TAMS 0x0000000087000000, 0x0000000087000000| Untracked 
|  83|0x0000000087100000, 0x0000000087100000, 0x0000000087200000|  0%| F|  |TAMS 0x0000000087100000, 0x0000000087100000| Untracked 
|  84|0x0000000087200000, 0x0000000087200000, 0x0000000087300000|  0%| F|  |TAMS 0x0000000087200000, 0x0000000087200000| Untracked 
|  85|0x0000000087300000, 0x0000000087300000, 0x0000000087400000|  0%| F|  |TAMS 0x0000000087300000, 0x0000000087300000| Untracked 
|  86|0x0000000087400000, 0x0000000087400000, 0x0000000087500000|  0%| F|  |TAMS 0x0000000087400000, 0x0000000087400000| Untracked 
|  87|0x0000000087500000, 0x0000000087500000, 0x0000000087600000|  0%| F|  |TAMS 0x0000000087500000, 0x0000000087500000| Untracked 
|  88|0x0000000087600000, 0x0000000087600000, 0x0000000087700000|  0%| F|  |TAMS 0x0000000087600000, 0x0000000087600000| Untracked 
|  89|0x0000000087700000, 0x0000000087700000, 0x0000000087800000|  0%| F|  |TAMS 0x0000000087700000, 0x0000000087700000| Untracked 
|  90|0x0000000087800000, 0x0000000087800000, 0x0000000087900000|  0%| F|  |TAMS 0x0000000087800000, 0x0000000087800000| Untracked 
|  91|0x0000000087900000, 0x0000000087900000, 0x0000000087a00000|  0%| F|  |TAMS 0x0000000087900000, 0x0000000087900000| Untracked 
|  92|0x0000000087a00000, 0x0000000087a00000, 0x0000000087b00000|  0%| F|  |TAMS 0x0000000087a00000, 0x0000000087a00000| Untracked 
|  93|0x0000000087b00000, 0x0000000087b00000, 0x0000000087c00000|  0%| F|  |TAMS 0x0000000087b00000, 0x0000000087b00000| Untracked 
|  94|0x0000000087c00000, 0x0000000087c00000, 0x0000000087d00000|  0%| F|  |TAMS 0x0000000087c00000, 0x0000000087c00000| Untracked 
|  95|0x0000000087d00000, 0x0000000087d00000, 0x0000000087e00000|  0%| F|  |TAMS 0x0000000087d00000, 0x0000000087d00000| Untracked 
|  96|0x0000000087e00000, 0x0000000087ebaf68, 0x0000000087f00000| 73%| S|CS|TAMS 0x0000000087e00000, 0x0000000087e00000| Complete 
|  97|0x0000000087f00000, 0x0000000088000000, 0x0000000088000000|100%| S|CS|TAMS 0x0000000087f00000, 0x0000000087f00000| Complete 
|  98|0x0000000088000000, 0x0000000088100000, 0x0000000088100000|100%| S|CS|TAMS 0x0000000088000000, 0x0000000088000000| Complete 
|  99|0x0000000088100000, 0x0000000088200000, 0x0000000088200000|100%| S|CS|TAMS 0x0000000088100000, 0x0000000088100000| Complete 
| 100|0x0000000088200000, 0x0000000088300000, 0x0000000088300000|100%| S|CS|TAMS 0x0000000088200000, 0x0000000088200000| Complete 
| 101|0x0000000088300000, 0x0000000088300000, 0x0000000088400000|  0%| F|  |TAMS 0x0000000088300000, 0x0000000088300000| Untracked 
| 102|0x0000000088400000, 0x0000000088400000, 0x0000000088500000|  0%| F|  |TAMS 0x0000000088400000, 0x0000000088400000| Untracked 
| 103|0x0000000088500000, 0x0000000088500000, 0x0000000088600000|  0%| F|  |TAMS 0x0000000088500000, 0x0000000088500000| Untracked 
| 104|0x0000000088600000, 0x0000000088600000, 0x0000000088700000|  0%| F|  |TAMS 0x0000000088600000, 0x0000000088600000| Untracked 
| 105|0x0000000088700000, 0x0000000088700000, 0x0000000088800000|  0%| F|  |TAMS 0x0000000088700000, 0x0000000088700000| Untracked 
| 106|0x0000000088800000, 0x0000000088800000, 0x0000000088900000|  0%| F|  |TAMS 0x0000000088800000, 0x0000000088800000| Untracked 
| 107|0x0000000088900000, 0x0000000088900000, 0x0000000088a00000|  0%| F|  |TAMS 0x0000000088900000, 0x0000000088900000| Untracked 
| 108|0x0000000088a00000, 0x0000000088a00000, 0x0000000088b00000|  0%| F|  |TAMS 0x0000000088a00000, 0x0000000088a00000| Untracked 
| 109|0x0000000088b00000, 0x0000000088b00000, 0x0000000088c00000|  0%| F|  |TAMS 0x0000000088b00000, 0x0000000088b00000| Untracked 
| 110|0x0000000088c00000, 0x0000000088c00000, 0x0000000088d00000|  0%| F|  |TAMS 0x0000000088c00000, 0x0000000088c00000| Untracked 
| 111|0x0000000088d00000, 0x0000000088d00000, 0x0000000088e00000|  0%| F|  |TAMS 0x0000000088d00000, 0x0000000088d00000| Untracked 
| 112|0x0000000088e00000, 0x0000000088e00000, 0x0000000088f00000|  0%| F|  |TAMS 0x0000000088e00000, 0x0000000088e00000| Untracked 
| 113|0x0000000088f00000, 0x0000000088f00000, 0x0000000089000000|  0%| F|  |TAMS 0x0000000088f00000, 0x0000000088f00000| Untracked 
| 114|0x0000000089000000, 0x0000000089000000, 0x0000000089100000|  0%| F|  |TAMS 0x0000000089000000, 0x0000000089000000| Untracked 
| 115|0x0000000089100000, 0x0000000089100000, 0x0000000089200000|  0%| F|  |TAMS 0x0000000089100000, 0x0000000089100000| Untracked 
| 116|0x0000000089200000, 0x0000000089200000, 0x0000000089300000|  0%| F|  |TAMS 0x0000000089200000, 0x0000000089200000| Untracked 
| 117|0x0000000089300000, 0x0000000089300000, 0x0000000089400000|  0%| F|  |TAMS 0x0000000089300000, 0x0000000089300000| Untracked 
| 118|0x0000000089400000, 0x0000000089400000, 0x0000000089500000|  0%| F|  |TAMS 0x0000000089400000, 0x0000000089400000| Untracked 
| 119|0x0000000089500000, 0x0000000089500000, 0x0000000089600000|  0%| F|  |TAMS 0x0000000089500000, 0x0000000089500000| Untracked 
| 120|0x0000000089600000, 0x0000000089600000, 0x0000000089700000|  0%| F|  |TAMS 0x0000000089600000, 0x0000000089600000| Untracked 
| 121|0x0000000089700000, 0x0000000089700000, 0x0000000089800000|  0%| F|  |TAMS 0x0000000089700000, 0x0000000089700000| Untracked 
| 122|0x0000000089800000, 0x0000000089800000, 0x0000000089900000|  0%| F|  |TAMS 0x0000000089800000, 0x0000000089800000| Untracked 
| 123|0x0000000089900000, 0x0000000089900000, 0x0000000089a00000|  0%| F|  |TAMS 0x0000000089900000, 0x0000000089900000| Untracked 
| 124|0x0000000089a00000, 0x0000000089a00000, 0x0000000089b00000|  0%| F|  |TAMS 0x0000000089a00000, 0x0000000089a00000| Untracked 
| 125|0x0000000089b00000, 0x0000000089b00000, 0x0000000089c00000|  0%| F|  |TAMS 0x0000000089b00000, 0x0000000089b00000| Untracked 
| 126|0x0000000089c00000, 0x0000000089c00000, 0x0000000089d00000|  0%| F|  |TAMS 0x0000000089c00000, 0x0000000089c00000| Untracked 
| 127|0x0000000089d00000, 0x0000000089d00000, 0x0000000089e00000|  0%| F|  |TAMS 0x0000000089d00000, 0x0000000089d00000| Untracked 
| 128|0x0000000089e00000, 0x0000000089e00000, 0x0000000089f00000|  0%| F|  |TAMS 0x0000000089e00000, 0x0000000089e00000| Untracked 
| 129|0x0000000089f00000, 0x0000000089f00000, 0x000000008a000000|  0%| F|  |TAMS 0x0000000089f00000, 0x0000000089f00000| Untracked 
| 130|0x000000008a000000, 0x000000008a000000, 0x000000008a100000|  0%| F|  |TAMS 0x000000008a000000, 0x000000008a000000| Untracked 
| 131|0x000000008a100000, 0x000000008a100000, 0x000000008a200000|  0%| F|  |TAMS 0x000000008a100000, 0x000000008a100000| Untracked 
| 132|0x000000008a200000, 0x000000008a200000, 0x000000008a300000|  0%| F|  |TAMS 0x000000008a200000, 0x000000008a200000| Untracked 
| 133|0x000000008a300000, 0x000000008a300000, 0x000000008a400000|  0%| F|  |TAMS 0x000000008a300000, 0x000000008a300000| Untracked 
| 134|0x000000008a400000, 0x000000008a400000, 0x000000008a500000|  0%| F|  |TAMS 0x000000008a400000, 0x000000008a400000| Untracked 
| 135|0x000000008a500000, 0x000000008a500000, 0x000000008a600000|  0%| F|  |TAMS 0x000000008a500000, 0x000000008a500000| Untracked 
| 136|0x000000008a600000, 0x000000008a600000, 0x000000008a700000|  0%| F|  |TAMS 0x000000008a600000, 0x000000008a600000| Untracked 
| 137|0x000000008a700000, 0x000000008a700000, 0x000000008a800000|  0%| F|  |TAMS 0x000000008a700000, 0x000000008a700000| Untracked 
| 138|0x000000008a800000, 0x000000008a800000, 0x000000008a900000|  0%| F|  |TAMS 0x000000008a800000, 0x000000008a800000| Untracked 
| 139|0x000000008a900000, 0x000000008a900000, 0x000000008aa00000|  0%| F|  |TAMS 0x000000008a900000, 0x000000008a900000| Untracked 
| 140|0x000000008aa00000, 0x000000008aa00000, 0x000000008ab00000|  0%| F|  |TAMS 0x000000008aa00000, 0x000000008aa00000| Untracked 
| 141|0x000000008ab00000, 0x000000008ab00000, 0x000000008ac00000|  0%| F|  |TAMS 0x000000008ab00000, 0x000000008ab00000| Untracked 
| 142|0x000000008ac00000, 0x000000008ac00000, 0x000000008ad00000|  0%| F|  |TAMS 0x000000008ac00000, 0x000000008ac00000| Untracked 
| 143|0x000000008ad00000, 0x000000008ad00000, 0x000000008ae00000|  0%| F|  |TAMS 0x000000008ad00000, 0x000000008ad00000| Untracked 
| 144|0x000000008ae00000, 0x000000008ae00000, 0x000000008af00000|  0%| F|  |TAMS 0x000000008ae00000, 0x000000008ae00000| Untracked 
| 145|0x000000008af00000, 0x000000008af00000, 0x000000008b000000|  0%| F|  |TAMS 0x000000008af00000, 0x000000008af00000| Untracked 
| 146|0x000000008b000000, 0x000000008b000000, 0x000000008b100000|  0%| F|  |TAMS 0x000000008b000000, 0x000000008b000000| Untracked 
| 147|0x000000008b100000, 0x000000008b100000, 0x000000008b200000|  0%| F|  |TAMS 0x000000008b100000, 0x000000008b100000| Untracked 
| 148|0x000000008b200000, 0x000000008b200000, 0x000000008b300000|  0%| F|  |TAMS 0x000000008b200000, 0x000000008b200000| Untracked 
| 149|0x000000008b300000, 0x000000008b300000, 0x000000008b400000|  0%| F|  |TAMS 0x000000008b300000, 0x000000008b300000| Untracked 
| 150|0x000000008b400000, 0x000000008b400000, 0x000000008b500000|  0%| F|  |TAMS 0x000000008b400000, 0x000000008b400000| Untracked 
| 151|0x000000008b500000, 0x000000008b500000, 0x000000008b600000|  0%| F|  |TAMS 0x000000008b500000, 0x000000008b500000| Untracked 
| 152|0x000000008b600000, 0x000000008b600000, 0x000000008b700000|  0%| F|  |TAMS 0x000000008b600000, 0x000000008b600000| Untracked 
| 153|0x000000008b700000, 0x000000008b700000, 0x000000008b800000|  0%| F|  |TAMS 0x000000008b700000, 0x000000008b700000| Untracked 
| 154|0x000000008b800000, 0x000000008b800000, 0x000000008b900000|  0%| F|  |TAMS 0x000000008b800000, 0x000000008b800000| Untracked 
| 155|0x000000008b900000, 0x000000008b900000, 0x000000008ba00000|  0%| F|  |TAMS 0x000000008b900000, 0x000000008b900000| Untracked 
| 156|0x000000008ba00000, 0x000000008ba00000, 0x000000008bb00000|  0%| F|  |TAMS 0x000000008ba00000, 0x000000008ba00000| Untracked 
| 157|0x000000008bb00000, 0x000000008bb00000, 0x000000008bc00000|  0%| F|  |TAMS 0x000000008bb00000, 0x000000008bb00000| Untracked 
| 158|0x000000008bc00000, 0x000000008bc00000, 0x000000008bd00000|  0%| F|  |TAMS 0x000000008bc00000, 0x000000008bc00000| Untracked 
| 159|0x000000008bd00000, 0x000000008bd00000, 0x000000008be00000|  0%| F|  |TAMS 0x000000008bd00000, 0x000000008bd00000| Untracked 

Card table byte_map: [0x00000266c6f50000,0x00000266c7350000] _byte_map_base: 0x00000266c6b41000

Marking Bits (Prev, Next): (CMBitMap*) 0x00000266c0e1e1d0, (CMBitMap*) 0x00000266c0e1e210
 Prev Bits: [0x00000266c7750000, 0x00000266c96d8000)
 Next Bits: [0x00000266c96e0000, 0x00000266cb668000)

Polling page: 0x00000266becb0000

Metaspace:

Usage:
  Non-class:     29.97 MB used.
      Class:      4.49 MB used.
       Both:     34.46 MB used.

Virtual space:
  Non-class space:       32.00 MB reserved,      30.12 MB ( 94%) committed,  4 nodes.
      Class space:        1.00 GB reserved,       4.62 MB ( <1%) committed,  1 nodes.
             Both:        1.03 GB reserved,      34.75 MB (  3%) committed. 

Chunk freelists:
   Non-Class:  1.47 MB
       Class:  3.32 MB
        Both:  4.78 MB

MaxMetaspaceSize: unlimited
CompressedClassSpaceSize: 1.00 GB
Initial GC threshold: 21.00 MB
Current GC threshold: 57.81 MB
CDS: off
MetaspaceReclaimPolicy: balanced
 - commit_granule_bytes: 65536.
 - commit_granule_words: 8192.
 - virtual_space_node_default_size: 1048576.
 - enlarge_chunks_in_place: 1.
 - new_chunks_are_fully_committed: 0.
 - uncommit_free_chunks: 1.
 - use_allocation_guard: 0.
 - handle_deallocations: 1.


Internal statistics:

num_allocs_failed_limit: 3.
num_arena_births: 300.
num_arena_deaths: 0.
num_vsnodes_births: 5.
num_vsnodes_deaths: 0.
num_space_committed: 556.
num_space_uncommitted: 0.
num_chunks_returned_to_freelist: 3.
num_chunks_taken_from_freelist: 1297.
num_chunk_merges: 3.
num_chunk_splits: 894.
num_chunks_enlarged: 707.
num_purges: 0.
num_inconsistent_stats: 0.

CodeCache: size=49152Kb used=9177Kb max_used=9177Kb free=39974Kb
 bounds [0x00000266c3a40000, 0x00000266c4340000, 0x00000266c6a40000]
 total_blobs=4341 nmethods=3815 adapters=449
 compilation: enabled
              stopped_count=0, restarted_count=0
 full_count=0

Compilation events (20 events):
Event: 4.215 Thread 0x00000266cf6d7060 3807   !   1       io.github.classgraph.Classfile::<init> (860 bytes)
Event: 4.215 Thread 0x00000266cec20df0 3808       1       io.github.classgraph.ClasspathElementModule$1::openClassfile (13 bytes)
Event: 4.215 Thread 0x00000266ced03db0 nmethod 3805 0x00000266c4327690 code [0x00000266c4327820, 0x00000266c4327928]
Event: 4.215 Thread 0x00000266ced03db0 3809   !   1       io.github.classgraph.ClasspathElementModule$1::open (129 bytes)
Event: 4.215 Thread 0x00000266cec20df0 nmethod 3808 0x00000266c4327a10 code [0x00000266c4327bc0, 0x00000266c4327ec8]
Event: 4.216 Thread 0x00000266cec20df0 3810       1       io.github.classgraph.ModuleReaderProxy::open (72 bytes)
Event: 4.216 Thread 0x00000266cec20df0 nmethod 3810 0x00000266c4327f90 code [0x00000266c43281a0, 0x00000266c4328688]
Event: 4.216 Thread 0x00000266cec20df0 3812       1       io.github.classgraph.Classfile::extendScanningUpwards (585 bytes)
Event: 4.217 Thread 0x00000266ced03db0 nmethod 3809 0x00000266c4328890 code [0x00000266c4328b40, 0x00000266c43295f8]
Event: 4.217 Thread 0x00000266ced03db0 3813       1       io.github.classgraph.Classfile::readBasicClassInfo (339 bytes)
Event: 4.217 Thread 0x00000266cf6d7720 nmethod 3806 0x00000266c4329c10 code [0x00000266c4329fc0, 0x00000266c432af38]
Event: 4.217 Thread 0x00000266cf6d7720 3811   !   1       jdk.internal.module.SystemModuleFinders$SystemModuleReader::toInputStream (43 bytes)
Event: 4.218 Thread 0x00000266cec20df0 nmethod 3812 0x00000266c432b810 code [0x00000266c432bc80, 0x00000266c432cb88]
Event: 4.218 Thread 0x00000266cec20df0 3814   !   1       nonapi.io.github.classgraph.fileslice.reader.ClassfileReader::close (43 bytes)
Event: 4.218 Thread 0x00000266cf6d7720 nmethod 3811 0x00000266c432d710 code [0x00000266c432d900, 0x00000266c432de28]
Event: 4.218 Thread 0x00000266cec20df0 nmethod 3814 0x00000266c432e110 code [0x00000266c432e2c0, 0x00000266c432e498]
Event: 4.220 Thread 0x00000266ced03db0 nmethod 3813 0x00000266c432e590 code [0x00000266c432e900, 0x00000266c432f768]
Event: 4.239 Thread 0x00000266cf6d7060 nmethod 3807 0x00000266c4330010 code [0x00000266c4330840, 0x00000266c4333388]
Event: 4.250 Thread 0x00000266cf6d7720 3815  s!   1       jdk.internal.loader.URLClassPath::getLoader (196 bytes)
Event: 4.251 Thread 0x00000266cf6d7720 nmethod 3815 0x00000266c4334e10 code [0x00000266c43350c0, 0x00000266c4335ad8]

GC Heap History (20 events):
Event: 3.382 GC heap after
{Heap after GC invocations=10 (full 0):
 garbage-first heap   total 74752K, used 29002K [0x0000000081e00000, 0x0000000100000000)
  region size 1024K, 5 young (5120K), 5 survivors (5120K)
 Metaspace       used 33723K, committed 33984K, reserved 1081344K
  class space    used 4296K, committed 4416K, reserved 1048576K
}
Event: 3.492 GC heap before
{Heap before GC invocations=10 (full 0):
 garbage-first heap   total 74752K, used 52554K [0x0000000081e00000, 0x0000000100000000)
  region size 1024K, 29 young (29696K), 5 survivors (5120K)
 Metaspace       used 34516K, committed 34880K, reserved 1081344K
  class space    used 4447K, committed 4608K, reserved 1048576K
}
Event: 3.498 GC heap after
{Heap after GC invocations=11 (full 0):
 garbage-first heap   total 94208K, used 33491K [0x0000000081e00000, 0x0000000100000000)
  region size 1024K, 4 young (4096K), 4 survivors (4096K)
 Metaspace       used 34516K, committed 34880K, reserved 1081344K
  class space    used 4447K, committed 4608K, reserved 1048576K
}
Event: 3.611 GC heap before
{Heap before GC invocations=11 (full 0):
 garbage-first heap   total 94208K, used 67283K [0x0000000081e00000, 0x0000000100000000)
  region size 1024K, 37 young (37888K), 4 survivors (4096K)
 Metaspace       used 34961K, committed 35328K, reserved 1081344K
  class space    used 4543K, committed 4736K, reserved 1048576K
}
Event: 3.623 GC heap after
{Heap after GC invocations=12 (full 0):
 garbage-first heap   total 94208K, used 42709K [0x0000000081e00000, 0x0000000100000000)
  region size 1024K, 5 young (5120K), 5 survivors (5120K)
 Metaspace       used 34961K, committed 35328K, reserved 1081344K
  class space    used 4543K, committed 4736K, reserved 1048576K
}
Event: 4.043 GC heap before
{Heap before GC invocations=12 (full 0):
 garbage-first heap   total 94208K, used 68309K [0x0000000081e00000, 0x0000000100000000)
  region size 1024K, 30 young (30720K), 5 survivors (5120K)
 Metaspace       used 35130K, committed 35456K, reserved 1081344K
  class space    used 4575K, committed 4736K, reserved 1048576K
}
Event: 4.052 GC heap after
{Heap after GC invocations=13 (full 0):
 garbage-first heap   total 94208K, used 51024K [0x0000000081e00000, 0x0000000100000000)
  region size 1024K, 4 young (4096K), 4 survivors (4096K)
 Metaspace       used 35130K, committed 35456K, reserved 1081344K
  class space    used 4575K, committed 4736K, reserved 1048576K
}
Event: 4.119 GC heap before
{Heap before GC invocations=13 (full 0):
 garbage-first heap   total 94208K, used 62288K [0x0000000081e00000, 0x0000000100000000)
  region size 1024K, 16 young (16384K), 4 survivors (4096K)
 Metaspace       used 35130K, committed 35456K, reserved 1081344K
  class space    used 4575K, committed 4736K, reserved 1048576K
}
Event: 4.126 GC heap after
{Heap after GC invocations=14 (full 0):
 garbage-first heap   total 94208K, used 57884K [0x0000000081e00000, 0x0000000100000000)
  region size 1024K, 3 young (3072K), 3 survivors (3072K)
 Metaspace       used 35130K, committed 35456K, reserved 1081344K
  class space    used 4575K, committed 4736K, reserved 1048576K
}
Event: 4.178 GC heap before
{Heap before GC invocations=14 (full 0):
 garbage-first heap   total 94208K, used 71196K [0x0000000081e00000, 0x0000000100000000)
  region size 1024K, 16 young (16384K), 3 survivors (3072K)
 Metaspace       used 35219K, committed 35520K, reserved 1081344K
  class space    used 4584K, committed 4736K, reserved 1048576K
}
Event: 4.197 GC heap after
{Heap after GC invocations=15 (full 0):
 garbage-first heap   total 163840K, used 63659K [0x0000000081e00000, 0x0000000100000000)
  region size 1024K, 2 young (2048K), 2 survivors (2048K)
 Metaspace       used 35219K, committed 35520K, reserved 1081344K
  class space    used 4584K, committed 4736K, reserved 1048576K
}
Event: 4.239 GC heap before
{Heap before GC invocations=15 (full 0):
 garbage-first heap   total 163840K, used 105643K [0x0000000081e00000, 0x0000000100000000)
  region size 1024K, 45 young (46080K), 2 survivors (2048K)
 Metaspace       used 35221K, committed 35520K, reserved 1081344K
  class space    used 4585K, committed 4736K, reserved 1048576K
}
Event: 4.243 GC heap after
{Heap after GC invocations=16 (full 0):
 garbage-first heap   total 163840K, used 64551K [0x0000000081e00000, 0x0000000100000000)
  region size 1024K, 4 young (4096K), 4 survivors (4096K)
 Metaspace       used 35221K, committed 35520K, reserved 1081344K
  class space    used 4585K, committed 4736K, reserved 1048576K
}
Event: 4.263 GC heap before
{Heap before GC invocations=17 (full 0):
 garbage-first heap   total 163840K, used 116775K [0x0000000081e00000, 0x0000000100000000)
  region size 1024K, 56 young (57344K), 4 survivors (4096K)
 Metaspace       used 35290K, committed 35584K, reserved 1081344K
  class space    used 4599K, committed 4736K, reserved 1048576K
}
Event: 4.268 GC heap after
{Heap after GC invocations=18 (full 0):
 garbage-first heap   total 163840K, used 66761K [0x0000000081e00000, 0x0000000100000000)
  region size 1024K, 5 young (5120K), 5 survivors (5120K)
 Metaspace       used 35290K, committed 35584K, reserved 1081344K
  class space    used 4599K, committed 4736K, reserved 1048576K
}
Event: 4.269 GC heap before
{Heap before GC invocations=18 (full 0):
 garbage-first heap   total 163840K, used 68809K [0x0000000081e00000, 0x0000000100000000)
  region size 1024K, 8 young (8192K), 5 survivors (5120K)
 Metaspace       used 35290K, committed 35584K, reserved 1081344K
  class space    used 4599K, committed 4736K, reserved 1048576K
}
Event: 4.271 GC heap after
{Heap after GC invocations=19 (full 0):
 garbage-first heap   total 163840K, used 66588K [0x0000000081e00000, 0x0000000100000000)
  region size 1024K, 1 young (1024K), 1 survivors (1024K)
 Metaspace       used 35290K, committed 35584K, reserved 1081344K
  class space    used 4599K, committed 4736K, reserved 1048576K
}
Event: 4.287 GC heap before
{Heap before GC invocations=19 (full 0):
 garbage-first heap   total 163840K, used 121884K [0x0000000081e00000, 0x0000000100000000)
  region size 1024K, 56 young (57344K), 1 survivors (1024K)
 Metaspace       used 35290K, committed 35584K, reserved 1081344K
  class space    used 4599K, committed 4736K, reserved 1048576K
}
Event: 4.289 GC heap after
{Heap after GC invocations=20 (full 0):
 garbage-first heap   total 163840K, used 68282K [0x0000000081e00000, 0x0000000100000000)
  region size 1024K, 3 young (3072K), 3 survivors (3072K)
 Metaspace       used 35290K, committed 35584K, reserved 1081344K
  class space    used 4599K, committed 4736K, reserved 1048576K
}
Event: 4.304 GC heap before
{Heap before GC invocations=20 (full 0):
 garbage-first heap   total 163840K, used 124602K [0x0000000081e00000, 0x0000000100000000)
  region size 1024K, 59 young (60416K), 3 survivors (3072K)
 Metaspace       used 35290K, committed 35584K, reserved 1081344K
  class space    used 4599K, committed 4736K, reserved 1048576K
}

Deoptimization events (16 events):
Event: 0.972 Thread 0x00000266c0dbef00 DEOPT PACKING pc=0x00000266c3e556f5 sp=0x000000d78b6fdab0
Event: 0.972 Thread 0x00000266c0dbef00 DEOPT UNPACKING pc=0x00000266c3a92b43 sp=0x000000d78b6fcf20 mode 3
Event: 1.725 Thread 0x00000266c0dbef00 DEOPT PACKING pc=0x00000266c3f83e19 sp=0x000000d78b6fd260
Event: 1.725 Thread 0x00000266c0dbef00 DEOPT UNPACKING pc=0x00000266c3a92b43 sp=0x000000d78b6fc740 mode 3
Event: 2.128 Thread 0x00000266c0dbef00 DEOPT PACKING pc=0x00000266c40445f5 sp=0x000000d78b6fcd10
Event: 2.128 Thread 0x00000266c0dbef00 DEOPT UNPACKING pc=0x00000266c3a92b43 sp=0x000000d78b6fc180 mode 3
Event: 2.873 Thread 0x00000266c0dbef00 DEOPT PACKING pc=0x00000266c40e4399 sp=0x000000d78b6fc7d0
Event: 2.873 Thread 0x00000266c0dbef00 DEOPT UNPACKING pc=0x00000266c3a92b43 sp=0x000000d78b6fbcb0 mode 3
Event: 2.958 Thread 0x00000266d0a274f0 DEOPT PACKING pc=0x00000266c41441ab sp=0x000000d78d0fe4d0
Event: 2.958 Thread 0x00000266d0a274f0 DEOPT UNPACKING pc=0x00000266c3a92b43 sp=0x000000d78d0fda18 mode 3
Event: 3.274 Thread 0x00000266d0defd00 DEOPT PACKING pc=0x00000266c3f84e81 sp=0x000000d78dffec10
Event: 3.274 Thread 0x00000266d0defd00 DEOPT UNPACKING pc=0x00000266c3a92b43 sp=0x000000d78dffe0a0 mode 3
Event: 3.398 Thread 0x00000266d0decce0 DEOPT PACKING pc=0x00000266c4295d35 sp=0x000000d78e5fcec0
Event: 3.398 Thread 0x00000266d0decce0 DEOPT UNPACKING pc=0x00000266c3a92b43 sp=0x000000d78e5fc3e8 mode 3
Event: 3.970 Thread 0x00000266d0b9db50 DEOPT PACKING pc=0x00000266c3f7b717 sp=0x000000d78dbff0b0
Event: 3.970 Thread 0x00000266d0b9db50 DEOPT UNPACKING pc=0x00000266c3a92b43 sp=0x000000d78dbfe508 mode 3

Classes unloaded (0 events):
No events

Classes redefined (0 events):
No events

Internal exceptions (20 events):
Event: 3.077 Thread 0x00000266d0d24410 Exception <a 'sun/nio/fs/WindowsException'{0x0000000084838528}> (0x0000000084838528) 
thrown [e:\jenkins\tmp\workspace\build\src\src\hotspot\share\prims\jni.cpp, line 516]
Event: 3.077 Thread 0x00000266d0d24410 Exception <a 'sun/nio/fs/WindowsException'{0x0000000084838f18}> (0x0000000084838f18) 
thrown [e:\jenkins\tmp\workspace\build\src\src\hotspot\share\prims\jni.cpp, line 516]
Event: 3.078 Thread 0x00000266d0d24410 Exception <a 'sun/nio/fs/WindowsException'{0x00000000848392c0}> (0x00000000848392c0) 
thrown [e:\jenkins\tmp\workspace\build\src\src\hotspot\share\prims\jni.cpp, line 516]
Event: 3.078 Thread 0x00000266d0d24410 Exception <a 'sun/nio/fs/WindowsException'{0x0000000084839cc0}> (0x0000000084839cc0) 
thrown [e:\jenkins\tmp\workspace\build\src\src\hotspot\share\prims\jni.cpp, line 516]
Event: 3.078 Thread 0x00000266d0d24410 Exception <a 'sun/nio/fs/WindowsException'{0x000000008483a080}> (0x000000008483a080) 
thrown [e:\jenkins\tmp\workspace\build\src\src\hotspot\share\prims\jni.cpp, line 516]
Event: 3.078 Thread 0x00000266d0d24410 Exception <a 'sun/nio/fs/WindowsException'{0x000000008483aa80}> (0x000000008483aa80) 
thrown [e:\jenkins\tmp\workspace\build\src\src\hotspot\share\prims\jni.cpp, line 516]
Event: 3.079 Thread 0x00000266d0d24410 Exception <a 'sun/nio/fs/WindowsException'{0x000000008483ae30}> (0x000000008483ae30) 
thrown [e:\jenkins\tmp\workspace\build\src\src\hotspot\share\prims\jni.cpp, line 516]
Event: 3.079 Thread 0x00000266d0d24410 Exception <a 'sun/nio/fs/WindowsException'{0x000000008483b830}> (0x000000008483b830) 
thrown [e:\jenkins\tmp\workspace\build\src\src\hotspot\share\prims\jni.cpp, line 516]
Event: 3.079 Thread 0x00000266d0d24410 Exception <a 'sun/nio/fs/WindowsException'{0x000000008483bbf0}> (0x000000008483bbf0) 
thrown [e:\jenkins\tmp\workspace\build\src\src\hotspot\share\prims\jni.cpp, line 516]
Event: 3.079 Thread 0x00000266d0d24410 Exception <a 'sun/nio/fs/WindowsException'{0x000000008483c618}> (0x000000008483c618) 
thrown [e:\jenkins\tmp\workspace\build\src\src\hotspot\share\prims\jni.cpp, line 516]
Event: 3.079 Thread 0x00000266d0d24410 Exception <a 'sun/nio/fs/WindowsException'{0x000000008483c9f8}> (0x000000008483c9f8) 
thrown [e:\jenkins\tmp\workspace\build\src\src\hotspot\share\prims\jni.cpp, line 516]
Event: 3.079 Thread 0x00000266d0d24410 Exception <a 'sun/nio/fs/WindowsException'{0x000000008483d430}> (0x000000008483d430) 
thrown [e:\jenkins\tmp\workspace\build\src\src\hotspot\share\prims\jni.cpp, line 516]
Event: 3.079 Thread 0x00000266d0d24410 Exception <a 'sun/nio/fs/WindowsException'{0x000000008483d820}> (0x000000008483d820) 
thrown [e:\jenkins\tmp\workspace\build\src\src\hotspot\share\prims\jni.cpp, line 516]
Event: 3.080 Thread 0x00000266d0d24410 Exception <a 'sun/nio/fs/WindowsException'{0x000000008483e248}> (0x000000008483e248) 
thrown [e:\jenkins\tmp\workspace\build\src\src\hotspot\share\prims\jni.cpp, line 516]
Event: 3.080 Thread 0x00000266d0d24410 Exception <a 'sun/nio/fs/WindowsException'{0x000000008483e638}> (0x000000008483e638) 
thrown [e:\jenkins\tmp\workspace\build\src\src\hotspot\share\prims\jni.cpp, line 516]
Event: 3.393 Thread 0x00000266d0decce0 Exception <a 'java/lang/NoSuchMethodError'{0x00000000888312e8}: 'java.lang.Object java.lang.invoke.DirectMethodHandle$Holder.invokeStatic(java.lang.Object, int, java.lang.Object)'> (0x00000000888312e8) 
thrown [e:\jenkins\tmp\workspace\build\src\src\hotspot\share\interpreter\linkResolver.cpp, line 766]
Event: 3.395 Thread 0x00000266d0df01d0 Exception <a 'java/lang/NoSuchMethodError'{0x0000000088676b70}: 'java.lang.Object java.lang.invoke.DirectMethodHandle$Holder.invokeStatic(java.lang.Object, java.lang.Object, java.lang.Object, int, java.lang.Object, java.lang.Object)'> (0x0000000088676b70) 
thrown [e:\jenkins\tmp\workspace\build\src\src\hotspot\share\interpreter\linkResolver.cpp, line 766]
Event: 3.587 Thread 0x00000266d0e1d820 Exception <a 'java/lang/NoSuchMethodError'{0x0000000085f415a8}: 'int java.lang.invoke.DirectMethodHandle$Holder.invokeStatic(java.lang.Object)'> (0x0000000085f415a8) 
thrown [e:\jenkins\tmp\workspace\build\src\src\hotspot\share\interpreter\linkResolver.cpp, line 766]
Event: 3.587 Thread 0x00000266d0e1d820 Exception <a 'java/lang/NoSuchMethodError'{0x0000000085f44a58}: 'int java.lang.invoke.DirectMethodHandle$Holder.invokeStaticInit(java.lang.Object)'> (0x0000000085f44a58) 
thrown [e:\jenkins\tmp\workspace\build\src\src\hotspot\share\interpreter\linkResolver.cpp, line 766]
Event: 3.609 Thread 0x00000266d0df01d0 Exception <a 'java/lang/NoSuchMethodError'{0x0000000085a72270}: 'int java.lang.invoke.DirectMethodHandle$Holder.invokeVirtual(java.lang.Object, java.lang.Object)'> (0x0000000085a72270) 
thrown [e:\jenkins\tmp\workspace\build\src\src\hotspot\share\interpreter\linkResolver.cpp, line 766]

VM Operations (20 events):
Event: 4.245 Executing VM operation: HandshakeAllThreads done
Event: 4.246 Executing VM operation: HandshakeAllThreads
Event: 4.246 Executing VM operation: HandshakeAllThreads done
Event: 4.254 Executing VM operation: G1Concurrent
Event: 4.254 Executing VM operation: G1Concurrent done
Event: 4.263 Executing VM operation: G1CollectForAllocation
Event: 4.263 Executing VM operation: G1CollectForAllocation done
Event: 4.263 Executing VM operation: G1CollectForAllocation
Event: 4.268 Executing VM operation: G1CollectForAllocation done
Event: 4.269 Executing VM operation: G1CollectForAllocation
Event: 4.269 Executing VM operation: G1CollectForAllocation done
Event: 4.269 Executing VM operation: G1CollectForAllocation
Event: 4.271 Executing VM operation: G1CollectForAllocation done
Event: 4.287 Executing VM operation: G1CollectForAllocation
Event: 4.287 Executing VM operation: G1CollectForAllocation done
Event: 4.287 Executing VM operation: G1CollectForAllocation
Event: 4.289 Executing VM operation: G1CollectForAllocation done
Event: 4.303 Executing VM operation: G1CollectForAllocation
Event: 4.304 Executing VM operation: G1CollectForAllocation done
Event: 4.304 Executing VM operation: G1CollectForAllocation

Events (20 events):
Event: 3.464 loading class java/util/concurrent/CompletableFuture$Signaller done
Event: 3.465 Thread 0x00000266d0e1eb60 Thread added: 0x00000266d0e1eb60
Event: 3.465 loading class java/util/concurrent/CompletableFuture$UniRelay
Event: 3.465 loading class java/util/concurrent/CompletableFuture$UniRelay done
Event: 3.563 Thread 0x00000266d0e1d820 Thread added: 0x00000266d0e1d820
Event: 3.596 Thread 0x00000266d0e1bb40 Thread added: 0x00000266d0e1bb40
Event: 3.601 loading class java/util/concurrent/CompletionException
Event: 3.601 loading class java/util/concurrent/CompletionException done
Event: 3.625 loading class java/io/PrintWriter
Event: 3.625 loading class java/io/PrintWriter done
Event: 3.631 loading class sun/nio/cs/StringUTF16
Event: 3.631 loading class sun/nio/cs/StringUTF16 done
Event: 3.633 loading class java/util/WeakHashMap$EntrySet
Event: 3.633 loading class java/util/WeakHashMap$EntrySet done
Event: 3.633 loading class java/util/WeakHashMap$EntryIterator
Event: 3.633 loading class java/util/WeakHashMap$HashIterator
Event: 3.633 loading class java/util/WeakHashMap$HashIterator done
Event: 3.633 loading class java/util/WeakHashMap$EntryIterator done
Event: 3.651 loading class java/util/regex/Pattern$1
Event: 3.651 loading class java/util/regex/Pattern$1 done


Dynamic libraries:
0x00007ff678d00000 - 0x00007ff678d0e000 	c:\Users\anton\.vscode\extensions\redhat.java-1.9.0-win32-x64\jre\17.0.3-win32-x86_64\bin\java.exe
0x00007ff924f10000 - 0x00007ff925108000 	C:\WINDOWS\SYSTEM32\ntdll.dll
0x00007ff900600000 - 0x00007ff900617000 	C:\Program Files\Avast Software\Avast\aswhook.dll
0x00007ff923dc0000 - 0x00007ff923e7d000 	C:\WINDOWS\System32\KERNEL32.DLL
0x00007ff922a00000 - 0x00007ff922cce000 	C:\WINDOWS\System32\KERNELBASE.dll
0x00007ff922630000 - 0x00007ff922730000 	C:\WINDOWS\System32\ucrtbase.dll
0x00007ff91ca80000 - 0x00007ff91ca98000 	c:\Users\anton\.vscode\extensions\redhat.java-1.9.0-win32-x64\jre\17.0.3-win32-x86_64\bin\jli.dll
0x00007ff9140f0000 - 0x00007ff914109000 	c:\Users\anton\.vscode\extensions\redhat.java-1.9.0-win32-x64\jre\17.0.3-win32-x86_64\bin\VCRUNTIME140.dll
0x00007ff922ff0000 - 0x00007ff923190000 	C:\WINDOWS\System32\USER32.dll
0x00007ff922e30000 - 0x00007ff922e52000 	C:\WINDOWS\System32\win32u.dll
0x00007ff923ce0000 - 0x00007ff923d0a000 	C:\WINDOWS\System32\GDI32.dll
0x00007ff8ffc70000 - 0x00007ff8fff0a000 	C:\WINDOWS\WinSxS\amd64_microsoft.windows.common-controls_6595b64144ccf1df_6.0.19041.1110_none_60b5254171f9507e\COMCTL32.dll
0x00007ff922e60000 - 0x00007ff922f6b000 	C:\WINDOWS\System32\gdi32full.dll
0x00007ff924550000 - 0x00007ff9245ee000 	C:\WINDOWS\System32\msvcrt.dll
0x00007ff922cd0000 - 0x00007ff922d6d000 	C:\WINDOWS\System32\msvcp_win.dll
0x00007ff924650000 - 0x00007ff924680000 	C:\WINDOWS\System32\IMM32.DLL
0x00007ff91ed50000 - 0x00007ff91ed5c000 	c:\Users\anton\.vscode\extensions\redhat.java-1.9.0-win32-x64\jre\17.0.3-win32-x86_64\bin\vcruntime140_1.dll
0x00007ff8e5d20000 - 0x00007ff8e5db1000 	c:\Users\anton\.vscode\extensions\redhat.java-1.9.0-win32-x64\jre\17.0.3-win32-x86_64\bin\msvcp140.dll
0x00007ff8ae9e0000 - 0x00007ff8af628000 	c:\Users\anton\.vscode\extensions\redhat.java-1.9.0-win32-x64\jre\17.0.3-win32-x86_64\bin\server\jvm.dll
0x00007ff9244a0000 - 0x00007ff92454e000 	C:\WINDOWS\System32\ADVAPI32.dll
0x00007ff923d10000 - 0x00007ff923dac000 	C:\WINDOWS\System32\sechost.dll
0x00007ff9234e0000 - 0x00007ff923605000 	C:\WINDOWS\System32\RPCRT4.dll
0x00007ff924770000 - 0x00007ff924778000 	C:\WINDOWS\System32\PSAPI.DLL
0x00007ff901e80000 - 0x00007ff901ea7000 	C:\WINDOWS\SYSTEM32\WINMM.dll
0x00007ff91ba70000 - 0x00007ff91ba7a000 	C:\WINDOWS\SYSTEM32\VERSION.dll
0x00007ff90a310000 - 0x00007ff90a319000 	C:\WINDOWS\SYSTEM32\WSOCK32.dll
0x00007ff923190000 - 0x00007ff9231fb000 	C:\WINDOWS\System32\WS2_32.dll
0x00007ff920e80000 - 0x00007ff920e92000 	C:\WINDOWS\SYSTEM32\kernel.appcore.dll
0x00007ff91ce30000 - 0x00007ff91ce3a000 	c:\Users\anton\.vscode\extensions\redhat.java-1.9.0-win32-x64\jre\17.0.3-win32-x86_64\bin\jimage.dll
0x00007ff9203f0000 - 0x00007ff9205d4000 	C:\WINDOWS\SYSTEM32\DBGHELP.DLL
0x00007ff90e930000 - 0x00007ff90e95c000 	C:\WINDOWS\SYSTEM32\dbgcore.DLL
0x00007ff9227e0000 - 0x00007ff922862000 	C:\WINDOWS\System32\bcryptPrimitives.dll
0x00007ff90d9c0000 - 0x00007ff90d9e5000 	c:\Users\anton\.vscode\extensions\redhat.java-1.9.0-win32-x64\jre\17.0.3-win32-x86_64\bin\java.dll
0x00007ff90da80000 - 0x00007ff90da98000 	c:\Users\anton\.vscode\extensions\redhat.java-1.9.0-win32-x64\jre\17.0.3-win32-x86_64\bin\zip.dll
0x00007ff924780000 - 0x00007ff924ec4000 	C:\WINDOWS\System32\SHELL32.dll
0x00007ff9205e0000 - 0x00007ff920d74000 	C:\WINDOWS\SYSTEM32\windows.storage.dll
0x00007ff924030000 - 0x00007ff924384000 	C:\WINDOWS\System32\combase.dll
0x00007ff921fc0000 - 0x00007ff921ff0000 	C:\WINDOWS\SYSTEM32\Wldp.dll
0x00007ff923200000 - 0x00007ff9232ad000 	C:\WINDOWS\System32\SHCORE.dll
0x00007ff924390000 - 0x00007ff9243e5000 	C:\WINDOWS\System32\shlwapi.dll
0x00007ff922570000 - 0x00007ff92258f000 	C:\WINDOWS\SYSTEM32\profapi.dll
0x00007ff909cd0000 - 0x00007ff909ce9000 	C:\Users\anton\.vscode\extensions\redhat.java-1.9.0-win32-x64\jre\17.0.3-win32-x86_64\bin\net.dll
0x00007ff914b30000 - 0x00007ff914c3a000 	C:\WINDOWS\SYSTEM32\WINHTTP.dll
0x00007ff921cd0000 - 0x00007ff921d3a000 	C:\WINDOWS\system32\mswsock.dll
0x00007ff908940000 - 0x00007ff908955000 	C:\Users\anton\.vscode\extensions\redhat.java-1.9.0-win32-x64\jre\17.0.3-win32-x86_64\bin\nio.dll
0x00007ff91cab0000 - 0x00007ff91cac0000 	c:\Users\anton\.vscode\extensions\redhat.java-1.9.0-win32-x64\jre\17.0.3-win32-x86_64\bin\verify.dll
0x00007ff91ba80000 - 0x00007ff91ba89000 	C:\Users\anton\.vscode\extensions\redhat.java-1.9.0-win32-x64\jre\17.0.3-win32-x86_64\bin\management.dll
0x00007ff91ba30000 - 0x00007ff91ba3b000 	C:\Users\anton\.vscode\extensions\redhat.java-1.9.0-win32-x64\jre\17.0.3-win32-x86_64\bin\management_ext.dll
0x00007ff901ac0000 - 0x00007ff901ad7000 	C:\WINDOWS\system32\napinsp.dll
0x00007ff901a00000 - 0x00007ff901a1b000 	C:\WINDOWS\system32\pnrpnsp.dll
0x00007ff91d3e0000 - 0x00007ff91d3f5000 	C:\WINDOWS\system32\wshbth.dll
0x00007ff91b920000 - 0x00007ff91b93d000 	C:\WINDOWS\system32\NLAapi.dll
0x00007ff9219d0000 - 0x00007ff921a0b000 	C:\WINDOWS\SYSTEM32\IPHLPAPI.DLL
0x00007ff921a20000 - 0x00007ff921aea000 	C:\WINDOWS\SYSTEM32\DNSAPI.dll
0x00007ff923bb0000 - 0x00007ff923bb8000 	C:\WINDOWS\System32\NSI.dll
0x00007ff9019d0000 - 0x00007ff9019e2000 	C:\WINDOWS\System32\winrnr.dll
0x00007ff90c940000 - 0x00007ff90c94a000 	C:\Windows\System32\rasadhlp.dll
0x00007ff913af0000 - 0x00007ff913b70000 	C:\WINDOWS\System32\fwpuclnt.dll
0x00007ff9229d0000 - 0x00007ff9229f7000 	C:\WINDOWS\System32\bcrypt.dll
0x00007ff921ea0000 - 0x00007ff921eb8000 	C:\WINDOWS\SYSTEM32\CRYPTSP.dll
0x00007ff921660000 - 0x00007ff921694000 	C:\WINDOWS\system32\rsaenh.dll
0x00007ff922530000 - 0x00007ff92255e000 	C:\WINDOWS\SYSTEM32\USERENV.dll
0x00007ff921e90000 - 0x00007ff921e9c000 	C:\WINDOWS\SYSTEM32\CRYPTBASE.dll
0x00007ff91a050000 - 0x00007ff91a067000 	C:\WINDOWS\SYSTEM32\dhcpcsvc6.DLL
0x00007ff91b3c0000 - 0x00007ff91b3dd000 	C:\WINDOWS\SYSTEM32\dhcpcsvc.DLL

dbghelp: loaded successfully - version: 4.0.5 - missing functions: none
symbol engine: initialized successfully - sym options: 0x614 - pdb path: .;c:\Users\anton\.vscode\extensions\redhat.java-1.9.0-win32-x64\jre\17.0.3-win32-x86_64\bin;C:\WINDOWS\SYSTEM32;C:\Program Files\Avast Software\Avast;C:\WINDOWS\WinSxS\amd64_microsoft.windows.common-controls_6595b64144ccf1df_6.0.19041.1110_none_60b5254171f9507e;c:\Users\anton\.vscode\extensions\redhat.java-1.9.0-win32-x64\jre\17.0.3-win32-x86_64\bin\server

VM Arguments:
jvm_args: -Dsts.lsp.client=vscode -Dsts.log.file=/dev/null -XX:TieredStopAtLevel=1 -Dspring.config.location=file:c:\Users\anton\.vscode\extensions\pivotal.vscode-spring-boot-1.38.0\language-server\BOOT-INF\classes\application.properties 
java_command: org.springframework.ide.vscode.boot.app.BootLanguageServerBootApp
java_class_path (initial): c:\Users\anton\.vscode\extensions\pivotal.vscode-spring-boot-1.38.0\language-server\BOOT-INF\classes;c:\Users\anton\.vscode\extensions\pivotal.vscode-spring-boot-1.38.0\language-server\BOOT-INF\lib\annotations-23.0.0.jar;c:\Users\anton\.vscode\extensions\pivotal.vscode-spring-boot-1.38.0\language-server\BOOT-INF\lib\antlr-runtime-3.5.2.jar;c:\Users\anton\.vscode\extensions\pivotal.vscode-spring-boot-1.38.0\language-server\BOOT-INF\lib\antlr4-4.9.3.jar;c:\Users\anton\.vscode\extensions\pivotal.vscode-spring-boot-1.38.0\language-server\BOOT-INF\lib\antlr4-runtime-4.9.3.jar;c:\Users\anton\.vscode\extensions\pivotal.vscode-spring-boot-1.38.0\language-server\BOOT-INF\lib\asm-9.3.jar;c:\Users\anton\.vscode\extensions\pivotal.vscode-spring-boot-1.38.0\language-server\BOOT-INF\lib\asm-analysis-9.3.jar;c:\Users\anton\.vscode\extensions\pivotal.vscode-spring-boot-1.38.0\language-server\BOOT-INF\lib\asm-tree-9.3.jar;c:\Users\anton\.vscode\extensions\pivotal.vscode-spring-boot-1.38.0\language-server\BOOT-INF\lib\asm-util-9.3.jar;c:\Users\anton\.vscode\extensions\pivotal.vscode-spring-boot-1.38.0\language-server\BOOT-INF\lib\byte-buddy-1.10.18.jar;c:\Users\anton\.vscode\extensions\pivotal.vscode-spring-boot-1.38.0\language-server\BOOT-INF\lib\caffeine-2.8.6.jar;c:\Users\anton\.vscode\extensions\pivotal.vscode-spring-boot-1.38.0\language-server\BOOT-INF\lib\checker-qual-3.12.0.jar;c:\Users\anton\.vscode\extensions\pivotal.vscode-spring-boot-1.38.0\language-server\BOOT-INF\lib\classgraph-4.8.149.jar;c:\Users\anton\.vscode\extensions\pivotal.vscode-spring-boot-1.38.0\language-server\BOOT-INF\lib\commons-codec-1.14.jar;c:\Users\anton\.vscode\extensions\pivotal.vscode-spring-boot-1.38.0\language-server\BOOT-INF\lib\commons-compress-1.21.jar;c:\Users\anton\.vscode\extensions\pivotal.vscode-spring-boot-1.38.0\language-server\BOOT-INF\lib\commons-exec-1.3.jar;c:\Users\anton\.vscode\extensions\pivotal.vscode-spring-boot-1.38.0\language-server\BOOT-INF\lib\com
Launcher Type: SUN_STANDARD

[Global flags]
     intx CICompilerCount                          = 4                                         {product} {ergonomic}
     uint ConcGCThreads                            = 2                                         {product} {ergonomic}
     uint G1ConcRefinementThreads                  = 8                                         {product} {ergonomic}
   size_t G1HeapRegionSize                         = 1048576                                   {product} {ergonomic}
    uintx GCDrainStackTargetSize                   = 64                                        {product} {ergonomic}
   size_t InitialHeapSize                          = 134217728                                 {product} {ergonomic}
   size_t MarkStackSize                            = 4194304                                   {product} {ergonomic}
   size_t MaxHeapSize                              = 2116026368                                {product} {ergonomic}
   size_t MaxNewSize                               = 1268776960                                {product} {ergonomic}
   size_t MinHeapDeltaBytes                        = 1048576                                   {product} {ergonomic}
   size_t MinHeapSize                              = 8388608                                   {product} {ergonomic}
    uintx NonProfiledCodeHeapSize                  = 0                                      {pd product} {ergonomic}
     bool ProfileInterpreter                       = false                                  {pd product} {command line}
    uintx ProfiledCodeHeapSize                     = 0                                      {pd product} {ergonomic}
   size_t SoftMaxHeapSize                          = 2116026368                             {manageable} {ergonomic}
     intx TieredStopAtLevel                        = 1                                         {product} {command line}
     bool UseCompressedClassPointers               = true                           {product lp64_product} {ergonomic}
     bool UseCompressedOops                        = true                           {product lp64_product} {ergonomic}
     bool UseG1GC                                  = true                                      {product} {ergonomic}
     bool UseLargePagesIndividualAllocation        = false                                  {pd product} {ergonomic}

Logging:
Log output configuration:
 #0: stdout all=warning uptime,level,tags
 #1: stderr all=off uptime,level,tags

Environment Variables:
JAVA_HOME=C:\Program Files\Java\jdk-18.0.2.1
PATH=C:\Program Files\Java\jdk-18.0.2.1\bin;C:\Program Files (x86)\Common Files\Oracle\Java\javapath;C:\Program Files\Common Files\Oracle\Java\javapath;C:\WINDOWS\system32;C:\WINDOWS;C:\WINDOWS\System32\Wbem;C:\WINDOWS\System32\WindowsPowerShell\v1.0\;C:\WINDOWS\System32\OpenSSH\;C:\ProgramData\UNIVALI\Portugol Studio;C:\Program Files\Git\cmd;C:\Program Files\nodejs\;C:\Program Files\PuTTY\;C:\Program Files\MongoDB\Server\6.0\bin;C:\Program Files\MongoDB\Tools\100\bin;C:\Program Files\MySQL\MySQL Shell 8.0\bin\;C:\Users\anton\AppData\Local\Microsoft\WindowsApps;C:\Users\anton\AppData\Local\Programs\Microsoft VS Code\bin;C:\Users\anton\AppData\Local\GitHubDesktop\bin;C:\Users\anton\AppData\Roaming\npm;C:\Users\anton\apache-maven-3.8.6\bin;
USERNAME=anton
OS=Windows_NT
PROCESSOR_IDENTIFIER=Intel64 Family 6 Model 142 Stepping 12, GenuineIntel



---------------  S Y S T E M  ---------------

OS:
 Windows 10 , 64 bit Build 19041 (10.0.19041.1889)
OS uptime: 10 days 1:36 hours
Hyper-V role detected

CPU: total 8 (initial active 8) (4 cores per cpu, 2 threads per core) family 6 model 142 stepping 12 microcode 0xd6, cx8, cmov, fxsr, ht, mmx, 3dnowpref, sse, sse2, sse3, ssse3, sse4.1, sse4.2, popcnt, lzcnt, tsc, tscinvbit, avx, avx2, aes, erms, clmul, bmi1, bmi2, adx, fma, vzeroupper, clflush, clflushopt, hv

Memory: 4k page, system-wide physical 8070M (361M free)
TotalPageFile size 32646M (AvailPageFile size 122M)
current process WorkingSet (physical memory assigned to process): 255M, peak: 255M
current process commit charge ("private bytes"): 300M, peak: 620M

vm_info: OpenJDK 64-Bit Server VM (17.0.3+7) for windows-amd64 JRE (17.0.3+7), built on Apr 19 2022 16:55:35 by "" with MS VC++ 16.7 (VS2019)

END.
