#
# There is insufficient memory for the Java Runtime Environment to continue.
# Native memory allocation (mmap) failed to map 218103808 bytes for G1 virtual space
# Possible reasons:
#   The system is out of physical RAM or swap space
#   The process is running with CompressedOops enabled, and the Java Heap may be blocking the growth of the native heap
# Possible solutions:
#   Reduce memory load on the system
#   Increase physical memory or swap space
#   Check if swap backing store is full
#   Decrease Java heap size (-Xmx/-Xms)
#   Decrease number of Java threads
#   Decrease Java thread stack sizes (-Xss)
#   Set larger code cache with -XX:ReservedCodeCacheSize=
#   JVM is running with Unscaled Compressed Oops mode in which the Java heap is
#     placed in the first 4GB address space. The Java Heap base address is the
#     maximum limit for the native heap growth. Please use -XX:HeapBaseMinAddress
#     to set the Java Heap base and to place the Java Heap above 4GB virtual address.
# This output file may be truncated or incomplete.
#
#  Out of Memory Error (os_windows.cpp:3535), pid=82860, tid=85012
#
# JRE version: OpenJDK Runtime Environment Temurin-17.0.3+7 (17.0.3+7) (build 17.0.3+7)
# Java VM: OpenJDK 64-Bit Server VM Temurin-17.0.3+7 (17.0.3+7, mixed mode, emulated-client, tiered, compressed oops, compressed class ptrs, g1 gc, windows-amd64)
# No core dump will be written. Minidumps are not enabled by default on client versions of Windows
#

---------------  S U M M A R Y ------------

Command Line: -Dsts.lsp.client=vscode -Dsts.log.file=/dev/null -XX:TieredStopAtLevel=1 -Dspring.config.location=file:c:\Users\anton\.vscode\extensions\pivotal.vscode-spring-boot-1.38.0\language-server\BOOT-INF\classes\application.properties org.springframework.ide.vscode.boot.app.BootLanguageServerBootApp

Host: Intel(R) Core(TM) i5-8265U CPU @ 1.60GHz, 8 cores, 7G,  Windows 10 , 64 bit Build 19041 (10.0.19041.1889)
Time: Fri Aug 26 00:38:33 2022 Hora Padrão da Bahia elapsed time: 4.995567 seconds (0d 0h 0m 4s)

---------------  T H R E A D  ---------------

Current thread (0x0000019f54398340):  VMThread "VM Thread" [stack: 0x0000001bc2100000,0x0000001bc2200000] [id=85012]

Stack: [0x0000001bc2100000,0x0000001bc2200000]
Native frames: (J=compiled Java code, j=interpreted, Vv=VM code, C=native code)
V  [jvm.dll+0x675efa]
V  [jvm.dll+0x830a24]
V  [jvm.dll+0x8321ce]
V  [jvm.dll+0x832833]
V  [jvm.dll+0x2454b5]
V  [jvm.dll+0x672de9]
V  [jvm.dll+0x667732]
V  [jvm.dll+0x3043ab]
V  [jvm.dll+0x30b8f6]
V  [jvm.dll+0x35b62e]
V  [jvm.dll+0x35b85f]
V  [jvm.dll+0x2db248]
V  [jvm.dll+0x2d94fc]
V  [jvm.dll+0x2d8acc]
V  [jvm.dll+0x31ca2b]
V  [jvm.dll+0x836cdb]
V  [jvm.dll+0x837a14]
V  [jvm.dll+0x837f2c]
V  [jvm.dll+0x838304]
V  [jvm.dll+0x8383d0]
V  [jvm.dll+0x7e0cfa]
V  [jvm.dll+0x674d85]
C  [ucrtbase.dll+0x21bb2]
C  [KERNEL32.DLL+0x17034]
C  [ntdll.dll+0x52651]

VM_Operation (0x0000001bc3cfe3f0): G1CollectForAllocation, mode: safepoint, requested by thread 0x0000019f5555c520


---------------  P R O C E S S  ---------------

Threads class SMR info:
_java_thread_list=0x0000019f56e6bd90, length=44, elements={
0x0000019f54c13740, 0x0000019f54c146f0, 0x0000019f54c36360, 0x0000019f54c37630,
0x0000019f54c39ff0, 0x0000019f54c3b8c0, 0x0000019f54c3f730, 0x0000019f54c48040,
0x0000019f54ca3070, 0x0000019f54e5e360, 0x0000019f54e67280, 0x0000019f557c91d0,
0x0000019f557c96e0, 0x0000019f56d206b0, 0x0000019f56e04d80, 0x0000019f56e080a0,
0x0000019f4707f580, 0x0000019f56e135d0, 0x0000019f5555c520, 0x0000019f5555d050,
0x0000019f5555c9f0, 0x0000019f5555d520, 0x0000019f56e3a390, 0x0000019f56e3ca10,
0x0000019f56e3cee0, 0x0000019f56e3c070, 0x0000019f56e39ec0, 0x0000019f56e3b200,
0x0000019f56e3bba0, 0x0000019f56e39520, 0x0000019f56e3b6d0, 0x0000019f56e399f0,
0x0000019f56e3c540, 0x0000019f56e3a860, 0x0000019f56e3ad30, 0x0000019f58921b10,
0x0000019f589271b0, 0x0000019f58921fe0, 0x0000019f58925000, 0x0000019f589224b0,
0x0000019f58927680, 0x0000019f58922e50, 0x0000019f589254d0, 0x0000019f58924660
}

Java Threads: ( => current thread )
  0x0000019f54c13740 JavaThread "Reference Handler" daemon [_thread_blocked, id=78424, stack(0x0000001bc2200000,0x0000001bc2300000)]
  0x0000019f54c146f0 JavaThread "Finalizer" daemon [_thread_blocked, id=79736, stack(0x0000001bc2300000,0x0000001bc2400000)]
  0x0000019f54c36360 JavaThread "Signal Dispatcher" daemon [_thread_blocked, id=85588, stack(0x0000001bc2400000,0x0000001bc2500000)]
  0x0000019f54c37630 JavaThread "Attach Listener" daemon [_thread_blocked, id=86944, stack(0x0000001bc2500000,0x0000001bc2600000)]
  0x0000019f54c39ff0 JavaThread "Service Thread" daemon [_thread_blocked, id=80268, stack(0x0000001bc2600000,0x0000001bc2700000)]
  0x0000019f54c3b8c0 JavaThread "Monitor Deflation Thread" daemon [_thread_blocked, id=86096, stack(0x0000001bc2700000,0x0000001bc2800000)]
  0x0000019f54c3f730 JavaThread "C1 CompilerThread0" daemon [_thread_blocked, id=86452, stack(0x0000001bc2800000,0x0000001bc2900000)]
  0x0000019f54c48040 JavaThread "Sweeper thread" daemon [_thread_blocked, id=69492, stack(0x0000001bc2900000,0x0000001bc2a00000)]
  0x0000019f54ca3070 JavaThread "C1 CompilerThread1" daemon [_thread_blocked, id=69220, stack(0x0000001bc2a00000,0x0000001bc2b00000)]
  0x0000019f54e5e360 JavaThread "Notification Thread" daemon [_thread_blocked, id=86560, stack(0x0000001bc2b00000,0x0000001bc2c00000)]
  0x0000019f54e67280 JavaThread "Common-Cleaner" daemon [_thread_blocked, id=36324, stack(0x0000001bc2d00000,0x0000001bc2e00000)]
  0x0000019f557c91d0 JavaThread "C1 CompilerThread2" daemon [_thread_blocked, id=66728, stack(0x0000001bc2e00000,0x0000001bc2f00000)]
  0x0000019f557c96e0 JavaThread "C1 CompilerThread3" daemon [_thread_blocked, id=72720, stack(0x0000001bc2f00000,0x0000001bc3000000)]
  0x0000019f56d206b0 JavaThread "ForkJoinPool.commonPool-worker-1" daemon [_thread_blocked, id=81972, stack(0x0000001bc3500000,0x0000001bc3600000)]
  0x0000019f56e04d80 JavaThread "pool-7-thread-1" [_thread_blocked, id=85440, stack(0x0000001bc3900000,0x0000001bc3a00000)]
  0x0000019f56e080a0 JavaThread "LanguageServerApp-lifecycle" [_thread_blocked, id=17604, stack(0x0000001bc3a00000,0x0000001bc3b00000)]
  0x0000019f4707f580 JavaThread "DestroyJavaVM" [_thread_blocked, id=86248, stack(0x0000001bc1b00000,0x0000001bc1c00000)]
  0x0000019f56e135d0 JavaThread "ClassGraph-worker-0" daemon [_thread_blocked, id=79300, stack(0x0000001bc3b00000,0x0000001bc3c00000)]
  0x0000019f5555c520 JavaThread "ClassGraph-worker-1" daemon [_thread_blocked, id=79848, stack(0x0000001bc3c00000,0x0000001bc3d00000)]
  0x0000019f5555d050 JavaThread "ClassGraph-worker-2" daemon [_thread_blocked, id=75036, stack(0x0000001bc3d00000,0x0000001bc3e00000)]
  0x0000019f5555c9f0 JavaThread "ClassGraph-worker-3" daemon [_thread_blocked, id=81088, stack(0x0000001bc3e00000,0x0000001bc3f00000)]
  0x0000019f5555d520 JavaThread "ClassGraph-worker-4" daemon [_thread_blocked, id=73328, stack(0x0000001bc3f00000,0x0000001bc4000000)]
  0x0000019f56e3a390 JavaThread "ClassGraph-worker-5" daemon [_thread_blocked, id=49496, stack(0x0000001bc4000000,0x0000001bc4100000)]
  0x0000019f56e3ca10 JavaThread "ClassGraph-worker-6" daemon [_thread_blocked, id=86556, stack(0x0000001bc4100000,0x0000001bc4200000)]
  0x0000019f56e3cee0 JavaThread "ClassGraph-worker-7" daemon [_thread_blocked, id=79432, stack(0x0000001bc4200000,0x0000001bc4300000)]
  0x0000019f56e3c070 JavaThread "ClassGraph-worker-8" daemon [_thread_blocked, id=68636, stack(0x0000001bc4300000,0x0000001bc4400000)]
  0x0000019f56e39ec0 JavaThread "ClassGraph-worker-9" daemon [_thread_blocked, id=73296, stack(0x0000001bc4400000,0x0000001bc4500000)]
  0x0000019f56e3b200 JavaThread "ClassGraph-worker-10" daemon [_thread_blocked, id=82924, stack(0x0000001bc4500000,0x0000001bc4600000)]
  0x0000019f56e3bba0 JavaThread "ClassGraph-worker-11" daemon [_thread_blocked, id=65312, stack(0x0000001bc4600000,0x0000001bc4700000)]
  0x0000019f56e39520 JavaThread "ClassGraph-worker-12" daemon [_thread_blocked, id=86672, stack(0x0000001bc4700000,0x0000001bc4800000)]
  0x0000019f56e3b6d0 JavaThread "ClassGraph-worker-13" daemon [_thread_blocked, id=83792, stack(0x0000001bc4800000,0x0000001bc4900000)]
  0x0000019f56e399f0 JavaThread "pool-8-thread-1" [_thread_in_native, id=85108, stack(0x0000001bc4900000,0x0000001bc4a00000)]
  0x0000019f56e3c540 JavaThread "Simple-Language-Server main thread" daemon [_thread_blocked, id=80116, stack(0x0000001bc4a00000,0x0000001bc4b00000)]
  0x0000019f56e3a860 JavaThread "parallel-1" daemon [_thread_blocked, id=84216, stack(0x0000001bc4b00000,0x0000001bc4c00000)]
  0x0000019f56e3ad30 JavaThread "pool-5-thread-1" [_thread_blocked, id=83656, stack(0x0000001bc4c00000,0x0000001bc4d00000)]
  0x0000019f58921b10 JavaThread "parallel-2" daemon [_thread_blocked, id=85708, stack(0x0000001bc4d00000,0x0000001bc4e00000)]
  0x0000019f589271b0 JavaThread "parallel-3" daemon [_thread_blocked, id=85484, stack(0x0000001bc4e00000,0x0000001bc4f00000)]
  0x0000019f58921fe0 JavaThread "parallel-4" daemon [_thread_blocked, id=86052, stack(0x0000001bc4f00000,0x0000001bc5000000)]
  0x0000019f58925000 JavaThread "parallel-5" daemon [_thread_blocked, id=69152, stack(0x0000001bc5000000,0x0000001bc5100000)]
  0x0000019f589224b0 JavaThread "pool-2-thread-1" [_thread_blocked, id=87004, stack(0x0000001bc5100000,0x0000001bc5200000)]
  0x0000019f58927680 JavaThread "ForkJoinPool.commonPool-worker-2" daemon [_thread_blocked, id=73520, stack(0x0000001bc5200000,0x0000001bc5300000)]
  0x0000019f58922e50 JavaThread "pool-2-thread-2" [_thread_blocked, id=18104, stack(0x0000001bc5300000,0x0000001bc5400000)]
  0x0000019f589254d0 JavaThread "Reconciler-1" daemon [_thread_blocked, id=65240, stack(0x0000001bc5400000,0x0000001bc5500000)]
  0x0000019f58924660 JavaThread "parallel-6" daemon [_thread_blocked, id=86084, stack(0x0000001bc5500000,0x0000001bc5600000)]

Other Threads:
=>0x0000019f54398340 VMThread "VM Thread" [stack: 0x0000001bc2100000,0x0000001bc2200000] [id=85012]
  0x0000019f54e5e830 WatcherThread [stack: 0x0000001bc2c00000,0x0000001bc2d00000] [id=86336]
  0x0000019f470df580 GCTaskThread "GC Thread#0" [stack: 0x0000001bc1c00000,0x0000001bc1d00000] [id=67256]
  0x0000019f5582ae00 GCTaskThread "GC Thread#1" [stack: 0x0000001bc3000000,0x0000001bc3100000] [id=20564]
  0x0000019f558f1050 GCTaskThread "GC Thread#2" [stack: 0x0000001bc3100000,0x0000001bc3200000] [id=83788]
  0x0000019f5590b2f0 GCTaskThread "GC Thread#3" [stack: 0x0000001bc3200000,0x0000001bc3300000] [id=83780]
  0x0000019f5590c7c0 GCTaskThread "GC Thread#4" [stack: 0x0000001bc3300000,0x0000001bc3400000] [id=66264]
  0x0000019f5590ca70 GCTaskThread "GC Thread#5" [stack: 0x0000001bc3400000,0x0000001bc3500000] [id=82000]
  0x0000019f5665c970 GCTaskThread "GC Thread#6" [stack: 0x0000001bc3600000,0x0000001bc3700000] [id=72888]
  0x0000019f5665d030 GCTaskThread "GC Thread#7" [stack: 0x0000001bc3700000,0x0000001bc3800000] [id=86392]
  0x0000019f470f0100 ConcurrentGCThread "G1 Main Marker" [stack: 0x0000001bc1d00000,0x0000001bc1e00000] [id=83956]
  0x0000019f470f12b0 ConcurrentGCThread "G1 Conc#0" [stack: 0x0000001bc1e00000,0x0000001bc1f00000] [id=74100]
  0x0000019f56625a30 ConcurrentGCThread "G1 Conc#1" [stack: 0x0000001bc3800000,0x0000001bc3900000] [id=40832]
  0x0000019f4714e9f0 ConcurrentGCThread "G1 Refine#0" [stack: 0x0000001bc1f00000,0x0000001bc2000000] [id=68684]
  0x0000019f5685ec10 ConcurrentGCThread "G1 Refine#1" [stack: 0x0000001bc5600000,0x0000001bc5700000] [id=83912]
  0x0000019f5685eef0 ConcurrentGCThread "G1 Refine#2" [stack: 0x0000001bc5700000,0x0000001bc5800000] [id=66808]
  0x0000019f54204680 ConcurrentGCThread "G1 Service" [stack: 0x0000001bc2000000,0x0000001bc2100000] [id=86128]

Threads with active compile tasks:

VM state: at safepoint (normal execution)

VM Mutex/Monitor currently owned by a thread:  ([mutex/lock_event])
[0x0000019f44edb4c0] Threads_lock - owner thread: 0x0000019f54398340
[0x0000019f4707cba0] Heap_lock - owner thread: 0x0000019f5555c520

Heap address: 0x0000000081e00000, size: 2018 MB, Compressed Oops mode: 32-bit

CDS archive(s) not mapped
Compressed class space mapped at: 0x0000000100000000-0x0000000140000000, reserved size: 1073741824
Narrow klass base: 0x0000000000000000, Narrow klass shift: 3, Narrow klass range: 0x140000000

GC Precious Log:
 CPUs: 8 total, 8 available
 Memory: 8070M
 Large Page Support: Disabled
 NUMA Support: Disabled
 Compressed Oops: Enabled (32-bit)
 Heap Region Size: 1M
 Heap Min Capacity: 8M
 Heap Initial Capacity: 128M
 Heap Max Capacity: 2018M
 Pre-touch: Disabled
 Parallel Workers: 8
 Concurrent Workers: 2
 Concurrent Refinement Workers: 8
 Periodic GC: Disabled

Heap:
 garbage-first heap   total 142336K, used 67305K [0x0000000081e00000, 0x0000000100000000)
  region size 1024K, 5 young (5120K), 5 survivors (5120K)
 Metaspace       used 35278K, committed 35584K, reserved 1081344K
  class space    used 4600K, committed 4736K, reserved 1048576K

Heap Regions: E=young(eden), S=young(survivor), O=old, HS=humongous(starts), HC=humongous(continues), CS=collection set, F=free, OA=open archive, CA=closed archive, TAMS=top-at-mark-start (previous, next)
|   0|0x0000000081e00000, 0x0000000081f00000, 0x0000000081f00000|100%| O|  |TAMS 0x0000000081f00000, 0x0000000081f00000| Untracked 
|   1|0x0000000081f00000, 0x0000000082000000, 0x0000000082000000|100%| O|  |TAMS 0x0000000082000000, 0x0000000082000000| Untracked 
|   2|0x0000000082000000, 0x0000000082100000, 0x0000000082100000|100%| O|  |TAMS 0x0000000082100000, 0x0000000082100000| Untracked 
|   3|0x0000000082100000, 0x0000000082200000, 0x0000000082200000|100%| O|  |TAMS 0x0000000082200000, 0x0000000082200000| Untracked 
|   4|0x0000000082200000, 0x0000000082300000, 0x0000000082300000|100%| O|  |TAMS 0x0000000082300000, 0x0000000082300000| Untracked 
|   5|0x0000000082300000, 0x0000000082400000, 0x0000000082400000|100%| O|  |TAMS 0x0000000082400000, 0x0000000082400000| Untracked 
|   6|0x0000000082400000, 0x0000000082500000, 0x0000000082500000|100%| O|  |TAMS 0x0000000082500000, 0x0000000082500000| Untracked 
|   7|0x0000000082500000, 0x0000000082600000, 0x0000000082600000|100%| O|  |TAMS 0x0000000082600000, 0x0000000082600000| Untracked 
|   8|0x0000000082600000, 0x0000000082700000, 0x0000000082700000|100%| O|  |TAMS 0x0000000082700000, 0x0000000082700000| Untracked 
|   9|0x0000000082700000, 0x0000000082800000, 0x0000000082800000|100%| O|  |TAMS 0x0000000082800000, 0x0000000082800000| Untracked 
|  10|0x0000000082800000, 0x0000000082900000, 0x0000000082900000|100%| O|  |TAMS 0x0000000082900000, 0x0000000082900000| Untracked 
|  11|0x0000000082900000, 0x0000000082a00000, 0x0000000082a00000|100%| O|  |TAMS 0x0000000082a00000, 0x0000000082a00000| Untracked 
|  12|0x0000000082a00000, 0x0000000082b00000, 0x0000000082b00000|100%| O|  |TAMS 0x0000000082b00000, 0x0000000082b00000| Untracked 
|  13|0x0000000082b00000, 0x0000000082c00000, 0x0000000082c00000|100%| O|  |TAMS 0x0000000082c00000, 0x0000000082c00000| Untracked 
|  14|0x0000000082c00000, 0x0000000082d00000, 0x0000000082d00000|100%| O|  |TAMS 0x0000000082d00000, 0x0000000082d00000| Untracked 
|  15|0x0000000082d00000, 0x0000000082e00000, 0x0000000082e00000|100%| O|  |TAMS 0x0000000082e00000, 0x0000000082e00000| Untracked 
|  16|0x0000000082e00000, 0x0000000082f00000, 0x0000000082f00000|100%| O|  |TAMS 0x0000000082f00000, 0x0000000082f00000| Untracked 
|  17|0x0000000082f00000, 0x0000000083000000, 0x0000000083000000|100%| O|  |TAMS 0x0000000083000000, 0x0000000083000000| Untracked 
|  18|0x0000000083000000, 0x0000000083100000, 0x0000000083100000|100%| O|  |TAMS 0x0000000083100000, 0x0000000083100000| Untracked 
|  19|0x0000000083100000, 0x0000000083200000, 0x0000000083200000|100%| O|  |TAMS 0x0000000083200000, 0x0000000083200000| Untracked 
|  20|0x0000000083200000, 0x0000000083300000, 0x0000000083300000|100%| O|  |TAMS 0x0000000083300000, 0x0000000083300000| Untracked 
|  21|0x0000000083300000, 0x0000000083400000, 0x0000000083400000|100%| O|  |TAMS 0x0000000083400000, 0x0000000083400000| Untracked 
|  22|0x0000000083400000, 0x0000000083500000, 0x0000000083500000|100%| O|  |TAMS 0x0000000083500000, 0x0000000083500000| Untracked 
|  23|0x0000000083500000, 0x0000000083600000, 0x0000000083600000|100%| O|  |TAMS 0x0000000083600000, 0x0000000083600000| Untracked 
|  24|0x0000000083600000, 0x0000000083700000, 0x0000000083700000|100%| O|  |TAMS 0x0000000083700000, 0x0000000083700000| Untracked 
|  25|0x0000000083700000, 0x0000000083800000, 0x0000000083800000|100%| O|  |TAMS 0x0000000083800000, 0x0000000083800000| Untracked 
|  26|0x0000000083800000, 0x0000000083900000, 0x0000000083900000|100%| O|  |TAMS 0x0000000083900000, 0x0000000083900000| Untracked 
|  27|0x0000000083900000, 0x0000000083a00000, 0x0000000083a00000|100%| O|  |TAMS 0x0000000083a00000, 0x0000000083a00000| Untracked 
|  28|0x0000000083a00000, 0x0000000083b00000, 0x0000000083b00000|100%| O|  |TAMS 0x0000000083b00000, 0x0000000083b00000| Untracked 
|  29|0x0000000083b00000, 0x0000000083c00000, 0x0000000083c00000|100%| O|  |TAMS 0x0000000083c00000, 0x0000000083c00000| Untracked 
|  30|0x0000000083c00000, 0x0000000083d00000, 0x0000000083d00000|100%| O|  |TAMS 0x0000000083d00000, 0x0000000083d00000| Untracked 
|  31|0x0000000083d00000, 0x0000000083e00000, 0x0000000083e00000|100%| O|  |TAMS 0x0000000083e00000, 0x0000000083e00000| Untracked 
|  32|0x0000000083e00000, 0x0000000083f00000, 0x0000000083f00000|100%| O|  |TAMS 0x0000000083f00000, 0x0000000083f00000| Untracked 
|  33|0x0000000083f00000, 0x0000000084000000, 0x0000000084000000|100%| O|  |TAMS 0x0000000084000000, 0x0000000084000000| Untracked 
|  34|0x0000000084000000, 0x0000000084100000, 0x0000000084100000|100%| O|  |TAMS 0x0000000084100000, 0x0000000084100000| Untracked 
|  35|0x0000000084100000, 0x0000000084200000, 0x0000000084200000|100%| O|  |TAMS 0x0000000084200000, 0x0000000084200000| Untracked 
|  36|0x0000000084200000, 0x0000000084300000, 0x0000000084300000|100%| O|  |TAMS 0x0000000084300000, 0x0000000084300000| Untracked 
|  37|0x0000000084300000, 0x0000000084400000, 0x0000000084400000|100%| O|  |TAMS 0x0000000084400000, 0x0000000084400000| Untracked 
|  38|0x0000000084400000, 0x0000000084500000, 0x0000000084500000|100%| O|  |TAMS 0x0000000084400000, 0x0000000084500000| Untracked 
|  39|0x0000000084500000, 0x0000000084600000, 0x0000000084600000|100%| O|  |TAMS 0x0000000084500000, 0x0000000084600000| Untracked 
|  40|0x0000000084600000, 0x0000000084700000, 0x0000000084700000|100%| O|  |TAMS 0x0000000084600000, 0x0000000084700000| Untracked 
|  41|0x0000000084700000, 0x0000000084800000, 0x0000000084800000|100%| O|  |TAMS 0x0000000084700000, 0x0000000084800000| Untracked 
|  42|0x0000000084800000, 0x0000000084900000, 0x0000000084900000|100%|HS|  |TAMS 0x0000000084800000, 0x0000000084900000| Complete 
|  43|0x0000000084900000, 0x0000000084a00000, 0x0000000084a00000|100%| O|  |TAMS 0x0000000084900000, 0x0000000084a00000| Untracked 
|  44|0x0000000084a00000, 0x0000000084b00000, 0x0000000084b00000|100%| O|  |TAMS 0x0000000084a00000, 0x0000000084b00000| Untracked 
|  45|0x0000000084b00000, 0x0000000084c00000, 0x0000000084c00000|100%| O|  |TAMS 0x0000000084b00000, 0x0000000084c00000| Untracked 
|  46|0x0000000084c00000, 0x0000000084d00000, 0x0000000084d00000|100%| O|  |TAMS 0x0000000084c00000, 0x0000000084d00000| Untracked 
|  47|0x0000000084d00000, 0x0000000084e00000, 0x0000000084e00000|100%| O|  |TAMS 0x0000000084d00000, 0x0000000084e00000| Untracked 
|  48|0x0000000084e00000, 0x0000000084f00000, 0x0000000084f00000|100%| O|  |TAMS 0x0000000084e00000, 0x0000000084f00000| Untracked 
|  49|0x0000000084f00000, 0x0000000085000000, 0x0000000085000000|100%| O|  |TAMS 0x0000000084f00000, 0x0000000084f82600| Untracked 
|  50|0x0000000085000000, 0x0000000085100000, 0x0000000085100000|100%| O|  |TAMS 0x0000000085000000, 0x0000000085000000| Untracked 
|  51|0x0000000085100000, 0x0000000085200000, 0x0000000085200000|100%| O|  |TAMS 0x0000000085100000, 0x0000000085100000| Untracked 
|  52|0x0000000085200000, 0x0000000085300000, 0x0000000085300000|100%| O|  |TAMS 0x0000000085200000, 0x0000000085200000| Untracked 
|  53|0x0000000085300000, 0x0000000085400000, 0x0000000085400000|100%| O|  |TAMS 0x0000000085300000, 0x0000000085300000| Untracked 
|  54|0x0000000085400000, 0x0000000085500000, 0x0000000085500000|100%|HS|  |TAMS 0x0000000085400000, 0x0000000085400000| Complete 
|  55|0x0000000085500000, 0x0000000085600000, 0x0000000085600000|100%| O|  |TAMS 0x0000000085500000, 0x0000000085500000| Untracked 
|  56|0x0000000085600000, 0x0000000085700000, 0x0000000085700000|100%| O|  |TAMS 0x0000000085600000, 0x0000000085600000| Untracked 
|  57|0x0000000085700000, 0x0000000085800000, 0x0000000085800000|100%| O|  |TAMS 0x0000000085700000, 0x0000000085700000| Untracked 
|  58|0x0000000085800000, 0x0000000085900000, 0x0000000085900000|100%| O|  |TAMS 0x0000000085800000, 0x0000000085800000| Untracked 
|  59|0x0000000085900000, 0x0000000085a00000, 0x0000000085a00000|100%| O|  |TAMS 0x0000000085900000, 0x0000000085900000| Untracked 
|  60|0x0000000085a00000, 0x0000000085b00000, 0x0000000085b00000|100%| O|  |TAMS 0x0000000085a00000, 0x0000000085a00000| Untracked 
|  61|0x0000000085b00000, 0x0000000085babc00, 0x0000000085c00000| 67%| O|  |TAMS 0x0000000085b00000, 0x0000000085b00000| Untracked 
|  62|0x0000000085c00000, 0x0000000085c00000, 0x0000000085d00000|  0%| F|  |TAMS 0x0000000085c00000, 0x0000000085c00000| Untracked 
|  63|0x0000000085d00000, 0x0000000085d00000, 0x0000000085e00000|  0%| F|  |TAMS 0x0000000085d00000, 0x0000000085d00000| Untracked 
|  64|0x0000000085e00000, 0x0000000085e00000, 0x0000000085f00000|  0%| F|  |TAMS 0x0000000085e00000, 0x0000000085e00000| Untracked 
|  65|0x0000000085f00000, 0x0000000085f00000, 0x0000000086000000|  0%| F|  |TAMS 0x0000000085f00000, 0x0000000085f00000| Untracked 
|  66|0x0000000086000000, 0x0000000086000000, 0x0000000086100000|  0%| F|  |TAMS 0x0000000086000000, 0x0000000086000000| Untracked 
|  67|0x0000000086100000, 0x0000000086100000, 0x0000000086200000|  0%| F|  |TAMS 0x0000000086100000, 0x0000000086100000| Untracked 
|  68|0x0000000086200000, 0x0000000086200000, 0x0000000086300000|  0%| F|  |TAMS 0x0000000086200000, 0x0000000086200000| Untracked 
|  69|0x0000000086300000, 0x0000000086300000, 0x0000000086400000|  0%| F|  |TAMS 0x0000000086300000, 0x0000000086300000| Untracked 
|  70|0x0000000086400000, 0x0000000086400000, 0x0000000086500000|  0%| F|  |TAMS 0x0000000086400000, 0x0000000086400000| Untracked 
|  71|0x0000000086500000, 0x0000000086500000, 0x0000000086600000|  0%| F|  |TAMS 0x0000000086500000, 0x0000000086500000| Untracked 
|  72|0x0000000086600000, 0x0000000086600000, 0x0000000086700000|  0%| F|  |TAMS 0x0000000086600000, 0x0000000086600000| Untracked 
|  73|0x0000000086700000, 0x0000000086700000, 0x0000000086800000|  0%| F|  |TAMS 0x0000000086700000, 0x0000000086700000| Untracked 
|  74|0x0000000086800000, 0x0000000086800000, 0x0000000086900000|  0%| F|  |TAMS 0x0000000086800000, 0x0000000086800000| Untracked 
|  75|0x0000000086900000, 0x0000000086900000, 0x0000000086a00000|  0%| F|  |TAMS 0x0000000086900000, 0x0000000086900000| Untracked 
|  76|0x0000000086a00000, 0x0000000086a00000, 0x0000000086b00000|  0%| F|  |TAMS 0x0000000086a00000, 0x0000000086a00000| Untracked 
|  77|0x0000000086b00000, 0x0000000086b00000, 0x0000000086c00000|  0%| F|  |TAMS 0x0000000086b00000, 0x0000000086b00000| Untracked 
|  78|0x0000000086c00000, 0x0000000086c00000, 0x0000000086d00000|  0%| F|  |TAMS 0x0000000086c00000, 0x0000000086c00000| Untracked 
|  79|0x0000000086d00000, 0x0000000086d00000, 0x0000000086e00000|  0%| F|  |TAMS 0x0000000086d00000, 0x0000000086d00000| Untracked 
|  80|0x0000000086e00000, 0x0000000086e00000, 0x0000000086f00000|  0%| F|  |TAMS 0x0000000086e00000, 0x0000000086e00000| Untracked 
|  81|0x0000000086f00000, 0x0000000086f00000, 0x0000000087000000|  0%| F|  |TAMS 0x0000000086f00000, 0x0000000086f00000| Untracked 
|  82|0x0000000087000000, 0x0000000087000000, 0x0000000087100000|  0%| F|  |TAMS 0x0000000087000000, 0x0000000087000000| Untracked 
|  83|0x0000000087100000, 0x0000000087100000, 0x0000000087200000|  0%| F|  |TAMS 0x0000000087100000, 0x0000000087100000| Untracked 
|  84|0x0000000087200000, 0x0000000087200000, 0x0000000087300000|  0%| F|  |TAMS 0x0000000087200000, 0x0000000087200000| Untracked 
|  85|0x0000000087300000, 0x0000000087300000, 0x0000000087400000|  0%| F|  |TAMS 0x0000000087300000, 0x0000000087300000| Untracked 
|  86|0x0000000087400000, 0x0000000087400000, 0x0000000087500000|  0%| F|  |TAMS 0x0000000087400000, 0x0000000087400000| Untracked 
|  87|0x0000000087500000, 0x0000000087500000, 0x0000000087600000|  0%| F|  |TAMS 0x0000000087500000, 0x0000000087500000| Untracked 
|  88|0x0000000087600000, 0x0000000087600000, 0x0000000087700000|  0%| F|  |TAMS 0x0000000087600000, 0x0000000087600000| Untracked 
|  89|0x0000000087700000, 0x0000000087700000, 0x0000000087800000|  0%| F|  |TAMS 0x0000000087700000, 0x0000000087700000| Untracked 
|  90|0x0000000087800000, 0x0000000087800000, 0x0000000087900000|  0%| F|  |TAMS 0x0000000087800000, 0x0000000087800000| Untracked 
|  91|0x0000000087900000, 0x0000000087900000, 0x0000000087a00000|  0%| F|  |TAMS 0x0000000087900000, 0x0000000087900000| Untracked 
|  92|0x0000000087a00000, 0x0000000087a00000, 0x0000000087b00000|  0%| F|  |TAMS 0x0000000087a00000, 0x0000000087a00000| Untracked 
|  93|0x0000000087b00000, 0x0000000087b00000, 0x0000000087c00000|  0%| F|  |TAMS 0x0000000087b00000, 0x0000000087b00000| Untracked 
|  94|0x0000000087c00000, 0x0000000087c00000, 0x0000000087d00000|  0%| F|  |TAMS 0x0000000087c00000, 0x0000000087c00000| Untracked 
|  95|0x0000000087d00000, 0x0000000087d00000, 0x0000000087e00000|  0%| F|  |TAMS 0x0000000087d00000, 0x0000000087d00000| Untracked 
|  96|0x0000000087e00000, 0x0000000087e00000, 0x0000000087f00000|  0%| F|  |TAMS 0x0000000087e00000, 0x0000000087e00000| Untracked 
|  97|0x0000000087f00000, 0x0000000087f0e808, 0x0000000088000000|  5%| S|CS|TAMS 0x0000000087f00000, 0x0000000087f00000| Complete 
|  98|0x0000000088000000, 0x0000000088100000, 0x0000000088100000|100%| S|CS|TAMS 0x0000000088000000, 0x0000000088000000| Complete 
|  99|0x0000000088100000, 0x0000000088200000, 0x0000000088200000|100%| S|CS|TAMS 0x0000000088100000, 0x0000000088100000| Complete 
| 100|0x0000000088200000, 0x0000000088300000, 0x0000000088300000|100%| S|CS|TAMS 0x0000000088200000, 0x0000000088200000| Complete 
| 101|0x0000000088300000, 0x0000000088400000, 0x0000000088400000|100%| S|CS|TAMS 0x0000000088300000, 0x0000000088300000| Complete 
| 102|0x0000000088400000, 0x0000000088400000, 0x0000000088500000|  0%| F|  |TAMS 0x0000000088400000, 0x0000000088400000| Untracked 
| 103|0x0000000088500000, 0x0000000088500000, 0x0000000088600000|  0%| F|  |TAMS 0x0000000088500000, 0x0000000088500000| Untracked 
| 104|0x0000000088600000, 0x0000000088600000, 0x0000000088700000|  0%| F|  |TAMS 0x0000000088600000, 0x0000000088600000| Untracked 
| 105|0x0000000088700000, 0x0000000088700000, 0x0000000088800000|  0%| F|  |TAMS 0x0000000088700000, 0x0000000088700000| Untracked 
| 106|0x0000000088800000, 0x0000000088800000, 0x0000000088900000|  0%| F|  |TAMS 0x0000000088800000, 0x0000000088800000| Untracked 
| 107|0x0000000088900000, 0x0000000088900000, 0x0000000088a00000|  0%| F|  |TAMS 0x0000000088900000, 0x0000000088900000| Untracked 
| 108|0x0000000088a00000, 0x0000000088a00000, 0x0000000088b00000|  0%| F|  |TAMS 0x0000000088a00000, 0x0000000088a00000| Untracked 
| 109|0x0000000088b00000, 0x0000000088b00000, 0x0000000088c00000|  0%| F|  |TAMS 0x0000000088b00000, 0x0000000088b00000| Untracked 
| 110|0x0000000088c00000, 0x0000000088c00000, 0x0000000088d00000|  0%| F|  |TAMS 0x0000000088c00000, 0x0000000088c00000| Untracked 
| 111|0x0000000088d00000, 0x0000000088d00000, 0x0000000088e00000|  0%| F|  |TAMS 0x0000000088d00000, 0x0000000088d00000| Untracked 
| 112|0x0000000088e00000, 0x0000000088e00000, 0x0000000088f00000|  0%| F|  |TAMS 0x0000000088e00000, 0x0000000088e00000| Untracked 
| 113|0x0000000088f00000, 0x0000000088f00000, 0x0000000089000000|  0%| F|  |TAMS 0x0000000088f00000, 0x0000000088f00000| Untracked 
| 114|0x0000000089000000, 0x0000000089000000, 0x0000000089100000|  0%| F|  |TAMS 0x0000000089000000, 0x0000000089000000| Untracked 
| 115|0x0000000089100000, 0x0000000089100000, 0x0000000089200000|  0%| F|  |TAMS 0x0000000089100000, 0x0000000089100000| Untracked 
| 116|0x0000000089200000, 0x0000000089200000, 0x0000000089300000|  0%| F|  |TAMS 0x0000000089200000, 0x0000000089200000| Untracked 
| 117|0x0000000089300000, 0x0000000089300000, 0x0000000089400000|  0%| F|  |TAMS 0x0000000089300000, 0x0000000089300000| Untracked 
| 118|0x0000000089400000, 0x0000000089400000, 0x0000000089500000|  0%| F|  |TAMS 0x0000000089400000, 0x0000000089400000| Untracked 
| 119|0x0000000089500000, 0x0000000089500000, 0x0000000089600000|  0%| F|  |TAMS 0x0000000089500000, 0x0000000089500000| Untracked 
| 120|0x0000000089600000, 0x0000000089600000, 0x0000000089700000|  0%| F|  |TAMS 0x0000000089600000, 0x0000000089600000| Untracked 
| 121|0x0000000089700000, 0x0000000089700000, 0x0000000089800000|  0%| F|  |TAMS 0x0000000089700000, 0x0000000089700000| Untracked 
| 122|0x0000000089800000, 0x0000000089800000, 0x0000000089900000|  0%| F|  |TAMS 0x0000000089800000, 0x0000000089800000| Untracked 
| 123|0x0000000089900000, 0x0000000089900000, 0x0000000089a00000|  0%| F|  |TAMS 0x0000000089900000, 0x0000000089900000| Untracked 
| 124|0x0000000089a00000, 0x0000000089a00000, 0x0000000089b00000|  0%| F|  |TAMS 0x0000000089a00000, 0x0000000089a00000| Untracked 
| 125|0x0000000089b00000, 0x0000000089b00000, 0x0000000089c00000|  0%| F|  |TAMS 0x0000000089b00000, 0x0000000089b00000| Untracked 
| 126|0x0000000089c00000, 0x0000000089c00000, 0x0000000089d00000|  0%| F|  |TAMS 0x0000000089c00000, 0x0000000089c00000| Untracked 
| 127|0x0000000089d00000, 0x0000000089d00000, 0x0000000089e00000|  0%| F|  |TAMS 0x0000000089d00000, 0x0000000089d00000| Untracked 
| 128|0x0000000089e00000, 0x0000000089e00000, 0x0000000089f00000|  0%| F|  |TAMS 0x0000000089e00000, 0x0000000089e00000| Untracked 
| 129|0x0000000089f00000, 0x0000000089f00000, 0x000000008a000000|  0%| F|  |TAMS 0x0000000089f00000, 0x0000000089f00000| Untracked 
| 130|0x000000008a000000, 0x000000008a000000, 0x000000008a100000|  0%| F|  |TAMS 0x000000008a000000, 0x000000008a000000| Untracked 
| 131|0x000000008a100000, 0x000000008a100000, 0x000000008a200000|  0%| F|  |TAMS 0x000000008a100000, 0x000000008a100000| Untracked 
| 132|0x000000008a200000, 0x000000008a200000, 0x000000008a300000|  0%| F|  |TAMS 0x000000008a200000, 0x000000008a200000| Untracked 
| 133|0x000000008a300000, 0x000000008a300000, 0x000000008a400000|  0%| F|  |TAMS 0x000000008a300000, 0x000000008a300000| Untracked 
| 134|0x000000008a400000, 0x000000008a400000, 0x000000008a500000|  0%| F|  |TAMS 0x000000008a400000, 0x000000008a400000| Untracked 
| 135|0x000000008a500000, 0x000000008a500000, 0x000000008a600000|  0%| F|  |TAMS 0x000000008a500000, 0x000000008a500000| Untracked 
| 136|0x000000008a600000, 0x000000008a600000, 0x000000008a700000|  0%| F|  |TAMS 0x000000008a600000, 0x000000008a600000| Untracked 
| 137|0x000000008a700000, 0x000000008a700000, 0x000000008a800000|  0%| F|  |TAMS 0x000000008a700000, 0x000000008a700000| Untracked 
| 138|0x000000008a800000, 0x000000008a800000, 0x000000008a900000|  0%| F|  |TAMS 0x000000008a800000, 0x000000008a800000| Untracked 

Card table byte_map: [0x0000019f4d210000,0x0000019f4d610000] _byte_map_base: 0x0000019f4ce01000

Marking Bits (Prev, Next): (CMBitMap*) 0x0000019f470dfb90, (CMBitMap*) 0x0000019f470dfbd0
 Prev Bits: [0x0000019f4da10000, 0x0000019f4f998000)
 Next Bits: [0x0000019f4f9a0000, 0x0000019f51928000)

Polling page: 0x0000019f44e60000

Metaspace:

Usage:
  Non-class:     29.96 MB used.
      Class:      4.49 MB used.
       Both:     34.45 MB used.

Virtual space:
  Non-class space:       32.00 MB reserved,      30.12 MB ( 94%) committed,  4 nodes.
      Class space:        1.00 GB reserved,       4.62 MB ( <1%) committed,  1 nodes.
             Both:        1.03 GB reserved,      34.75 MB (  3%) committed. 

Chunk freelists:
   Non-Class:  1.05 MB
       Class:  3.31 MB
        Both:  4.36 MB

MaxMetaspaceSize: unlimited
CompressedClassSpaceSize: 1.00 GB
Initial GC threshold: 21.00 MB
Current GC threshold: 57.75 MB
CDS: off
MetaspaceReclaimPolicy: balanced
 - commit_granule_bytes: 65536.
 - commit_granule_words: 8192.
 - virtual_space_node_default_size: 1048576.
 - enlarge_chunks_in_place: 1.
 - new_chunks_are_fully_committed: 0.
 - uncommit_free_chunks: 1.
 - use_allocation_guard: 0.
 - handle_deallocations: 1.


Internal statistics:

num_allocs_failed_limit: 5.
num_arena_births: 300.
num_arena_deaths: 0.
num_vsnodes_births: 5.
num_vsnodes_deaths: 0.
num_space_committed: 556.
num_space_uncommitted: 0.
num_chunks_returned_to_freelist: 5.
num_chunks_taken_from_freelist: 1294.
num_chunk_merges: 5.
num_chunk_splits: 898.
num_chunks_enlarged: 708.
num_purges: 0.
num_inconsistent_stats: 0.

CodeCache: size=49152Kb used=9171Kb max_used=9171Kb free=39980Kb
 bounds [0x0000019f49d00000, 0x0000019f4a600000, 0x0000019f4cd00000]
 total_blobs=4330 nmethods=3805 adapters=449
 compilation: enabled
              stopped_count=0, restarted_count=0
 full_count=0

Compilation events (20 events):
Event: 4.900 Thread 0x0000019f54c3f730 nmethod 3795 0x0000019f4a5e7a10 code [0x0000019f4a5e7ba0, 0x0000019f4a5e7c88]
Event: 4.900 Thread 0x0000019f54c3f730 3794       1       java.nio.HeapByteBuffer::get (64 bytes)
Event: 4.900 Thread 0x0000019f557c96e0 nmethod 3799 0x0000019f4a5e7d10 code [0x0000019f4a5e8180, 0x0000019f4a5e9088]
Event: 4.900 Thread 0x0000019f557c96e0 3798   !   1       nonapi.io.github.classgraph.fileslice.reader.ClassfileReader::close (43 bytes)
Event: 4.900 Thread 0x0000019f557c96e0 nmethod 3798 0x0000019f4a5e9c10 code [0x0000019f4a5e9dc0, 0x0000019f4a5e9f98]
Event: 4.900 Thread 0x0000019f557c96e0 3797       1       io.github.classgraph.Classfile::readBasicClassInfo (339 bytes)
Event: 4.901 Thread 0x0000019f54c3f730 nmethod 3794 0x0000019f4a5ea090 code [0x0000019f4a5ea280, 0x0000019f4a5ea618]
Event: 4.901 Thread 0x0000019f54c3f730 3801       1       nonapi.io.github.classgraph.fileslice.reader.ClassfileReader::<init> (29 bytes)
Event: 4.901 Thread 0x0000019f54c3f730 nmethod 3801 0x0000019f4a5ea810 code [0x0000019f4a5ea9a0, 0x0000019f4a5eac18]
Event: 4.901 Thread 0x0000019f54c3f730 3802       1       jdk.internal.module.SystemModuleFinders$SystemModuleReader$$Lambda$142/0x00000001001f8420::apply (12 bytes)
Event: 4.901 Thread 0x0000019f54c3f730 nmethod 3802 0x0000019f4a5eac90 code [0x0000019f4a5eae20, 0x0000019f4a5eaf48]
Event: 4.901 Thread 0x0000019f54c3f730 3803       1       io.github.classgraph.ClasspathElementModule$1$1::<init> (16 bytes)
Event: 4.901 Thread 0x0000019f54c3f730 nmethod 3803 0x0000019f4a5eb010 code [0x0000019f4a5eb1a0, 0x0000019f4a5eb378]
Event: 4.901 Thread 0x0000019f54c3f730 3804       1       nonapi.io.github.classgraph.utils.ProxyingInputStream::<init> (10 bytes)
Event: 4.901 Thread 0x0000019f54c3f730 nmethod 3804 0x0000019f4a5eb410 code [0x0000019f4a5eb5a0, 0x0000019f4a5eb6b8]
Event: 4.902 Thread 0x0000019f54ca3070 nmethod 3789 0x0000019f4a5eb710 code [0x0000019f4a5eb9c0, 0x0000019f4a5ec478]
Event: 4.903 Thread 0x0000019f557c96e0 nmethod 3797 0x0000019f4a5eca90 code [0x0000019f4a5ece00, 0x0000019f4a5edc68]
Event: 4.908 Thread 0x0000019f557c91d0 nmethod 3787 0x0000019f4a5ee510 code [0x0000019f4a5eed40, 0x0000019f4a5f1888]
Event: 4.942 Thread 0x0000019f557c96e0 3805  s!   1       jdk.internal.loader.URLClassPath::getLoader (196 bytes)
Event: 4.944 Thread 0x0000019f557c96e0 nmethod 3805 0x0000019f4a5f3310 code [0x0000019f4a5f35c0, 0x0000019f4a5f3fd8]

GC Heap History (20 events):
Event: 4.033 GC heap after
{Heap after GC invocations=11 (full 0):
 garbage-first heap   total 63488K, used 27448K [0x0000000081e00000, 0x0000000100000000)
  region size 1024K, 3 young (3072K), 3 survivors (3072K)
 Metaspace       used 33699K, committed 33984K, reserved 1081344K
  class space    used 4292K, committed 4416K, reserved 1048576K
}
Event: 4.120 GC heap before
{Heap before GC invocations=11 (full 0):
 garbage-first heap   total 63488K, used 44856K [0x0000000081e00000, 0x0000000100000000)
  region size 1024K, 21 young (21504K), 3 survivors (3072K)
 Metaspace       used 34256K, committed 34624K, reserved 1081344K
  class space    used 4387K, committed 4544K, reserved 1048576K
}
Event: 4.124 GC heap after
{Heap after GC invocations=12 (full 0):
 garbage-first heap   total 78848K, used 30720K [0x0000000081e00000, 0x0000000100000000)
  region size 1024K, 3 young (3072K), 3 survivors (3072K)
 Metaspace       used 34256K, committed 34624K, reserved 1081344K
  class space    used 4387K, committed 4544K, reserved 1048576K
}
Event: 4.221 GC heap before
{Heap before GC invocations=12 (full 0):
 garbage-first heap   total 78848K, used 57344K [0x0000000081e00000, 0x0000000100000000)
  region size 1024K, 29 young (29696K), 3 survivors (3072K)
 Metaspace       used 34608K, committed 34944K, reserved 1081344K
  class space    used 4474K, committed 4608K, reserved 1048576K
}
Event: 4.229 GC heap after
{Heap after GC invocations=13 (full 0):
 garbage-first heap   total 78848K, used 38308K [0x0000000081e00000, 0x0000000100000000)
  region size 1024K, 4 young (4096K), 4 survivors (4096K)
 Metaspace       used 34608K, committed 34944K, reserved 1081344K
  class space    used 4474K, committed 4608K, reserved 1048576K
}
Event: 4.301 GC heap before
{Heap before GC invocations=13 (full 0):
 garbage-first heap   total 78848K, used 57764K [0x0000000081e00000, 0x0000000100000000)
  region size 1024K, 23 young (23552K), 4 survivors (4096K)
 Metaspace       used 35007K, committed 35392K, reserved 1081344K
  class space    used 4553K, committed 4736K, reserved 1048576K
}
Event: 4.307 GC heap after
{Heap after GC invocations=14 (full 0):
 garbage-first heap   total 78848K, used 41984K [0x0000000081e00000, 0x0000000100000000)
  region size 1024K, 3 young (3072K), 3 survivors (3072K)
 Metaspace       used 35007K, committed 35392K, reserved 1081344K
  class space    used 4553K, committed 4736K, reserved 1048576K
}
Event: 4.626 GC heap before
{Heap before GC invocations=14 (full 0):
 garbage-first heap   total 78848K, used 58368K [0x0000000081e00000, 0x0000000100000000)
  region size 1024K, 20 young (20480K), 3 survivors (3072K)
 Metaspace       used 35125K, committed 35456K, reserved 1081344K
  class space    used 4576K, committed 4736K, reserved 1048576K
}
Event: 4.630 GC heap after
{Heap after GC invocations=15 (full 0):
 garbage-first heap   total 78848K, used 45707K [0x0000000081e00000, 0x0000000100000000)
  region size 1024K, 3 young (3072K), 3 survivors (3072K)
 Metaspace       used 35125K, committed 35456K, reserved 1081344K
  class space    used 4576K, committed 4736K, reserved 1048576K
}
Event: 4.813 GC heap before
{Heap before GC invocations=16 (full 0):
 garbage-first heap   total 81920K, used 61067K [0x0000000081e00000, 0x0000000100000000)
  region size 1024K, 18 young (18432K), 3 survivors (3072K)
 Metaspace       used 35126K, committed 35456K, reserved 1081344K
  class space    used 4576K, committed 4736K, reserved 1048576K
}
Event: 4.821 GC heap after
{Heap after GC invocations=17 (full 0):
 garbage-first heap   total 81920K, used 53769K [0x0000000081e00000, 0x0000000100000000)
  region size 1024K, 3 young (3072K), 3 survivors (3072K)
 Metaspace       used 35126K, committed 35456K, reserved 1081344K
  class space    used 4576K, committed 4736K, reserved 1048576K
}
Event: 4.833 GC heap before
{Heap before GC invocations=17 (full 0):
 garbage-first heap   total 81920K, used 57865K [0x0000000081e00000, 0x0000000100000000)
  region size 1024K, 8 young (8192K), 3 survivors (3072K)
 Metaspace       used 35126K, committed 35456K, reserved 1081344K
  class space    used 4576K, committed 4736K, reserved 1048576K
}
Event: 4.839 GC heap after
{Heap after GC invocations=18 (full 0):
 garbage-first heap   total 142336K, used 56741K [0x0000000081e00000, 0x0000000100000000)
  region size 1024K, 2 young (2048K), 2 survivors (2048K)
 Metaspace       used 35126K, committed 35456K, reserved 1081344K
  class space    used 4576K, committed 4736K, reserved 1048576K
}
Event: 4.908 GC heap before
{Heap before GC invocations=18 (full 0):
 garbage-first heap   total 142336K, used 89509K [0x0000000081e00000, 0x0000000100000000)
  region size 1024K, 34 young (34816K), 2 survivors (2048K)
 Metaspace       used 35194K, committed 35520K, reserved 1081344K
  class space    used 4589K, committed 4736K, reserved 1048576K
}
Event: 4.929 GC heap after
{Heap after GC invocations=19 (full 0):
 garbage-first heap   total 142336K, used 63159K [0x0000000081e00000, 0x0000000100000000)
  region size 1024K, 5 young (5120K), 5 survivors (5120K)
 Metaspace       used 35194K, committed 35520K, reserved 1081344K
  class space    used 4589K, committed 4736K, reserved 1048576K
}
Event: 4.945 GC heap before
{Heap before GC invocations=19 (full 0):
 garbage-first heap   total 142336K, used 91831K [0x0000000081e00000, 0x0000000100000000)
  region size 1024K, 34 young (34816K), 5 survivors (5120K)
 Metaspace       used 35259K, committed 35520K, reserved 1081344K
  class space    used 4596K, committed 4736K, reserved 1048576K
}
Event: 4.950 GC heap after
{Heap after GC invocations=20 (full 0):
 garbage-first heap   total 142336K, used 64890K [0x0000000081e00000, 0x0000000100000000)
  region size 1024K, 2 young (2048K), 2 survivors (2048K)
 Metaspace       used 35259K, committed 35520K, reserved 1081344K
  class space    used 4596K, committed 4736K, reserved 1048576K
}
Event: 4.968 GC heap before
{Heap before GC invocations=20 (full 0):
 garbage-first heap   total 142336K, used 95610K [0x0000000081e00000, 0x0000000100000000)
  region size 1024K, 33 young (33792K), 2 survivors (2048K)
 Metaspace       used 35278K, committed 35584K, reserved 1081344K
  class space    used 4600K, committed 4736K, reserved 1048576K
}
Event: 4.970 GC heap after
{Heap after GC invocations=21 (full 0):
 garbage-first heap   total 142336K, used 65764K [0x0000000081e00000, 0x0000000100000000)
  region size 1024K, 3 young (3072K), 3 survivors (3072K)
 Metaspace       used 35278K, committed 35584K, reserved 1081344K
  class space    used 4600K, committed 4736K, reserved 1048576K
}
Event: 4.989 GC heap before
{Heap before GC invocations=21 (full 0):
 garbage-first heap   total 142336K, used 99556K [0x0000000081e00000, 0x0000000100000000)
  region size 1024K, 37 young (37888K), 3 survivors (3072K)
 Metaspace       used 35278K, committed 35584K, reserved 1081344K
  class space    used 4600K, committed 4736K, reserved 1048576K
}

Deoptimization events (16 events):
Event: 1.263 Thread 0x0000019f4707f580 DEOPT PACKING pc=0x0000019f4a117df5 sp=0x0000001bc1bfd850
Event: 1.263 Thread 0x0000019f4707f580 DEOPT UNPACKING pc=0x0000019f49d52b43 sp=0x0000001bc1bfccc0 mode 3
Event: 2.033 Thread 0x0000019f4707f580 DEOPT PACKING pc=0x0000019f4a23aa19 sp=0x0000001bc1bfd000
Event: 2.033 Thread 0x0000019f4707f580 DEOPT UNPACKING pc=0x0000019f49d52b43 sp=0x0000001bc1bfc4e0 mode 3
Event: 2.498 Thread 0x0000019f4707f580 DEOPT PACKING pc=0x0000019f4a2fc8f5 sp=0x0000001bc1bfccd0
Event: 2.498 Thread 0x0000019f4707f580 DEOPT UNPACKING pc=0x0000019f49d52b43 sp=0x0000001bc1bfc140 mode 3
Event: 3.457 Thread 0x0000019f4707f580 DEOPT PACKING pc=0x0000019f4a3a1b99 sp=0x0000001bc1bfc570
Event: 3.457 Thread 0x0000019f4707f580 DEOPT UNPACKING pc=0x0000019f49d52b43 sp=0x0000001bc1bfba50 mode 3
Event: 3.551 Thread 0x0000019f56d206b0 DEOPT PACKING pc=0x0000019f4a4024ab sp=0x0000001bc35fe650
Event: 3.551 Thread 0x0000019f56d206b0 DEOPT UNPACKING pc=0x0000019f49d52b43 sp=0x0000001bc35fdb98 mode 3
Event: 3.937 Thread 0x0000019f56e3a390 DEOPT PACKING pc=0x0000019f4a23cb01 sp=0x0000001bc40fefe0
Event: 3.937 Thread 0x0000019f56e3a390 DEOPT UNPACKING pc=0x0000019f49d52b43 sp=0x0000001bc40fe470 mode 3
Event: 4.074 Thread 0x0000019f56e3c540 DEOPT PACKING pc=0x0000019f4a5518b5 sp=0x0000001bc4afd810
Event: 4.074 Thread 0x0000019f56e3c540 DEOPT UNPACKING pc=0x0000019f49d52b43 sp=0x0000001bc4afcd38 mode 3
Event: 4.625 Thread 0x0000019f56e3ca10 DEOPT PACKING pc=0x0000019f4a235597 sp=0x0000001bc41ff360
Event: 4.625 Thread 0x0000019f56e3ca10 DEOPT UNPACKING pc=0x0000019f49d52b43 sp=0x0000001bc41fe7b8 mode 3

Classes unloaded (0 events):
No events

Classes redefined (0 events):
No events

Internal exceptions (20 events):
Event: 3.672 Thread 0x0000019f5555c520 Exception <a 'sun/nio/fs/WindowsException'{0x0000000084cc0d10}> (0x0000000084cc0d10) 
thrown [e:\jenkins\tmp\workspace\build\src\src\hotspot\share\prims\jni.cpp, line 516]
Event: 3.672 Thread 0x0000019f5555c520 Exception <a 'sun/nio/fs/WindowsException'{0x0000000084cc1700}> (0x0000000084cc1700) 
thrown [e:\jenkins\tmp\workspace\build\src\src\hotspot\share\prims\jni.cpp, line 516]
Event: 3.672 Thread 0x0000019f5555c520 Exception <a 'sun/nio/fs/WindowsException'{0x0000000084cc1aa8}> (0x0000000084cc1aa8) 
thrown [e:\jenkins\tmp\workspace\build\src\src\hotspot\share\prims\jni.cpp, line 516]
Event: 3.672 Thread 0x0000019f5555c520 Exception <a 'sun/nio/fs/WindowsException'{0x0000000084cc24a8}> (0x0000000084cc24a8) 
thrown [e:\jenkins\tmp\workspace\build\src\src\hotspot\share\prims\jni.cpp, line 516]
Event: 3.673 Thread 0x0000019f5555c520 Exception <a 'sun/nio/fs/WindowsException'{0x0000000084cc2868}> (0x0000000084cc2868) 
thrown [e:\jenkins\tmp\workspace\build\src\src\hotspot\share\prims\jni.cpp, line 516]
Event: 3.673 Thread 0x0000019f5555c520 Exception <a 'sun/nio/fs/WindowsException'{0x0000000084cc3268}> (0x0000000084cc3268) 
thrown [e:\jenkins\tmp\workspace\build\src\src\hotspot\share\prims\jni.cpp, line 516]
Event: 3.673 Thread 0x0000019f5555c520 Exception <a 'sun/nio/fs/WindowsException'{0x0000000084cc3618}> (0x0000000084cc3618) 
thrown [e:\jenkins\tmp\workspace\build\src\src\hotspot\share\prims\jni.cpp, line 516]
Event: 3.673 Thread 0x0000019f5555c520 Exception <a 'sun/nio/fs/WindowsException'{0x0000000084cc4018}> (0x0000000084cc4018) 
thrown [e:\jenkins\tmp\workspace\build\src\src\hotspot\share\prims\jni.cpp, line 516]
Event: 3.673 Thread 0x0000019f5555c520 Exception <a 'sun/nio/fs/WindowsException'{0x0000000084cc43d8}> (0x0000000084cc43d8) 
thrown [e:\jenkins\tmp\workspace\build\src\src\hotspot\share\prims\jni.cpp, line 516]
Event: 3.673 Thread 0x0000019f5555c520 Exception <a 'sun/nio/fs/WindowsException'{0x0000000084cc4e00}> (0x0000000084cc4e00) 
thrown [e:\jenkins\tmp\workspace\build\src\src\hotspot\share\prims\jni.cpp, line 516]
Event: 3.673 Thread 0x0000019f5555c520 Exception <a 'sun/nio/fs/WindowsException'{0x0000000084cc51e0}> (0x0000000084cc51e0) 
thrown [e:\jenkins\tmp\workspace\build\src\src\hotspot\share\prims\jni.cpp, line 516]
Event: 3.674 Thread 0x0000019f5555c520 Exception <a 'sun/nio/fs/WindowsException'{0x0000000084cc5c18}> (0x0000000084cc5c18) 
thrown [e:\jenkins\tmp\workspace\build\src\src\hotspot\share\prims\jni.cpp, line 516]
Event: 3.674 Thread 0x0000019f5555c520 Exception <a 'sun/nio/fs/WindowsException'{0x0000000084cc6008}> (0x0000000084cc6008) 
thrown [e:\jenkins\tmp\workspace\build\src\src\hotspot\share\prims\jni.cpp, line 516]
Event: 3.674 Thread 0x0000019f5555c520 Exception <a 'sun/nio/fs/WindowsException'{0x0000000084cc6a30}> (0x0000000084cc6a30) 
thrown [e:\jenkins\tmp\workspace\build\src\src\hotspot\share\prims\jni.cpp, line 516]
Event: 3.674 Thread 0x0000019f5555c520 Exception <a 'sun/nio/fs/WindowsException'{0x0000000084cc6e20}> (0x0000000084cc6e20) 
thrown [e:\jenkins\tmp\workspace\build\src\src\hotspot\share\prims\jni.cpp, line 516]
Event: 4.069 Thread 0x0000019f56e3c540 Exception <a 'java/lang/NoSuchMethodError'{0x00000000855b13d8}: 'java.lang.Object java.lang.invoke.DirectMethodHandle$Holder.invokeStatic(java.lang.Object, int, java.lang.Object)'> (0x00000000855b13d8) 
thrown [e:\jenkins\tmp\workspace\build\src\src\hotspot\share\interpreter\linkResolver.cpp, line 766]
Event: 4.076 Thread 0x0000019f56e399f0 Exception <a 'java/lang/NoSuchMethodError'{0x00000000854c11b8}: 'java.lang.Object java.lang.invoke.DirectMethodHandle$Holder.invokeStatic(java.lang.Object, java.lang.Object, java.lang.Object, int, java.lang.Object, java.lang.Object)'> (0x00000000854c11b8) 
thrown [e:\jenkins\tmp\workspace\build\src\src\hotspot\share\interpreter\linkResolver.cpp, line 766]
Event: 4.262 Thread 0x0000019f589254d0 Exception <a 'java/lang/NoSuchMethodError'{0x000000008629b8e0}: 'int java.lang.invoke.DirectMethodHandle$Holder.invokeStatic(java.lang.Object)'> (0x000000008629b8e0) 
thrown [e:\jenkins\tmp\workspace\build\src\src\hotspot\share\interpreter\linkResolver.cpp, line 766]
Event: 4.262 Thread 0x0000019f589254d0 Exception <a 'java/lang/NoSuchMethodError'{0x00000000862d2b48}: 'int java.lang.invoke.DirectMethodHandle$Holder.invokeStaticInit(java.lang.Object)'> (0x00000000862d2b48) 
thrown [e:\jenkins\tmp\workspace\build\src\src\hotspot\share\interpreter\linkResolver.cpp, line 766]
Event: 4.338 Thread 0x0000019f56e399f0 Exception <a 'java/lang/NoSuchMethodError'{0x00000000863be078}: 'int java.lang.invoke.DirectMethodHandle$Holder.invokeVirtual(java.lang.Object, java.lang.Object)'> (0x00000000863be078) 
thrown [e:\jenkins\tmp\workspace\build\src\src\hotspot\share\interpreter\linkResolver.cpp, line 766]

VM Operations (20 events):
Event: 4.821 Executing VM operation: G1CollectForAllocation done
Event: 4.833 Executing VM operation: G1TryInitiateConcMark
Event: 4.839 Executing VM operation: G1TryInitiateConcMark done
Event: 4.906 Executing VM operation: HandshakeAllThreads
Event: 4.907 Executing VM operation: HandshakeAllThreads done
Event: 4.907 Executing VM operation: G1CollectForAllocation
Event: 4.908 Executing VM operation: G1CollectForAllocation done
Event: 4.908 Executing VM operation: G1CollectForAllocation
Event: 4.929 Executing VM operation: G1CollectForAllocation done
Event: 4.933 Executing VM operation: HandshakeAllThreads
Event: 4.939 Executing VM operation: HandshakeAllThreads done
Event: 4.945 Executing VM operation: G1CollectForAllocation
Event: 4.945 Executing VM operation: G1CollectForAllocation done
Event: 4.945 Executing VM operation: G1CollectForAllocation
Event: 4.950 Executing VM operation: G1CollectForAllocation done
Event: 4.967 Executing VM operation: G1CollectForAllocation
Event: 4.968 Executing VM operation: G1CollectForAllocation done
Event: 4.968 Executing VM operation: G1CollectForAllocation
Event: 4.970 Executing VM operation: G1CollectForAllocation done
Event: 4.988 Executing VM operation: G1CollectForAllocation

Events (20 events):
Event: 4.144 Thread 0x0000019f58927680 Thread added: 0x0000019f58927680
Event: 4.146 Thread 0x0000019f58922e50 Thread added: 0x0000019f58922e50
Event: 4.146 loading class java/util/concurrent/CompletableFuture$UniRelay
Event: 4.146 loading class java/util/concurrent/CompletableFuture$UniRelay done
Event: 4.231 Thread 0x0000019f589254d0 Thread added: 0x0000019f589254d0
Event: 4.273 Thread 0x0000019f58924660 Thread added: 0x0000019f58924660
Event: 4.299 loading class java/util/regex/Pattern$1
Event: 4.299 loading class java/util/regex/Pattern$1 done
Event: 4.332 loading class java/util/concurrent/CompletionException
Event: 4.332 loading class java/util/concurrent/CompletionException done
Event: 4.342 loading class java/io/PrintWriter
Event: 4.342 loading class java/io/PrintWriter done
Event: 4.345 loading class sun/nio/cs/StringUTF16
Event: 4.345 loading class sun/nio/cs/StringUTF16 done
Event: 4.347 loading class java/util/WeakHashMap$EntrySet
Event: 4.347 loading class java/util/WeakHashMap$EntrySet done
Event: 4.347 loading class java/util/WeakHashMap$EntryIterator
Event: 4.347 loading class java/util/WeakHashMap$HashIterator
Event: 4.347 loading class java/util/WeakHashMap$HashIterator done
Event: 4.347 loading class java/util/WeakHashMap$EntryIterator done


Dynamic libraries:
0x00007ff678d00000 - 0x00007ff678d0e000 	c:\Users\anton\.vscode\extensions\redhat.java-1.9.0-win32-x64\jre\17.0.3-win32-x86_64\bin\java.exe
0x00007ff924f10000 - 0x00007ff925108000 	C:\WINDOWS\SYSTEM32\ntdll.dll
0x00007ff900600000 - 0x00007ff900617000 	C:\Program Files\Avast Software\Avast\aswhook.dll
0x00007ff923dc0000 - 0x00007ff923e7d000 	C:\WINDOWS\System32\KERNEL32.DLL
0x00007ff922a00000 - 0x00007ff922cce000 	C:\WINDOWS\System32\KERNELBASE.dll
0x00007ff922630000 - 0x00007ff922730000 	C:\WINDOWS\System32\ucrtbase.dll
0x00007ff9140f0000 - 0x00007ff914109000 	c:\Users\anton\.vscode\extensions\redhat.java-1.9.0-win32-x64\jre\17.0.3-win32-x86_64\bin\VCRUNTIME140.dll
0x00007ff91ca80000 - 0x00007ff91ca98000 	c:\Users\anton\.vscode\extensions\redhat.java-1.9.0-win32-x64\jre\17.0.3-win32-x86_64\bin\jli.dll
0x00007ff922ff0000 - 0x00007ff923190000 	C:\WINDOWS\System32\USER32.dll
0x00007ff922e30000 - 0x00007ff922e52000 	C:\WINDOWS\System32\win32u.dll
0x00007ff923ce0000 - 0x00007ff923d0a000 	C:\WINDOWS\System32\GDI32.dll
0x00007ff8ffc70000 - 0x00007ff8fff0a000 	C:\WINDOWS\WinSxS\amd64_microsoft.windows.common-controls_6595b64144ccf1df_6.0.19041.1110_none_60b5254171f9507e\COMCTL32.dll
0x00007ff922e60000 - 0x00007ff922f6b000 	C:\WINDOWS\System32\gdi32full.dll
0x00007ff924550000 - 0x00007ff9245ee000 	C:\WINDOWS\System32\msvcrt.dll
0x00007ff922cd0000 - 0x00007ff922d6d000 	C:\WINDOWS\System32\msvcp_win.dll
0x00007ff924650000 - 0x00007ff924680000 	C:\WINDOWS\System32\IMM32.DLL
0x00007ff91ed50000 - 0x00007ff91ed5c000 	c:\Users\anton\.vscode\extensions\redhat.java-1.9.0-win32-x64\jre\17.0.3-win32-x86_64\bin\vcruntime140_1.dll
0x00007ff8e5d20000 - 0x00007ff8e5db1000 	c:\Users\anton\.vscode\extensions\redhat.java-1.9.0-win32-x64\jre\17.0.3-win32-x86_64\bin\msvcp140.dll
0x00007ff8ae9e0000 - 0x00007ff8af628000 	c:\Users\anton\.vscode\extensions\redhat.java-1.9.0-win32-x64\jre\17.0.3-win32-x86_64\bin\server\jvm.dll
0x00007ff9244a0000 - 0x00007ff92454e000 	C:\WINDOWS\System32\ADVAPI32.dll
0x00007ff923d10000 - 0x00007ff923dac000 	C:\WINDOWS\System32\sechost.dll
0x00007ff9234e0000 - 0x00007ff923605000 	C:\WINDOWS\System32\RPCRT4.dll
0x00007ff924770000 - 0x00007ff924778000 	C:\WINDOWS\System32\PSAPI.DLL
0x00007ff901e80000 - 0x00007ff901ea7000 	C:\WINDOWS\SYSTEM32\WINMM.dll
0x00007ff91ba70000 - 0x00007ff91ba7a000 	C:\WINDOWS\SYSTEM32\VERSION.dll
0x00007ff90a310000 - 0x00007ff90a319000 	C:\WINDOWS\SYSTEM32\WSOCK32.dll
0x00007ff923190000 - 0x00007ff9231fb000 	C:\WINDOWS\System32\WS2_32.dll
0x00007ff920e80000 - 0x00007ff920e92000 	C:\WINDOWS\SYSTEM32\kernel.appcore.dll
0x00007ff91ce30000 - 0x00007ff91ce3a000 	c:\Users\anton\.vscode\extensions\redhat.java-1.9.0-win32-x64\jre\17.0.3-win32-x86_64\bin\jimage.dll
0x00007ff9203f0000 - 0x00007ff9205d4000 	C:\WINDOWS\SYSTEM32\DBGHELP.DLL
0x00007ff90e930000 - 0x00007ff90e95c000 	C:\WINDOWS\SYSTEM32\dbgcore.DLL
0x00007ff9227e0000 - 0x00007ff922862000 	C:\WINDOWS\System32\bcryptPrimitives.dll
0x00007ff90d9c0000 - 0x00007ff90d9e5000 	c:\Users\anton\.vscode\extensions\redhat.java-1.9.0-win32-x64\jre\17.0.3-win32-x86_64\bin\java.dll
0x00007ff90da80000 - 0x00007ff90da98000 	c:\Users\anton\.vscode\extensions\redhat.java-1.9.0-win32-x64\jre\17.0.3-win32-x86_64\bin\zip.dll
0x00007ff924780000 - 0x00007ff924ec4000 	C:\WINDOWS\System32\SHELL32.dll
0x00007ff9205e0000 - 0x00007ff920d74000 	C:\WINDOWS\SYSTEM32\windows.storage.dll
0x00007ff924030000 - 0x00007ff924384000 	C:\WINDOWS\System32\combase.dll
0x00007ff921fc0000 - 0x00007ff921ff0000 	C:\WINDOWS\SYSTEM32\Wldp.dll
0x00007ff923200000 - 0x00007ff9232ad000 	C:\WINDOWS\System32\SHCORE.dll
0x00007ff924390000 - 0x00007ff9243e5000 	C:\WINDOWS\System32\shlwapi.dll
0x00007ff922570000 - 0x00007ff92258f000 	C:\WINDOWS\SYSTEM32\profapi.dll
0x00007ff909cd0000 - 0x00007ff909ce9000 	C:\Users\anton\.vscode\extensions\redhat.java-1.9.0-win32-x64\jre\17.0.3-win32-x86_64\bin\net.dll
0x00007ff914b30000 - 0x00007ff914c3a000 	C:\WINDOWS\SYSTEM32\WINHTTP.dll
0x00007ff921cd0000 - 0x00007ff921d3a000 	C:\WINDOWS\system32\mswsock.dll
0x00007ff908940000 - 0x00007ff908955000 	C:\Users\anton\.vscode\extensions\redhat.java-1.9.0-win32-x64\jre\17.0.3-win32-x86_64\bin\nio.dll
0x00007ff91cab0000 - 0x00007ff91cac0000 	c:\Users\anton\.vscode\extensions\redhat.java-1.9.0-win32-x64\jre\17.0.3-win32-x86_64\bin\verify.dll
0x00007ff91ba80000 - 0x00007ff91ba89000 	C:\Users\anton\.vscode\extensions\redhat.java-1.9.0-win32-x64\jre\17.0.3-win32-x86_64\bin\management.dll
0x00007ff91ba30000 - 0x00007ff91ba3b000 	C:\Users\anton\.vscode\extensions\redhat.java-1.9.0-win32-x64\jre\17.0.3-win32-x86_64\bin\management_ext.dll
0x00007ff901ac0000 - 0x00007ff901ad7000 	C:\WINDOWS\system32\napinsp.dll
0x00007ff901a00000 - 0x00007ff901a1b000 	C:\WINDOWS\system32\pnrpnsp.dll
0x00007ff91d3e0000 - 0x00007ff91d3f5000 	C:\WINDOWS\system32\wshbth.dll
0x00007ff91b920000 - 0x00007ff91b93d000 	C:\WINDOWS\system32\NLAapi.dll
0x00007ff9219d0000 - 0x00007ff921a0b000 	C:\WINDOWS\SYSTEM32\IPHLPAPI.DLL
0x00007ff921a20000 - 0x00007ff921aea000 	C:\WINDOWS\SYSTEM32\DNSAPI.dll
0x00007ff923bb0000 - 0x00007ff923bb8000 	C:\WINDOWS\System32\NSI.dll
0x00007ff9019d0000 - 0x00007ff9019e2000 	C:\WINDOWS\System32\winrnr.dll
0x00007ff90c940000 - 0x00007ff90c94a000 	C:\Windows\System32\rasadhlp.dll
0x00007ff913af0000 - 0x00007ff913b70000 	C:\WINDOWS\System32\fwpuclnt.dll
0x00007ff9229d0000 - 0x00007ff9229f7000 	C:\WINDOWS\System32\bcrypt.dll
0x00007ff921ea0000 - 0x00007ff921eb8000 	C:\WINDOWS\SYSTEM32\CRYPTSP.dll
0x00007ff921660000 - 0x00007ff921694000 	C:\WINDOWS\system32\rsaenh.dll
0x00007ff922530000 - 0x00007ff92255e000 	C:\WINDOWS\SYSTEM32\USERENV.dll
0x00007ff921e90000 - 0x00007ff921e9c000 	C:\WINDOWS\SYSTEM32\CRYPTBASE.dll
0x00007ff91a050000 - 0x00007ff91a067000 	C:\WINDOWS\SYSTEM32\dhcpcsvc6.DLL
0x00007ff91b3c0000 - 0x00007ff91b3dd000 	C:\WINDOWS\SYSTEM32\dhcpcsvc.DLL

dbghelp: loaded successfully - version: 4.0.5 - missing functions: none
symbol engine: initialized successfully - sym options: 0x614 - pdb path: .;c:\Users\anton\.vscode\extensions\redhat.java-1.9.0-win32-x64\jre\17.0.3-win32-x86_64\bin;C:\WINDOWS\SYSTEM32;C:\Program Files\Avast Software\Avast;C:\WINDOWS\WinSxS\amd64_microsoft.windows.common-controls_6595b64144ccf1df_6.0.19041.1110_none_60b5254171f9507e;c:\Users\anton\.vscode\extensions\redhat.java-1.9.0-win32-x64\jre\17.0.3-win32-x86_64\bin\server

VM Arguments:
jvm_args: -Dsts.lsp.client=vscode -Dsts.log.file=/dev/null -XX:TieredStopAtLevel=1 -Dspring.config.location=file:c:\Users\anton\.vscode\extensions\pivotal.vscode-spring-boot-1.38.0\language-server\BOOT-INF\classes\application.properties 
java_command: org.springframework.ide.vscode.boot.app.BootLanguageServerBootApp
java_class_path (initial): c:\Users\anton\.vscode\extensions\pivotal.vscode-spring-boot-1.38.0\language-server\BOOT-INF\classes;c:\Users\anton\.vscode\extensions\pivotal.vscode-spring-boot-1.38.0\language-server\BOOT-INF\lib\annotations-23.0.0.jar;c:\Users\anton\.vscode\extensions\pivotal.vscode-spring-boot-1.38.0\language-server\BOOT-INF\lib\antlr-runtime-3.5.2.jar;c:\Users\anton\.vscode\extensions\pivotal.vscode-spring-boot-1.38.0\language-server\BOOT-INF\lib\antlr4-4.9.3.jar;c:\Users\anton\.vscode\extensions\pivotal.vscode-spring-boot-1.38.0\language-server\BOOT-INF\lib\antlr4-runtime-4.9.3.jar;c:\Users\anton\.vscode\extensions\pivotal.vscode-spring-boot-1.38.0\language-server\BOOT-INF\lib\asm-9.3.jar;c:\Users\anton\.vscode\extensions\pivotal.vscode-spring-boot-1.38.0\language-server\BOOT-INF\lib\asm-analysis-9.3.jar;c:\Users\anton\.vscode\extensions\pivotal.vscode-spring-boot-1.38.0\language-server\BOOT-INF\lib\asm-tree-9.3.jar;c:\Users\anton\.vscode\extensions\pivotal.vscode-spring-boot-1.38.0\language-server\BOOT-INF\lib\asm-util-9.3.jar;c:\Users\anton\.vscode\extensions\pivotal.vscode-spring-boot-1.38.0\language-server\BOOT-INF\lib\byte-buddy-1.10.18.jar;c:\Users\anton\.vscode\extensions\pivotal.vscode-spring-boot-1.38.0\language-server\BOOT-INF\lib\caffeine-2.8.6.jar;c:\Users\anton\.vscode\extensions\pivotal.vscode-spring-boot-1.38.0\language-server\BOOT-INF\lib\checker-qual-3.12.0.jar;c:\Users\anton\.vscode\extensions\pivotal.vscode-spring-boot-1.38.0\language-server\BOOT-INF\lib\classgraph-4.8.149.jar;c:\Users\anton\.vscode\extensions\pivotal.vscode-spring-boot-1.38.0\language-server\BOOT-INF\lib\commons-codec-1.14.jar;c:\Users\anton\.vscode\extensions\pivotal.vscode-spring-boot-1.38.0\language-server\BOOT-INF\lib\commons-compress-1.21.jar;c:\Users\anton\.vscode\extensions\pivotal.vscode-spring-boot-1.38.0\language-server\BOOT-INF\lib\commons-exec-1.3.jar;c:\Users\anton\.vscode\extensions\pivotal.vscode-spring-boot-1.38.0\language-server\BOOT-INF\lib\com
Launcher Type: SUN_STANDARD

[Global flags]
     intx CICompilerCount                          = 4                                         {product} {ergonomic}
     uint ConcGCThreads                            = 2                                         {product} {ergonomic}
     uint G1ConcRefinementThreads                  = 8                                         {product} {ergonomic}
   size_t G1HeapRegionSize                         = 1048576                                   {product} {ergonomic}
    uintx GCDrainStackTargetSize                   = 64                                        {product} {ergonomic}
   size_t InitialHeapSize                          = 134217728                                 {product} {ergonomic}
   size_t MarkStackSize                            = 4194304                                   {product} {ergonomic}
   size_t MaxHeapSize                              = 2116026368                                {product} {ergonomic}
   size_t MaxNewSize                               = 1268776960                                {product} {ergonomic}
   size_t MinHeapDeltaBytes                        = 1048576                                   {product} {ergonomic}
   size_t MinHeapSize                              = 8388608                                   {product} {ergonomic}
    uintx NonProfiledCodeHeapSize                  = 0                                      {pd product} {ergonomic}
     bool ProfileInterpreter                       = false                                  {pd product} {command line}
    uintx ProfiledCodeHeapSize                     = 0                                      {pd product} {ergonomic}
   size_t SoftMaxHeapSize                          = 2116026368                             {manageable} {ergonomic}
     intx TieredStopAtLevel                        = 1                                         {product} {command line}
     bool UseCompressedClassPointers               = true                           {product lp64_product} {ergonomic}
     bool UseCompressedOops                        = true                           {product lp64_product} {ergonomic}
     bool UseG1GC                                  = true                                      {product} {ergonomic}
     bool UseLargePagesIndividualAllocation        = false                                  {pd product} {ergonomic}

Logging:
Log output configuration:
 #0: stdout all=warning uptime,level,tags
 #1: stderr all=off uptime,level,tags

Environment Variables:
JAVA_HOME=C:\Program Files\Java\jdk-18.0.2.1
PATH=C:\Program Files\Java\jdk-18.0.2.1\bin;C:\Program Files (x86)\Common Files\Oracle\Java\javapath;C:\Program Files\Common Files\Oracle\Java\javapath;C:\WINDOWS\system32;C:\WINDOWS;C:\WINDOWS\System32\Wbem;C:\WINDOWS\System32\WindowsPowerShell\v1.0\;C:\WINDOWS\System32\OpenSSH\;C:\ProgramData\UNIVALI\Portugol Studio;C:\Program Files\Git\cmd;C:\Program Files\nodejs\;C:\Program Files\PuTTY\;C:\Program Files\MongoDB\Server\6.0\bin;C:\Program Files\MongoDB\Tools\100\bin;C:\Program Files\MySQL\MySQL Shell 8.0\bin\;C:\Users\anton\AppData\Local\Microsoft\WindowsApps;C:\Users\anton\AppData\Local\Programs\Microsoft VS Code\bin;C:\Users\anton\AppData\Local\GitHubDesktop\bin;C:\Users\anton\AppData\Roaming\npm;C:\Users\anton\apache-maven-3.8.6\bin;
USERNAME=anton
OS=Windows_NT
PROCESSOR_IDENTIFIER=Intel64 Family 6 Model 142 Stepping 12, GenuineIntel



---------------  S Y S T E M  ---------------

OS:
 Windows 10 , 64 bit Build 19041 (10.0.19041.1889)
OS uptime: 10 days 1:36 hours
Hyper-V role detected

CPU: total 8 (initial active 8) (4 cores per cpu, 2 threads per core) family 6 model 142 stepping 12 microcode 0xd6, cx8, cmov, fxsr, ht, mmx, 3dnowpref, sse, sse2, sse3, ssse3, sse4.1, sse4.2, popcnt, lzcnt, tsc, tscinvbit, avx, avx2, aes, erms, clmul, bmi1, bmi2, adx, fma, vzeroupper, clflush, clflushopt, hv

Memory: 4k page, system-wide physical 8070M (372M free)
TotalPageFile size 32646M (AvailPageFile size 111M)
current process WorkingSet (physical memory assigned to process): 218M, peak: 218M
current process commit charge ("private bytes"): 278M, peak: 486M

vm_info: OpenJDK 64-Bit Server VM (17.0.3+7) for windows-amd64 JRE (17.0.3+7), built on Apr 19 2022 16:55:35 by "" with MS VC++ 16.7 (VS2019)

END.
